00000  python报错
00001  python报错
00002  python报错汇总
00003  python报错but was STRING
00004  Python爬虫报错：
00005  运行python不报错，运行pip报错
00006  Python|python中代码格式报错
00009  python import MySQLdb报错
00010  python paramiko执行报错
00011  python安装模块报错
00012  python 连接oracle报错
00013  python读取中文报错
00014  Python|python中代码格式报错
00015  python升级后报错
00016  python 安装readline报错
00017  python 加载excel报错
00018  python执行selenium报错
00020  pipenv --python 'python/path'   install 报错原因
00021  python pip install mysql-python报错
00022  安装MySQL-python报错
00023  安装MySQL-python报错
00024  Python发送多人邮件报错
00025  Python报错: No module named 'requests'
00026  Python报错:  No module named 'lxml'
00027  python 窗口被关闭报错
00028  python pip 安装redis报错
00029  python安装dlib库报错
00030  python报错No module named 'pylab'
00031  python sqlite insert 报错 no such column
00032  /root/.python-eggs 报错
00033  python windows 安装paramiko报错
00034  升级Python导致yum报错
00035  python pip 安装模块报错
00036  在安装Python时报错
00037  Python requests 报错解决集锦
00038  Python报错: No module named 'requests'
00039  Python报错:  No module named 'lxml'
00040  python报错IndentationError: unexpected indent
00042  pip安装mysql_python报错
00043  解决python连接mysql报错问题
00044  解决Python requests 报错方法集锦
00045  Python安装selenium及报错原因
00046  python报错 ModuleNotFoundError: No module named ‘lxml‘
00047  解决python2.7 UnicodeEncodeError报错
00048  python常见报错提示解析
00049  Python 循环报错 'int' object is not iterable
00050  python在linux的报错集锦
00051  Python报错：找不到PIL包
00052  pytorch报错Converting a tensor to a Python integer
00053  python报错：TypeError: 0 is not JSON serializable
00054  Python报错：找不到PIL包
00055  Python安装selenium及报错原因
00056  python3下PyCrypto报错
00057  python报错：TypeError: 'NoneType' object is not callable
00058  Python报错：ModuleNotFoundError: No module named 'xxx'
00059  python报错TypeError: invalid type comparison
00060  python报错Error：‘xxx’ object is not callable
00063  python 报错——Python TypeError: 'module' object is not callable 原因分析
00064  【python】python安装tensorflow报错：python No matching distribution found for tensorflow==1.12.0
00065  python3运行时候报错集锦：读取文件报错
00066  解决python2安装MySQL-python模块报错
00067  python文件运行报错：Error: Please select a valid Python interpreter
00068  Python报错：python.h 没有那个文件或目录
00069  yum命令执行报错（python升级导致）
00070  安装python的visual模块时报错
00071  Python报错：UnicodeDecodeError: 'gbk' codec can't ...
00072  python requests post提交数据报错
00074  MacOs Big Sur 11.0.1 安装python报错
00075  在导入python（tab）模块时报错
00076  python pip 安装uwsgi报错的问题.
00077  python 读取数据库，老是报错。
00078  Python 入门级报错处理
00079  python 安装模块报错 response.py
00080  vue项目安装依赖报错没有python
00081  uncompyle6 python3.9 报错
00082  Python编程：windows安装scrapy及报错
00083  python pip 更新失败报错，重装pip
00084  Python 常见报错类型整理（一）
00085  python连接Oracle报错DPI-1047
00086  windows下的python安装pysam报错
00087  爬虫学习之-python插入mysql报错
00088  Python报错：ImportError cannot import name 'imresize'
00089  关于python3.6安装pymssql报错
00090  python自动化测试---报错总结
00091  python之报错的解决（持续总结）
00092  Ubuntu安装Python模块时的报错
00093  Python编程：windows安装scrapy及报错
00094  Python常见报错 - 运维笔记
00095  python新手常见的报错有哪些？
00096  Python3导入Asprise Ocr报错
00097  新装python环境启动django程序报错
00098  windows安装mysql-python是报错
00099  升级python3.0后 yum报错
00100  python字符串编码报错解决
00101  python 版本问题，导致ansible提示报错
00102  python 报错 SyntaxError: Non-ASCII character
00103  python 报错为ModuleNotFoundError: No module named 'tkinter'
00104  Python3报错TypeError: '***' object is not iterable
00105  linux下 python源码包解压报错
00106  python3报错No module named _ssl
00107  Python UnboundLocalError: 报错的解决方法
00108  Python传入文件报错解决办法
00109  Python:导入numpy报错 No module named numpy
00110  Python常见报错 - 运维笔记
00111  python报错IndexError: list index out of range
00112  Python报错：TypeError: string argument without an encoding
00114  vue webpack 启动报错checking for Python executable
00115  python的Web框架Django运行报错
00116  Python中 “from docx import Document”报错
00117  python records 报错 Cannot operate on a closed database
00118  安装Python3报错权限不够
00119  Python 技巧篇-如何避免python报错导致强制关闭窗口
00120  Python 技巧篇-如何避免python报错导致强制关闭窗口
00121  【Python】Jupyter Notebook报错 SparkException: Python worker failed to connect back.
00122  
00124  python3.8报错ModuleNotFoundError: No module named 'M
00125  mysql、python操作mysql报错处理总结
00126  python 报错 wxPyDeprecationWarning: Using deprecated class PySimpleApp.
00127  Python3.6报错：ModuleNotFoundError: No module named 'MySQLdb'
00128  Python 使用selenium报错：’chromedriver’ executable needs to be in PATH
00129  Tensorflow报错：Python: FailedPreconditionError: Attempting to use uninitialized value
00130  Python报错ImportError: No Module Named Typing的解决
00131  python 报错：SyntaxError: EOL while scanning string literal
00132  python3 pip install mysqlclient 安装报错
00134  Saltstack 报错 python-crypto randomPool_DeprecationWarning: 
00135  Python使用pymysql模块插入数据报错
00136  pycharm 报错Connection to Python debugger failed socket closed
00137  ld: file not found: python.exe报错解决
00138  windows下python访问ipv6报错
00139  python的安装工具pip安装报错
00140  python request 报错ConnectionRefusedError: [Errno 111] Connection refused
00141  安装python-ldap报错解决方法
00142  Python报错：pymongo.errors.CursorNotFound: Cursor not found
00143  python3.6/3.8安装wxpython时报错
00144  Python 运行报错  PermissionError: [Errno 13] Permission denied: '***.***'
00145  Python sqlite转义，解决报错：OperationalError: unrecognized token
00146  python爬虫报错：OSError: [Errno 22] Invalid argument
00147  python-opencv报错：QObject::moveToThread: Current thread
00148  python报错 AttributeError: ‘list‘ object has no attribute ‘join‘
00149  学习笔记71—Python 报错处理集
00150  Python3.6报错：ModuleNotFoundError: No module named 'MySQLdb'
00151  Tensorflow报错：Python: FailedPreconditionError: Attempting to use uninitialized value
00152  python 报错：ValueError: I/O operation on closed file
00153  Python之——python2.7 安装pycrypto库报错解决方案
00154  python2换python3  后报错  No module named ‘ConfigParser‘
00155  Python之——python2.7 安装pycrypto库报错解决方案
00156  Python 3.7安装Mysql-Python模块报错-ImportError: No module named 'ConfigParser'
00157  Python代码报错，不要慌！报错异常类型有哪些，都帮你整理好了
00158  Python代码报错，不要慌！报错异常类型有哪些，都帮你整理好了
00159  python3.6安装报错ZipImportError...zlib not available
00160  Python3.5.1 报错 ImportError: cannot import name 'Type'
00161  python2.7报错解决ImportError: No module named 'request
00162  python(django) 使用PIL报错IOError at decoder jpeg not available
00164  解决Python使用pip 命令安装插件报错问题
00165  Python编程：uWSGI配置报错ModuleNotFoundError: No module named 'flask'
00166  Python编程：pycharm同级目录导入模块报错问题
00167  Python报错 UnicodeDecodeError:‘gbk’  or ‘ascii’ codec can’t decode
00168  python引入类报错  Apps aren't loaded yet
00169  pip install报错：RuntimeError: Python version >= 3.5 required
00170  python3的编码报错解决办法
00171  Python numpy 安装以及处理报错 is not a supported wheel on this platform
00172  python报错：ModuleNotFoundError: No module named ‘tkinter‘ 解决办法
00173  Python中pip安装报错Unable to create process using '....'
00174  python3中报错No module named 'numpy'
00175  Python中pip安装报错Unable to create process using '....'
00176  gRPC Python client 访问 Java server 报错  Method not found
00177  Python3.5.1 报错 ImportError: cannot import name 'Type'
00179  Python编程：uWSGI配置报错ModuleNotFoundError: No module named 'flask'
00180  python报错：ModuleNotFoundError: No module named ‘tkinter‘ 解决办法
00181  python：引入requests报错“could not be resolved” 解决方案
00184  解决'python -m pip install --upgrade pip' 报错问题
00185  Python中执行 MySQL插入语句报错   ：1064,
00186  关于解决linux python3安装gattlib报错
00187  python 报错module ‘scipy.misc‘ has no attribute ‘imsave‘
00188  解决‘python -m pip install --upgrade pip‘ 报错问题
00189  Python报错TypeError: Tuple or struct_time argument required
00190  iGraph(Python)报错sh:open command not found的解决
00191  Python中pip安装报错Unable to create process using '....'
00192  Mac python3 报错 cannot import name 'ssl'
00194  漂亮！一行代码简化 Python 报错信息！
00195  Python编程：pycharm同级目录导入模块报错问题
00196  Python 使用pip安装 tld 报错：Cannot uninstall 'six'
00197  【python】使用eval 函数报错 NameError: name ‘null‘ is not defined
00198  安装python3后使用yum命令报错?
00199  【已解决】解决Python打开文件---路径报错问题（
00200  python3 用sanic时 import ssl 报错
00201  Python报错：UnicodeDecodeError: 'gbk' codec can't decode byte ...
00202  
00203  Python3.x运行Python2.x代码报错 syntax error
00204  在MacOS下Python安装lxml报错xmlversion.h not found 报错的解决方案
00205  《Python开发 - Python疑难杂症》Python 报错【missing 1 required positional argument】分析与解决
00206  Python使用mysql进行模糊查询报错：python中TypeError: not enough arguments for format string
00207  python报错：No such file or directory: '…\\Anaconda3\\lib\\venv\\scripts\\nt\\python.exe
00208  安装了Anaconda之后,Maya运行报错，Python 找不到 Maya 的 Python 模块
00209  Python代码报错看不懂？记住这20个报错提示单词轻松解决bug
00210  Python代码报错看不懂？记住这20个报错提示单词轻松解决bug
00211  vue执行npm install报错： Can‘t find Python executable “python“, you can set the PYTHON env variable
00212  selenium+python自动化93-Chrome报错：Python is likely shutting down
00213  python报错：IndentationError: unindent does not match any outer indentation level
00214  python安装pip之后 pip命令报错解决方法
00215  python运行报错：unindent does not match any outer indentation level
00216  matplotlib使用时报错RuntimeError: Python is not installed as a framework（一）
00217  Python脚本报错AttributeError: 'module' object has no attribute 'maketrans'
00218  
00219  python logging 模块在windows报错ConfigParser.NoSectionError: No section
00220  python3 turtle使用报错,代码没有对齐
00221   lepus监控redis执行python check_redis.py报错
00222  python多线程类报错：AssertionError: Thread.__init__() not called
00224  Eclipse + Pydev开发Python时import报错解决方法
00225  Python打包exe运行后ConfigParser报错的处理方法
00226  python调用vlc时报错：NameError: no function 'libvlc_new'
00227  运行Python时中文注释报错的解决办法
00228  Python报错: scipy.misc module has no attribute imread ... imresize
00229  python中加密库crypto报错的解决方法
00230  Python 报错curl: (56) Failure when receiving data from the peer
00231  Python3报错ImportError: No module named pysqlite2
00232  python使用requests时报错requests.exceptions.SSLError: HTTPSConnectionPool
00233  python使用requests时报错requests.exceptions.SSLError: HTTPSConnectionPool
00234  Python_报错：SyntaxError: unexpected character after line continuation character
00235  Python：CentOS发送邮件失败，并且没有任何报错信息
00236  Python在Linux下编译安装报错：Makefile:1141:install
00237  python报错：IndentationError: unindent does not match any outer indentation level
00238  Python 3.9 asyncio.run报错：RuntimeError: Event loop is closed
00239  Python翻转字典，以及解决IndentationError: expected an indented block报错！
00240  python 读取配置文件与报错可能 NoSectionError: No section
00241  python入门时最基础的一些报错
00242  python3 Django 报错RuntimeWarning的解决办法
00243  【问题记录】Python运行报错：can only concatenate str (not
00244  Python的Read timed out报错问题解决
00245  python使用编辑器sublime中文注释报错问题
00246  Python3报错ImportError: No module named pysqlite2
00247  Python报错: scipy.misc module has no attribute imread ... imresize
00248  Mac终端执行Python脚本报错：ssl.SSLCertVerificationError
00249  运行Python时中文注释报错的解决办法
00250  Python3已经安装了DBUtils但是import报错
00251  dolphinscheduler调度中执行python报错的处理过程
00252  Windows下Python中pip安装Pillow报错总结(转载)
00253  python中调用 imread 报错： ImportError: cannot import name imread
00254  python 安装 reportlab 报错 “ImportError: No module named reportlab.lib”
00255  python3安装pandas模块报错解决办法
00256  python tab和空格混合报错解决方法
00257  python使用requests时报错requests.exceptions.SSLError: HTTPSConnectionPool
00258  使用pip 安装python库报错Unknown or unsupported command 'install'
00259  【Python3 爬虫】11_报错No module named 'requests'
00260  python安装pip之后 pip命令报错解决方法
00261  python中加密库crypto报错的解决方法
00262  [PyYAML报错]ConstructorError: while constructing a Python object的处理方案
00263  Python报错：TypeError: the JSON object must be str, bytes or  	bytearray, not ‘dict‘
00264  Python3已经安装了DBUtils但是import报错
00265  Python编程：pypi打包报错[SSL: CERTIFICATE_VERIFY_FAILED]
00266  Python 使用Poetry安装sqlalchemy报错AttributeError解决方法
00267  python多线程类报错：AssertionError: Thread.__init__() not called
00268  PyCharm 中文 字符 python 报错 的 完美 解决方案！
00269  dockerfile制作python项目镜像时，pip下载报错
00270  Python3报错：ModuleNotFoundError: No module named '_bz2'
00271  Python 中执行__peg_parser__报错SyntaxError: You found it!
00272  python3.6报错：AttributeError: 'str' object has no attribute 'decode'
00273  windows下python报错：Microsoft Visual C++ 9.0 is required
00274  python 报错　IndentationError: expected an indented block   SyntaxError: invalid character in identifie
00275  【Python】Xpath 解析报错 ：lxml.etree.XPathEvalError: Unregistered function
00276  Ubuntu升级Python报错pydtrace_probes.h: No such file or directory
00277  
00278  zabbix 的报错sock报错
00279  zabbix 的报错sock报错
00281  报错
00282  报错
00283  报错
00284  报错
00285  报错
00286  报错
00287  Mac下打包Python源码成可执行程序[零报错，报错留言，我来尽力解决]
00288  Python-技术篇-使用logging模块打印详细报错日志，获取报错信息位置行数方法
00289  Python-技术篇-使用logging模块打印详细报错日志，获取报错信息位置行数方法
00291  ansible报错Aborting, target uses selinux but python bindings (libselinux-python) aren't installed【转】
00292  Python2.7升级到Python3.7及其报错处理
00293  Python3.X使用tkinter报错，完美解决~（Python GUI）No matching distribution found for tkinter
00294  |NO.Z.00001|——————————|^^   报错   ^^|——|报错解决|
00295  kubernetes报错笔记 （一） calico报错
00296  Linux pip命令报错—ImportError报错
00297  图文详解python之matplotlib安装与报错解决办法
00298  Python：环境变量设置PYTHONPATH解决impor导入模块报错
00299  Fedora升级后Python虚拟环境中的pip报错
00300  python文本分析基础小常识报错处理（十一）
00301  
00302  Python3.x：报错POST data should be bytes, an iterable of bytes
00304  python多线程下报错：AttributeError: 'module' object has no attribute '_strptime'
00305  Module 'matplotlib' has no 'contourf' member 使用Python导入matplotlib模块报错
00306  python duckling报错: FileNotFoundError: [Errno 2] No such file or directory: '/usr/lib/jvm'
00307  mac环境，python+selenium环境搭建，解决chromedriver报错问题
00308  【Python问题】pycharm在debug时报错,vrisionxx does not support this syntax
00309  python3 操作mysql报错pymysql.err.OperationalError: (2003,
00310  安装 python 3.9 Failed to build these modules: _ctypes 报错解决办法
00311  Mac终端执行Python脚本报错：ImportError: No module named request
00312  Module 'matplotlib' has no 'contourf' member 使用Python导入matplotlib模块报错
00313  Python：环境变量设置PYTHONPATH解决impor导入模块报错
00314  Python3报错：TypeError: unsupported operand type(s) for +: ‘int‘ and ‘str‘
00315  python多线程下报错：AttributeError: 'module' object has no attribute '_strptime'
00316  python调用MySQLdb库，报错 “Library not loaded: libmysqlclient.18.dylib”
00317  Python poetry install报错.whl files are not found的解决方法
00318  Python pandas导excel数据量太大报错问题
00319  python保存大型 .mat 数据文件报错超出 IO 限制
00320  Python3.5以上版本lxml导入etree报错Unresolved reference
00321  Python3报错：TypeError: unsupported operand type(s) for +: ‘int‘ and ‘str‘
00322  （mac）selenium+python 导入pytesseract报错ModuleNotFoundError: No module named 'pytesseract'
00323  解决Eclipse从git导入python项目时报错：Unresolved import
00324  基于Python进行车牌识别，出现报错如何处理？
00325  create_project.py报错问题,建议用回python2.7
00326  RIDE导入python自定义关键字报错红色
00327  25- 解决'python -m pip install --upgrade pip' 报错问题
00328  Python的一个报错——OSError: [Errno 22] Invalid argument
00329  python selenium 报错unknown error: cannot focus element 解决办法
00330  python 读取配置文件总是报错 configparser.NoSectionError: No section:
00331  Python出现循环调用的报错，最好的解决办法
00332  Python pip安装报错及解决办法：is not a supported wheel on this platform
00333  【错误记录】执行 Python 程序报错 ( NameError: name ‘reload‘ is not defined )
00334  Python pip安装报错及解决办法：is not a supported wheel on this platform
00335  Python django jwt 报错 unexpected keyword argument 'verify'解决方法
00336  Python中使用pytesseract(tesseract OCR)报错(TesseractNotFoundError)解决方法
00337  Python TensorFlow报错ImportError: cannot import name 'BatchNormalization'解决方法
00338  Python conda 安装更新spyder=5.1.5报错的解决方法
00339  python关于error: invalid command 'bdist_wheel报错的解决
00340  python 报错 RuntimeError: This event loop is already running问题解决
00341  报错：致命错误：Python.h：没有那个文件或目录
00342  python  requests报错：Exception: ('Connection broken: IncompleteRead(3794 bytes read, 43
00343  python3 pickle 报错 'ascii' codec can't decode byte
00344  Python报错：PermissionError: [Errno 13] Permission denied解决方案详解
00345  selenium+python自动化85-python3.6上SendKeys报错用PyUserInput取代
00346  【已解决】Python使用sql语句模糊查询报错：python中TypeError: not enough arguments for format string
00347  【Python】Python-numpy逻辑报错：The truth value of an array with more than one element is ambiguous. Us
00348  appium+java报错之nodejs报错
00349  Android Studio 3.1.2编译报错报错如下
00350  sqli-labs-报错注入-updatexml报错
00351  sql报错注入：extractvalue、updatexml报错原理
00352  报错笔记：sqoop 执行import命令报错
00353  docker yum安装报错  服务启动报错
00354  报错mysql_connect(): No such file or directory报错
00355  sqli-labs-报错注入-updatexml报错
00356  iOS打包报错报错 90087、90209 等
00357  报错mysql_connect(): No such file or directory报错
00358  appium+java报错之nodejs报错
00359  pip报错
00360  python 3.7定时脚本后台crontab执行报错缺少库函数, 命令行执行无报错解决方案
00361  python3.7.3使用pip安装mysqldb报错，3.7.3后改为pymysql
00362  Ubuntu12.04 安装python-dev报错 Depends: libblas-common
00363  centos下pip安装mysql_python报错mysql_config not found
00364  解决安装python3.7.4报错Can''t connect to HTTPS URL becau
00365  yum报错-bash: /usr/bin/yum: /usr/bin/python2.7: bad
00367  centos yum安装python2.7及常见报错处理
00368  Python3.x：import urllib2报错解决方案
00369  python3 报错  however version 20.3.3 is available. You should consider ...
00370  python3.9 manage.py runserver 报错问题解决
00371  55.npm install 报错 ：stack Error: Can't find Python executable
00373  anaconda+uwsgi报错Fatal Python error: initfsencoding: Unable to get the locale encoding
00374  【Python】使用smtplib模块发邮件报错“smtplib.SMTPDataError: 554, 5.2.0”
00375  python安装mysqlclient时会报错“Microsoft Visual C++ 14.0 is required
00376  Python报错：int() argument must be a string, a bytes-like object or a number, not 'list'
00377  Python报错：Low Memory，The IDE is running low on memory and this might affect performance.
00378  python list转换字符串报错TypeError: sequence item 0: expe
00380  Python 报错 ValueError list.remove(x) x not in list 解决办法
00381  Python Visual Studio(VS) Code报错Pylint “unresolved import”解决方法
00382  Python3 解决安装Django报错“Parent module 'setuptools' not loaded”方法
00383  python读取配置文件报错提示ConfigParser.NoSectionError: No section: 'Mysql'
00384  (转)[Python]运行pip报错：Fatal error in launcher: Unable to create process using
00385  Python 程序报错崩溃后如何倒回到崩溃的位置(推荐)
00386  python list 转化为矩阵报错：AttributeError: 'list' object has no attribute 'reshape'
00387  mac下python3.6安装mysqlclient报错mysql_config: command
00388  Python3操作oracle数据库及遇到的报错
00389  Centos 7 python 编译报错 ImportError: No module named six 解决办法
00390  【待完善】python中调用 imread 报错： ImportError: cannot import name imread
00392  python3的urllib以及urllib2的报错问题
00393  python pip 安装库文件报错：pip install ImportError: No module named _internal
00394  Python操作Mysql报错can only concatenate str (not “datetime.datetime“) to str
00395  源码编译python时报错 configure: error: no acceptable C compiler found in $PATH
00396  #私藏项目实操分享#「python」——configparser.NoOptionError报错处理
00397  python list 转化为矩阵报错：AttributeError: 'list' object has no attribute 'reshape'
00398  python3安装mysqlclient，解决django使用pymysql报错的问题
00399  Python 报错 ValueError list.remove(x) x not in list 解决办法
00400  报错：tensorflow.python.framework.errors_impl.UnknownError: Could not start gRPC server
00401  【PyQt5】Python使用QWebEngineView时报错Uncaught ReferenceError的解决
00402  python_matplotlib.pylot 画图没有报错,但是没有图像结果窗口
00403  Python 3.6 版本 Pytesseract 图像验证码识别 PyCharm 报错FileNotFoundError
00404  python——报错ImportError:DLL load failed with error code -1073741795的解决方式
00405  python已安装wrapt包却提示报错ModuleNotFoundError: No module named 'wrapt'
00406  [原创]解决Python Request请求报错requests.exceptions.ProxyError - 大盘站
00408  windows下的python环境安装python-alipay-sdk报错：Microsoft Visual C++ 14.0 is required
00409  《Python开发 - Python疑难杂症》PyQt5报错【AttributeError ‘MainWindow‘ object has no attribute ‘setCentralWidget
00410  安装uwsgi 报错：plugins/python/uwsgi_python.h:2:20: 致命错误：Python.h：没有那个文件或目录
00411  mysql版本升级报错，程序报错：group by，order by
00412  Mysql 报错连接数据库报错
00413  Linux：CentOS 8报错(yum源更新报错
00414  Linux：CentOS 8报错(yum源更新报错)
00415  Linux：CentOS 8报错(yum源更新报错
00416  pandas.read_csv() 报错 OSError: Initializing from file failed，报错原因分析和解决方法
00417  Kafka之——Python3.X执行Python编写的生产者和消费者报错
00418  python安装好配置环境后，重装系统，更换python的路径后，使用pip 命令报错
00419  python安装好配置环境后，重装系统，更换python的路径后，使用pip 命令报错
00420  Kafka之——Python3.X执行Python编写的生产者和消费者报错
00421  安装python包后eclipse里仍然报错的问题解决
00422  Python报错：IndentationError: unindent does not match any outer indentation level解决办法
00423  Python安装完成 运行的时候报错 0xc000007b
00424  python 链接codis 报错解决办法 command 'EXEC' is not allowed
00425  python测试开发django-45.xadmin添加小组件报错解决
00426  解决Ubuntu系统终端运行python文件报错“ImportError/ModuleNotFoundError：No Module named xx”
00427  Python2.7 smtplib发送带附件邮件报错STARTTLS解决方法
00428  Python-numpy逻辑报错：The truth value of an array with more than one element is ambiguous
00429  Eclipse中pydev开发，python重载__init__报错，是可以正常执行
00431  0基础python教程 各主流Linux系统解决pip安装mysqlclient报错
00432  【python】from scipy.misc import imread报错:ImportError: cannot import name imread
00433  【python】算术运算报错can‘t multiply sequence by non-int of type ‘float‘
00434  jupyter新建python3报错：An error occurred while creating a new notebook.
00435  Python学习笔记：sklearn.externals.joblib导入报错cannot import name 'joblib'
00436  Python安装完成 运行的时候报错 0xc000007b
00437  Python报错：IndentationError: unindent does not match any outer indentation level解决办法
00438  Python 使用numpy报错：runtimeError: package fails to pass a sanity check解决方法
00439  Python Tensorflow 报错 ImportError: cannot import name ‘_validate_lengths‘ 解决方法
00440  Python2.7 安装pip报错 sys.stderr.write(f“ERROR: {exc}“)
00441  Python import pandas_datareader报错(ImportError cannot import name 'is_list_like')
00442  Python 安装wordcloud报错error: Microsoft Visual C++ 14.0 or greater is required.
00443  Python pip安装报错timeout的解决 pip添加国内镜像源
00444  解决：Elipse配置Jython Interpreters时报错Error: Python stdlib source files not found
00445  python报错 ValueError: dictionary update sequence element #0 has length 1； 2 is require
00446  Linux上使用Python报错pip not found、yum lock、SyntaxError: Non-ASCII
00447  Python安装完成 运行的时候报错 0xc000007b
00450  python---补充django中文报错（2），Django3.5出错
00451  0基础python教程 各主流Linux系统解决pip安装mysqlclient报错
00452  Python添加excel图片报错：ImportError: You must install Pillow to fetch image objects
00454  python pillow库, 图片处理，把png图片处理后保存jpg报错
00455  python3 读取dbf文件报错 UnicodeDecodeError: 'gbk' codec can't decode
00456  python manage.py startapp app 时候报错No module named _sqlite3
00457  python通过grpc调用tfserving报错has no attribute 'beta_create_PredictionService_stub'
00458  Python查看pandas版本报错：AttributeError: module ‘pandas‘ has no attribute ‘_version_‘
00459  Windows下Python3解决 Microsoft Visual C++ 14.0 is required 报错
00460  Python import pandas_datareader报错(ImportError cannot import name ‘is_list_like‘)
00461  python_报错:AttributeError: partially initialized module ‘exname‘ has no attribute ‘fex‘ (most likely
00462  python thinker生成exe 及报错处理 thinker failed to create process.
00463  python初学常见问题记录（2）--eclipse下报错及乱码
00464  Linux pyinstaller打包python脚本报错：ImportError: No module named _vendor.six
00465  Python3 pip命令报错：Fatal error in launcher: Unable to create process using '"'
00466  Python之——Eclipse +PyDev开发python，import其他模块时eclipse会报错，运行却没有问题
00467  【错误记录】Mac 中 IntelliJ IDEA 运行 Python 程序报错 ( pip 21.0 will drop support for Python 2.7 in January 20 )
00468  安装最新Python版本后，报错： No such file or directory: 'D:\\Anaconda3\\lib\\venv\\scripts\\nt\\python.exe'
00469  Python之——Eclipse +PyDev开发python，import其他模块时eclipse会报错，运行却没有问题
00470  第一次打开pycharm运行python文件报错”No Python interpreter selected“问题的解决办法
00471  简单的centos7访问server12r2共享竟然报错报错报错~~~~~~~
00472  python错误记录整理
00473  Linux上Python连接Oracle解决报错cx_Oracle.DatabaseError: DPI-1047
00474  python3中报错：TypeError: 'range' object doesn't support item deletion
00475  python--接口测试--xlwt模块使用时报错情况解决方法
00476  Python2.7升级到3.0 HTMLTestrunner报错解决方法
00477  安装python后yum报错File "/usr/bin/yum", line 30 
00478  python交互式环境，django模板报错：django.core.exceptions.ImproperlyConfigured
00479  彻底搞懂python执行multiprocessing Pool线程池程序报错RuntimeError：reeze_support()
00480  win7 64下安装mysql-python报错的解决办法
00481  Python celery 在Windows上运行报错(ModuleNotFoundError: No module named 'grp')解决方法
00482  Python异常捕获和处理，代码异常报错也能那么和谐且个性
00483  Python异常捕获和处理，代码异常报错也能那么和谐且个性
00484  python duckling报错: from .duckling import Duckling ImportError: numpy.core.multiarray failed to import
00485  Ubuntu21.04 Python3 import turtle时报错：ModuleNotFoundError: No module named ‘tkinter‘
00486  win7 64下安装mysql-python报错的解决办法
00487  56-python pip使用报错：Fatal error in launcher: Unable to create process using '
00488  Python运行pyqt5 时报错“it could not find or load the Qt platform plugin “windows“
00489  Python3.x：关于urllib中urlopen报错问题的解决方案
00490  Python自动化测试（02）解决pip安装依赖时报错的问题
00491  python 字典类型引用时报错 Traceback (most recent call last): KeyError: 'o'
00492  ubuntu1.8安装python3.7pip报错“subprocess.CalledProcessError...lsb_release”
00493  【错误记录】Mac 中 IntelliJ IDEA 运行 Python 程序报错 ( End of statement expected )
00494  【错误记录】Mac 中 IntelliJ IDEA 运行 Python 程序报错 ( No module named ‘threadpool‘ )
00495  Python pip install报错:setup command: use_2to3 is invalid解决方法
00496  Python Keras 报错AttributeError: 'Sequential' object has no attribute 'predict_classes'解决方法
00497  Ubuntu21.04 Python3 import turtle时报错：ModuleNotFoundError: No module named ‘tkinter‘
00498  python3连接etcd3 grpc报错解决方法
00500  Python 执行pip install pygame命令报错(ImportError: No Module Named Typing)解决方法
00501  Python 更新Firebase JS 8.0.0报错 Attempted import error: ‘app‘ is not exported解决方法
00502  Python 使用selenium webdriver报错:Failed to read descriptor from node connection解决方法
00503  python networkx画图，报错：AttributeError: module ‘scipy.sparse’ has no attribute ‘coo_array’
00504  解决Python通过pip安装报错：（有图）Could not install packages due to an EnvironmentError: HTTPSConnectionPool
00505  Python OSError: [Errno 99] Cannot assign requested address错误的解决 阿里云报错
00506  python运行报错：UnicodeDecodeError: ‘gbk‘ codec can‘t decode byte 0xa3
00507  Python报错(ubuntu系统)：You are using pip version 7.1.0, however version 19.0.3 is available.
00508  Python报错：ConnectionRefusedError: [WinError 10061] 由于目标计算机积极拒绝，无法连接。
00509  ImportError: No module named prettytable的处理方法
00510  npm i安装包依赖时 gyp ERR! stack Error: Can‘t find Python executable “python“, you can set the PYTHON env
00512  Python报错：‘unicodeescape‘ codec can‘t decode bytes in position 2-3: truncated \UXXXXXXXX escape
00513  odoo 模块安装不报错,升级会报错,KeyError:
00514  npm i安装包依赖时 gyp ERR! stack Error: Can‘t find Python executable “python“, you can set the PYTHON env
00515  【python】python读取文件报错UnicodeDecodeError: 'gbk' codec can't decode byte 0xac in position 2: illegal multibyte sequence
00516  ubantu16报错
00517  A reportable application error has occurred. Conda has prepared the above report......
00518  django 安装错误汇总
00521  3. 在Django 2.2中启动开发服务器时处理SQLite3错误
00522  MYSQL 增加字段不报错，插入数据不报错处理
00523  ThinkPHP报错集锦（1）：使用路由报错 No input file specified.
00524  idea突然报错。用的好好的，某天突然报错
00525  BigDecimal坑点：小数除不尽报错/除数为0报错
00526  hexo  d  报错    hexo  安装搜索功能   hexo   报错没有git
00527  docker run 报错: dial tcp xxxxxxxx:443: i/o timeout报错
00528  【报错】IntelliJ IDEA中绿色注释扫描飘红报错解决
00529  python升级后yum不能使用报错 File “/usr/bin/yum”, line 30
00530  python xlwt模块写入excel超过65536行报错问题解决方法
00531  Python自动化之下拉框，隐藏标签定位 代码&报错解决
00532  python3.6/anaconda pip报错 TypeError: parse() got an unexpected keyword argument 'transport_encoding'
00533  Python读取xls文件报错：raise XLRDError(FILE_FORMAT_DESCRIPTIONS[file_format]+‘； not supported‘)
00534  python  调用父类方法， 重写父类构造方法， 不显式调用，会报错
00535  Python flask flask_script 报错：ModuleNotFoundError: No module named 'flask._compat'解决方法
00536  Django学习（1）——python manage.py startapp app-name新建app报错问题
00538  Python3 升级pip 报错AttributeError: 'NoneType' object has no attribute 'bytes'解决方法
00539  【使用python urllib时出现[SSL: CERTIFICATE_VERIFY_FAILED]报错的解决方案】
00540  安装python模块paramkio报错 error: command 'gcc' failed with exit status 1
00541  Windows下添加Zscaler CA根证书到Python，解决Pip SSL访问报错问题
00542  python 通过get-pip.py 安装 pip时报错 ERROR: No matching distribution found for pip
00543  【错误记录】Python 安装依赖库报错 ( ERROR: Could not find a version that satisfies the requirement elftools )
00544  CentOS下安装Python3.7报错ModuleNotFoundError: No module named '_ctypes'的解决方案
00545  python3.6/anaconda pip报错 TypeError: parse() got an unexpected keyword argument 'transport_encoding'
00546  python打包成exe出现报错如何解决TypeError: an integer is required (got type bytes)
00547  Python 安装pandas报错:ValueError: check_hostname requires server_hostname解决方法
00548  Python selenium 报错:Google Chrome cannot read and write to its data directory : selenium解决方法
00549  Python vscode 运行 jupyter notebook 报错Error loading preloads: Could not find renderer解决方法
00550  【python】pip install 报错Could not fetch URL https://pypi.org/simple/json-schema/
00551  Python报错：'dict' object has no attribute 'iteritems'（机器学习实战kNN代码）解决方案
00552  Python报错：ImportError: DLL load failed: 找不到指定的模块  解决方案详解
00553  Python3.7.0以上版本安装pip报错ModuleNotFoundError: No module named '_ctypes'解决方法
00554  pytest-html报错
00555  【python报错】 ModuleNotFoundError: No module named 'X' 如何调用自己写的 moudle / python / .py 文件（同一项目中）
00556  【Python】Python读取文件报错：UnicodeDecodeError: 'gbk' codec can't decode byte 0x99 in position 20: illegal multibyte sequence
00557  《Python开发 - Python疑难杂症》Pyinstaller打包报错【UnicodeDecodeError: ‘utf-8‘ codec can‘t decode】分析与解决
00558  解决报错OSError: dlopen(../anaconda/envs/python3/lib/python3.6/site-packages/lightgbm/lib_lightgbm.so)
00559  python3安装crypto出错，及解决方法
00560  python的异常处理
00561  [Pydub] 读取WAV报错|Couldn't find ffmpeg or avconv - defaulting to ffmpeg
00564  Centos6.5安装 scipy  sciki-learn 一堆报错
00565  解决AttributeError: module ‘scipy.misc‘ has no attribute ‘imread‘报错问题
00566  解决AttributeError: module ‘scipy.misc‘ has no attribute ‘imread‘报错问题
00568  python2.7传数据到数据库OperationalError: (1366,
00569  【Python】cx_Oracle ：pip install cx_Oracle 安装失败
00573  报错：Git上传代码报错 will not add file alias already exists in index
00574  安装chromedriver.exe的报错，pycharm跑起来报错提示
00575  springboot前端多传参数报错、前端多传json字段报错
00577  【Case分享】Exchange 2013登录ECP\OWA报错，事件日志报错15021
00578  MySQL主从同步报错，server-id一致导致报错
00579  报错：Git上传代码报错 will not add file alias already exists in index
00580  ModuleNotFoundError: No module named ‘dateutil‘
00581  Linux学习32 - _mysql.c:32:20: fatal error: Python.h: No such file or directory 问题解决
00582  ModuleNotFoundError: No module named ‘dateutil‘
00583  转 Python3 ssl模块不可用的问题
00584  Appium问题及解决(3)：android sdk版本与手机版本不兼容出现的报错问题
00585  《利用Python进行数据分析》第二章pivot_table报错问题
00586  jenkins构建shell或者python脚本中含有远程登录复制会报错解决办法
00587  解决 python用  xlsxwrite 向excel 中写入中文字符串变量 报错
00589  【python】升级pip后报错解决pkg_resources.DistributionNotFound: The 'pip==7.1.0' distribution was not found and is required by the application
00591  Python3.8 执行报错“ configparser.NoSectionError: No section: 'server'”问题解决方法
00594  命令行运行python项目文件，报错：ModuleNotFoundError: No module named 'xxxx' 解决办法
00595  python list转换字符串报错  TypeError: sequence item 0: expected str instance, int found
00596  python导出项目使用的所有依赖包（requirements.txt）以及报错处理
00597  解决python3 requests报错urllib3.exceptions.NewConnectionError: ＜urllib3.connection.VerifiedHTTPSConnecti
00598  解决python多版本环境下pip报错Fatal error in launcher: Unable to create process using问题
00599  ubuntu14(python3.7) 安装pip3报错：ImportError: cannot import name 'sysconfig'
00600  Python常见问题 - 报错 cryptography is required for sha256_password or caching_sha2_password
00601  python pandas报错: ImportError: Unable to import required dependencies:numpy :Importing the numpy C-extensions failed.
00602  Python 使用 yfinance 报错：JSONDecodeError: Expecting value: line 1 column 1 (char 0)解决方法
00603  python 在cmd时执行celery -A tasks worker --loglevel=info报错：failed to create process怎么解决
00604  # yyds干货盘点 # 盘点一个Python抓取有道翻译爬虫中的报错问题
00605  ubuntu14(python3.7) 安装pip3报错：ImportError: cannot import name 'sysconfig'
00606  解决python多版本环境下pip报错Fatal error in launcher: Unable to create process using问题
00607  python2.7报错Non-ASCII character '\xe5' in file的解决方法
00608  CentOS7 编译安装python 3.9.6 时报错 Could not import runpy module 解决方案
00609  python打包exe报错：Fatal error: PyInstaller does not include a pre-compiled bootloader for your platform.
00610  python导出项目使用的所有依赖包（requirements.txt）以及报错处理
00611  《Python开发》Pyinstaller打包报错【UnicodeDecodeError: ‘utf-8‘ codec can‘t decode】分析与解决
00612  Python安装第三方库报错check_hostname requires server_hostname
00613  python2.7无法使用pip(安装easy_install)
00614  Python使用import导入模块时报ValueError: source code string cannot contain null bytes的解决方案
00616  Python使用import导入模块时报ValueError: source code string cannot contain null bytes的解决方案
00618  人工智能——python使用py2neo连接neo4j报错——ValueError: The following settings are not supported: {'username': 'neo4j'}的解决办法
00619  python3.6安装 zipimport.ZipImportError: can't decompress data; zlib not available【转】
00620  Python 技术篇 - python3使用speech库常见问题原因及解决方法
00623  Python3 多线程问题：ModuleNotFoundError: No module named 'thread'，原因及解决办法。
00624  Python3 多线程问题：ModuleNotFoundError: No module named 'thread'，原因及解决办法。
00625  ImportError: No module named 'xml'
00626  cx_Oracle.DatabaseError: ORA-12514: TNS:listener does not currently know of service requested in con
00627  Python使用Pyecharts解决ImportError: cannot import name 'Bar' from 'pyecharts'
00629  python3.7安装后ssl问题
00630  python pandas读取数据报错：Traceback (most recent call last):anaconda3/lib/python3.7/site-packages/pandas/i
00631  python pandas读取数据报错：Traceback (most recent call last):anaconda3/lib/python3.7/site-packages/pandas/i
00633  安装mysql报错-MySQL conflicts with ....
00634  创建django报错使用miniconda
00635  报错ModuleNotFoundError: No module named ‘IPython‘
00636  from lxml import etree报错
00637  Pytorch安装的时候报错
00638  tensorflow报错屏蔽的方法
00639  PyTorch报错No module named ‘transforms‘
00640  pip install matplotlib报错timeout
00641  scrapy执行报错，求解答
00643  报错：HBase Server is not running yet
00644  报错：ImportError: cannot import name
00645  PyTorch报错No module named ‘transforms‘
00646  报错：bash: pip: command not found
00648  Error: Command ‘[‘/home/das/Desktop/learn/my_venv/bin/python3‘
00651  Python3 错误和异常
00653  安装Python的psutil模块时报错：error: command 'gcc' failed with exit status 1
00654  Python TensorFlow 报错'tensorflow.compat.v2.__internal__' has no attribute 'tf2'解决方法
00655  Python pandas read_excel 读取xlsx文件报错:xlrd.biffh.XLRDError not supported 解决方法
00656  python报错：UnicodeDecodeError: 'gbk' codec can't decode byte 0xb2 in position 388的问题
00657  python导入requests库一直报错原因总结 （文件名与库名冲突）
00658  以root权限执行python时候脚本时候报错“ExtractionError: Can't extract file(s) to egg cache”
00659  【Azure 应用服务】Python3.7项目在引用pandas 模块后，部署报错
00660  安装python3时，报错提示api-ms-win-crt-runtime-l1-1-0.dll丢失
00661  docker  ubuntu  or  centos 中  报错  pip2: command not found  为 Python 2 安装 pip2
00662  appium+python自动化63-使用Uiautomator2报错问题解决
00663  python 用selenuim判断页面是否全部加载完成,并且加上最大时长,超过时长报错
00664  Python报错：UnicodeDecodeError: 'gbk' codec can't decode byte 0xae in position 199: illegal multibyte s
00665  【问题】spark运行python写的mapreduce任务，hadoop平台报错，java.net.ConnectException: 连接超时
00666  【经验总结】Python3 Requests 模块请求内容包含中文报错的解决办法
00667  opencv-python 报错：module 'cv2.cv2' has no attribute 'xfeatures2d_SURF
00669  转 pip离线复制python开发环境  以及报错invalid syntax  和 cx_oracle 处理clob
00670  Python报错：UnicodeDecodeError: 'gbk' codec can't decode byte 0xae in position 199: illegal multibyte s
00671  Python 报错 TypeError: a bytes-like object is required, not 'str' 的一种场景 解决方法
00672  （MAC）selenium python导入PIL的Image/ImageEnhance报错（主要用于登录验证码识别）
00674  AttributeError: 'module' object has no attribute 'main'
00675  【Ubuntu报错】ModuleNotFoundError: No module named 'setuptools'
00676  解决警告： DeprecationWarning: invalid escape sequence \D
00677  工作问题总结20161019
00678  Python 技术篇 - 修改pyminifier库源码解决编码不一致导致的报错问题：‘gbk‘ codec can‘t decode byte 0x80 in position 54
00679  Python 3.10 Ubuntu上pip install报错ImportError: cannot import name 'html5lib'解决方法
00680  python错误：distutils.errors.DistutilsError 解决方法
00681  invalid mode ('wb') or filename: xxx 报错解决方法
00682  Python3 错误和异常
00684  pymysql 插入错误：Warning(1265, “Data truncated for column ‘XXXX‘ at row xxx“)
00685  Python PIP升级后执行命令报错： sys.stderr.write(f“ERROR: {exc}“)解决方法
00687  Fatal error in launcher: Unable to create process
00688  AttributeError: 'module' object has no attribute 'main'
00689  centos7.8环境下python3.6.10安装mysqlclient报错 /usr/bin/ld: cannot find -lperconaserverclient 的问题处理
00690  【收藏】goland报错：报错package xxx is not in GOROOT or GOPATH 或者 cannot find package “xxx“ in any of
00691  【收藏】goland报错：报错package xxx is not in GOROOT or GOPATH 或者 cannot find package “xxx“ in any of
00692  eclipse:项目启动MySQL报错：The last packet successfully received from the server was x millisecon报错
00693  报错Crypto安装后还是不存在；报错没有模块Crypto.Cipher
00694  解决django项目报错很离谱的报错之RuntimeError: populate() isn't reentrant
00695  【MySQL报错处理】[Err] 1064 、[Err] 1055、JdbcUsersConnectionRepository.sql建表报错
00696  
00697  win7配置flutter报错 运行flutter doctor报错及解决方法
00698  【Oracle】-【sqlplus / as sysdba登录报错问题】-新用户使用sqlplus / as sysdba登录报错
00699  yml报错:报错信息：panic: While parsing config: yaml: line 9: mapping values are not allowed in
00703  python 通过shutil.move移动图片出错xe5\xb8\xb8\xe7
00705  python第三方库xlrd不支持读取.xlsx格式的Excel文件的问题详解
00707  【Python系统学习03】错误类型整理（一）
00708  startTime = time.clock()AttributeError: module 'time' has no attribute 'clock
00709  ImportError: numpy.core.multiarray failed to import问题
00714  路径不对 导致FileNotFoundError: [WinError 2] 系统找不到指定的文件， 问题解决办法
00715  bs4使用lxml报错
00718  向PyPi发布模块nesterlhb1时报错500的处理
00719  Python 初学者最容易犯的几个错误
00720  AttributeError: module ‘string‘ has no attribute ‘atoi‘
00721  系统中同时存在python2和python3时 pip有时候更新后会报错 解决安装的方法如下
00722  failed to create process怎么解决
00723  关于Python报错：SyntaxError: Non-ASCII character '\xe5' in file的解决方法
00724  python pip安装 mysqlclient 报错 raise EnvironmentError("%s not found" % (_mysql_config_path,)) OSError: mysql_config not found
00725  关于Python运行代码报错：SyntaxError: Non-ASCII character '\xe5' in file的解决方法
00726  执行python脚本时报错"ImportError: cannot import name pkcs1_15"如何处理?
00727  python连接oracle数据库报错PI-1047: 64-bit Oracle Client library cannot be loaded:
00728  Python报错：TypeError: 'dict_keys' object does not support indexing（机器学习实战treePlotter代码）解决方案
00731  python 解决IndentationError: unexpected unindent的报错！和通用代码框架，import requests def getHTMLText(url)...的解释
00732  Python连接Oracle数据库报错DPI-1047: 64-bit Oracle Client library cannot be loaded:
00733  Django1.11启动错误：Generator expression must be parent
00734  56.ERR! configure error gyp ERR! stack Error: Can't find Python executable
00737  Python3开发行人识别分析：运行ridership.exe报错index out of rang
00738  【错误记录】PyCharm 运行 Python 程序报错 ( PEP 8: E402 module level import not at top of file )
00739  Python: PyCharm中导入matplotlib时报错:“Backend Qt5Agg is interactive backend”的解决方案
00740  yum报错：bash: /usr/bin/yum: /usr/bin/python: 坏的解释器：没有那个文件或目录
00741  在python 3.9的环境下，调用time.clock()方法报错:AttributeError: module 'time' has no attribute 'clock'
00742  python  print 打印的数据包含中文，打印报错UnicodeDecodeError: 'gbk' codec can't decode bytes in position
00743  Python报错：AttributeError: type object 'str' has no attribute '_name_'（机器学习实战treePlotter代码）解决方案
00744  Python报错：TypeError: 'dict_keys' object does not support indexing（机器学习实战treePlotter代码）解决方案
00745  Error: Command '['/bin/python3', '-Im', 'ensurepip', '--upgrade', '--default-pip']' returned non-zero exit status 1.
00746  AttributeError: ‘ElementTree‘ object has no attribute ‘getiterator‘
00747  pip3命令报错Fatal error in launcher: Unable to create process using '"d:\old_files\py3.6\python.exe"  "E:\py3.6\Scripts\pip3.exe" list
00749  做完基线后，Linux系统使用passwd报错：passwd模块未知，passwd报错模块未知
00750  peewee 报错：ImportError: No module named 'MySQLdb'；pymysql 报错：from . import connections  # noqa: E402
00751  【解决sns加载数据报错】sns.load_dataset("xxx")报错
00752  【解决sns加载数据报错】sns.load_dataset("xxx")报错
00753  【错误记录】反射内部类报错 ( Android 使用 Hook 时反射内部类报错 )
00754  运行openai的gym代码报错提示import pyglet，安装后依然报错：ImportError: s
00755  在创建内部采购申请进行审批的时候报错，内部申请报错如下：
00756  Vue报错 There are multiple modules with names that only differ in casing 的报错原因和解决办法
00757  HADOOP HA 报错 - 所有 namenode 都是standby --集群报错： Operation category READ is not supported in state standby
00758  webstorm中es6语法报错，.vue文件中es6语法报错
00760  SaltStack安装时python版本冲突导致安装失败
00761  exceptions: django2.2/ mysql ImproperlyConfigured: mysqlclient 1.3.13 or newer is required; you have 0.9.3
00762  python3:AttributeError: module 'urllib' has no attribute 'quote'
00765  Reading package lists... Error! 解决方案
00769  envs\TensorFlow2.0\lib\site-packages\tensorflow\python\framework\dtypes.py:516: FutureWarning 解决方案
00770  Flask 启动报错 error: [Errno 10053]
00771  Django（11）mac安装mysqlclient报错
00772  Django 2.2  sqlite3报错
00773  Python:no encoding declared 错误
00774  Python Requests：proxy代理错误
00775  python方法未绑定错误
00776  Python：忽略warning警告错误
00777  Python Pandas 修正错误数据
00778  Python编码错误处理
00779  python 2.75 报UnicodeEncodeError 错误
00780  Python编译错误集锦
00781  python捕获所有错误
00782  Python变量引用错误
00783  Python错误：'tuple' object is not callable
00784  Python 代码更迭错误简介
00785  Python错误：'tuple' object is not callable
00786  
00787  Python函数及错误异常
00788  Python错误信息
00789  python 配置mod_python.publisher 404错误
00790  Python学习笔记——Python语法错误总结
00791  python 简单擦错误记录
00792  python fabric模块使用错误
00794  python import错误 SyntaxError: invalid syntax
00795  pip 安装python模块常见错误
00796  mysql-python中文数据错误
00797  Python 错误：IndentationError: expected an indented block
00799  python远程清除sqlserver错误日志
00800  Python3 错误和异常
00801  python问题1:ERROR 10053错误
00802  Python 的错误和异常处理
00803  paip.python错误解决
00804  python2.7  安装docx错误
00805  python远程清除sqlserver错误日志
00806  python+selenium 者常见错误
00807  图解python | 错误与异常处理
00808  Python 错误：IndentationError: expected an indented block
00809  Python之错误码设计
00810  蓝桥杯python组——错误票据
00811  Python Pandas 清理错误格式数据
00812  python常见错误：IndentationError: unexpected indent
00814  Python的DataFrame多个条件过滤错误
00815  python核心编程loopmake.py错误
00816  Python 3.3.2中SyntaxError: invalid syntax错误
00817  
00818  Python错误： SyntaxError: Non-ASCII character
00819  python gpu_nms编译错误
00820  python之错误篇（二）——debug出错
00821  python mysql插入数据遇到的错误
00822  python 安装模块报ssl证书错误
00823  Python错误SyntaxError: unexpected EOF while parsing
00824  #yyds干货盘点#python错误和异常
00825  python常见错误与异常处理（上）
00826  Python 常见的17个错误分析
00827  Python 新手最容易犯的错误！
00828  python 解决Fatal error in launcher:错误问题
00829  Python编程：Django入门及常见错误
00830  Python调用:'get_column_letter‘错误
00831  Python:expected an indented block错误解决
00832  常见的Python语言IOError错误原因？
00833  python程序常见错误及执行方式
00834  python编译时检查语法错误
00835  python Thread already started 错误解决
00836  Python中出现request模块导入错误
00837  Python IOError错误异常原因有哪些？
00838  python:Unable to find vcvarsall.bat错误
00839  python在windows通过安装模块错误
00841  python递归函数错误使用方式
00842  Python编程：Django入门及常见错误
00843  [python]WindowsError的错误代码详解
00844  python import uuid SyntaxError: invalid syntax错误
00845  mac安装pocketsphinx-python出现错误
00846  python3错误：dyld: Library not loaded: @executable_path/../.Python
00849  一文搞懂Python错误和异常
00850  Python: The _imagingft C module is not installed错误的解决
00851  Python 的 unhashable type 错误分析及解决
00852  [Python Web]配置 nginx 遇到错误排查（初级）
00853  Python|list index out of range错误解析
00854  python2.7安装django报UnicodeEncodeError错误
00855  python有些错误换行问题解决
00856  零基础学python：错误与异常
00857  Python3安装turtle提示错误：Command
00858  python学习——避免pandas dataframe的神奇错误
00859  Python|list index out of range错误解析
00860  Python合并Excel类的错误行代码
00861  Python Django 配置404和500错误页面
00862  
00863  4 个Python数据读取的常见错误
00864  Python2.7安装Scrapy错误处理
00865  python的pip安装模块报编码错误
00866  Python错误TypeError: write() argument must be str, not bytes
00868  Python中Lambda的前4个错误
00869  python3编译caffe错误:cannot find -lboost_python3
00870  python抓取网站提示错误ssl.SSLCertVerificationError处理
00871  python学习：IndentationError:expected an indented block错误解决
00873  17个常见的Python运行时错误
00874  python错误：distutils.errors.DistutilsError 解决方法
00875  [编码问题] Python错误： SyntaxError: Non-ASCII character
00876  python问题：IndentationError:expected an indented block错误解决
00877  python安装 错误 “User installations are disabled via policy on the machine”
00879  python---解决“Unable to find vcvarsall.bat”错误
00880  python问题：IndentationError:expected an indented block错误解决
00881  【python基础】Python错误：AttributeError: module 'json' has no attribute 'loads'解决办法
00882   17个新手常见Python运行时错误
00883  修复在python3中import winrandom错误
00884  python3 调用get_highest_row()错误
00885  python错误 ImportError: No module named setuptools 解决方法
00886  编写Python时遇到的蛋疼的错误
00887  python安装media库过程以及遇到的错误
00889  你应该避免的5个常见 Python 错误
00890  python2.7   安装搜索引擎错误
00891  python安装 错误 “User installations are disabled via policy on the machine”
00892  python base64解码TypeError: Incorrect padding错误
00893  python pip安装模块提示错误failed to create process
00894  python问题：IndentationError:expected an indented block错误解决
00895  Python错误：PyCharm 安装出错 Internal error，please。。。
00896  
00897  301错误_302错误_404错误_500错误等
00898  Python的最大递归深度错误 “maximum recursion depth exceeded while calling a Python object”
00899  Python之——Python 3.6 Socket TypeError: a bytes-like object is required, not 'str' 错误提示
00900  Python之——Python 3.6 Socket TypeError: a bytes-like object is required, not 'str' 错误提示
00901  python 读取txt文件时候遇到的错误（python error about reading TXT file）
00902  Errno 9: Bad file descriptor in python socket错误处理
00903  Python错误： SyntaxError: Non-ASCII character eclipse pydev 下
00904  Python3.4 安装 pycrypto 提示错误的处理办法
00905  解决Python3配置常见错误 selenium3
00906  python 中 pynlpir错误 Cannot Open Configure file pynlpir解决
00907  python常见错误类型AttributeError: ‘Network‘ object has no attribute ‘copy‘
00909  python错误提示unindent does not match any outer indentation level
00910  致命错误：Python.h：没有那个文件或目录
00911  python 中 pynlpir错误 Cannot Open Configure file pynlpir解决
00912  python错误提示：TypeError: ‘builtin_function_or_method‘ object is not subscriptable
00913  Python库导入错误：ImportError: No module named matplotlib.pyplot
00914  python读取csv,txt,excel类似文件出现UnicodeDecodeError错误
00915  Python3.4 安装 pycrypto 提示错误的处理办法
00916  Python 初学者最容易犯的几个错误
00917  python错误和异常，re模块，多线程，paramiko模块
00918  python 3.x 错误 ‘generator’ object has no attribute ‘next’ 
00919  Python安装Mysql-Pthon(MySQLdb)遇到的几种错误
00920  Python3.4 安装 pycrypto 提示错误的处理办法
00921  python 传入类型错误 导致走index fast full scan
00922  python错误处理/调试/单元测试/文档测试
00925  如何解决Python中的UnicodeEncodeError编码错误问题
00926  python错误TypeError: 'module' object is not callable 的解决方法
00927  Atitit php  java  python  nodejs错误日志功能的比较
00928  记录python循环引用带来的MemoryError错误解决
00930  python安装Fabrix出现Command "python setup.py egg_info"错误
00931  python 用requests请求，报SSL:CERTIFICATE_VERIFY_FAILED错误
00932  python环境部署:pip升级命令错误的解决方案
00933  异常排查_Python-日志模块.NoSectionError: No section: '*' 错误?
00934  Python3+Gooey使用打包后运行报编码错误
00935  python读取错误excel记录生成sql,避免手工维护数据
00936  python环境部署:pip升级命令错误的解决方案
00937  python baidu-aip语音识别错误request pv too much
00938  python系列教程173——最常犯的一些错误
00940  python用requests请求，报SSL:CERTIFICATE_VERIFY_FAILED错误。
00941  python记录Unable to find vcvarsall.bat错误信息
00942  【错误记录】执行 Python 程序报错 ( NameError: name ‘reload‘ is not defined )
00943  python sqllite3插入数据错误代码syntax error
00944  报错：致命错误：Python.h：没有那个文件或目录
00945  Python常见问题 - python3 使用requests发送HTTPS请求报certificate verify failed 错误
00946  处理WARNING: Ignoring invalid distribution -xpython (d:\software\python\python39\lib\site-packages)错误
00948  处理WARNING: Ignoring invalid distribution -xpython (d:\software\python\python39\lib\site-packages)错误
00949  python3.7中mysqlclient安装错误的解决办法
00950  Python suds模块测试WebSerivce服务和Type not found错误解决
00951  python requires模块 https请求 由于TLS协议版本太高导致错误
00952  从错误中学python(2)————字符串转浮点数
00953  Python教程：windows下matplotlib安装错误（ImportError: matplotlib requires dateutil）
00954  python程序中如何合理处理[WinError 5]拒绝访问的错误
00955  
00956  成功解决python中出现的IndentationError: expected an indented block的错误
00957  python3 安装新版本3.7.3 错误 zipimport.ZipImportError
00958  macosx  10.11  python pip install 出现错误OSError: [Errno 1] Operation not permitted:
00959  Python错误 ValueError: If using all scalar values, you must pass an index.
00960  Python 3.6 Socket TypeError: a bytes-like object is required, not 'str' 错误提示
00961  python错误和异常处理的简单操作实例(try-except)
00962  解决Linux下升级Python后“No module named _bz2”错误
00963  使用Python3.10以上执行《实战Python设计模式》示例程序时，发生Iterable导入错误
00964  ex14 Python运行提示错误need more than 1 value to unpack
00965  python在创建excel后手动打开提示扩展名错误
00966  Windows下使用python库 curses遇到错误消息的解决方案
00967  Python2.x的UnicodeEncodeError: ‘ascii’ codec can’t encode异常错误
00968  解决Python2.7的UnicodeEncodeError: 'ascii' codec can’t encode异常错误
00969  [django1.2+python2.7]ajax异步post数据，出现Forbidden的错误
00970  Windows下使用python库 curses遇到错误消息的解决方案
00971  Python 通过命令行安装包的时候 pip 提示错误
00973  pyinstaller错误：Fatal Python error... ,  Failed to execute script pyi_rth__tkinter...
00974  解决Python2.7的UnicodeEncodeError: ‘ascii’ codec can’t encode异常错误
00975  CMD下打不开python，显示外部命令与内部命令有错误
00976  sublime Text与python3的中文编码错误解决办法
00977  Bug总结：python语言中出现的import error错误的解决思路
00978  python出现SyntaxError: Non-ASCII character '\xe6' in file错误
00979  学习Python最容易犯的错误，这10条一定要记住！
00980  Python 排错UnicodeEncodeError 'ascii' codec can't encode character 错误解决方法
00981  pip install mysql-python 安装错误解决方案,whl安装
00982  Linux 16.04.1-Ubuntu 安装 Python3 + openAi Gym 以及错误解决
00983  [Python] 错误“IndentationError: unindent does not match any outer indentation level”是什么意思？
00984  python 安装setuptools时报Compression requires the (missing) zlib module错误的解决方案
00985  anacond 或python3 报check_hostname requires server_hostname错误
00986  【错误记录】Mac 中 IntelliJ IDEA 运行 Python 程序报错 ( End of statement expected )
00987  【错误记录】Mac 中 IntelliJ IDEA 运行 Python 程序报错 ( No module named ‘threadpool‘ )
00988  用python编写exporter监控接口访问数量+错误率+响应时间
00990  Bug总结：python语言中出现的import error错误的解决思路
00991  Python OSError: [Errno 99] Cannot assign requested address错误的解决 阿里云报错
00992  centos6.8 安装Python2.7后， yum出现“No module named yum”错误
00993  解决python3安装库报use_2to3 is invalid的错误
00994  OSError: [Errno 22] Invalid argument: 'D:\\Python37\\Workspace...错误处理
00995  【错误记录】Mac 中 IntelliJ IDEA 运行 Python 程序报错 ( No module named ‘numpy‘ )
00996  遇到的错误之“Cannot find module 'XXX’的错误”
00997  Django 2.1.7 视图 - 自定义404错误、500错误
00998  Uncaught ReferenceError错误详解（js函数参数使用错误）
00999  在Python Shell中输入print 'hello'总是报语法错误
01000  Ubuntu中python环境下import requests错误的解决（学习过程问题记录）
01002  错误：OSError: [Errno 1] Operation not permitted: 'lib/python/six-1.4.1-py2.7.egg-info'
01003  python pip 安装 win10 解决anacoda代理错误 ProxyError: Conda cannot proxy configuration
01004  【错误记录】Python 安装依赖库报错 ( ERROR: Could not find a version that satisfies the requirement elftools )
01005  Python脚本运行出现语法错误：IndentationError: unindent does not match any outer indentation level
01006  
01007  Python | PyQt5 Could not find the Qt platform plugin windows错误解决方法
01008  UnicodeEncodeError: 'ascii' codec can't encode characters
01009  方法编码解决Python2.x的UnicodeEncodeError: ‘ascii’ codec can’t encode异常错误
01010  python3使用web.py遇到的找不属性的错误解决
01011  【错误记录】PyCharm 运行 Python 程序报错 ( PEP 8: W292 no newline at end of file )
01012  Python Openpyxl Excel打开操作 zipfile 错误解决：zipfile.BadZipFile: File is not a zip file（转）
01013  python "UnboundLocalError: local variable 'log_f' referenced before assignment" 错误
01014  Python：读取 .doc、.docx 两种 Word 文件简述及“Word 未能引发事件”错误
01015  Python常见问题 - 使用openpyxl模块时出现错误： zipfile.BadZipFile: File is not a zip file
01016  python读取配置文件报keyerror-文件路径不正确导致的错误
01017  Windows7 Python-3.6 安装PyCrypto(pycrypto 2.6.1)出现错误以及解决方法
01019  python2 中 dictionary 类型中的 value 数据类型为 float，取 value 值时精度错误
01020  Python报错：PermissionError: [Errno 13] Permission denied解决方案详解
01022  Python 安装mysqlclient 错误MySQLdb/_mysql.c(29): fatal error C1083: 无法打开包括文件: “mysql.h”: 解决方法
01023  关于FileNotFoundError: [Errno 2] No such file or directory: '/home/guoyz/.Xauthority'问题的解决方法
01024  21. Django 2.1.7 视图 - 自定义404错误、500错误
01025  Python报错：ImportError: DLL load failed: 找不到指定的模块  解决方案详解
01026  运行python “没有那个文件或目录3” 或 “/usr/local/bin/python3^M: bad interpreter: 没有那个文件或目录” 错误
01027  Python 初学者必看：Python 异常处理集合
01028  centos7 安装pip+python3.6以及pip安装错误解决办法
01029  python（2.7.10） 安装后启动错误:IDLE's subprocess didn't make connection
01030  cx_Oracle库导入失败引起crontab中python程序运行失败，并且无错误提示
01031  python 最新方案-解决编码错误问题：UnicodeEncodeError: 'ascii' codec can't encode characters in position
01032  安装MySQL-python时发生错误：error: command 'gcc' failed with exit status 1
01033  今天犯了一个很蠢的错误，有关python的模块包的使用的
01034  第六章-Python3中Web开发框架flask实现错误处理
01035  python – 处理psycopg2中的错误 psycopg2.errors.InFailedSqlTransaction: current transaction is aborted, comm
01036  【已解决】Python脚本运行出现语法错误：IndentationError: unindent does not match any outer indentation level
01037  python 最新方案-解决编码错误问题：UnicodeEncodeError: 'ascii' codec can't encode characters in position
01038  CentOS6升级Python2.6到3.7，错误处理[No module named '_ctyp
01039  python3 修改字符串 错误 'str' object does not support item assignment 解决方法
01040  [FW]Windows7 Python-3.6 安装PyCrypto(pycrypto 2.6.1)出现错误以及解决方法
01041  WIN10 使用Anaconda安装的Python3，使用pip时报没有ssl模块错误
01042  python写入文件中遇到 UnicodeEncodeError: ‘gbk’ codec can’t encode character 错误的解决办法
01043  python常见错误之 TypeError: object() takes no parameters和AttributeError: 'my_db' object has no attribute 'conn'
01044  
01045  Windows下安装pymssql 常见错误及解决方法
01046  IndentationError: unindent does not match any outer indentation level
01047  Flask 使用abort方法返回http错误码、http错误响应信息
01048  django错误：Connection reset by peer
