00000  pip install opencv-python时报错，解决方法如下
00001  vscode连服务器python拓展出现问题
00002  Python中KeyError: 的解决方法
00003  Python出错TypeError: ‘＞‘ not supported between instances of ‘int‘ and ‘NoneType‘
00004  使用Anaconda创建python环境 & 常见错误
00005  VScode报错无法获取python扩展
00006  Python安装wordcloud出错
00007  完美解决：使用jupyter创建python时错误Creating Notebook Failed或者occurred while creating a new notebook.
00009  python遇到错误处理_Python常见的错误处理方法
00010  python 出错后重新运行_python出错后重新启动
00011  python 报错traceback怎么解决_浅谈python出错时traceback的解读
00012  visual studio2017调试python出错：python2.5及更早版本不支持调试
00013  Python2 安装cv2/opencv-python出错
00014  pip install mysql-python出错解决方案
00015  简单记一次pip install opencv-python报错
00016  python import lap  出错
00017  VScode 安装python扩展失败的问题解决
00019  python 错误自动重新执行_python代码出现异常，自动重新运行
00020  安装Python版本的Autodock Vina失败原因分析
00021  windows下运行python文件路径总是出错？
00022  python报错后继续执行之前的代码_python异常报错处理
00023  Python调用dll传入uint32类型数组数据出错
00024  python遇到错误跳过_python 如何跳过异常继续执行
00025  python安装lxml库出错_python安装lxml出错的解决方法
00026  python导入pandas出错_在python中导入Pandas总是会出错
00027  Python-遇到异常报错忽略继续运行方法
00028  Python运行报错most recent call last
00029  python报错跳过继续执行_python如何设置报错跳过
00031  Python库安装失败解决办法
00032  python编译器不能运行出错的解决办法
00033  python 3.10 安装pytorch出错
00034  python爬虫错误：ConnectionResetError: [WinError 10054] 远程主机强迫关闭了一个现有的连接。
00035  linux python2 安装gmpy2出错
00036  关于使用Python安装matplotlib后，加载库时出错的解决方式
00037  python如何在报错后继续运行_Python，如何在异常发生后继续运行程序
00038  python pip 出错解决办法
00039  python里面if语句一直出错_python的if语句出错是什么原因
00041  【已解决】pip install出错
00042  python发生未知错误自动重启程序
00043  python出错 unexpected keyword argument 'categories'
00044  python3.5安装opencv-python出错
00046  pip install出错解决方法
00047  VSCode python debug突然失效问题的解决
00049  解决M1 mac 安装python3.9.1后无法使用pandas和numpy的问题
00050  Python 接口测试或爬虫中Http请求的Header头快速构造，解决“Fiddler中请求可以，Python发送请求失败等问题排查和问题原因说明”
00051  windows定时任务执行Python时出错
00052  vscode导入同级目录python自定义模块出错
00053  python安装0x80070643严重错误
00056  python中from import出错_VSCode提示Python源码from...import...出错
00057  Python重新安装出现的问题及解决方案
00058  python3.10编译安装报SSL失败解决方法
00060  已解决（Python语法报错）SyntaxError invalid syntax
00063  安装OpenCV遇到：（ERROR: Exception: Traceback (most recent call last):）
00064  解决python绘图时，中文不能显示的问题
00065  python使用pip时出错（ERROR: Exception: Traceback (most recent call last)）
00066  python2 安装 opencv 出错
00067  解决无法执行python setup install命令的方法
00068  【python】Python安装pip出错：no matching distribution found for xxx
00069  python引用numpy出错_使用numpy时出错
00071  python3.9安装matplotlib出错的解决办法：
00072  python3.6 使用pandas读取xlsx出错 not supported
00073  python返回错误提示_python 错误处理
00074  26、python--学会定位查看出错位置
00080  python项目中导入自定义的包报错
00083  opencv python imshow报错
00084  python多线程出错,程序直接结束,没有继续执行
00087  Python from 同级目录/文件夹 import时报错
00088  node-gyp与Python版本不同导致编译出错
00089  Python——跳过异常报错并按要求继续执行
00093  python 跨文件 跨文件夹引用，以及遇到的问题unresolved reference、No module named
00095  python各种简单诡异问题-10:03 运行 ‘main‘ 时出错: Cannot run program -CreateProcess error=2, 系统找不到指定的文件
00097  Python中使用pip install 导入schedule 总是出错，求助
00098  python中list.index()异常的解决
00099  python中input错误,python中的输入异常
00102  python代码运行不了怎么办_Python编程之运行出错怎么办
00103  python3.9安装wordcloud出错解决办法
00105  python3.6.8 pip install gensim 报错
00109  解决python3.9安装pillow库出错问题
00110  Python项目运行open()函数报错
00111  python中文路径识别,python读取中文路径时出错(2种解决方案)
00115  python3.8安装pandas失败_【Python】安装geopandas/fiona/gdal出错
00116  python--关于pip install 安装openpyxl出错
00117  pip install python-Levenshtein失败
00119  opencv-python的安装报错及处理
00120  Python学习记录—— pip install aip报错
00121  python----主动抛出异常并且捕获异常
00129  python3.8 安装email模块出错
00133  Python fitz模块导入出错的解决
00134  python 怎么报错后再次启动?
00140  python解释器错误
00143  解决在Anaconda中安装opencv-python==3.4.1.15出错问题，解决opencv下载问题
00144  python setup.py install 出错_python setup.py install 失败
00147  在VSCode中配置Python环境以及可能出现的问题和解决办法
00151  RobotFrameWork-ride安装及出错的解决
00153  pycharm不能选择python.exe问题处理方法
00158  python文件调用另一个文件报错
00159  python调用gdal.warp函数进行正射校正出错分析
00161  python try 报错继续循环_Python中try-except出错后如何从try出错地方继续执行？
00162  13. 如果自己写的 Python 程序出错了，怎么办？
00163  python安装的docx出错 No module named ‘exceptions‘
00165  Jupyter notebook 创建新笔记本出错
00166  最新Pycharm安装调用opencv-python步骤，以及遇到的问题： opencv已经安装成功；cmd环境下python可以import cv2 ；但pycharm下会出错
00167  解决PyCharm提示Error: Please select a valid Python interpreter
00168  项目执行 npm install （yarn）的时候报 node-sass 错误、python 错误？彻底搞清楚原因，让你百试不爽，完全不用那么麻烦。
00169  csv文件python读取报错编码错误问题终极完美解决
00170  python下载第三方库失败的解决办法
00171  python setup.py build develop编译出错  RuntimeError: Error compiling objects for extension
00173  Python出错ZeroDivisionError: float division by zero
00176  用try异常函数解决处理多张图片报错用debug很难找出错误cv2.error: OpenCV(4.5.5) D:\a\opencv-python\opencv-python\opencv\modul
00178  Python tkinter打包exe后出现 Failed to obtain/convert traceback
00179  关于在conda环境下，pip已安装好包，但是python import错误的解决方法
00180  解决ERROR: This script does not work on Python 2.7 The minimum supported Python version is 3.7
00181  vscode run python file,报错 ERROR conda.cli.main_run:execute(33): Subprocess for ‘conda run [‘python‘,
00182  pip install weditor 出错
00187  解决pandas读取excel文件出错
00191  python导入模块错误_Python导入模块时遇到的错误分析
00193  python中如何捕获错误
00194  Python连接mysql数据库出错解决方案
00195  部署django项目安装uwsgi出错
00196  关于Python中end=““报错的问题
00199  Python爬虫之基于selenium实现12306模拟登录并成功解决滑块验证出错的情况
00201  使用geany编写python运行出错
00205  Python运行%matplotlib_inline 时报错
00207  python中读取文件路径失败的原因
00208  如何安装python模块, python模块安装失败的原因以及解决办法
00209  Python文件打包，生成exe应用程序常见的错误
00211  【常见问题】python调用cv2.imshow()显示图像失败（非路径问题）
00213  MAC电脑python中No module named cv2问题
00215  npm install命令出错，报错信息是关于python的
00217  已解决Fatal Python error: init_fs_encoding: failed to get the Python codec of the filesystem encoding
00221  Python安装pdfplumber库报错解决思路
00222  Python使用input输入字符串会报错
00224  Python3安装mysql出错
00225  VSCode安装Python插件ipykernel问题
00226  python3安装pygame出错（输入“pip3 install pygame“,安装pygame模块报错）
00227  python创建数据库时会遇到的错误
00228  关于Pycharm Interpreter报错 Invalid Python SDK/Permission Denied问题解决方案
00229  Python中如何更新pip以及解决超时的问题
00230  Python中的traceback的基本用法（异常处理）
00231  Python（310/64bit）的wordcloud库安装失败后解决方法的心路历程
00232  pycharm可以创建新项目，但无法创建python文件
00235  python 导入同级目录文件夹下的文件时报错
00236  Python打包exe后报错：Failed to execute script xxxx问题的解决办法
00237  python matplot.pyplot 中文显示错误、乱码问题
00240  运行出错：ImportError: cannot import name ‘get_config‘ from ‘tensorflow.python.eager.context‘ (C:\Program
00241  python画图为什么运行不出来_解决python中使用plot画图,图不显示的问题，详细讲解
00242  python安装包时出现的一些问题及解决方法
00243  完美解决python安装的pip命令无法使用问题。
00244  重装python3.7后，使用pip,发生错误：name ‘pip‘ is not defined
00245  Python 中报错 “TypeError: ‘list‘ object is not callable”的解决方法
00247  python3版本使用weditor报错，解决方案
00253  关于windows系统py文件闪退问题
00254  解决Python pip官方源安装缓慢、出错
00255  python中from turtle import * 引入turtle库失败的问题
00258  安装fbprophet时遇到错误
00261  安装albumentations报错opencv-python和opencv-python-headless无法安装。待解决
00263  python assertionerror怎么解决,python 错误处理 assert详解
00268  linux import cv2报错
00272  在Pycharm中整理完成opencv-Python问题
00273  解决 python安装matplotlib模块报错问题详细步骤
00274  Python异常及处理方法总结
00275  python错误tensorflow.python.framework.errors_impl.InvalidArgumentError Assign requires shapes of both
00276  python的包导入问题from . import失败，或者import找不到文件
00281  python 安装pandas失败的解决办法
00282  Python: import gdal 出错解决方法
00283  python3.x安装numpy成功，但是import出错
00284  Python关于%matplotlib inline 报错解决办法
00287  python解决requests模块在pyCharm导入失败问题
00288  import torch不出错，但是import torchvision报错：UserWarning: Failed to load image Python extension: Could not
00290  pdf2image报错，pdf2image完整安装
00292  python安装失败了_python安装库安装失败怎么解决
00294  vscode使用Anaconda调试python报错CommandNotFoundError: Your shell has not been properly configured to use
00299  python 解决“ModuleNotFoundError“错误的万能方法
00301  【踩坑记录】python环境已经安装win32api的前提下，仍报DLL load failed while importing win32api的解决方法
00302  Linux安装virtualenvwrapper出错，ERROR: Can not execute `setup.py` since setuptools is not available in th
00303  树莓派导入opencv出错：ImportError: numpy.core.multiarray failed to import
00306  python3.10安装matplotlib错误时
00308  python中penup的意思_python - 我在turtle模块的penup（）函数中出错 - 堆栈内存溢出...
00309  python -m playwright install 安装失败
00310  python导入自己写的模块出错解决方法
00312  win10卸载python不干净导致重新无法安装
00313  Python：pip install requests出错解决及一些问题处理
00315  【Python技能树共建】异常捕获预处理
00316  pyenv安装python版本BUILD FAILED
00317  Jupyter NoteBook 使用时遇到的两个坑以及解决，一创建python3文件报错500 Internal Server Error，二无法连接内核，运行代码一直是[*]状态
00320  彻底解决python库安装慢的问题
00322  python显示安装失败_Win7安装Python失败 提示Setup failed
00323  ImportError: cannot import name ‘get_config‘ from ‘tensorflow.python.eager.context‘ 报错解决
00324  安装python的文字识别库easyocr出现的问题及解决办法
00325  python 之numpy 安装失败解决方法
00326  Anaconda安装pytorch出现错误python版本过高解决方法
00328  解决import torch 报错：Failed to load image Python extension: warn(f“Failed to load image Python extens
00331  解决python中No module named ‘numpy‘问题
00332  Python基础 异常的捕获 异常的处理机制
00335  python 异常 ValueError setting an array element with a sequence
00336  Sublime Text4 配置 Python3 环境、代码提示、编译报错教程
00339  python导入同一目录下的文件夹或者同一目录下的py文件报错
00340  记Python中的while True：pass的错误使用。
00341  python安装包报错：PackagesNotFoundError: The following packages are not available from current channels
00343  python安装常见错误 解决方法
00344  Python输出异常信息（行号）
00346  完美解决：python报错：‘utf-8‘ codec can‘t decode byte 0xa1 in position 56: invalid start byte
00347  python报错：Excel xlsx file； not supported
00349  python3.x安装numpy成功，但是import出错
00352  cmake命令出错：Could NOT find PythonLibs (missing: PYTHON_LIBRARIES PYTHON_INCLUDE_DIRS)
00356  python3.7 安装matplotlib失败问题解决
00357  python配置opencv环境后，读取图片，报错：can‘t open/read file: check file path/integrity
00362  学习python在anaconda安装中failed to create menus错误解决方法
00364  成功解决ImportError: cannot import name ‘adam‘ from ‘tensorflow.python.keras.optimizers‘
00365  【pyecharts】python pyecharts画图时数据无法显示
00366  python安装paramiko库提示error:can‘t find Rust compiler
00368  python3异常打印异常信息_python3 异常及获取异常信息
00370  python pip安装错误_python——pip安装运行报错及解决
00372  Python读取中文文件名和含有中文字符出错/乱码解决
00374  python如何处理异常，让程序不结束继续运行？
00375  ESP32-C3入门教程 问题篇⑤——Installing Python virtual environment for ESP-IDF...报错
00383  Python出错：TypeError: coercing to Unicode: need string or buffer, NoneType found
00384  Python 依赖包安装很慢、安装失败等问题解决办法，快速安装Python依赖包？ 解决方法：更改Python-pip安装源并配置 、whl文件安装
00386  python open()函数打开文件出错
00387  python出错：local variable XXX referenced before assignment
00389  python进行安装第三方库（以及解决导入库出错的问题）
00390  pycharm通过conda安装各种包（opencv）出错的解决办法
00391  import torch不报错但是import torchvision报错:UserWarning:Faild to load image Python extension:Could not解决二
00393  解决python安装依赖包出现 Microsoft Visual C++ 14.0 or greater is required问题
00401  python安装之未指定的错误
00402  python安装matplotlib库三种失败情况
00403  python打包成exe文件出错
00404  xShell运行Python脚本报错 Python script error 80040154
00405  python提示unmatched_Python自动化学习--异常提示
00407  pip安装textattack报错subprocess-exited-with-error
00408  python模块已安装为什么导入出错_Python导入模块时遇到的错误分析
00409  解决 conda 环境中调用 python 失败的问题
00410  Windows10+python3.7安装mysql-python出错
00411  anaconda报错【-bash: /root/anaconda3/bin/python:bad interpreter: Invalid argument】
00413  python打包总出错,解决Pyinstaller打包软件失败的一个坑
00414  python编译出错：Could not build the ssl module! Python requires an OpenSSL 1.0.1
00417  用Python下载you-get报错解决方案
00418  python虚拟环境迁移，pycharm识别python版本出错
00419  python import settings报错的解决
00420  调试代码错误1:legacy-install-failure、subprocess-exited-with-error
00421  解决PyInstaller打包程序exe在win7运行异常问题（OSError: [WinError 87] 参数错误、Error loading Python DLL python39.dll等）
00422  Python之完美解决pycharm安装python模块失败，pycharm第三方库在线安装pycharm还是报错——no such option: --build-dir｜CSDN创作打卡
00423  更新pip包时报错（ “Python‘ setup.py egg_info“ failed with error code 1）记录
00424  运行npm install报错|缺少python环境解决办法
00426  python 插入mysql数据库字符串中含有单引号或双引号报错解决方案
00427  Python, PyCharm: PyCharm调试无法停在错误位置
00429  python中 FPDF error:Not a PNG file :‘1.png‘
00431  python自定义模块导入失败_python导入自定义模块失败怎么解决
00434  解决python安装后cmd报错Fatal Python error: Py_Initialize: unable to load the file system codec
00438  python解密工具Ciphey运行出现UnicodeDecodeError:illegal multibyte sequence报错问题
00442  解决方法：anaconda中python版本过高导致opencv安装失败~
00445  解决：AttributeError: module ‘tensorflow‘ has no attribute ‘python_io‘
00446  python一直报缩进错误_python中常见错误及解决方法
00448  python open找不到文件的原因_浅谈python 调用open()打开文件时路径出错的原因
00450  Python pip install安装包时报错的解决办法
00452  python中eval报错_python脚本中使用eval()，运行报错的解决方法
00455  Python列表到dataframe – AssertionError
00456  python import random 报错_导致python中import错误的原因是什么
00460  python读取串口数据serial.serial出错_python用pyserial读取串口问题解决
00465  有关python引用win32api出错的解决办法
00466  python pip命令无法运行,Windows下python和pip命令无法使用的解决方法
00467  【问题解决】cannot import name ‘get_config‘ from ‘tensorflow.python.eager.context‘
00469  Python3.8.1安装Tensorflow问题
00470  在cmd中使用python3指令打开.py文件无响应，也没有报错的问题
00471  python 安装库报错 ERROR: Exception: Traceback (most recent call last)
00473  python3安装wordcloud库出错及其解决办法（使用命令行安装）
00476  python更新包列表出错_解决pycharm无法获取安装包文件列表
00477  plotly 安装解决关于python:pip install plotly 失败问题
00480  Ubuntu下安装Pygame出错及其解决方案
00481  第10次博文：一招方法教你解决import requests 导入报错（出错）问题，秒解决！
00484  python目录名称无效_python目录名错误怎么解决？这几种方案才是你需要学会的
00485  Python 多进程的进程池pool运行时报错：ValueError: Pool not running
00491  Python导出为exe程序（安装pyinstaller出错解决办法）
00494  神奇的python(五)之python强制退出报错(异常)解决方法
00495  在python中的try语句_python的错误处理——try语句
00496  anaconda新建python3创建代码失败,Jupyter:创建笔记本失败,加载笔记本时出错
00497  安装pycocoapi， pip install “git+https://github.com/cocodataset/cocoapi.git#subdirectory=PythonAPI“出错
00500  【已解决】Python 3.10 使用pdf2docx报错ImportError:cannot import name ‘Iterable‘ from ‘collections‘的解决办法
00508  python程序出现了异常会执行哪个语句,python的“异常”处理——try语句
00509  python 坐标轴的标签无法显示中文
00510  /bin/sh: python: not found 问题的解决
00511  为什么opencv安装成功但import cv2失败
00512  pygame写好程序打包exe出错
00514  vscode import torch出错
00516  pip安装wxpython出错_安装Python - wxPython失败的解决方法
00520  Python浮点型（float）运算出错了怎么办？本文带你全方面解决浮点型
00523  python安装tensorflow后import出错
00524  Python安装pyecharts出错
00528  解决由于卸载出错导致的Python安装报告0x80070643错误问题
00529  Python遇到的坑--ValueError: check_hostname requires server_hostname
00530  Python成功解决IndexError: string index out of range
00531  Python定义类出错——takes no arguments
00533  python异常打印堆栈
00536  Python中出现TypeError: ‘int‘ object is not iterable的解决方法
00538  Python读取中文Excel问题解决
00539  import cv2报错
00540  关于python setup.py install没反应，无法手动安装已经下载的第三方包
00541  Python  ModuleNotFoundError: No module named ‘xlrd‘
00543  python 使用openpyxl模块时报错zipfile.BadZipFile: File is not a zip file的解决方法
00547  pycharm可以运行Python代码但是命令行无法运行
00548  linux版python升级依赖项问题
00549  Python打不开、Python 安装时发生严重错误  “A newer version of the Python launcher is already installed“
00550  python安装pandas模块安装失败解决方案（使用国内镜像）
00552  python---NameError
00555  AttributeError: module ‘tensorflow‘ has no attribute ‘python‘
00559  使用pip安装Cartopy库时，出现报错：Getting requirements to build wheel did not run successfully.
00563  opencv已经安装成功；cmd环境下python可以import cv2 ；但pycharm下会出错
00564  Python卸载时提示发生严重错误！
00565  PyCharm下载包出错
00566  python opencv:ERROR: Could not find a version that satisfies the requirement opencv ERROR:
00568  导入matplotlib中的pyplot模块报错
00569  ModuleNotFoundError: No module named ‘aircv‘
00570  Python读取txt文件，出现：TypeError: ‘_io.TextIOWrapper‘ object is not subscriptable问题解决方案
00571  高版本（3.9版本）python在anaconda安装opencv库及skimage库（scikit_image库）诸多问题解决办法
00572  pycharm检测不到python编译器,完美解决pycharm工具的terminal 不识别python命令问题解决...
00573  python multiprocess 子进程和主进程同时抛出异常时子进程无法退出
00578  pycharm 运行提示：@Error running ‘xx‘: Cannot run program “C:\Python27\python.exe“ (in directory “D:\...)
00579  vs2019 使用c++调用python中numpy，matplotlib等库出错
00582  python3.8，pip安装各自包出错原因
00583  使用cocos studio打包apk报错或者用python打包出错，执行命令出错，返回值：
00584  Python报错ERROR: Command errored out with exit status 1:
00585  python 报错Microsoft Visual C++ 14.0 is required
00586  Python报错：PermissionError: [Errno 13] Permission denied解决方案详解
00587  python 报错继续执行_Python报错不要慌，这三个关键词帮你解决问题！
00588  Python一直报错：SyntaxError: invalid syntax 的原因及解决办法
00589  python 报错：Empty suite
00590  python报错Empty suite
00591  Linux ubuntu 终端运行Python报错
00592  明明已经安装了某个模块，python报错：ImportError: No module named ***
00593  vscode python报错处理
00594  Python报错: ImportError集合
00595  Python报错——SyntaxError: invalid syntax
00596  Python报错'module' object is not callable
00597  python报错：RuntimeError
00598  Python报错：no encoding declared
00599  pycharm/python报错：Traceback (most recent call last): .....
00600  python常见报错及解决方案
00601  使用pip install opencv-python 报错
00602  python报错：unindent does not match any outer indentation level
00603  Python报错: IndentationError: expected an indented block
00604  Python报错SyntaxError: EOL while scanning string literal
00605  Pycharm-Python报错合集（持续更新）
00606  python memoryerror解决办法_解决python报错MemoryError的问题
00607  python报错：unexpected indentation
00608  python报错：ZeroDivisionError: float division by zero
00609  python常见报错以及解决方案（持续更新）
00610  Python报错：AttributeError
00611  Python报错ZeroDivisionError: float division by zero
00612  docker运行python报错
00613  python报错之SyntaxError: invalid syntax
00614  python报错：TypeError: 'int' object is not subscriptable
00615  python报错IndexError: string index out of range
00616  python报错：only size-1 arrays can be converted to Python scalars 解决方案
00617  python报错：expected an indented block
00618  python报错：TypeError: 'type' object is not subscriptable
00619  彻底解决python依赖安装失败的问题
00620  pip install opencv-python报错
00621  linux安装pip install mysql-python 报错mysql_config not found
00622  python 报错  SyntaxError: EOL while scanning string literal 问题原因 解决方案 EOL解释
00623  Python报错：local variable referenced before assignment
00624  python报错：SyntaxError: ‘break‘ outside loop
00625  Python报错： RuntimeError: The current Numpy installation (‘D:\\Develop\\anaconda\\lib\\site-packages\\
00626  Python 报错 Could not find a version that satisfies the requirement (from versions: ) No matching dist
00627  完美解决：python报错：‘utf-8‘ codec can‘t decode byte 0xa1 in position 56: invalid start byte
00628  python3.5 pip安装mysql-python报错解决方法
00629  Python报错： 对象不存在此属性
00630  opencv python 报错
00631  Python报错之TypeError: only size-1 arrays can be converted to Python scalars
00632  Python报错：‘str‘ object is not callable
00633  python 报错“xxx is not defined”
00634  python报错io.UnsupportedOperation: not writable
00635  安装了python报错 或者执行 npm install 时报node-sass的各种相关错误 解决办法
00636  Python报错-Microsoft Visual C++ 14.0 is required
00637  Python报错:No module named XX 的解决方法
00638  Python报错ZeroDivisionError: float division by zero
00639  Python报错: ValueError: not enough values to unpack expected 3, got 2
00640  Visual Studio Code 运行Python报错 Timed Out Waiting For Launcher To Connect
00641  python安装报错_python安装失败报错
00642  python报错：TypeError: ‘NoneType‘ object is not subscriptable
00643  解决Sublime Text运行Python报错：Python was not found but can be installed from the Microsoft Store:http:..
00644  python 报错：unexpected indent
00645  已解决（Python报错）ModuleNotFoundError: No module named…
00646  Python报错 AttributeError: ‘NoneType‘ object has no attribute ‘split
00647  运行Python报错ModuleNotFoundError: No module named ‘requests’
00648  Python报错not all arguments converted during string formatting
00649  python报错输出到日志_Python打印详细报错日志，获取报错信息位置行数
00650  超全面python常见报错以及解决方案梳理必收藏
00651  解决python报错 unicode error 'utf-8'
00652  Python报错ModuleNotFoundError: No module named 'numpy'
00653  Python报错：UnicodeDecodeError | 解决pycharm控制台乱码 | 修改pycharm编码方式 | 乱码分类图
00654  【python报错】ImportError: No module named fake_useragent
00655  Python报错：TypeError: only size-1 arrays can be converted to Python scalars
00656  Python 3 安装 MySQL-Python 报错: No module named 'ConfigParser'
00657  python 报错：NameError: name ‘null’ is not defined
00658  运行python报错ImportError: dlopen: cannot load any more object with static TLS
00659  解决python报错TypeError: ‘bool‘ object is not subscriptable
00660  Python注释符报错
00661  python | 报错函数 | try except | raise
00662  python报错跳过继续执行_python如何设置报错跳过
00663  vscode 中python 报错
00664  python报错: xxx takes 1 positional argument but 2 were given
00665  Pycharm中使用Python报错问题汇总
00666  Python 报错TypeError: expected string or bytes-like object
00667  Python 报错TypeError: write() argument must be str, not bytes
00668  python3 导入collections 报错
00669  python报错distutils.errors.DistutilsError（记一次项目部署问题）
00670  /usr/bin/env python报错， cv2.dnn.nms报错
00671  python运行报错 KeyError: “[‘year’] not in index”
00672  全网最值得收藏的Python常见报错及其解决方案，再也不用担心遇到BUG了！
00673  解决python报错：‘tuple‘ object does not support item assignment
00674  python 怎么报错后再次启动?
00675  python报错后继续执行之前的代码_python异常报错处理
00676  labview 2020 (2018)调用python报错1663、1662、1661
00677  [python报错]：OMP: Error #15: Initializing libiomp5md.dll, but found libiomp5md.dll alread
00678  Python打印异常报错信息
00679  flask，登录路由地址浏览器报错404 Not Found，python报错 WARNING: Use a production WSGI server instead.
00680  python 报错：object too deep for desired array。
00681  Python报错：json格式错误
00682  Python 常见报错类型
00683  python 报错 TypeError: ‘NoneType‘ object is not subscriptable 解决方案
00684  Mac环境下Jenkins部署Python报错 - ModuleNotFoundError: No module named ‘selenium‘ (已完美解决)
00685  Python报错-bash: pip: command not found
00686  Python报错-TypeError: only integer scalar arrays can be converted to a scalar index的处理方法
00687  python报错:ValueError: invalid literal for int() with base 16: ‘ ‘
00688  pycharm上安装MySQLdb-Python 报错解决方案
00689  Python报错：IndentationError: unexpected indent问题的解决办法及原因
00690  成功解决Python报错： OSError: [Errno 22] Invalid argument
00691  Python报错集合篇9-SyntaxError: positional argument follows keyword argument
00692  python报错——TypeError: Cannot create a consistent method resolution
00693  python报错：‘NoneType‘ object has no attribute ‘group‘
00694  【python报错】‘float‘ object has no attribute ‘log‘  / loop of ufunc does not support argument 0 of type
00695  PYTHON脚本报错退出一闪而过的解决方案
00696  Python 报错：AttributeError:'NoneType' object has no attribute 'decode'  解决方式
00697  python文件路径报错
00698  python报错invalid character in identifier
00700  Python报错：ModuleNotFoundError: No module named ‘cv2‘
00701  Python打印详细报错日志，获取报错信息位置行数
00702  Python next() StopIteration报错原因
00703  解决python报错RuntimeError: lost sys.stdout
00704  Python3.7解决报错：'NoneType' object has no attribute 'decode'的办法
00705  python报错：SyntaxError: encoding problem: utf8
00706  python中import包报错解决方法
00707  Python报错：OSError: cannot open resource
00708  关于安装Anaconda后windows下cmd输入python报错
00709  python 报错TypeError: unhashable type: ‘list‘解决方案及原因
00710  Python常见十大报错及解决方法
00711  Grasshopper GHPython 报错： Solution exception:找不到方法: “Void Microsoft.Scripting.Utils
00712  python 报错 ImportError: No module named setuptools
00713  python报错：cannot import name ‘PDFDocument‘ from ‘pdfminer.pdfparser‘ 解决方法
00714  【Python】代码格式中报错：Unexpected indent
00715  Python之同级文件夹导包问题
00717  python小白如何看报错？实用三步法
00718  python写入文件报错解决方法
00719  python文件在cmd中运行报错
00720  Python-遇到异常报错忽略继续运行方法
00721  python多线程出错,程序直接结束,没有继续执行
00722  python报错invalid character in identifier
00723  Python 防止报错停止运行try
00724  python常见报错
00725  Python报错 python unhashable type
00726  python 报错：ValueError: I/O operation on closed file
00727  python报错: Python.h: 没有那个文件或目录
00728  解决Python报错：local variable 'a' referenced before assignment
00729  Python报错： Using TensorFlow backend
00730  python报错问题—— xxx takes 1 positional argument but 2 were given
00731  神奇的python(五)之python强制退出报错(异常)解决方法
00732  已解决（Python语法报错）SyntaxError invalid syntax
00733  IndexError: list index out of range--Python报错原因及解决办法
00734  Python报错：'unicodeescape' codec can't decode bytes in position 2-3: truncated \UXXXXXXXX escape
00735  安装Python报错could not write value to key.....
00736  Python报错：RecursionError: maximum recursion depth exceeded in comparison
00737  pymysql 写入数据库表报错 1366
00738  Python 报错 TypeError: 'type' object is not subscriptable
00739  python运行报错 import imp
00740  python报错Ran out of input
00741  【经验】python运行报错ModuleNotFoundError: No module named XXX
00742  Python 报错 | 导入celery模块报错
00743  python报错“append（)takes no keyword arguments“解决方案
00745  Python turtle报错
00746  Python运行报错most recent call last
00747  python报错1-'int' object is not iterable（'int'对象不可迭代）
00748  Python报错：SyntaxError: unexpected EOF while parsing
00749  python 空格报错
00750  python报错MemoryError
00751  Python 输出中文报错问题
00752  python 出错后重新运行_python出错后重新启动
00753  opencv-python的安装报错及处理
00754  Python报错：找不到yaml包
00755  python执行脚本报错进行弹窗提示
00756  Python报错：PermissionError: [Errno 13] Permission denied 解决方案详解
00757  python pip报错解决
00758  python打印报错信息_python打印当前文件错误行的简单示例
00759  python3报错：IndentationError: expected an indented block
00760  python程序报错：expected indent
00761  Python快速解决相对导包报错
00762  Python 运行报错 ModuleNotFoundError: No module named 'requests'
00763  Python3 报错TypeError: string indices must be integers
00764  python 报错 ModuleNotFoundError: No module named 'MySQLdb'
00765  python    报错 IndentationError: unexpected unindent
00766  Python爬虫报错requests.exceptions.ConnectionError: (‘Connection aborted.‘, BadStatusLine(“‘‘“,))
00767  c++ 调用python错误总结
00768  Python报错segmentation fault
00769  Python关于None的报错：'NoneType' object is not iterable和cannot unpack non-iterable NoneType object
00770  csv文件python读取报错编码错误问题终极完美解决
00771  python报错RuntimeWarning: invalid value encountered in true_divide
00772  Python报错：ConnectionRefusedError: [WinError 10061] 由于目标计算机积极拒绝，无法连接。
00773  Python中KeyError: 的解决方法
00774  npm install Python报错
00775  【Python】报错：SyntaxError: unexpected character after line continuation character
00776  安装opencv-python时候报错
00777  【无标题】python安装openpyxl报错
00778  【错误记录】Mac 中 IntelliJ IDEA 运行 Python 程序报错 ( “Python“ 因为出现问题而无法打开 )
00779  python安装包报错：PackagesNotFoundError: The following packages are not available from current channels
00780  关于linux下python 报错：‘ImportError: No module named’  的问题
00781  Python报错ValueError: Unknown projection '3d'
00782  python requests请求报错
00783  vscode运行python报错
00784  Python报错：Python was not found； run without arguments to install from the Microsoft Store, or disable
00785  Python报错TypeError: data type not understood
00786  python报错object supporting the buffer API required
00787  python报错：[9880] failed to execute script
00788  python发生未知错误自动重启程序
00789  python安装opencv报错解决
00790  Python报错TypeError: Tuple or struct_time argument required
00791  python dataframe 报错 invalid type comparison
00792  python报错：Python 2.7 will reach the end of its life on January 1st, 2020.
00793  python报错：IndentationError: unexpected indent
00794  thrift+python 报错Invalid method name
00795  解决python2安装MySQL-python模块报错
00796  Python报错——object of type ‘NoneType‘ has no len()
00797  python报错：selenium.common.exceptions.ElementClickInterceptedException
00798  Python报错：找不到PIL包
00799  for in 循环在python3.3使用报错处理
00800  python报错：TypeError: 'int' object is not subscriptable的几种常见情况及解决办法
00801  解决Python中文注释报错
00802  python print输出字符串报错
00803  python3.9版本卸载报错的解决办法
00804  Python——跳过异常报错并按要求继续执行
00805  解决Python报错ImportError: cannot import name imresize
00806  终端运行python报错TypeError: Can't mix strings and bytes in path components
00807  python报错：ModuleNotFoundError: No module named ‘werkzeug.wrappers.json‘
00808  python内容打印错误
00809  解决python报错IndentationError: expected an indented block的方法
00810  python中nameerror怎么处理_Python 运行报错NameError出现原因，怎么解决
00811  python 报错：ModuleNotFoundError: No module named ‘openpyxl‘，安装openpyxl后还是报错解决方法。
00812  python报错2-type object 'datetime.datetime' has no attribute 'datetime'
00813  【Python报错】MemoryError
00814  关于安装node-sass报错Python问题
00815  python 循环中报错 继续运行_Python之 while循环/break退出循环/ continue继续循环/多重循环...
00816  Python推送kafka syntax数据报错信息
00817  python报错“cannot import name ft2font”
00818  python中有中文报错
00819  Python项目运行open()函数报错
00820  python 忽略错误_python如何忽略异常
00821  centos下运行python文件报错
00822  python pip安装错误_python——pip安装运行报错及解决
00823  Python堆栈报错偏移
00824  python中import报错_pip python的包成功，但是import的时候报错
00825  pycharm安装mysql-python报错
00826  python报错出现 KeyError: 'longitude'
00827  Undefined variable: print  python报错解决办法
00828  java调用python程序问题汇总：java如何调用python程序；Java调用Python脚本无法得到运行结果；用cmd打开Python；cmd运行Python文件报错
00829  python3执行except Exception, e报错
00830  Python报错"undefined variable from import:"
00831  python 报错：‘yield‘ outside of function
00832  Python报错TypeError: expected string or bytes-like object
00833  python报错：Can‘t find a default Python.
00834  Python中将异常写入日志文件
00835  pip install opencv-python时报错，解决方法如下
00836  Python卸载报错：No Python 3.8 installation was detected
00837  Python中文注释报错和中文输出乱码
00838  VS2015 下python编程，报错：‘utf-8‘ codec can‘t decode byte，解决办法?
00839  解决python安装后cmd报错Fatal Python error: Py_Initialize: unable to load the file system codec
00840  Python报错：No module named 'matplotlib.externals'  解决方法
00841  Python报错-AttributeError: module ‘librosa‘ has no attribute ‘output‘
00842  Python 报错SyntaxError: invalid character in identifier
00843  解决python networkx 报错 Network error: random_state_index is incorrect
00844  python报错invalid character_python提示Syntax Error报错解决教程
00845  python报错：NameError: name ‘a‘ is not defined
00846  python打开文件报错:Invalid argument
00847  python报错：ordinal not in range(128)解决方案
00848  python报错 ModuleNotFoundError: No module named 'win32api'
00849  Python判断异常的错误
00850  python报错 ImportError: No module named yaml
00851  vscode python flake8 报错怎么办
00852  Python安装报错
00853  Python安装报错：0x80070641-无法访问Windows Installer服务
00854  【错误记录】PyCharm 运行 Python 程序报错 ( PEP 8: W292 no newline at end of file )
00855  Ubuntu安装python报错 无法定位软件包python-XXX
00856  python报错 ImportError: cannot import name ‘SKIP_ADMIN_LOG‘ from ‘import_export.admin‘
00857  python如何在报错后继续运行_Python，如何在异常发生后继续运行程序
00858  python安装selenium报错_新手用Python运行selenium的常见问题
00859  python 报错 too many values to unpack (expected 3) 的解决方案
00860  python报错：math domain error
00861  python报错：TypeError: ‘module‘ object is not callable的解决方法
00862  xml文件中有中文时，使用python报错的解决方案
00863  windows2012R2安装python3.x版本报错0x80240017
00864  python运行谷歌浏览器，报错
00865  assert：python断言报错语句
00866  python报错：index 1 is out of bounds for axis 0 with size 1
00867  python使用end报错
00868  vscode使用Anaconda调试python报错CommandNotFoundError: Your shell has not been properly configured to use
00869  解决python打包的exe程序运行报错闪退不留痕迹问题
00870  python 引用文件中的类 报错_解决python中import文件夹下面py文件报错问题
00871  Python报错：TypeError: 'function' object is not subscriptable
00872  Python报错: Unhandled exception in thread started by Error in sys.excepthook
00873  运行python代码，报错 “segmentation fault”
00874  python报错：ModuleNotFoundError: No module named 'selenium'
00875  【python】报错SyntaxError: invalid character in identifier的原因分析
00876  Python报错:  No module named 'lxml'
00877  python用tkinter模块返回报错
00878  windows下python报错：Microsoft Visual C++ 9.0 is required
00879  已解决（Python安装报错）Visit python.org to download an earlier version of Python.
00880  Python中遇到报错：SyntaxError: (unicode error) ‘unicodeescape‘ codec can‘t decode bytes in position 2-3: t
00881  Pycharm运行python 报错please select a valid interpreter
00882  安装库时Python报错：module 'pip' has no attribute 'main'问题详解
00883  Python 技巧篇-如何避免python报错导致强制关闭窗口
00884  Python报错解答——TypeError: cannot unpack non-iterable int object
00885  Python 运行报错 Error：‘int‘ object is not callable 解决方法
00886  Python报错module 'scipy.misc' has no attribute 'imresize'
00887  真正永久解决在cmd输入python命令行出现Warning问题
00888  Python 报错jpype._jvmfinder.JVMNotSupportedException: JVM mismatch, python is 32 bit and JVM is 64 bit
00889  python用cmd运行报错，但pycharm不报错
00890  python3.8报错NameError: name ‘long‘ is not defined
00891  python报错TabError: Inconsistent use of tabs and spaces in indentation
00892  Python报错：'dict' object has no attribute 'iteritems'（机器学习实战kNN代码）解决方案
00893  python报错OSError: [Errno 22] Invalid argument
00895  pip install mysql_python报错终极解决办法。
00896  python报错invalid character_Python之编程思维之如何解决代码报错
00897  [Python]同一目录下导入不同文件IDE报错却能正常执行的问题
00898  python 报错 **AttributeError: module 'string' has no attribute 'letters'** 的解决方法。
00899  python报错Connection to Python debugger failed Socket closed
00900  npm i 报错以及python安装卡住的解决方法
00901  brew link python3出错
00902  ROS安装报错 sudo: rosdep：找不到命令
00903  Python报错module 'scipy.misc' has no attribute 'imsave'
00904  Ubuntu中通过launch文件运行python报错
00905  python 报错TypeError: ‘int‘ object is not iterable解决方案及原因
00906  python报错之解决 No module named win32com.client
00907  Python安装pycrypto报错
00908  已安装Anaconda情况下，命令行pip,python报错（详细 已解决）
00909  mac安装mysql-python报错历程
00910  Python已经pip安装某模块后仍然报错ImportError: No module named ***
00911  Python使用中遇到的报错与解决思路--持续更新
00912  python错误之NameError
00913  python 报错 No module named Crypto.Cipher
00914  Python脚本报错AttributeError: ‘module’ object has no attribute’xxx’解决方法
00915  python No module named 'encodings'报错
00916  python报错：No matching distribution found for yaml
00917  CMD安装python库报错
00918  python中import requests报错：No module named ‘requests’
00919  Python报错"utf-8' codec can't decode byte 0xb0 in position 0: invalid start byte"
00920  pyCharm中pythonConsole报错，解决方法
00921  window下python运行错误提示api-ms-win-crt-runtime-l1-1-0.dll 丢失
00922  python脚本报错问题解决: tSocket read 0 Bytes
00923  python报错 [] “not found in axis“ or “not found in column“
00924  pycharm运行Python报错如No module named BeautifulSoup
00925  【错误记录】PyCharm 运行 Python 程序报错 ( PEP 8: E305 expected 2 blank lines after class or function definiti )
00926  python安装Pillow模块报错解决办法
00927  python报错：fails to pass a sanity check due to a bug in the windows runtime
00928  Python报错ERROR: Command errored out with exit status 1: 解决方法：
00929  【错误记录】Mac 中 IntelliJ IDEA 运行 Python 程序报错 ( End of statement expected )
00930  Python——报错解决：SyntaxError: positional argument follows keyword argument
00931  Python3.5.1 报错 ImportError: cannot import name 'Type'
00932  win10 Python3.8安装opencv库（pip安装）以及几种报错解决方案
00933  Labview调用Python error1671
00934  Windows定时执行python任务可能出错的情况
00935  python 导入 requests报错
00936  python报错TypeError: invalid type comparison
00937  Python中open()函数打开文件路径报错问题
00938  pycharm运行python报错  CreateProcess error=2, 系统找不到指定的文件
00939  Python报错：关于import torch报错问题的解决
00940  python安装tensorflow报错_TensorFlow 安装报错的解决办法
00941  Python 报错 No module named 'Image'
00942  Python报错集合篇7-KeyError: 1
00943  Python 报错 SyntaxError: invalid syntax 解决方法
00944  python报错TypeError: must be str, not int
00945  opencv python imshow报错
00946  关于Python包导入报错的总结
00947  解决python安装selenium报错问题ImportError: No module named 'selenium'
00948  python报错TypeError:can‘t convert complex to float
00949  第一次使用python、appium运行移动自动化遇到的报错
00950  python命令行运行时，报错ModuleNotFoundError: No module named ‘XXX‘，找不到自定义模块
00951  解决vscode 运行python代码输出中文报错
00952  python相关报错及解决方案
00953  Python错误:TypeError: string indices must be integers
00954  python报错ModuleNotFoundError: No module named 'tensorflow.nn'
00955  使用fiddler抓包工具时 Python requests 报错：ValueError: check_hostname requires server_hostname 之解决方案
00956  python报错：ImportError: cannot import name ‘_tf_stack‘ from ‘tensorflow.python‘
00957  python循环出现错误、继续下一个_在Python中遇到错误后继续循环
00958  Python中的各种报错
00959  【python】报错：ImportError: DLL load failed: 找不到指定的模块 的详细解决办法
00960  python报错IndentationError: unexpected indent
00961  opencv-python——一些常见的报错（持续更新中）
00962  解决python报错ImportError: No module named '_tkinter'
00963  Python报错 from . import _imaging as core
00964  Python报错TypeError: 'str' object is not callable
00965  python程序没有报错但是运行没有任何结果怎么办？
00966  Python加载数据入库SqlServer报错问题总结（持续更新，欢迎补充）
00967  Python requests post 请求报错：415 Unsupported Media Type
00968  Python 多进程的进程池pool运行时报错：ValueError: Pool not running
00969  Postman生成Python3编码执行报错的修复方案
00970  python报错AttributeError: 'NoneType' object has no attribute 'group'和正则匹配整数和小数
00971  python报错：ordinal not in range(128)解决方案
00972  python 引入 requests 报错问题
00973  使用 VsCode 调试 Python 报错：ModuleNotFoundError: No module named xxx
00974  Python|包明明存在但是却在运行中报错“No module named XXX”
00975  Python报错：ImportError: Missing optional dependency &#39xlrd&#39.Install xlrd &#62= 1.0.0 for Excel
00976  shell脚本执行python文件报错：ModuleNotFoundError: No module named ‘xxxx‘
00977  python 等号报错_python提示Syntax Error报错解决教程
00978  Python中如何输出完整的报错路径及信息（即Exception Stack）及try--exception说明
00979  VS Code下运行Python程序报错ModuleNotFoundError的解决方案
00980  Python学习常遇到哪些报错？在这里汇总了
00981  【python】python报错IndentationError: unindent does not match any outer indentation level
00982  python 忽略错误,python忽略警告(warning) 错误实现方法
00983  Python报错：ModuleNotFoundError: No module named 'yahoo_finance'
00984  python爬虫报错urllib.error.URLError: urlopen error [Errno 11001] getaddrinfo failed解决办法
00985  python中使用f-string报错SyntaxError: invalid syntax
00986  Python爬虫报错：No module named jsonpath
00987  在cmd输入python时报错：Warning: This Python interpreter is in a conda environment, but the environm
00988  python3 TypeError: 'map' object is not subscriptable
00989  Python----方法返回None值报错 TypeError NoneType object is not callable
00991  python 报错　IndentationError: expected an indented block   SyntaxError: invalid character in identifie
00992  python3.x运行程序报错AttributeError: 'dict' object has no attribute 'iteritems'
00993  Python报错"undefined variable from import..."
00994  python报错 TypeError: sequence item 0: expected str instance, int found
00995  python读取csv报错
00996  python pip 报错KeyError: u'\u98de'处理
00997  pip install mysql-python报错 Failed building wheel for mysql-python
00998  python解密工具Ciphey运行出现UnicodeDecodeError:illegal multibyte sequence报错问题
00999  python合并矩阵报错all the input arrays must have same....和vstack() takes 1 positional arrays....
01000  运行python项目报错：certificate verify failed: self signed certificate in certificate chain (_ssl.c:1108)
01001  Ubuntu18.04下使用pyenv安装python报错：BUILD FAILED (Ubuntu 18.04 using python-build 20180424)
01002  Python连接impala报错：cur=conn.cursor()
01003  python连接hbase出现message='No protocol version header' 报错
01004  Python在Jenkins中运行出错
01005  python爬虫报错 json.decoder.JSONDecodeError: Expecting value: line 1 column 1 (char 0)
01006  python将终端的错误提示打印输出到txt文件
01007  python 报错：not all arguments converted during string formatting
01008  python运行报错：ValueError: need more than 1 value to unpack
01009  python程序不报错但是_python程序没有报错但是运行没有任何结果怎么办？
01010  python报错 AttributeError: ‘bytes’ object has no attribute ‘encode’
01011  npm install 报错 提示python问题
01012  明明已经安装了某个模块，python报错：ImportError: No module named ***
01013  python运行报错：unindent does not match any outer indentation level
01014  Python错误总结：Python读取文件报错
01016  Python报错：TypeError: 'dict_keys' object does not support indexing（机器学习实战treePlotter代码）解决方案
01017  python导入本地模块报错之终极解决方案
01018  win7 64位系统安装Python报错解决
01019  [Termux] 安装python模块包流程及部分报错解决方案
01020  python运行报错RuntimeError: CUDA error: CUBLAS_STATUS_ALLOC_FAILED when calling `cublasCreate(handle)`
01021  python报错IndexError: list index out of range
01022  python 报错 This COM object can not automate the makepy process - please run makepy manually for this
01023  关于python pip 安装提示Microsoft Visual C++ 14.0报错的解决方法
01024  Python报错：IOError: image file is truncatedfrom PIL import ImageFile ImageFile.LOAD_TRUNCATED_IMAGE
01025  2020-10-26 Python运行出现‘Value Error’报错的原因！
01027  python 报错'Series' object has no attribute 'sort'
01028  python异常打印堆栈
01029  jenkins运行报python脚本报错的解决方法
01031  python脚本运行报错问题
01032  Python报错：module 'tensorflow.python.keras.backend' has no attribute 'get_graph'
01033  Python- exe应用程序在Windows Server2012 64位系统运行报错
01034  python requests.get报错_解决Python requests 报错方法集锦
01035  pip安装python包报错的有效解决方法
01036  conda安装环境报错：Solving environment: failed with initial frozen solve
01037  python运行错误-Python 运行报错NameError出现原因，怎么解决
01038  解决PyCharm Python Console报错Error running console的问题
01039  python百宝箱：使用try …… except 时输出报错详情
01040  python-pandas，dataframe报错dataframe type object ‘object‘ has no attribute ‘dtype‘
01041  python报错：TypeError: cant multiply sequence by non-int of type float（bug）（csdn标题没法用英文引号，以后注意别搜引号）
01042  python打印汉字报错_python中文输出报错解决方案（实例教程）
01044  【Python报错解决方案】TypeError: ‘float‘ object is not callable
01045  Python3.7 运行报错import requests  ModuleNotFoundError: No module named ‘requests’
01046  Python安装包时出现的问题及解决方案
01047  Pycharm加载conda创建pytorch虚拟环境 & import torch报错问题解决
01048  Ubuntu中Python程序在shell运行报错
01049  python使用scapy报错Traceback (most recent call last):ImportError: No module named all
01050  Python_报错：ValueError: binary mode doesn't take an encoding argument
01053  jeston_tx2及小觅魔方中使用TensorFlow和opencv-python报错ImportError: cannot allocate memory in static TLS block
01054  python导入模块错误-No module named XXX-图文解决方案
01055  python 错误：KeyError
01056  python报错解决方法：module 'scipy.misc' has no attribute 'imread'
01057  python报错：No such file or directory: '…\\Anaconda3\\lib\\venv\\scripts\\nt\\python.exe
01058  解决python读取文件gbk编码和utf-8编码都报错的问题
01059  关于解决python文件中文注释报错问题
01060  Python导入模块报错问题的分析
01062  明明安装了模块/包，Python提示无包/模块/报错
01063  python连接impala报错
01064  python3 Django 报错RuntimeWarning的解决办法
01065  Python 中selenium模块报错selenium.common.exceptions.WebDriverException: Message: chromedriver
01066  python中报错：SyntaxError: invalid character in identifier
01067  Python报错module 'scipy.misc' has no attribute 'imsave' 或者'imread'
01068  Eclipse创建Python项目报错：“The interpreter configured does not exist in the filesystem:xxxx(python路径) ”
01069  Python 中文注释报错解决方法
01070  【树莓派使用】Python3安装OpenCV2报错问题解决方法
01071  python解决maximum recursion depth exceeded in comparison报错
01072  将Opencv-python导入Pycharm（import cv2报错）
01073  Python的Keyboard Interrupt问题
01075  python爬虫之请求头报错：ValueError: Invalid header name b':authority'
01076  python 调用 ggplot 包时报错 AttributeError: 'DataFrame' object has no attribute 'sort'  的解决方法
01077  python报错问题，TypeError: _locateAll_python() got an unexpected keyword argument 'confidence
01078  python爬虫 报错UnicodeDecodeError: 'utf-8' codec can't decode byte 0xb5 in position 150: invalid start b
01079  python导入csv报错_Python 导入csv报错的解决办法
01080  python中使用input函数报错
01081  Python  TypeError: not all arguments converted during string formatting 报错
01082  【python】python打包后运行exe报错：LookupError: unknown encoding: utf-8
01083  pycharm执行python脚本，报错空测试套件的解决办法
01084  Linux运行Python报错ImportError: No module named cv2
01085  java调用python，引入第三方包报错no module  named
01086  Python读取xls|xlsx文件报错：raise XLRDError(FILE_FORMAT_DESCRIPTIONS[file_format]+‘； not supported‘)
01087  python 中文注释报错
01088  已解决（Python键盘中断报错问题） KeyboardInterrupt
01089  Python2.7安装MySQL-python错误方法解决
01090  python报错PyUnicodeUCS2_AsUTF8String或者PyUnicodeUCS4_AsUTF8String的问题
01092  npm install 运行报错 “ Can‘t find Python executable “python“, you can set the PYTHON env variable.”
01093  TypeError: argument of type ‘float‘ is not iterable报错的解决方法
01094  已解决（Pycharm切换Python版本后报错）No Python at”C:Program FiLesPython39pythen.exe‘
01095  Python+OpenCV3人脸识别项目中的常见报错（已解决）
01096  centos7中python3.6报错ModuleNotFoundError: No module named '_ssl'
01097  TypeError: unhashable type: ‘dict‘原因
01098  Windows使用pip安装MySQL-python报错fatal error C1083: Cannot open include file: 'config-win.h'
01099  python的torch_Pycharm中import torch报错的快速解决方法
01100  运行python报错，Warning! ***HDF5 library version mismatched error***
01101  python中出现SyntaxError: ‘break‘ outside loop的原因
01102  【Python】——IndexError: list index out of range报错
01103  python之解决找不到模块问题
01104  解决ROS运行python程序报错：ModuleNotFoundError: No module named ‘rospkg‘成功解决方案
01105  已解决（Python3中pip无法安装urllib报错问题）No matching distribution found for urllib
01106  Python使用pip安装报错ModuleNotFoundError: No module named ‘pip._internal.cli.main‘的解决方法
01107  【Python】报错：TypeError: ‘NoneType‘ object is not callable问题解决
01108  python程序在命令行执行提示ModuleNotFoundError: No module named ‘XXX‘ 解决方法
01109  解决vscode调试python turtle库, 报错"Module 'turtle' has no 'penup' member: no-member"却可以运行的问题
01110  DL |  python报错：ImportError: No module named '_pywrap_tensorflow_internal'
01111  python3 At least one sheet must be visible报错的解决办法
01112  Windows环境下使用Python设计应用软件——【4】使用pycharm运行程序时异常但是没有报错信息
01113  windows10安装python出现错误2502/2503解决方法
01114  【Python报错解决方案】TypeError: Cannot compare types ‘ndarray(dtype=int64)‘ and ‘int64‘
01115  python打开一个不存在的文件报错_Python打开文件报错怎么办
01116  python 相对路径报错
01117  PyCharm:ModuleNotFoundError: No module named 'selenium'
01118  Python: pymysql报错ModuleNotFoundError: No module named 'pymysql'
01119  关于ImportError: No module named ‘tensorflow‘报错的解决
01120  Python使用input输入字符串会报错
01121  ubuntu下virtualenv虚拟环境里python报错ImportError: No module named matplotlib.pyplot解决方案
01122  【报错】python  KeyError: 2
01123  python2脚本python3运行常见报错
01125  Python及pip安装与报错处理【pip永久换源】
01126  python爬虫学习记录之报错及解决方案
01127  Python Selenium 报错 ImportError: sys.meta_path is None, Python is likely shutting down 解决办法
01128  mac安装MySQL-python报错:EnvironmentError: mysql_config not found
01129  Python 之 Module Not Found Error: No module named 'openpyxl'
01130  Python程序报错：missing 1 required positional argument: 'self'
01131  【报错记录】Python文件读取时报错FileNotFoundError: [Errno 2] No such file or directory: ‘xxx‘
01132  Python post 报错Unsupported Media Type
01133  python 使用numpy时 报错
01134  python导入requests报错_import requests报错
01135  python读取文件报错：‘utf-8‘ 或“gbk” codec can‘t decode byte 0xbe in position 627: invalid start byte
01136  已解决（Python最新xlrd库读取xlsx报错）SyntaxError: invalid syntax
01137  python appium运行时没有报错，但是提示:ResourceWarning unclosed
01138  python代码本地运行不报错，上传服务器后报错？？？
01139  Python报错：IndentationError: unindent does not match any outer indentation level解决办法
01140  python 更新pip报错 解决方法大全
01141  python3报错“AttributeError: 'set' object has no attribute 'items'“
01142  windows下Python无法正常启动的问题
01143  Python提示object is not subscriptable的错误
01144  【已解决】VS code 编写python 用turtle画图 报错 Module 'turtle' has no 'fd' member 等问题
01145  ubuntu下virtualenv虚拟环境里python报错ImportError: No module named matplotlib.pyplot解决方案
01146  Python3.6  etree  报错解决
01147  python中出现' 'int' object is not callable'的错误
01148  python安装yaml ,提示错误
01149  python pip install报错
01150  关于python项目，引用本地py报错
01151  burpsuite加载Python扩展插件报错no module named XXX.
01152  pycharm 切换 python3.9 报错 ‘HTMLParser‘ object has no attribute ‘unescape‘ 解决
01153  python  pip安装报错问题汇总
01154  Python 的 libpng warning: iCCP: cHRM chunk does not match sRGB 报错处理
01155  python scrapy运行报错解决
01156  xShell运行Python脚本报错 Python script error 80040154
01158  python3 引入requests报错ImportError的处理方案
01159  opencv-python 报错：module 'cv2.cv2' has no attribute 'xfeatures2d_SURF
01160  【报错解决办法】module ‘cv2.cv2‘ has no attribute ‘xfeatures2d‘
01161  Python-pandas Passing list-likes to .loc or [] with any missing labels is no longer supported错误的解决
01162  python ltp模块安装报错
01164  python中文注释报错
01165  解决python中NameError: name  os  is not defined
01166  Python报错：SyntaxError: Non-ASCII character '\xe5' in file 1.py on line 6, but no encoding declared...
01167  python报错：AttributeError: module 'pdb' has no attribute 'set_trace'
01168  运行python脚本，Appium报错“URLError：10061-由于目标计算机积极拒绝，无法连接”解决方案
01169  python中eval报错_python脚本中使用eval()，运行报错的解决方法
01170  Repo下载以及Repo init报错解决
01171  python opencv ImportError: libGL.so.1: cannot open shared object file: No such file or directory
01172  Python中安装pillow一直报错解决
01173  python中文注释报错问题
01174  Python中报错提示TypeError: ‘function‘ object is not subscriptable
01175  python subprocess命令行调用py文件 报错EOFError: EOF when reading a line （已解决）
01176  python:中文输出报错UnicodeEncodeError
01177  pyenv安装python版本BUILD FAILED
01179  python中为什么加上中文注释就会报错
01180  Python RocketMQ 报错及其解决方法
01181  Python + Appium 出现Method has not yet been implemented 报错解决办法
01182  VScode安装platformio运行报错
01183  python concat时报错‘InvalidIndexError: Reindexing only valid with uniquely valued Index objects’
01184  python报错：pywintypes.com_error: (-2147221005，，None,none)
01185  python memoryerror解决办法_解决python报错MemoryError的问题
01186  python报错：unindent does not match any outer indentation level
01187  Python报错'module' object is not callable
01188  python报错io.UnsupportedOperation: not writable
01189  opencv python 报错
01190  全网最值得收藏的Python常见报错及其解决方案，再也不用担心遇到BUG了！
01191  python常见报错类型_学习Python函数时常见的报错类型
01192  Python报错-Microsoft Visual C++ 14.0 is required
01193  安装了python报错 或者执行 npm install 时报node-sass的各种相关错误 解决办法
01194  使用pip install opencv-python 报错
01195  Python报错: ImportError集合
01196  python报错：RuntimeError
01197  Pycharm-Python报错合集（持续更新）
01198  docker运行python报错
01199  Python报错：local variable referenced before assignment
01200  python报错IndexError: string index out of range
01201  python报错：TypeError: ‘NoneType‘ object is not subscriptable
01202  Linux ubuntu 终端运行Python报错
01203  Python报错：no encoding declared
01204  Python报错——SyntaxError: invalid syntax
01205  Python报错SyntaxError: EOL while scanning string literal
01206  python报错：SyntaxError: ‘break‘ outside loop
01207  python报错：expected an indented block
01208  vscode python报错处理
01209  python报错Empty suite
01210  python报错：unexpected indentation
01211  Python报错： 对象不存在此属性
01212  python报错：ZeroDivisionError: float division by zero
01213  python 报错：Empty suite
01214  python常见的错误提示处理
01215  Python 遇到的报错及解决办法
01216  Python报错 AttributeError: ‘NoneType‘ object has no attribute ‘split
01217  解决python报错TypeError: ‘bool‘ object is not subscriptable
01218  python运行报错问题集
01219  python的常见报错信息
01220  运行python报错ImportError: dlopen: cannot load any more object with static TLS
01221  已解决（Python报错）ModuleNotFoundError: No module named…
01222  python常见的一些报错类型
01223  Python中如何处理常见的报错
01224  完美解决：python报错：‘utf-8‘ codec can‘t decode byte 0xa1 in position 56: invalid start byte
01225  python报错之SyntaxError: invalid syntax
01226  Python编程报错错误总结
01227  Python报错：json格式错误
01228  python 报错Microsoft Visual C++ 14.0 is required
01229  Python报错：TypeError: only size-1 arrays can be converted to Python scalars
01230  python安装报错_python安装失败报错
01231  Visual Studio Code 运行Python报错 Timed Out Waiting For Launcher To Connect
01232  pip install opencv-python报错
01233  flask，登录路由地址浏览器报错404 Not Found，python报错 WARNING: Use a production WSGI server instead.
01234  Python报错: IndentationError: expected an indented block
01235  解决Sublime Text运行Python报错：Python was not found but can be installed from the Microsoft Store:http:..
01236  linux安装pip install mysql-python 报错mysql_config not found
01237  【python报错】ImportError: No module named fake_useragent
01238  python常见报错以及解决方案（持续更新）
01239  Python注释符报错
01240  python报错：only size-1 arrays can be converted to Python scalars 解决方案
01241  /usr/bin/env python报错， cv2.dnn.nms报错
01242  Python报错not all arguments converted during string formatting
01243  pycharm/python报错：Traceback (most recent call last): .....
01244  Python 报错TypeError: write() argument must be str, not bytes
01245  运行Python报错ModuleNotFoundError: No module named ‘requests’
01246  解决python报错：‘tuple‘ object does not support item assignment
01247  python 报错  SyntaxError: EOL while scanning string literal 问题原因 解决方案 EOL解释
01248  Python报错ZeroDivisionError: float division by zero
01249  python报错:ValueError: invalid literal for int() with base 16: ‘ ‘
01250  labview 2020 (2018)调用python报错1663、1662、1661
01251  python常见报错类型_Python 常见报错类型
01252  常见的python报错_python新手常见的报错提示
01253  Python 报错TypeError: expected string or bytes-like object
01254  vscode 中python 报错
01255  python报错解决方式
01256  python报错怎么看_python中的错误如何查看
01257  python报错：‘NoneType‘ object has no attribute ‘group‘
01258  python 报错“xxx is not defined”
01259  Python需要记住的20个报错提示
01260  python语法报错_Python3之十大经典错误及其解决办法
01261  Python报错: ValueError: not enough values to unpack expected 3, got 2
01262  超全面python常见报错以及解决方案梳理必收藏
01263  python问题解决方案_python-报错和解决方法汇总
01264  python新手常见的报错提示_Python之新手运行时常见的错误
01265  python报错distutils.errors.DistutilsError（记一次项目部署问题）
01266  python | 报错函数 | try except | raise
01267  python报错输出到日志_Python打印详细报错日志，获取报错信息位置行数
01268  Python 3 安装 MySQL-Python 报错: No module named 'ConfigParser'
01269  Pycharm中使用Python报错问题汇总
01270  Python报错：ModuleNotFoundError: No module named ‘cv2‘
01271  python报错后继续执行之前的代码_python异常报错处理
01272  【python报错】‘float‘ object has no attribute ‘log‘  / loop of ufunc does not support argument 0 of type
01273  python报错“append（)takes no keyword arguments“解决方案
01274  Python 报错 Could not find a version that satisfies the requirement (from versions: ) No matching dist
01275  python 报错：NameError: name ‘null’ is not defined
01276  Python报错：UnicodeDecodeError | 解决pycharm控制台乱码 | 修改pycharm编码方式 | 乱码分类图
01277  python报错Ran out of input
01278  python报错：SyntaxError: encoding problem: utf8
01279  python文件路径报错
01280  python报错跳过继续执行_python如何设置报错跳过
01281  [python报错]：OMP: Error #15: Initializing libiomp5md.dll, but found libiomp5md.dll alread
01282  python 报错：object too deep for desired array。
01283  Mac环境下Jenkins部署Python报错 - ModuleNotFoundError: No module named ‘selenium‘ (已完美解决)
01284  PYTHON脚本报错退出一闪而过的解决方案
01285  明明已经安装了某个模块，python报错：ImportError: No module named ***
01286  Python打印异常报错信息
01287  python3 导入collections 报错
01288  python新手常见的报错有哪些？
01289  真的！千万不要忽略这些python常见报错信息
01290  成功解决Python报错： OSError: [Errno 22] Invalid argument
01291  Python报错-bash: pip: command not found
01292  python安装Python包时报错处理
01293  python总是报错_初学PYTHON，总是报错，不知原因在哪
01294  python报错——TypeError: Cannot create a consistent method resolution
01295  python 报错：ValueError: I/O operation on closed file
01296  python运行启动报错解决方法_解决python运行启动报错问题
01297  Python 错误和异常
01298  python运行报错 import imp
01299  解决python报错 unicode error 'utf-8'
01300  python错误-新手常见Python错误及异常解决处理方案
01301  电脑编程python老是出现错误_自己编程中遇到的Python错误和解决方法汇总整理
01302  python3.5 pip安装mysql-python报错解决方法
01303  python写入文件报错解决方法
01304  python error_Python3 错误和异常
01305  新手向：Python常见错误及解决方法
01306  Python next() StopIteration报错原因
01307  python常见报错
01308  Python报错： Using TensorFlow backend
01309  Python常见十大报错及解决方法
01310  python报错：[9880] failed to execute script
01311  python文件在cmd中运行报错
01312  python中import包报错解决方法
01313  Python报错之TypeError: only size-1 arrays can be converted to Python scalars
01314  Python报错集合篇9-SyntaxError: positional argument follows keyword argument
01315  关于安装Anaconda后windows下cmd输入python报错
01316  Python turtle报错
01317  Python报错：PermissionError: [Errno 13] Permission denied 解决方案详解
01318  python报错object supporting the buffer API required
01319  python 报错：unexpected indent
01320  解决python报错RuntimeError: lost sys.stdout
01321  Python报错：SyntaxError: unexpected EOF while parsing
01322  Python 报错 | 导入celery模块报错
01323  Grasshopper GHPython 报错： Solution exception:找不到方法: “Void Microsoft.Scripting.Utils
01324  python报错RuntimeWarning: invalid value encountered in true_divide
01325  python pip报错解决
01326  Python报错 python unhashable type
01327  vscode运行python报错
01328  python报错：Python 2.7 will reach the end of its life on January 1st, 2020.
01329  python 怎么报错后再次启动?
01330  新手常见的python报错及解决方案
01331  python代码错误有哪些_Python常见十六个错误集合，你知道那些？
01332  Python 报错：AttributeError:'NoneType' object has no attribute 'decode'  解决方式
01333  python报错：TypeError: 'type' object is not subscriptable
01334  python中总错误_Python错误及异常总结汇总
01335  python 默认处理异常的方法_Python常见错误解决方法
01336  Python报错：找不到yaml包
01337  python 报错TypeError: unhashable type: ‘list‘解决方案及原因
01338  python三种错误_Python处理错误三种方式
01339  python报错：TypeError: 'int' object is not subscriptable
01341  新手常见6种的python报错及解决方法
01342  python 报错：ModuleNotFoundError: No module named ‘openpyxl‘，安装openpyxl后还是报错解决方法。
01343  python报错: xxx takes 1 positional argument but 2 were given
01344  python requests请求报错
01345  Python报错：Python was not found； run without arguments to install from the Microsoft Store, or disable
01346  python 报错 TypeError: ‘NoneType‘ object is not subscriptable 解决方案
01347  Python报错ModuleNotFoundError: No module named 'numpy'
01348  Python报错：IndentationError: unexpected indent问题的解决办法及原因
01349  Python报错TypeError: data type not understood
01350  python    报错 IndentationError: unexpected unindent
01351  Python 防止报错停止运行try
01352  python报错：ModuleNotFoundError: No module named ‘werkzeug.wrappers.json‘
01353  Python3 报错TypeError: string indices must be integers
01354  npm install Python报错
01355  Python报错： RuntimeError: The current Numpy installation (‘D:\\Develop\\anaconda\\lib\\site-packages\\
01356  python报错“cannot import name ft2font”
01357  Python报错ERROR: Command errored out with exit status 1:
01358  python报错问题—— xxx takes 1 positional argument but 2 were given
01359  安装Python报错could not write value to key.....
01360  python程序报错：expected indent
01361  python 空格报错
01362  Python报错——object of type ‘NoneType‘ has no len()
01363  python执行脚本报错进行弹窗提示
01364  python中常见的错误提示_python常见的报错提示
01365  python程序员常见的10个错误-python语言
01366  IndexError: list index out of range--Python报错原因及解决办法
01367  Python报错segmentation fault
01368  python中创建类报错_python 报错与解决
01369  python报错就一定是有错吗_Python中的这几种报错你遇到过吗？
01370  终端运行python报错TypeError: Can't mix strings and bytes in path components
01371  python报错invalid character in identifier
01372  python报错出现 KeyError: 'longitude'
01373  【无标题】python安装openpyxl报错
01374  python异常及处理方法总结_Python报错异常的介绍，以及处理方式
01375  python  基础知识-------------------常见的语法错误
01377  python报错：Can‘t find a default Python.
01378  安装python报错_安装python包时报错
01379  python报错：NameError: name ‘a‘ is not defined
01380  python报错：TypeError: ‘module‘ object is not callable的解决方法
01381  已解决（Python语法报错）SyntaxError invalid syntax
01382  Python报错-AttributeError: module ‘librosa‘ has no attribute ‘output‘
01383  解决Python报错ImportError: cannot import name imresize
01384  python报错: Python.h: 没有那个文件或目录
01385  Python快速解决相对导包报错
01386  Python打印详细报错日志，获取报错信息位置行数
01387  Python 报错SyntaxError: invalid character in identifier
01388  python报错：selenium.common.exceptions.ElementClickInterceptedException
01389  Ubuntu安装python报错 无法定位软件包python-XXX
01390  python 报错：‘yield‘ outside of function
01391  Python报错：AttributeError
01392  python dataframe 报错 invalid type comparison
01393  python 报错TypeError: ‘int‘ object is not iterable解决方案及原因
01394  python报错MemoryError
01395  Python报错：TypeError: 'function' object is not subscriptable
01396  python报错：cannot import name ‘PDFDocument‘ from ‘pdfminer.pdfparser‘ 解决方法
01397  Python 报错 TypeError: 'type' object is not subscriptable
01398  Python安装pycrypto报错
01399  Python 报错jpype._jvmfinder.JVMNotSupportedException: JVM mismatch, python is 32 bit and JVM is 64 bit
01400  python语法错误显示_新手常见Python错误及异常解决处理方案
01401  python小白如何看报错？实用三步法
01402  Python报错：找不到PIL包
01403  python 跳过错误_python新手常见错误汇总
01404  python的错误和异常处理
01405  python使用end报错
01406  Python报错：RecursionError: maximum recursion depth exceeded in comparison
01407  Python常见报错及解决方案，建议收藏
01408  Python报错：OSError: cannot open resource
01409  pycharm上安装MySQLdb-Python 报错解决方案
01410  centos下运行python文件报错
01411  Python-遇到异常报错忽略继续运行方法
01412  【Python基础】Python3十大经典错误及解决办法
01413  python 报错 ImportError: No module named setuptools
01414  Python报错TypeError: Tuple or struct_time argument required
01415  Undefined variable: print  python报错解决办法
01416  python报错：fails to pass a sanity check due to a bug in the windows runtime
01417  【错误记录】Mac 中 IntelliJ IDEA 运行 Python 程序报错 ( “Python“ 因为出现问题而无法打开 )
01418  Python 报错 SyntaxError: invalid syntax 解决方法
01419  csv文件python读取报错编码错误问题终极完美解决
01420  python报错：math domain error
01421  python中有中文报错
01422  python打印报错信息_python打印当前文件错误行的简单示例
01423  python报错 [] “not found in axis“ or “not found in column“
01424  Python 运行报错 ModuleNotFoundError: No module named 'requests'
01425  【Python报错】MemoryError
01426  Python推送kafka syntax数据报错信息
01427  Python报错-TypeError: only integer scalar arrays can be converted to a scalar index的处理方法
01428  opencv-python的安装报错及处理
01429  python3报错：IndentationError: expected an indented block
01430  python安装opencv报错解决
01431  Python报错：PermissionError: [Errno 13] Permission denied解决方案详解
01432  assert：python断言报错语句
01433  Python报错：关于import torch报错问题的解决
01434  解决Python报错：local variable 'a' referenced before assignment
01435  Python编程最常见的报错，以及注意事项哦~
01437  【Python】报错：SyntaxError: unexpected character after line continuation character
01438  python新手常见的报错提示_python新手常见报错提示
01439  python报错处理_Python 入门级报错处理
01440  python print输出字符串报错
01441  【经验】python运行报错ModuleNotFoundError: No module named XXX
01442  Python常见的错误汇总
01443  vscode python flake8 报错怎么办
01444  安装库时Python报错：module 'pip' has no attribute 'main'问题详解
01445  python常见错误集合
01446  python语法老是报错_python常见错误总结
01447  使用 VsCode 调试 Python 报错：ModuleNotFoundError: No module named xxx
01448  python报错 ImportError: cannot import name ‘SKIP_ADMIN_LOG‘ from ‘import_export.admin‘
01449  python运算符号出错_Python编程的10个经典错误及解决办法
01450  python3执行except Exception, e报错
01451  python 报错 ModuleNotFoundError: No module named 'MySQLdb'
01452  解决python2安装MySQL-python模块报错
01453  Python运行报错most recent call last
01454  已解决（Python安装报错）Visit python.org to download an earlier version of Python.
01455  Python报错"utf-8' codec can't decode byte 0xb0 in position 0: invalid start byte"
01456  python报错 ModuleNotFoundError: No module named 'win32api'
01457  python报错2-type object 'datetime.datetime' has no attribute 'datetime'
01458  运行python代码，报错 “segmentation fault”
01459  python运行谷歌浏览器，报错
01460  python 出错后重新运行_python出错后重新启动
01461  python相关报错及解决方案
01462  python报错：ordinal not in range(128)解决方案
01463  python报错OSError: [Errno 22] Invalid argument
01464  【错误记录】PyCharm 运行 Python 程序报错 ( PEP 8: W292 no newline at end of file )
01465  关于安装node-sass报错Python问题
01466  Python报错：'unicodeescape' codec can't decode bytes in position 2-3: truncated \UXXXXXXXX escape
01467  c++ 调用python错误总结
01468  已安装Anaconda情况下，命令行pip,python报错（详细 已解决）
01469  python报错invalid character_python提示Syntax Error报错解决教程
01470  关于linux下python 报错：‘ImportError: No module named’  的问题
01471  Python项目运行open()函数报错
01472  解决python报错IndentationError: expected an indented block的方法
01473  python报错TypeError: invalid type comparison
01474  Python常见的运行时错误
01475  python异常处理
01476  python中import报错_pip python的包成功，但是import的时候报错
01477  解决python networkx 报错 Network error: random_state_index is incorrect
01478  python的一些报错解决
01479  python用cmd运行报错，但pycharm不报错
01480  python 导入 requests报错
01481  python报错TypeError:can‘t convert complex to float
01482  python报错：ModuleNotFoundError: No module named 'selenium'
01483  vscode使用Anaconda调试python报错CommandNotFoundError: Your shell has not been properly configured to use
01484  Python报错：ImportError: Missing optional dependency &#39xlrd&#39.Install xlrd &#62= 1.0.0 for Excel
01485  Python报错module 'scipy.misc' has no attribute 'imsave'
01486  python报错Connection to Python debugger failed Socket closed
01487  python3.9版本卸载报错的解决办法
01488  pycharm运行Python报错如No module named BeautifulSoup
01489  opencv python imshow报错
01490  python内容打印错误
01491  Python报错：No module named 'matplotlib.externals'  解决方法
01492  pyCharm中pythonConsole报错，解决方法
01493  Python卸载报错：No Python 3.8 installation was detected
01494  python报错：ImportError: cannot import name ‘_tf_stack‘ from ‘tensorflow.python‘
01495  python pip安装错误_python——pip安装运行报错及解决
01496  Python安装报错：0x80070641-无法访问Windows Installer服务
01497  Python报错"undefined variable from import:"
01498  mac安装mysql-python报错历程
01499  python报错 ImportError: No module named yaml
01500  Python 报错 No module named 'Image'
01501  python用tkinter模块返回报错
01502  Python报错ValueError: Unknown projection '3d'
01503  pycharm安装mysql-python报错
01504  python报错ModuleNotFoundError: No module named 'tensorflow.nn'
01505  python 报错处理
01506  为什么python总是运行错误_17个新手常见Python运行时错误
01507  java调用python程序问题汇总：java如何调用python程序；Java调用Python脚本无法得到运行结果；用cmd打开Python；cmd运行Python文件报错
01508  Python 技巧篇-如何避免python报错导致强制关闭窗口
01509  python报错提示及解决方法
01510  关于Python包导入报错的总结
01511  python 忽略错误_python如何忽略异常
01512  Python——报错解决：SyntaxError: positional argument follows keyword argument
01513  python中nameerror怎么处理_Python 运行报错NameError出现原因，怎么解决
01514  python报错记录
01515  pip install mysql_python报错终极解决办法。
01516  python 引入 requests 报错问题
01517  python报错IndentationError: unexpected indent
01518  [Python]同一目录下导入不同文件IDE报错却能正常执行的问题
01519  Python报错解答——TypeError: cannot unpack non-iterable int object
01520  python报错TabError: Inconsistent use of tabs and spaces in indentation
01521  python报错 TypeError: sequence item 0: expected str instance, int found
01522  Python堆栈报错偏移
01523  python报错invalid character_Python之编程思维之如何解决代码报错
01524  python安装Pillow模块报错解决办法
01525  python报错：IndentationError: unexpected indent
01526  Python报错集合篇7-KeyError: 1
01527  python 等号报错_python提示Syntax Error报错解决教程
01528  python3.8报错NameError: name ‘long‘ is not defined
01529  python报错TypeError: must be str, not int
01530  Python判断异常的错误
01531  Python 输出中文报错问题
01532  Ubuntu中通过launch文件运行python报错
01533  Python报错:  No module named 'lxml'
01534  Python报错ERROR: Command errored out with exit status 1: 解决方法：
01535  xml文件中有中文时，使用python报错的解决方案
01536  解决python打包的exe程序运行报错闪退不留痕迹问题
01537  解决python报错ImportError: No module named '_tkinter'
01538  thrift+python 报错Invalid method name
01539  python报错提示：
01540  python语言包含的错误_Python3十大经典错误及解决办法
01541  python报错：index 1 is out of bounds for axis 0 with size 1
01542  Python报错：ModuleNotFoundError: No module named 'yahoo_finance'
01543  python常见错误-Python 常见报错类型
01544  python报错_Python错误解决
01545  python报错AttributeError: 'NoneType' object has no attribute 'group'和正则匹配整数和小数
01546  【Python报错解决方案】TypeError: ‘float‘ object is not callable
01547  python在windows上运行报错_Python运行报错UnicodeDecodeError的解决方法
01548  常见 Python 报错及解决方式（基础篇）
01549  Python报错module 'scipy.misc' has no attribute 'imresize'
01550  python安装selenium报错_新手用Python运行selenium的常见问题
01551  Python报错及解决方案
01552  python的报错
01553  python 循环中报错 继续运行_Python之 while循环/break退出循环/ continue继续循环/多重循环...
01554  python 报错 No module named Crypto.Cipher
01555  python报错总结
01556  Python3十大经典错误及解决办法，这操作真香
01557  python中import requests报错：No module named ‘requests’
01558  python 引用文件中的类 报错_解决python中import文件夹下面py文件报错问题
01559  python 报错 **AttributeError: module 'string' has no attribute 'letters'** 的解决方法。
01560  python报错：No matching distribution found for yaml
01561  CMD安装python库报错
01562  python报错 AttributeError: ‘bytes’ object has no attribute ‘encode’
01563  windows下python报错：Microsoft Visual C++ 9.0 is required
01564  python 报错：not all arguments converted during string formatting
01565  解决vscode 运行python代码输出中文报错
01566  pip install opencv-python时报错，解决方法如下
01567  Python报错 from . import _imaging as core
01568  Python错误总结：Python读取文件报错
01569  Python中将异常写入日志文件
01570  pycharm运行python报错  CreateProcess error=2, 系统找不到指定的文件
01571  Python报错TypeError: expected string or bytes-like object
01572  【python】python报错IndentationError: unindent does not match any outer indentation level
01573  python 报错　IndentationError: expected an indented block   SyntaxError: invalid character in identifie
01574  神奇的python(五)之python强制退出报错(异常)解决方法
01575  python发生未知错误自动重启程序
01576  python requests.get报错_解决Python requests 报错方法集锦
01577  python脚本运行报错问题
01578  python报错：ordinal not in range(128)解决方案
01579  17个新手常见的Python运行错误
01580  安装opencv-python时候报错
01581  Python报错：IOError: image file is truncatedfrom PIL import ImageFile ImageFile.LOAD_TRUNCATED_IMAGE
01582  python 报错问题及解决方法
01583  Python报错：ConnectionRefusedError: [WinError 10061] 由于目标计算机积极拒绝，无法连接。
01584  【错误记录】Mac 中 IntelliJ IDEA 运行 Python 程序报错 ( End of statement expected )
01585  python报错代码_python代码如下，报错，怎么解决？
01586  python程序报错_Python编程报错总汇
01587  明明已经安装了某个模块，python报错：ImportError: No module named ***
01588  python中使用f-string报错SyntaxError: invalid syntax
01589  Python 各种报错解释及处理方法
01590  python编程中常见报错总结：
01591  python如何在报错后继续运行_Python，如何在异常发生后继续运行程序
01592  python读取csv报错
01593  python安装tensorflow报错_TensorFlow 安装报错的解决办法
01594  解决PyCharm Python Console报错Error running console的问题
01595  Python使用中遇到的报错与解决思路--持续更新
01596  python 报错 too many values to unpack (expected 3) 的解决方案
01597  Windows定时执行python任务可能出错的情况
01598  jeston_tx2及小觅魔方中使用TensorFlow和opencv-python报错ImportError: cannot allocate memory in static TLS block
01599  Labview调用Python error1671
01600  npm i 报错以及python安装卡住的解决方法
01601  opencv-python——一些常见的报错（持续更新中）
01602  pip install mysql-python报错 Failed building wheel for mysql-python
01603  【错误记录】PyCharm 运行 Python 程序报错 ( PEP 8: E305 expected 2 blank lines after class or function definiti )
01604  win7 64位系统安装Python报错解决
01605  Python报错：TypeError: 'dict_keys' object does not support indexing（机器学习实战treePlotter代码）解决方案
01606  使用fiddler抓包工具时 Python requests 报错：ValueError: check_hostname requires server_hostname 之解决方案
01607  npm install 报错 提示python问题
01608  Python安装报错
01609  Ubuntu18.04下使用pyenv安装python报错：BUILD FAILED (Ubuntu 18.04 using python-build 20180424)
01610  Python报错：module 'tensorflow.python.keras.backend' has no attribute 'get_graph'
01611  Python3.7解决报错：'NoneType' object has no attribute 'decode'的办法
01612  python报错IndexError: list index out of range
01613  第一次使用python、appium运行移动自动化遇到的报错
01614  python程序不报错但是_python程序没有报错但是运行没有任何结果怎么办？
01615  python常见报错类型_Python常见的异常错误整理
01616  python新手常见的报错提示_python中新手朋友常见的错误信息汇总
01617  python 报错'Series' object has no attribute 'sort'
01618  python 报错 This COM object can not automate the makepy process - please run makepy manually for this
01619  Python报错TypeError: 'str' object is not callable
01620  shell脚本执行python文件报错：ModuleNotFoundError: No module named ‘xxxx‘
01621  使用python中出现的错误及解决办法
01622  python中主函数符号错误_Python运行常见错误
01623  python打印汉字报错_python中文输出报错解决方案（实例教程）
01624  解决Python中文注释报错
01625  新手小白:python常见的错误原因及解决方法(完整版)
01626  【Python报错解决方案】TypeError: Cannot compare types ‘ndarray(dtype=int64)‘ and ‘int64‘
01627  Python一直报错：SyntaxError: invalid syntax 的原因及解决办法
01628  Python异常(报错)
01629  python报错：TypeError: cant multiply sequence by non-int of type float（bug）（csdn标题没法用英文引号，以后注意别搜引号）
01630  Python|包明明存在但是却在运行中报错“No module named XXX”
01631  python报错问题，TypeError: _locateAll_python() got an unexpected keyword argument 'confidence
01632  Python报错：'dict' object has no attribute 'iteritems'（机器学习实战kNN代码）解决方案
01633  VS Code下运行Python程序报错ModuleNotFoundError的解决方案
01634  Python连接impala报错：cur=conn.cursor()
01635  Python爬虫报错：No module named jsonpath
01636  【python】报错SyntaxError: invalid character in identifier的原因分析
01637  python导入csv报错_Python 导入csv报错的解决办法
01638  python报错：No such file or directory: '…\\Anaconda3\\lib\\venv\\scripts\\nt\\python.exe
01639  Python报错: Unhandled exception in thread started by Error in sys.excepthook
01640  Python报错：IndentationError: unindent does not match any outer indentation level解决办法
01641  python脚本报错问题解决: tSocket read 0 Bytes
01642  python报错解决方法：module 'scipy.misc' has no attribute 'imread'
01643  python 忽略错误,python忽略警告(warning) 错误实现方法
01644  关于python pip 安装提示Microsoft Visual C++ 14.0报错的解决方法
01645  【Python】代码格式中报错：Unexpected indent
01646  python No module named 'encodings'报错
01647  Python中遇到报错：SyntaxError: (unicode error) ‘unicodeescape‘ codec can‘t decode bytes in position 2-3: t
01648  Python报错module 'scipy.misc' has no attribute 'imsave' 或者'imread'
01649  python中文注释报错
01650  Python 中文注释报错解决方法
01651  python 遇到的问题与报错
01652  最新整理的Python3常见错误及解决办法
01653  全网最值得收藏的Python常见报错及其解决方案，再也不用担心遇到BUG了！
01654  Python在Jenkins中运行出错
01655  python进入报错_Python常见报错 - 运维笔记
01656  python代码错误有哪些_python中那些常见的错误及解决方法
01657  python将终端的错误提示打印输出到txt文件
01658  DL |  python报错：ImportError: No module named '_pywrap_tensorflow_internal'
01659  python代码报错汇总
01660  python运行报错：unindent does not match any outer indentation level
01661  在cmd输入python时报错：Warning: This Python interpreter is in a conda environment, but the environm
01662  python常见报错类型和异常处理
01663  python常见报错异常大全，根据异常找出根本问题，一键解决，建议收藏
01664  Python中open()函数打开文件路径报错问题
01665  python报错：TypeError: 'int' object is not subscriptable的几种常见情况及解决办法
01667  Python  报错问题汇总
01668  python打开一个不存在的文件报错_Python打开文件报错怎么办
01669  python报错1-'int' object is not iterable（'int'对象不可迭代）
01670  windows2012R2安装python3.x版本报错0x80240017
01671  python报错之解决 No module named win32com.client
01672  python解密工具Ciphey运行出现UnicodeDecodeError:illegal multibyte sequence报错问题
01673  2020-10-26 Python运行出现‘Value Error’报错的原因！
01674  ubuntu下virtualenv虚拟环境里python报错ImportError: No module named matplotlib.pyplot解决方案
01675  Python导入模块报错问题的分析
01676  Linux运行Python报错ImportError: No module named cv2
01677  python循环出现错误、继续下一个_在Python中遇到错误后继续循环
01678  Pycharm运行python 报错please select a valid interpreter
01679  Python中安装pillow一直报错解决
01680  python 相对路径报错
01681  python-pandas，dataframe报错dataframe type object ‘object‘ has no attribute ‘dtype‘
01682  关于python项目，引用本地py报错
01683  win10 Python3.8安装opencv库（pip安装）以及几种报错解决方案
01684  python运行报错：ValueError: need more than 1 value to unpack
01685  python报错：AttributeError: module 'pdb' has no attribute 'set_trace'
01686  Python- exe应用程序在Windows Server2012 64位系统运行报错
01687  python ltp模块安装报错
01688  已解决（Pycharm切换Python版本后报错）No Python at”C:Program FiLesPython39pythen.exe‘
01689  python 使用numpy时 报错
01690  python常见错误
01691  将Opencv-python导入Pycharm（import cv2报错）
01692  Python中的各种报错
01693  12.你的Python老是报错？又理解不了报错原因，那来看看这篇文章吧。带你看懂报错并且“抓捕“报错
01694  Python的一些报错记录（持续更新）
01695  python运行错误-Python 运行报错NameError出现原因，怎么解决
01696  Python读取xls|xlsx文件报错：raise XLRDError(FILE_FORMAT_DESCRIPTIONS[file_format]+‘； not supported‘)
01697  python报错合集记录
01698  Python3.5.1 报错 ImportError: cannot import name 'Type'
01699  python:中文输出报错UnicodeEncodeError
01700  个人在使用python时的报错问题及解决办法汇总
01701  python 代码报错相关解释
01702  python3 引入requests报错ImportError的处理方案
01703  Python加载数据入库SqlServer报错问题总结（持续更新，欢迎补充）
01704  python异常报错详解
01705  python各种BUG报错解决
01706  运行python报错，Warning! ***HDF5 library version mismatched error***
01707  Python中文注释报错和中文输出乱码
01708  Ubuntu中Python程序在shell运行报错
01709  Python RocketMQ 报错及其解决方法
01710  Python+OpenCV3人脸识别项目中的常见报错（已解决）
01712  opencv-python 报错：module 'cv2.cv2' has no attribute 'xfeatures2d_SURF
01713  python导入requests报错_import requests报错
01714  真正永久解决在cmd输入python命令行出现Warning问题
01715  python连接impala报错
01716  【树莓派使用】Python3安装OpenCV2报错问题解决方法
01717  Python----方法返回None值报错 TypeError NoneType object is not callable
01718  python读取json文件报错
01719  python连接hbase出现message='No protocol version header' 报错
01720  for in 循环在python3.3使用报错处理
01721  python安装PysimpleGUI报错解决方案
01722  Python脚本报错AttributeError: ‘module’ object has no attribute’xxx’解决方法
01723  Python中KeyError: 的解决方法
01724  python代码服务器上运行报错
01725  解决python读取文件gbk编码和utf-8编码都报错的问题
01726  【Python】——IndexError: list index out of range报错
01727  Python2.7安装MySQL-python错误方法解决
01728  运行python使用常见报错
01729  Python 报错问题解决
01730  Windows的Python3.6报错_ssl.c:749解决办法
01731  python画图报错：Unknown projection '3d'
01732  python--异常处理（报错）
01733  python 更新pip报错 解决方法大全
01734  jenkins运行报python脚本报错的解决方法
01735  使用Python遇到的错误、错误原因及解决方法
01736  python命令行运行时，报错ModuleNotFoundError: No module named ‘XXX‘，找不到自定义模块
01737  python爬虫报错 json.decoder.JSONDecodeError: Expecting value: line 1 column 1 (char 0)
01738  python报错集
01739  python 常见错误梳理和解析
01740  已解决（Python最新xlrd库读取xlsx报错）SyntaxError: invalid syntax
01741  【python】报错：ImportError: DLL load failed: 找不到指定的模块 的详细解决办法
01742  python语法报错原因_python萌新最常见5大错误
01743  Python安装包时出现的问题及解决方案
01744  python导入tensorflow_Python导入tensorflow报错处理方法
01745  解决Appium-Python-Client安装报错的问题
01746  VS2015 下python编程，报错：‘utf-8‘ codec can‘t decode byte，解决办法?
01747  python2脚本python3运行常见报错
01748  python读取文件报错：‘utf-8‘ 或“gbk” codec can‘t decode byte 0xbe in position 627: invalid start byte
01749  解决python安装后cmd报错Fatal Python error: Py_Initialize: unable to load the file system codec
01750  Python使用input输入字符串会报错
01751  Windows环境下使用Python设计应用软件——【4】使用pycharm运行程序时异常但是没有报错信息
01752  Python——跳过异常报错并按要求继续执行
01753  vscode调试python相对路径报错问题
01755  python运行报错RuntimeError: CUDA error: CUBLAS_STATUS_ALLOC_FAILED when calling `cublasCreate(handle)`
01756  ubuntu下virtualenv虚拟环境里python报错ImportError: No module named matplotlib.pyplot解决方案
01757  python中eval报错_python脚本中使用eval()，运行报错的解决方法
01758  Python报错集合篇5-FileNotFoundError: [Errno 2] No such file or directory: '不存在的文档.txt'
01759  Python已经pip安装某模块后仍然报错ImportError: No module named ***
01760  python3.x运行程序报错AttributeError: 'dict' object has no attribute 'iteritems'
01761  mac安装MySQL-python报错:EnvironmentError: mysql_config not found
01762  Python的Keyboard Interrupt问题
01763  关于ImportError: No module named ‘tensorflow‘报错的解决
01764  python pygame库安装报错解决
01765  python项目中导入自定义的包报错
01766  python的torch_Pycharm中import torch报错的快速解决方法
01767  python如何去报错？
01768  python报错解决汇总
01769  python爬虫之请求头报错：ValueError: Invalid header name b':authority'
01770  Python3.9安装pycrypto报错处理
01771  Python运行出错
01772  python程序报错_执行Python程序时模块报错问题
01773  Python报错"undefined variable from import..."
01774  python异常打印堆栈
01775  Python报错（一）
01776  明明安装了模块/包，Python提示无包/模块/报错
01777  Python连接SQL Sever报错
01778  python之常见报错解决
01779  brew link python3出错
01780  已解决（Python3中pip无法安装urllib报错问题）No matching distribution found for urllib
01781  python错误之NameError
01782  python 中文注释报错
01783  Python post 报错Unsupported Media Type
01784  Python及pip安装与报错处理【pip永久换源】
01785  npm install 运行报错 “ Can‘t find Python executable “python“, you can set the PYTHON env variable.”
01786  Eclipse创建Python项目报错：“The interpreter configured does not exist in the filesystem:xxxx(python路径) ”
01787  Python3.6  etree  报错解决
01789  Python代码缩进格式报错
01790  处理因移动Python文件位置导致pip命令报错
01791  Python报错：SyntaxError: Non-ASCII character '\xe5' in file 1.py on line 6, but no encoding declared...
01793  解决ROS运行python程序报错：ModuleNotFoundError: No module named ‘rospkg‘成功解决方案
01794  python之解决找不到模块问题
01795  Postman生成Python3编码执行报错的修复方案
01796  python打开文件报错:Invalid argument
01797  python3 At least one sheet must be visible报错的解决办法
01798  conda安装环境报错：Solving environment: failed with initial frozen solve
01799  Windows使用pip安装MySQL-python报错fatal error C1083: Cannot open include file: 'config-win.h'
01800  Python里pyinstaller库报错解决办法
01801  python新手常见的报错提示_Python新手常见的报错提示【转载】
01802  python安装yaml ,提示错误
01803  python import settings报错的解决
01804  Python报错的解决方案（持续更新）
01805  python  scrapy 脚本报错
01806  pip安装python包报错的有效解决方法
01807  python return错误_Python异常报错总结
01808  python报错集锦
01809  python中安装PIL报错解决方案
01810  【报错】python  KeyError: 2
01811  python新手常见的报错提示_python新手常见错误
01812  python参数报错_python 报错信息汇总
01813  python读取tif图片报错
01814  Python 细节-列表越界却不报错
01815  python报错及解决笔记
01816  Python3.7 运行报错import requests  ModuleNotFoundError: No module named ‘requests’
01817  运行python项目报错：certificate verify failed: self signed certificate in certificate chain (_ssl.c:1108)
01818  Python报错ValueError: invalid literal for int() with base 10: ‘\xef\xbb\xbf1′
01819  opencv python imshow 报错 window.cpp
01821  【python】python打包后运行exe报错：LookupError: unknown encoding: utf-8
01822  Python安装jieba报错及解决办法
01823  Python_报错：ValueError: binary mode doesn't take an encoding argument
01824  Python 成功解决报错 asyncio RuntimeError: This event loop is already running
01825  python爬虫报错urllib.error.URLError: urlopen error [Errno 11001] getaddrinfo failed解决办法
01826  python程序没有报错但是运行没有任何结果怎么办？
01827  Python中如何输出完整的报错路径及信息（即Exception Stack）及try--exception说明
01829  python2 print  end 报错
01831  python导入openpyxl报错问题，终于解决啦
01832  python运行报错 KeyError: “[‘year’] not in index”
01833  python报错PyUnicodeUCS2_AsUTF8String或者PyUnicodeUCS4_AsUTF8String的问题
01834  python使用scapy报错Traceback (most recent call last):ImportError: No module named all
01835  Python安装pdfplumber库报错解决思路
01836  npm install报错缺少python
01837  python创建venv报错returned non-zero exit status 1.
01838  运行python代码报错汇总
01839  python处理报错_Python处理错误三种方式详解
01840  python3 Django 报错RuntimeWarning的解决办法
01841  计算机语言import,解决python用import报错的方法
01842  python错误大全
01843  python workspace_python报错汇总
01844  Python如果导入ssl模块错误
01845  python爬虫 报错UnicodeDecodeError: 'utf-8' codec can't decode byte 0xb5 in position 150: invalid start b
01846  python报错及解决办法汇总
01848  已解决（cmd进入Python环境报错）No Python at ‘C:Users…Python Python39python. exe’
01849  python处理报错_python3报错及解决方案/须注意的细节（持续更新）
01850  日常python报错及解决方法记录
01851  python安装包报错：PackagesNotFoundError: The following packages are not available from current channels
01852  python opencv ImportError: libGL.so.1: cannot open shared object file: No such file or directory
01853  python报错文档+解决方法
01854  python百宝箱：使用try …… except 时输出报错详情
01855  python中导入sklearn库报错解决
01856  python virtualenv安装报错，已解决
01858  python 安装cv2报错解决办法
01859  Python-nmap模块报错 解决办法
01860  已解决（Python键盘中断报错问题） KeyboardInterrupt
01861  python文件调用另一个文件报错
01862  Python + Appium 出现Method has not yet been implemented 报错解决办法
01863  记录Python打包exe文件运行报错ImportError但不提示具体报错解决方法
01864  Python allure报错：‘allure‘ 不是内部或外部命令，也不是可运行的程序 或批处理文件。
01865  python return错误_python的return语法错误怎么解决
01866  Python3.8 pip install wxPython 报错解决-XXOO
01867  python bs4模块报错_Python3安装bs4报错及解决方案
01868  【Python】Python 操作 elasticsearch 版本兼容问题导致报错的解决方案
01869  Repo下载以及Repo init报错解决
01870  python常见报错类型_学习Python函数时常见的报错类型
01871  python解决maximum recursion depth exceeded in comparison报错
01872  【python np.where】- 报错:raise ValueError(ValueError: Length of values does not match length of index)
01873  xShell运行Python脚本报错 Python script error 80040154
01874  python assert断言、报错、异常
01875  java调用python，引入第三方包报错no module  named
01876  千万不要忽略这些python常见报错信息
01877  Python安装xlrd教程及报错解决方案
01878  python中使用input函数报错
01879  今天给大家总结一下python新手常见的报错提示
01880  python中一些常见的数字报错
01881  python pip install报错
01882  解决Anaconda创建指定虚拟环境python版本报错问题
01883  python-常见的语法错误
01884  Python异常处理及常见报错解决
01886  Python: pymysql报错ModuleNotFoundError: No module named 'pymysql'
01887  Python常见报错与解决方案
01888  Python3.7报错:runtimeerror: generator raised StopIteration
01889  Python int的错误
01890  Python常见的报错类型及解决方法
01891  零基础学Pyhton:最全Python常见异常运行错误提示！！比较费眼睛建议收藏慢慢看！！
01892  python import cv2 报错
01893  python导入模块错误-No module named XXX-图文解决方案
01894  pip list 报错
01895  python pip 报错KeyError: u'\u98de'处理
01896  vscode写python导包报错解决办法
01897  python3.6.8 pip install gensim 报错
01898  python  pip安装报错问题汇总
01899  python3 TypeError: 'map' object is not subscriptable
01900  Python 运行报错 Error：‘int‘ object is not callable 解决方法
01901  解决python安装selenium报错问题ImportError: No module named 'selenium'
01902  Python-pandas Passing list-likes to .loc or [] with any missing labels is no longer supported错误的解决
01903  python matplotlib.pyplot报错_Python库 - import matplotlib.pyplot as plt 报错问题
01904  python导入本地模块报错之终极解决方案
01905  【已解决】VS code 编写python 用turtle画图 报错 Module 'turtle' has no 'fd' member 等问题
01906  centos7中python3.6报错ModuleNotFoundError: No module named '_ssl'
01907  python自定义异常
01908  python操作kafka报错 self.async
01909  Python导入上级目录下文件夹的py文件报错
01911  python3安装pyQuery报错
01912  Python3报错-Python入门到精通
01914  Python报错：no encoding declared
01915  Python报错——SyntaxError: invalid syntax
01916  Python报错: ImportError集合
01917  Pycharm-Python报错合集（持续更新）
01918  python常见报错及解决方案
01919  docker运行python报错
01920  vscode python报错处理
01921  python报错：unexpected indentation
01922  Linux ubuntu 终端运行Python报错
01923  使用pip install opencv-python 报错
01924  Python报错SyntaxError: EOL while scanning string literal
01925  python报错Empty suite
01926  python报错：RuntimeError
01927  python 报错继续执行_Python报错不要慌，这三个关键词帮你解决问题！
01928  python 报错Microsoft Visual C++ 14.0 is required
01929  安装了python报错 或者执行 npm install 时报node-sass的各种相关错误 解决办法
01930  Python报错：‘str‘ object is not callable
01931  python memoryerror解决办法_解决python报错MemoryError的问题
01932  opencv python 报错
01933  Python报错： 对象不存在此属性
01934  python报错：SyntaxError: ‘break‘ outside loop
01935  Python报错：local variable referenced before assignment
01936  Python报错-Microsoft Visual C++ 14.0 is required
01937  Python报错ZeroDivisionError: float division by zero
01938  python常见报错以及解决方案（持续更新）
01939  Python报错:No module named XX 的解决方法
01940  python报错：expected an indented block
01941  python报错IndexError: string index out of range
01942  Python报错 AttributeError: ‘NoneType‘ object has no attribute ‘split
01943  python报错：TypeError: ‘NoneType‘ object is not subscriptable
01944  已解决（Python报错）ModuleNotFoundError: No module named…
01945  超全面python常见报错以及解决方案梳理必收藏
01946  解决python报错TypeError: ‘bool‘ object is not subscriptable
01947  flask，登录路由地址浏览器报错404 Not Found，python报错 WARNING: Use a production WSGI server instead.
01948  Python注释符报错
01949  运行python报错ImportError: dlopen: cannot load any more object with static TLS
01950  python报错：only size-1 arrays can be converted to Python scalars 解决方案
01951  pycharm/python报错：Traceback (most recent call last): .....
01952  完美解决：python报错：‘utf-8‘ codec can‘t decode byte 0xa1 in position 56: invalid start byte
01953  python安装报错_python安装失败报错
01954  python报错io.UnsupportedOperation: not writable
01955  python报错：ZeroDivisionError: float division by zero
01956  Python报错ERROR: Command errored out with exit status 1:
01957  python 报错：Empty suite
01958  python报错：unindent does not match any outer indentation level
01959  python报错输出到日志_Python打印详细报错日志，获取报错信息位置行数
01960  Python常见十大报错及解决方法
01961  Python报错'module' object is not callable
01962  /usr/bin/env python报错， cv2.dnn.nms报错
01963  python | 报错函数 | try except | raise
01964  Python报错：TypeError: only size-1 arrays can be converted to Python scalars
01965  Visual Studio Code 运行Python报错 Timed Out Waiting For Launcher To Connect
01966  Python 常见报错类型
01967  Python报错：json格式错误
01968  运行Python报错ModuleNotFoundError: No module named ‘requests’
01969  解决Sublime Text运行Python报错：Python was not found but can be installed from the Microsoft Store:http:..
01970  Python next() StopIteration报错原因
01971  python报错跳过继续执行_python如何设置报错跳过
01972  PYTHON脚本报错退出一闪而过的解决方案
01973  python 报错  SyntaxError: EOL while scanning string literal 问题原因 解决方案 EOL解释
01974  Mac环境下Jenkins部署Python报错 - ModuleNotFoundError: No module named ‘selenium‘ (已完美解决)
01975  python文件在cmd中运行报错
01976  python中import包报错解决方法
01977  python写入文件报错解决方法
01978  python常见报错
01979  python报错:ValueError: invalid literal for int() with base 16: ‘ ‘
01980  labview 2020 (2018)调用python报错1663、1662、1661
01981  Python 报错TypeError: expected string or bytes-like object
01982  Python报错：UnicodeDecodeError | 解决pycharm控制台乱码 | 修改pycharm编码方式 | 乱码分类图
01983  python报错后继续执行之前的代码_python异常报错处理
01984  解决python报错：‘tuple‘ object does not support item assignment
01985  【python报错】ImportError: No module named fake_useragent
01986  linux安装pip install mysql-python 报错mysql_config not found
01987  pip install opencv-python报错
01988  python报错之SyntaxError: invalid syntax
01989  Python报错: ValueError: not enough values to unpack expected 3, got 2
01990  python文件路径报错
01991  [python报错]：OMP: Error #15: Initializing libiomp5md.dll, but found libiomp5md.dll alread
01992  python报错：‘NoneType‘ object has no attribute ‘group‘
01993  python运行报错 import imp
01994  Python报错not all arguments converted during string formatting
01995  Python报错: IndentationError: expected an indented block
01996  Python 报错TypeError: write() argument must be str, not bytes
01997  Python报错：ModuleNotFoundError: No module named ‘cv2‘
01998  Python打印异常报错信息
01999  Python 报错 Could not find a version that satisfies the requirement (from versions: ) No matching dist
02000  python报错“append（)takes no keyword arguments“解决方案
02001  python报错distutils.errors.DistutilsError（记一次项目部署问题）
02002  已解决（Python语法报错）SyntaxError invalid syntax
02003  Python一直报错：SyntaxError: invalid syntax 的原因及解决办法
02004  【无标题】python安装openpyxl报错
02005  Python3 报错TypeError: string indices must be integers
02006  Python快速解决相对导包报错
02007  python执行脚本报错进行弹窗提示
02008  python报错Ran out of input
02009  python pip报错解决
02012  python报错：SyntaxError: encoding problem: utf8
02013  【python报错】‘float‘ object has no attribute ‘log‘  / loop of ufunc does not support argument 0 of type
02014  python 怎么报错后再次启动?
02015  Pycharm中使用Python报错问题汇总
02016  Python 3 安装 MySQL-Python 报错: No module named 'ConfigParser'
02017  python 报错“xxx is not defined”
02018  Python报错ZeroDivisionError: float division by zero
02019  python requests请求报错
02020  Python报错-bash: pip: command not found
02021  python 报错：object too deep for desired array。
02022  Python 防止报错停止运行try
02023  python内容打印错误
02024  python3 导入collections 报错
02025  成功解决Python报错： OSError: [Errno 22] Invalid argument
02026  Python报错：SyntaxError: unexpected EOF while parsing
02027  python报错：[9880] failed to execute script
02028  csv文件python读取报错编码错误问题终极完美解决
02029  c++ 调用python错误总结
02030  关于安装Anaconda后windows下cmd输入python报错
02031  关于安装node-sass报错Python问题
02032  Python——跳过异常报错并按要求继续执行
02033  opencv-python的安装报错及处理
02034  java调用python程序问题汇总：java如何调用python程序；Java调用Python脚本无法得到运行结果；用cmd打开Python；cmd运行Python文件报错
02035  Python推送kafka syntax数据报错信息
02036  vscode python flake8 报错怎么办
02037  python报错RuntimeWarning: invalid value encountered in true_divide
02038  Python报错：IndentationError: unexpected indent问题的解决办法及原因
02039  【错误记录】Mac 中 IntelliJ IDEA 运行 Python 程序报错 ( “Python“ 因为出现问题而无法打开 )
02040  python程序报错：expected indent
02042  Python报错： RuntimeError: The current Numpy installation (‘D:\\Develop\\anaconda\\lib\\site-packages\\
02043  Python打印详细报错日志，获取报错信息位置行数
02044  python报错——TypeError: Cannot create a consistent method resolution
02045  python报错：TypeError: 'type' object is not subscriptable
02046  python 报错：NameError: name ‘null’ is not defined
02047  vscode 中python 报错
02048  明明已经安装了某个模块，python报错：ImportError: No module named ***
02049  python打印报错信息_python打印当前文件错误行的简单示例
02050  Python报错集合篇9-SyntaxError: positional argument follows keyword argument
02051  Python turtle报错
02052  python 出错后重新运行_python出错后重新启动
02053  centos下运行python文件报错
02054  已解决（Python安装报错）Visit python.org to download an earlier version of Python.
02055  Python-遇到异常报错忽略继续运行方法
02056  Python安装pycrypto报错
02057  python3执行except Exception, e报错
02058  运行python代码，报错 “segmentation fault”
02059  Python项目运行open()函数报错
02060  Python报错：PermissionError: [Errno 13] Permission denied解决方案详解
02061  python安装Pillow模块报错解决办法
02062  python用tkinter模块返回报错
02063  python小白如何看报错？实用三步法
02064  解决vscode 运行python代码输出中文报错
02065  pip install opencv-python时报错，解决方法如下
02066  [Python]同一目录下导入不同文件IDE报错却能正常执行的问题
02067  python运行谷歌浏览器，报错
02068  python使用end报错
02069  Python报错：Python was not found； run without arguments to install from the Microsoft Store, or disable
02070  python 报错：ModuleNotFoundError: No module named ‘openpyxl‘，安装openpyxl后还是报错解决方法。
02071  【经验】python运行报错ModuleNotFoundError: No module named XXX
02072  python print输出字符串报错
02073  python dataframe 报错 invalid type comparison
02074  解决python2安装MySQL-python模块报错
02075  python安装opencv报错解决
02076  python 报错TypeError: unhashable type: ‘list‘解决方案及原因
02077  Python报错：PermissionError: [Errno 13] Permission denied 解决方案详解
02078  python 报错 TypeError: ‘NoneType‘ object is not subscriptable 解决方案
02079  【错误记录】PyCharm 运行 Python 程序报错 ( PEP 8: W292 no newline at end of file )
02080  解决python报错RuntimeError: lost sys.stdout
02081  python3.5 pip安装mysql-python报错解决方法
02082  python用cmd运行报错，但pycharm不报错
02083  python报错：Python 2.7 will reach the end of its life on January 1st, 2020.
02084  Grasshopper GHPython 报错： Solution exception:找不到方法: “Void Microsoft.Scripting.Utils
02085  关于Python包导入报错的总结
02086  Python——报错解决：SyntaxError: positional argument follows keyword argument
02087  解决python打包的exe程序运行报错闪退不留痕迹问题
02088  解决python networkx 报错 Network error: random_state_index is incorrect
02089  python中有中文报错
02090  Python卸载报错：No Python 3.8 installation was detected
02091  python相关报错及解决方案
02092  解决python报错 unicode error 'utf-8'
02093  python 忽略错误_python如何忽略异常
02094  python中使用f-string报错SyntaxError: invalid syntax
02095  Labview调用Python error1671
02096  Windows定时执行python任务可能出错的情况
02097  python 导入 requests报错
02098  assert：python断言报错语句
02099  python3.9版本卸载报错的解决办法
02100  Python判断异常的错误
02101  Python运行报错most recent call last
02102  python报错object supporting the buffer API required
02103  Python 运行报错 ModuleNotFoundError: No module named 'requests'
02104  Python报错： Using TensorFlow backend
02105  python 报错：ValueError: I/O operation on closed file
02106  python报错问题—— xxx takes 1 positional argument but 2 were given
02107  Python报错之TypeError: only size-1 arrays can be converted to Python scalars
02108  python 报错：unexpected indent
02109  opencv python imshow报错
02110  python报错：Can‘t find a default Python.
02111  python中import报错_pip python的包成功，但是import的时候报错
02112  第一次使用python、appium运行移动自动化遇到的报错
02113  python pip安装错误_python——pip安装运行报错及解决
02114  Python 报错：AttributeError:'NoneType' object has no attribute 'decode'  解决方式
02115  Python堆栈报错偏移
02116  IndexError: list index out of range--Python报错原因及解决办法
02117  Ubuntu安装python报错 无法定位软件包python-XXX
02118  python 循环中报错 继续运行_Python之 while循环/break退出循环/ continue继续循环/多重循环...
02119  在cmd输入python时报错：Warning: This Python interpreter is in a conda environment, but the environm
02120  python3报错：IndentationError: expected an indented block
02121  Python报错——object of type ‘NoneType‘ has no len()
02122  python报错: xxx takes 1 positional argument but 2 were given
02123  python报错：ModuleNotFoundError: No module named ‘werkzeug.wrappers.json‘
02124  Python在Jenkins中运行出错
02125  npm install 报错 提示python问题
02126  opencv-python——一些常见的报错（持续更新中）
02127  Python中KeyError: 的解决方法
02128  python 引入 requests 报错问题
02129  Python 运行报错 Error：‘int‘ object is not callable 解决方法
02130  npm i 报错以及python安装卡住的解决方法
02131  python中import requests报错：No module named ‘requests’
02132  Python安装报错：0x80070641-无法访问Windows Installer服务
02133  python如何在报错后继续运行_Python，如何在异常发生后继续运行程序
02134  python安装selenium报错_新手用Python运行selenium的常见问题
02135  python报错invalid character_python提示Syntax Error报错解决教程
02136  python中nameerror怎么处理_Python 运行报错NameError出现原因，怎么解决
02137  Python报错ModuleNotFoundError: No module named 'numpy'
02138  python报错：TypeError: 'int' object is not subscriptable
02139  python报错：cannot import name ‘PDFDocument‘ from ‘pdfminer.pdfparser‘ 解决方法
02140  使用 VsCode 调试 Python 报错：ModuleNotFoundError: No module named xxx
02141  vscode运行python报错
02142  pyCharm中pythonConsole报错，解决方法
02143  python 报错：‘yield‘ outside of function
02144  Python报错-AttributeError: module ‘librosa‘ has no attribute ‘output‘
02145  Python中遇到报错：SyntaxError: (unicode error) ‘unicodeescape‘ codec can‘t decode bytes in position 2-3: t
02146  Python中将异常写入日志文件
02147  安装Python报错could not write value to key.....
02148  使用fiddler抓包工具时 Python requests 报错：ValueError: check_hostname requires server_hostname 之解决方案
02149  【错误记录】Mac 中 IntelliJ IDEA 运行 Python 程序报错 ( End of statement expected )
02150  Python报错-TypeError: only integer scalar arrays can be converted to a scalar index的处理方法
02151  Python 报错 | 导入celery模块报错
02152  python报错“cannot import name ft2font”
02153  python报错：TypeError: ‘module‘ object is not callable的解决方法
02154  python解密工具Ciphey运行出现UnicodeDecodeError:illegal multibyte sequence报错问题
02155  Python- exe应用程序在Windows Server2012 64位系统运行报错
02156  python脚本运行报错问题
02157  python将终端的错误提示打印输出到txt文件
02158  关于python pip 安装提示Microsoft Visual C++ 14.0报错的解决方法
02159  Python错误总结：Python读取文件报错
02160  全网最值得收藏的Python常见报错及其解决方案，再也不用担心遇到BUG了！
02161  python报错invalid character_Python之编程思维之如何解决代码报错
02162  python3.8报错NameError: name ‘long‘ is not defined
02163  python 报错TypeError: ‘int‘ object is not iterable解决方案及原因
02164  python 引用文件中的类 报错_解决python中import文件夹下面py文件报错问题
02165  python报错：NameError: name ‘a‘ is not defined
02166  【Python】报错：SyntaxError: unexpected character after line continuation character
02167  Python报错：找不到yaml包
02168  python 空格报错
02169  【错误记录】PyCharm 运行 Python 程序报错 ( PEP 8: E305 expected 2 blank lines after class or function definiti )
02170  已解决（Pycharm切换Python版本后报错）No Python at”C:Program FiLesPython39pythen.exe‘
02171  Python报错：AttributeError
02172  python发生未知错误自动重启程序
02173  Python报错TypeError: data type not understood
02174  Python报错：OSError: cannot open resource
02175  Ubuntu中Python程序在shell运行报错
02176  python 错误：KeyError
02177  python-pandas，dataframe报错dataframe type object ‘object‘ has no attribute ‘dtype‘
02178  python安装tensorflow报错_TensorFlow 安装报错的解决办法
02179  真正永久解决在cmd输入python命令行出现Warning问题
02180  python命令行运行时，报错ModuleNotFoundError: No module named ‘XXX‘，找不到自定义模块
02181  python 忽略错误,python忽略警告(warning) 错误实现方法
02182  Python读取xls|xlsx文件报错：raise XLRDError(FILE_FORMAT_DESCRIPTIONS[file_format]+‘； not supported‘)
02183  python    报错 IndentationError: unexpected unindent
02184  已解决（Python最新xlrd库读取xlsx报错）SyntaxError: invalid syntax
02185  已解决（Python3中pip无法安装urllib报错问题）No matching distribution found for urllib
02186  Python2.7安装MySQL-python错误方法解决
02187  解决PyCharm Python Console报错Error running console的问题
02188  Python|包明明存在但是却在运行中报错“No module named XXX”
02189  python循环出现错误、继续下一个_在Python中遇到错误后继续循环
02190  python 等号报错_python提示Syntax Error报错解决教程
02191  python报错 ImportError: cannot import name ‘SKIP_ADMIN_LOG‘ from ‘import_export.admin‘
02192  python报错：fails to pass a sanity check due to a bug in the windows runtime
02193  python报错 [] “not found in axis“ or “not found in column“
02194  Python 报错jpype._jvmfinder.JVMNotSupportedException: JVM mismatch, python is 32 bit and JVM is 64 bit
02195  Python报错：TypeError: 'function' object is not subscriptable
02196  python报错出现 KeyError: 'longitude'
02197  Python 报错 TypeError: 'type' object is not subscriptable
02198  npm install Python报错
02199  Python使用中遇到的报错与解决思路--持续更新
02200  Python连接impala报错：cur=conn.cursor()
02201  Python报错解答——TypeError: cannot unpack non-iterable int object
02202  Python+OpenCV3人脸识别项目中的常见报错（已解决）
02203  shell脚本执行python文件报错：ModuleNotFoundError: No module named ‘xxxx‘
02204  【树莓派使用】Python3安装OpenCV2报错问题解决方法
02205  npm install 运行报错 “ Can‘t find Python executable “python“, you can set the PYTHON env variable.”
02206  Python的Keyboard Interrupt问题
02207  【Python】——IndexError: list index out of range报错
02208  python报错：selenium.common.exceptions.ElementClickInterceptedException
02209  VS Code下运行Python程序报错ModuleNotFoundError的解决方案
02210  Python报错：关于import torch报错问题的解决
02211  Python加载数据入库SqlServer报错问题总结（持续更新，欢迎补充）
02212  Python 报错SyntaxError: invalid character in identifier
02213  Python报错 python unhashable type
02214  Python及pip安装与报错处理【pip永久换源】
02215  python读取文件报错：‘utf-8‘ 或“gbk” codec can‘t decode byte 0xbe in position 627: invalid start byte
02216  关于ImportError: No module named ‘tensorflow‘报错的解决
02217  解决python读取文件gbk编码和utf-8编码都报错的问题
02218  将Opencv-python导入Pycharm（import cv2报错）
02219  Python 中文注释报错解决方法
02221  python报错：index 1 is out of bounds for axis 0 with size 1
02222  python运行报错：unindent does not match any outer indentation level
02223  python报错TypeError:can‘t convert complex to float
02224  Python 报错 SyntaxError: invalid syntax 解决方法
02225  Python报错：找不到PIL包
02226  解决Python报错ImportError: cannot import name imresize
02227  神奇的python(五)之python强制退出报错(异常)解决方法
02228  pycharm上安装MySQLdb-Python 报错解决方案
02229  python报错：ImportError: cannot import name ‘_tf_stack‘ from ‘tensorflow.python‘
02230  Python报错segmentation fault
02231  关于python项目，引用本地py报错
02232  python3 引入requests报错ImportError的处理方案
02233  python程序不报错但是_python程序没有报错但是运行没有任何结果怎么办？
02234  python爬虫报错 json.decoder.JSONDecodeError: Expecting value: line 1 column 1 (char 0)
02235  终端运行python报错TypeError: Can't mix strings and bytes in path components
02236  Python中安装pillow一直报错解决
02237  【Python报错】MemoryError
02238  Windows环境下使用Python设计应用软件——【4】使用pycharm运行程序时异常但是没有报错信息
02239  Python报错"utf-8' codec can't decode byte 0xb0 in position 0: invalid start byte"
02240  Python 输出中文报错问题
02241  python报错：math domain error
02242  解决Python报错：local variable 'a' referenced before assignment
02243  python报错invalid character in identifier
02244  python opencv ImportError: libGL.so.1: cannot open shared object file: No such file or directory
02245  python中文注释报错
02246  python安装yaml ,提示错误
02247  python运行报错RuntimeError: CUDA error: CUBLAS_STATUS_ALLOC_FAILED when calling `cublasCreate(handle)`
02248  【python】报错：ImportError: DLL load failed: 找不到指定的模块 的详细解决办法
02249  【Python报错解决方案】TypeError: ‘float‘ object is not callable
02250  python requests.get报错_解决Python requests 报错方法集锦
02251  python打印汉字报错_python中文输出报错解决方案（实例教程）
02252  Python报错：ImportError: Missing optional dependency &#39xlrd&#39.Install xlrd &#62= 1.0.0 for Excel
02253  已安装Anaconda情况下，命令行pip,python报错（详细 已解决）
02254  【Python】代码格式中报错：Unexpected indent
02255  Python报错TypeError: Tuple or struct_time argument required
02256  Python报错 invalid character in identifier
02257  Python报错：RecursionError: maximum recursion depth exceeded in comparison
02258  python报错invalid character in identifier
02259  2020-10-26 Python运行出现‘Value Error’报错的原因！
02260  Windows的Python3.6报错_ssl.c:749解决办法
02261  Python报错：'unicodeescape' codec can't decode bytes in position 2-3: truncated \UXXXXXXXX escape
02262  Undefined variable: print  python报错解决办法
02263  python 报错 ModuleNotFoundError: No module named 'MySQLdb'
02264  python导入模块错误-No module named XXX-图文解决方案
02265  python报错 AttributeError: ‘bytes’ object has no attribute ‘encode’
02266  Python爬虫报错：No module named jsonpath
02267  Python安装包时出现的问题及解决方案
02268  python读取json文件报错
02269  python:中文输出报错UnicodeEncodeError
02271  Python如果导入ssl模块错误
02272  安装库时Python报错：module 'pip' has no attribute 'main'问题详解
02273  python报错ModuleNotFoundError: No module named 'tensorflow.nn'
02274  Python 成功解决报错 asyncio RuntimeError: This event loop is already running
02275  处理因移动Python文件位置导致pip命令报错
02276  Python + Appium 出现Method has not yet been implemented 报错解决办法
02277  解决Appium-Python-Client安装报错的问题
02278  Python RocketMQ 报错及其解决方法
02279  python之解决找不到模块问题
02280  python运行错误-Python 运行报错NameError出现原因，怎么解决
02281  python运行报错：ValueError: need more than 1 value to unpack
02282  python读取csv报错
02283  Python报错ERROR: Command errored out with exit status 1: 解决方法：
02284  python报错TypeError: invalid type comparison
02285  vscode使用Anaconda调试python报错CommandNotFoundError: Your shell has not been properly configured to use
02286  python报错：ModuleNotFoundError: No module named 'selenium'
02287  windows2012R2安装python3.x版本报错0x80240017
02288  python报错2-type object 'datetime.datetime' has no attribute 'datetime'
02289  npm安装报错找不到python、c++等：npm ERR
02290  Python----方法返回None值报错 TypeError NoneType object is not callable
02291  win10 Python3.8安装opencv库（pip安装）以及几种报错解决方案
02292  vscode调试python相对路径报错问题
02293  CMD安装python库报错
02294  【Python】Python 操作 elasticsearch 版本兼容问题导致报错的解决方案
02295  python报错：ordinal not in range(128)解决方案
02296  解决EasyOCR报错：cv2.error: Unknown C++ exception from OpenCV code
02297  python异常打印堆栈
02298  pycharm运行python报错  CreateProcess error=2, 系统找不到指定的文件
02299  python代码服务器上运行报错
02300  python报错TypeError: must be str, not int
02301  npm install报错缺少python
02302  python 安装cv2报错解决办法
02304  已解决（Python键盘中断报错问题） KeyboardInterrupt
02305  Python3.9安装pycrypto报错处理
02306  python中安装PIL报错解决方案
02307  Python里pyinstaller库报错解决办法
02308  python pygame库安装报错解决
02309  python项目中导入自定义的包报错
02310  python ltp模块安装报错
02311  python 使用numpy时 报错
02312  明明安装了模块/包，Python提示无包/模块/报错
02313  python的torch_Pycharm中import torch报错的快速解决方法
02314  python导入csv报错_Python 导入csv报错的解决办法
02315  python运行报错 KeyError: “[‘year’] not in index”
02316  Python3.5.1 报错 ImportError: cannot import name 'Type'
02317  Python3.7解决报错：'NoneType' object has no attribute 'decode'的办法
02318  python报错: Python.h: 没有那个文件或目录
02319  python多线程出错,程序直接结束,没有继续执行
02320  Python 报错 No module named 'Image'
02321  安装opencv-python时候报错
02322  【报错】python  KeyError: 2
02323  python创建venv报错returned non-zero exit status 1.
02324  python读取tif图片报错
02325  Python连接SQL Sever报错
02326  Repo下载以及Repo init报错解决
02327  python打开一个不存在的文件报错_Python打开文件报错怎么办
02328  python 相对路径报错
02329  python请求https接口报错（已解决）
02330  python报错Connection to Python debugger failed Socket closed
02332  python报错OSError: [Errno 22] Invalid argument
02333  Python导入模块报错问题的分析
02334  已解决（cmd进入Python环境报错）No Python at ‘C:Users…Python Python39python. exe’
02335  【Python】from PIL import Image 报错
02336  奇异矩阵报错处理numpy.linalg.LinAlgError: singular matrix
02337  python:出现SyntaxError: unexpected character after line continuation character解决方案
02338  彻底解决python依赖安装失败的问题
02339  python安装PysimpleGUI报错解决方案
02340  VScode安装platformio运行报错
02341  【python】python打包后运行exe报错：LookupError: unknown encoding: utf-8
02342  Python报错：ConnectionRefusedError: [WinError 10061] 由于目标计算机积极拒绝，无法连接。
02343  Python报错集合篇7-KeyError: 1
02344  Python报错:  No module named 'lxml'
02345  pycharm运行Python报错如No module named BeautifulSoup
02346  python报错 ImportError: No module named yaml
02347  Python报错：No module named 'matplotlib.externals'  解决方法
02348  python 报错 ImportError: No module named setuptools
02349  【python】报错SyntaxError: invalid character in identifier的原因分析
02350  【Python报错解决方案】TypeError: Cannot compare types ‘ndarray(dtype=int64)‘ and ‘int64‘
02351  解决ROS运行python程序报错：ModuleNotFoundError: No module named ‘rospkg‘成功解决方案
02352  python导入requests报错_import requests报错
02353  python报错 ModuleNotFoundError: No module named 'win32api'
02354  python报错：TypeError: cant multiply sequence by non-int of type float（bug）（csdn标题没法用英文引号，以后注意别搜引号）
02355  python No module named 'encodings'报错
02356  conda安装环境报错：Solving environment: failed with initial frozen solve
02357  【python np.where】- 报错:raise ValueError(ValueError: Length of values does not match length of index)
02358  Python allure报错：‘allure‘ 不是内部或外部命令，也不是可运行的程序 或批处理文件。
02359  Python常见问题之单双引号使用错误
02360  Python 技巧篇-如何避免python报错导致强制关闭窗口
02362  python报错MemoryError
02363  Python报错module 'scipy.misc' has no attribute 'imsave'
02364  Python学习记录—— pip install aip报错
02365  pip list 报错
02366  python中调用linux命令报错cat: -: Bad file descriptor
02367  python 多进程报错（创建运行多进程）：RuntimeError：An attempt has been made to start a new process before the....
02368  计算机语言import,解决python用import报错的方法
02370  python中eval报错_python脚本中使用eval()，运行报错的解决方法
02371  Python使用input输入字符串会报错
02372  jeston_tx2及小觅魔方中使用TensorFlow和opencv-python报错ImportError: cannot allocate memory in static TLS block
02374  Python中的各种报错
02375  python报错 TypeError: sequence item 0: expected str instance, int found
02376  python 报错 too many values to unpack (expected 3) 的解决方案
02377  Python中open()函数打开文件路径报错问题
02378  pip install mysql_python报错终极解决办法。
02379  python return错误_python的return语法错误怎么解决
02380  Python-pandas Passing list-likes to .loc or [] with any missing labels is no longer supported错误的解决
02381  python脚本报错问题解决: tSocket read 0 Bytes
02382  python json字典通过（.键值）取值报错
02383  关于from selenium import webdriver运行时报错
02384  运行python项目报错：certificate verify failed: self signed certificate in certificate chain (_ssl.c:1108)
02385  Python报错TypeError: expected string or bytes-like object
02386  Python命令行模式导入自定义类不成功及导入自定义模块报错ImportError
02388  python程序没有报错但是运行没有任何结果怎么办？
02389  python安装包报错：PackagesNotFoundError: The following packages are not available from current channels
02391  解决Python中文注释报错
02392  python 读取xlsx文件报错，解决方法 ( xlrd 2.0.1 仅支持 .xls 文件)
02393  python报错：No matching distribution found for yaml
02394  Python 中str类型和int类型连接时会报错，强制类型转换
02395  使用python的xlrd读取Excel文件时报错：
02396  Python-opencv打开摄像头报错
02397  Python从.py文件中导入类和函数报错问题解决
02398  解决 python安装matplotlib模块报错问题详细步骤
02399  TypeError: unhashable type: ‘dict‘原因
02400  python2脚本python3运行常见报错
02401  python爬虫之请求头报错：ValueError: Invalid header name b':authority'
02402  python 报错 This COM object can not automate the makepy process - please run makepy manually for this
02403  明明已经安装了某个模块，python报错：ImportError: No module named ***
02404  python 报错：not all arguments converted during string formatting
02405  python连接hbase出现message='No protocol version header' 报错
02406  mac安装mysql-python报错历程
02407  xml文件中有中文时，使用python报错的解决方案
02408  解决python报错IndentationError: expected an indented block的方法
02409  【Linux学习笔记】解决：yum install python-dev 报错（CentOS安装Python-dev库）
02410  python报错AttributeError: 'NoneType' object has no attribute 'group'和正则匹配整数和小数
02411  python类中调用类方法时，报错self参数未填。
02412  numpy报错问题
02413  python3 At least one sheet must be visible报错的解决办法
02414  VScode报错无法获取python扩展
02415  opencv python imshow 报错 window.cpp
02416  Python报错：module 'tensorflow.python.keras.backend' has no attribute 'get_graph'
02417  记录Python打包exe文件运行报错ImportError但不提示具体报错解决方法
02418  python自定义异常
02419  python3.6.8 pip install gensim 报错
02420  python导入tensorflow_Python导入tensorflow报错处理方法
02421  python安装模块时报错 Could not build wheels for cryptography which use PEP 517。。。
02422  终端运行python命令卡死，程序不运行也不报错
02423  jenkins运行报python脚本报错的解决方法
02424  python安装ddddocr报错的几种情况 pip install ddddocr
02425  关于Python PDM管理包安装 mysqlclient 报错
02426  十一、测试网速端口被占用 运行命令python -m SimpleHTTPServer报错
02427  安装weditor报错
02428  python安装包时报错Microsoft Visual C++ 14.0 or greater is required. Get it with “Microsoft C++ Build Tools
02429  python操作kafka报错 self.async
02430  Python pip install安装包时报错的解决办法
02431  Python代码缩进格式报错
02432  python 更新pip报错 解决方法大全
02433  python打开文件报错:Invalid argument
02434  Python3.7 运行报错import requests  ModuleNotFoundError: No module named ‘requests’
02435  Ubuntu18.04下使用pyenv安装python报错：BUILD FAILED (Ubuntu 18.04 using python-build 20180424)
02436  Python报错：ModuleNotFoundError: No module named 'yahoo_finance'
02437  python报错IndentationError: unexpected indent
02438  Ubuntu中通过launch文件运行python报错
02439  python中multiprocessing模块在windows下报错的问题
02441  解决Python使用matplotlib绘图时出现的中文标签报错问题
02442  Python安装xlrd教程及报错解决方案
02443  解决python报错ImportError: No module named '_tkinter'
02444  python中出现SyntaxError: ‘break‘ outside loop的原因
02445  Python int的错误
02446  Python报错: python setup.py egg_info" failed with error code 1
02447  python报错：ordinal not in range(128)解决方案
02448  python try except 语法 多个except 多种报错
02449  Python中报错提示TypeError: ‘function‘ object is not subscriptable
02450  python文件调用另一个文件报错
02451  python遍历df时报错：TypeError: tuple indices must be integers or slices, not str
02452  EOF while scanning triple-quoted string literal 报错是什么意思
02453  Python已经pip安装某模块后仍然报错ImportError: No module named ***
02454  树莓派卸载python3各种报错
02455  【python代码打包为exe文件，debug模式可以运行。以服务模式却会报错】
02456  Python使用fitz库报错、运行异常解决办法
02457  安装tensorflow报错
02458  关于Python中end=““报错的问题
02459  python之第三方模块安装&报错&解决方案
02460  Python打印异常信息两种方式
02461  python爬虫 from lxml import etree 导入模块报错原因
02462  Python安装pdfplumber库报错解决思路
02463  python导入openpyxl报错问题，终于解决啦
02464  Python报错：IndentationError: unindent does not match any outer indentation level解决办法
02465  python报错1-'int' object is not iterable（'int'对象不可迭代）
02466  解决python安装后cmd报错Fatal Python error: Py_Initialize: unable to load the file system codec
02467  Python中文注释报错和中文输出乱码
02468  关于linux下python 报错：‘ImportError: No module named’  的问题
02469  python爬虫使用代理报错解决方案
02470  python报错问题，TypeError: _locateAll_python() got an unexpected keyword argument 'confidence
02471  解决vscode调试python turtle库, 报错"Module 'turtle' has no 'penup' member: no-member"却可以运行的问题
02472  Python  ModuleNotFoundError: No module named ‘xlrd‘
02473  python 报错　IndentationError: expected an indented block   SyntaxError: invalid character in identifie
02474  pycharm安装mysql-python报错
02475  python3.x运行程序报错AttributeError: 'dict' object has no attribute 'iteritems'
02476  python程序打包成.exe 文件报错ModuleNotFoundError：No module named ‘watchdog‘ 解决方案
02477  python 运行报错-‘int‘ object is not iterable（‘int‘对象不可迭代）
02478  python pyinstaller打包报错ModuleNotFoundError: No module named ‘xx‘
02479  Python报错 from . import _imaging as core
02481  Python3.8 pip install wxPython 报错解决-XXOO
02482  一零二、python3 reload(sys)错误提示
02483  python 报错 No module named Crypto.Cipher
02484  Python关于%matplotlib inline 标红底报错
02485  CentOs 8使用 yum install python-pip 安装报错 No match for argument: python-pip
02486  pip 版本更新报错
02487  pip search报错
02488  记录解决安装ryu过程中因版本问题报错
02489  Python导入上级目录下文件夹的py文件报错
02490  python执行报“CreateProcess error=2, 系统找不到指定的文件”错误解决方法
02491  Python 细节-列表越界却不报错
02492  python报错：No such file or directory: '…\\Anaconda3\\lib\\venv\\scripts\\nt\\python.exe
02493  python百宝箱：使用try …… except 时输出报错详情
02494  python报错：TypeError: 'int' object is not subscriptable的几种常见情况及解决办法
02495  Python报错：TypeError: 'dict_keys' object does not support indexing（机器学习实战treePlotter代码）解决方案
02496  VS2015 下python编程，报错：‘utf-8‘ codec can‘t decode byte，解决办法?
02497  python报错TabError: Inconsistent use of tabs and spaces in indentation
02498  Python报错ValueError: Unknown projection '3d'
02499  python爬虫报错urllib.error.URLError: urlopen error [Errno 11001] getaddrinfo failed解决办法
02500  python链接kafka出现错误
02501  python bs4模块报错_Python3安装bs4报错及解决方案
02502  pip安装geopandas包时报错
02503  Python报错"undefined variable from import:"
02504  Vscode运行Python文件import numpy as np报错
02506  解决Python爬虫时，使用selenium打开谷歌浏览器报错 “chromedriver executable needs to be in PATH”
02507  python安装lxml后导入etree报错的解决办法
02508  发现一个问题，为什么同一段python代码在IDLE中可以正确运行，在力扣中却报错了
02509  Python报错：'dict' object has no attribute 'iteritems'（机器学习实战kNN代码）解决方案
02510  导入substance in unity时报错的一个解决方法
02511  python 循环中报错 继续运行_Python 爬虫运行时如何忽略错误，并继续运行
02512  python 报错 **AttributeError: module 'string' has no attribute 'letters'** 的解决方法。
02513  python编写django项目中报错：HTTP 错误 : 500Internal Server Error
02514  pip install mysql-python出错解决方案
02515  python出错 unexpected keyword argument 'categories'
02516  python出错：local variable XXX referenced before assignment
02517  python安装lxml库出错_python安装lxml出错的解决方法
02518  使用Anaconda创建python环境 & 常见错误
02519  python pip 出错解决办法
02520  Python出错ZeroDivisionError: float division by zero
02522  python报错后继续执行之前的代码_python异常报错处理
02523  python 错误自动重新执行_python代码出现异常，自动重新运行
02524  Windows10+python3.7安装mysql-python出错
02525  python遇到错误跳过_python 如何跳过异常继续执行
02526  Python2 安装cv2/opencv-python出错
02527  python导入pandas出错_在python中导入Pandas总是会出错
02528  visual studio2017调试python出错：python2.5及更早版本不支持调试
02529  Python安装wordcloud出错
02530  vscode连服务器python拓展出现问题
02531  使用geany编写python运行出错
02532  python3.5安装opencv-python出错
02533  python import lap  出错
02534  pip install opencv-python时报错，解决方法如下
02535  python发生未知错误自动重启程序
02536  windows下运行python文件路径总是出错？
02537  Python-遇到异常报错忽略继续运行方法
02538  Python中常见错误总结
02539  Python中常见的错误及意思
02540  Python运行报错most recent call last
02541  安装Python版本的Autodock Vina失败原因分析
02542  python常见错误-新手常见Python错误及异常解决处理方案
02545  python错误-Python错误和异常(error)处理技巧
02546  python常见的错误提示处理
02547  python import模块出错
02548  Python调用dll传入uint32类型数组数据出错
02549  Python常见错误
02550  python 出错,Python 错误和异常小结
02551  python报错跳过继续执行_python如何设置报错跳过
02552  python打包成exe文件出错
02553  python常见的格式错误_Python常见的17个错误分析
02554  Python编程报错错误总结
02555  【已解决】pip install出错
02556  python中from import出错_VSCode提示Python源码from...import...出错
02557  python3.9安装wordcloud出错解决办法
02558  python返回错误提示_python 错误处理
02559  26、python--学会定位查看出错位置
02560  python3.9安装matplotlib出错的解决办法：
02561  Python中KeyError: 的解决方法
02562  解决python2编译中文出错
02564  python3.6 使用pandas读取xlsx出错 not supported
02565  Python出错：TypeError: coercing to Unicode: need string or buffer, NoneType found
02566  Python安装lxml出错解决
02567  Python fitz模块导入出错的解决
02568  简单记一次pip install opencv-python报错
02569  Python3安装mysql出错
02570  python引用numpy出错_使用numpy时出错
02572  python代码运行不了怎么办_Python编程之运行出错怎么办
02574  关于使用Python安装matplotlib后，加载库时出错的解决方式
02575  Python+opencv出错
02577  python语法错误怎么办_python错误处理详解
02578  Python3之十大经典错误及其解决办法
02581  Python 错误和异常
02582  python错误和异常-python错误和异常
02583  在VSCode中配置Python环境以及可能出现的问题和解决办法
02584  brew link python3出错
02585  异常，Python 中错误的处理方式
02586  python错误大全
02587  xShell运行Python脚本报错 Python script error 80040154
02588  linux python2 安装gmpy2出错
02589  Python错误、异常和模块
02590  电脑编程python老是出现错误_自己编程中遇到的Python错误和解决方法汇总整理
02591  Python安装pyecharts出错
02593  python的错误和异常处理
02594  python的常见报错信息
02595  python 3.10 安装pytorch出错
02596  python--关于pip install 安装openpyxl出错
02597  Python连接mysql数据库出错解决方案
02599  使用cocos studio打包apk报错或者用python打包出错，执行命令出错，返回值：
02600  python open()函数打开文件出错
02602  Python库安装失败解决办法
02603  解决python3.9安装pillow库出错问题
02604  【python】Python安装pip出错：no matching distribution found for xxx
02605  python如何在报错后继续运行_Python，如何在异常发生后继续运行程序
02606  python 怎么报错后再次启动?
02609  Python 3.7.0安装后 运行出错
02610  pyenv安装python版本BUILD FAILED
02611  python解释器错误
02612  python安装的docx出错 No module named ‘exceptions‘
02613  新人python爬虫请求出错常见错误
02614  VScode 安装python扩展失败的问题解决
02615  python3.6 安装Twisted出错怎么办
02616  python2 安装 opencv 出错
02617  python语法错误-Python 错误和异常代码详解
02618  python打错了怎么办_写Python代码过程中碰到各种错误异常要怎么样去处理？
02620  python pip install 总是出错的解决方法
02621  Python-错误和异常处理
02622  python运行出现数据错误_17个新手常见Python运行时错误
02623  python3.8安装pandas失败_【Python】安装geopandas/fiona/gdal出错
02624  解决M1 mac 安装python3.9.1后无法使用pandas和numpy的问题
02625  新手向：Python常见错误及解决方法
02626  python运行错误-常见Python运行时错误之一
02627  python调用gdal.warp函数进行正射校正出错分析
02629  python显示语言错误_常见的Python语言异常错误类型|python基础教程|python入门|python教程...
02630  Python编程常见出错信息及原因分析（4）
02632  python3.8 安装email模块出错
02633  python三种错误_Python处理错误三种方式
02634  想要python不报错，进来看看--＞python常见错误和异常处理
02635  python中文路径识别,python读取中文路径时出错(2种解决方案)
02636  python运行出错时打印错误提示信息
02638  python安装0x80070643严重错误
02639  Python3之Windows下virtualenv创建虚拟环境出错
02640  python编译出错：Could not build the ssl module! Python requires an OpenSSL 1.0.1
02642  python setup.py install 出错_python setup.py install 失败
02643  python3 中 pyautogui安装出错
02646  pip install python-Levenshtein失败
02647  python编译器不能运行出错的解决办法
02648  python try 报错继续循环_Python中try-except出错后如何从try出错地方继续执行？
02649  python3.5中urlopen出错
02652  pip install出错解决方法
02654  Python采用pip安装MySQLdb时出错
02657  python语法错误显示_新手常见Python错误及异常解决处理方案
02660  python项目中导入自定义的包报错
02661  node-gyp与Python版本不同导致编译出错
02662  python提示语法错误_Python错误和异常(error)处理技巧
02663  python中if错误-python中常见错误及解决方法
02664  python使用pip时出错（ERROR: Exception: Traceback (most recent call last)）
02666  新手常见6种的python报错及解决方法
02667  python的错误处理机制
02668  python setup.py build develop编译出错  RuntimeError: Error compiling objects for extension
02669  解决python安装后cmd报错Fatal Python error: Py_Initialize: unable to load the file system codec
02670  python中错误类型,在Python中 出现的错误类型以及解决办法
02671  python程序编译错误_Python编译错误集锦
02672  python中如何捕获错误
02673  python，pip3 install requests出错
02674  Python：pip install requests出错解决及一些问题处理
02675  python中input错误,python中的输入异常
02677  cmake命令出错：Could NOT find PythonLibs (missing: PYTHON_LIBRARIES PYTHON_INCLUDE_DIRS)
02678  python爬虫错误：ConnectionResetError: [WinError 10054] 远程主机强迫关闭了一个现有的连接。
02679  Python3.6安装numpy跟scipy库出错解决方案
02680  有关python引用win32api出错的解决办法
02681  VSCode python debug突然失效问题的解决
02683  Python定义类出错——takes no arguments
02684  关于在conda环境下，pip已安装好包，但是python import错误的解决方法
02687  Python输出异常信息（行号）
02688  python安装常见错误 解决方法
02689  vscode使用Anaconda调试python报错CommandNotFoundError: Your shell has not been properly configured to use
02690  python subprocess 启动程序出错
02691  Python from 同级目录/文件夹 import时报错
02692  vscode导入同级目录python自定义模块出错
02694  python程序开发错误与异常_python错误、异常和程序调试的方法介绍（附代码）
02695  Python异常及处理方法总结
02698  python中exception方法_Python常用异常及处理方法
02701  Python中通常不应该犯的7个错误
02702  python错误-新手常见Python错误及异常解决处理方案
02705  17个Python运行时的错误（python错误）
02706  python中list.index()异常的解决
02709  python3.10编译安装报SSL失败解决方法
02710  python文件调用另一个文件报错
02711  Python中使用pip install 导入schedule 总是出错，求助
02712  Python重新安装出现的问题及解决方案
02715  win64下python安装PIL出错
02719  13. 如果自己写的 Python 程序出错了，怎么办？
02721  关于windows系统py文件闪退问题
02722  神奇的python(五)之python强制退出报错(异常)解决方法
02723  Python路径无效问题
02724  python3.8，pip安装各自包出错原因
02725  Python 安装插件出错
02727  eclipse调用python模块是出错及解决
02728  python各种简单诡异问题-10:03 运行 ‘main‘ 时出错: Cannot run program -CreateProcess error=2, 系统找不到指定的文件
02730  python编程时显示语法错误_Python编程的10个经典错误及解决办法
02731  Python基础中所出现的异常报错总结
02732  解决python绘图时，中文不能显示的问题
02733  Python中matplotlib出错问题的解决
02734  python使用-Python3 错误和异常
02735  python报错汇总
02737  解决 conda 环境中调用 python 失败的问题
02738  Python使用try...except...输出详细错误
02739  Python使用input输入字符串会报错
02740  opencv python imshow报错
02741  Python基础知识（三）：Python错误、警告、异常处理总结
02742  解决由于卸载出错导致的Python安装报告0x80070643错误问题
02743  Python之——解决Kali安装python-dev时依赖出错的问题
02744  Python引发异常，raise()及异常处理
02746  python打包exe文件出错解决方案
02748  最新Pycharm安装调用opencv-python步骤，以及遇到的问题： opencv已经安装成功；cmd环境下python可以import cv2 ；但pycharm下会出错
02750  Python: import gdal 出错解决方法
02751  python安装tensorflow后import出错
02752  python导入模块错误_Python导入模块时遇到的错误分析
02753  python读取中文路径时出错
02757  Python关于%matplotlib inline 报错解决办法
02758  Python读取中文文件名和含有中文字符出错/乱码解决
02759  Python运行%matplotlib_inline 时报错
02760  python引入opencv出错解决方法
02762  python3.x安装numpy成功，但是import出错
02764  python 安装pandas失败的解决办法
02767  Python常见十六个错误集合，你知道那些？
02768  python在运行调试程序时常出现的错误有_python错误、异常和程序调试
02769  PyCharm集成环境中，在python文件引入numpy包出错
02770  python 导入同级目录文件夹下的文件时报错
02771  Python常见的运行时错误
02773  Python3.8.1安装Tensorflow问题
02774  使用python中出现的错误及解决办法
02775  python编写应用程序错误_python程序出错怎么处理
02776  Python安装pdfplumber库报错解决思路
02781  python3.6.8 pip install gensim 报错
02782  python3使用pip安装pyautogui一直出错
02785  Python项目运行open()函数报错
02792  Python 接口测试或爬虫中Http请求的Header头快速构造，解决“Fiddler中请求可以，Python发送请求失败等问题排查和问题原因说明”
02793  python3.x安装numpy成功，但是import出错
02794  pip安装python包出错：Could not find a version that satisfie
02795  opencv已经安装成功；cmd环境下python可以import cv2 ；但pycharm下会出错
02796  python import settings报错的解决
02798  python3安装wordcloud库出错及其解决办法（使用命令行安装）
02800  python3.5安装ujson出错
02801  PyCharm下载包出错
02802  【Python基础】Python3十大经典错误及解决办法
02803  python报错解决方式
02804  [Python]import 出错
02805  python包setup出错的解决办法
02806  python中语法错误-Python3 错误和异常
02807  python常见错误集合
02809  已解决（Python语法报错）SyntaxError invalid syntax
02810  python错误-python错误处理详解
02813  Python在运行中发生错误怎么正确处理方法【案例详解】
02814  python安装easyinstall/pip出错
02816  Python常见报错及解决方案，建议收藏
02817  python语言包含的错误_Python3十大经典错误及解决办法
02819  python plt 保存jpg出错
02820  python 之numpy 安装失败解决方法
02821  python -m playwright install 安装失败
02824  64位Win10下python调用dll出错
02830  python-dev 库缺失导致安装 matplotlib 出错
02835  python创建数据库时会遇到的错误
02837  python3版本使用weditor报错，解决方案
02838  python2 import urllib2报错
02840  3个常见的Python用法错误及解决方法
02843  python程序运行不了怎么办_在python中运行程序时出错怎么办？
02844  Python 抛异常处理（精）
02845  python中调用open（）打开文件时路径出错的原因
02847  python error_Python3 错误和异常
02848  python 跨文件 跨文件夹引用，以及遇到的问题unresolved reference、No module named
02851  python虚拟环境迁移，pycharm识别python版本出错
02852  python错误和异常区别_一日一技：一文搞懂Python错误和异常
02853  python安装失败了_python安装库安装失败怎么解决
02854  python导入自己写的模块出错解决方法
02855  pycharm不能选择python.exe问题处理方法
02856  win10卸载python不干净导致重新无法安装
02857  python进行安装第三方库（以及解决导入库出错的问题）
02860  pycharm可以创建新项目，但无法创建python文件
02861  "python manage.py makemigrations learning_logs" 命令显示出错
02862  python3安装beautifulsoup一直出错
02863  python 坐标轴的标签无法显示中文
02867  python---NameError
02868  python中penup的意思_python - 我在turtle模块的penup（）函数中出错 - 堆栈内存溢出...
02871  彻底解决python库安装慢的问题
02872  python安装之未指定的错误
02873  python安装matplotlib库三种失败情况
02875  Python——错误及处理
02876  python三种错误_如何避免3个常见Python错误
02879  使用Python遇到的错误、错误原因及解决方法
02880  python 3导入当前目录模块和子目录下模块出错
02881  [Python]json对象转换出错expected string or buffer python
02882  python中常见的运行时错误_Python常见运行时错误
02883  Python3十大经典错误及解决办法，这操作真香
02884  python显示安装失败_Win7安装Python失败 提示Setup failed
02885  使用 Python 安装 xlutils 出错
02886  Python运行出错
02887  如果自己写的 Python 程序出错了，怎么办？
02890  python常见的错误类型_Python 常见的错误类型
02891  解决pandas读取excel文件出错
02893  如何解决python2.7x 版本的安装出错问题
02894  python3安装pandas出错
02895  python导入win32com.client出错
02896  【python3】keras可视化出错相关解决方案
02901  python多线程出错,程序直接结束,没有继续执行
02902  编码问题导致python脚本运行时出错: 没有那个文件或目录
02903  Python链接redis出错的解决办法 ImportError: No module named redis
02904  python cv2.imshow 出错
02907  Python导出为exe程序（安装pyinstaller出错解决办法）
02909  python assertionerror怎么解决,python 错误处理 assert详解
02910  python如何处理异常，让程序不结束继续运行？
02913  python报错处理_Python 入门级报错处理
02914  python报错_Python错误解决
02916  记Python中的while True：pass的错误使用。
02917  17个常见的Python运行时错误，你中招了没？
02918  python提示unmatched_Python自动化学习--异常提示
02919  python----主动抛出异常并且捕获异常
02920  python提示语法错误_Python老提示语法错误
02921  关于Python+pyserial发开串口出错的问题--解决方法
02923  python常见的错误处理——try语句
02924  在python 3.6 64位的Windows里调用DLL出错
02929  Python安装api报错问题
02931  解决在Anaconda中安装opencv-python==3.4.1.15出错问题，解决opencv下载问题
02932  Jupyter notebook 创建新笔记本出错
02933  ubuntu安装python3.7过程中make test命令出错ModuleNotFoundError: No module named ‘_ctypes’
02934  pyinstaller 出错ModuleNotFoundError: No module named 'tensorflow.python.platform'
02943  python pip安装错误_python——pip安装运行报错及解决
02947  opencv-python的安装报错及处理
02948  python常见报错类型_Python常见的异常错误整理
02949  Centos7上安装python3.7--步骤，注意事项，以及常见的出错
02951  python错误与异常
02952  python 正常运行 打包exe出错
02953  python导入同一目录下的文件夹或者同一目录下的py文件报错
02954  python-常见的语法错误
02957  python错误怎么处理_python报的错误怎么处理
02958  17个新手常见的Python运行错误
02959  python setup.py build 编译错误
02961  最新整理的Python3常见错误及解决办法
02963  pycocotools安装出错
02966  安装OpenCV遇到：（ERROR: Exception: Traceback (most recent call last):）
02967  Python异常处理机制
02969  python 解决“ModuleNotFoundError“错误的万能方法
02972  python读取csv文件出错:显示utf-8编码问题该怎么解决
02974  windows python读取文件路径格式问题
02975  用Python下载you-get报错解决方案
02976  Python列表到dataframe – AssertionError
02977  Python 抛出异常
02980  python模块已安装为什么导入出错_Python导入模块时遇到的错误分析
02981  Python 安装cv2包出错
02986  python常见运行错误提示-Python运行时的常见错误
02987  python常见错误-python常见错误类型
02988  Python——解决numpy导入出错问题
02990  常见 Python 报错及解决方式（基础篇）
02991  python中常见的运行时错误_新手常见Python运行时错误
02993  plotly 安装解决关于python:pip install plotly 失败问题
02994  python中的错误以及异常处理
02995  【Python】Python安装igraph包加载出错问题
02997  python报错提示及解决方法
02998  python错误异常_python异常（错误）情况整理
02999  MAC电脑python中No module named cv2问题
03000  python pip install imutils 出错问题解决
03002  打印当前python文件出错行
03003  Java调用Python脚本无法得到运行结果
03005  vs2019 使用c++调用python中numpy，matplotlib等库出错
03009  python错误tensorflow.python.framework.errors_impl.InvalidArgumentError Assign requires shapes of both
03010  pythonwin安装出错
03012  QT C++调用Python Py_Initialize 出错
03019  python安装pandas模块安装失败解决方案（使用国内镜像）
03021  python中读取文件路径失败的原因
03022  Jupyter NoteBook 使用时遇到的两个坑以及解决，一创建python3文件报错500 Internal Server Error，二无法连接内核，运行代码一直是[*]状态
03023  python 提示错误_Python异常提示
03024  python运行错误-Python在运行中发生错误怎么正确处理方法，案例详解！
03025  idapython: importing "site" failed报错的解决方案
03026  python自定义模块导入失败_python导入自定义模块失败怎么解决
03027  python运行时错误-[转]17个新手常见Python运行时错误
03028  在python中导入gensim出错
03030  python 报错问题及解决方法
03031  linux版python升级依赖项问题
03033  python常见错误-Python 常见报错类型
03034  全网最值得收藏的Python常见报错及其解决方案，再也不用担心遇到BUG了！
03035  pycharm可以运行Python代码但是命令行无法运行
03036  setup.py install出错
03039  Python 函数声明先后顺序的问题！
03041  Python学习记录—— pip install aip报错
03042  解决Ubuntu12.04安装python-dev时依赖出错的问题
03044  python读取串口数据serial.serial出错_python用pyserial读取串口问题解决
03048  Python打不开、Python 安装时发生严重错误  “A newer version of the Python launcher is already installed“
03050  python ffmpeg opencv读取视频推流出错、花屏解决方法
03056  python一直报缩进错误_python中常见错误及解决方法
03057  Python报错异常的介绍，以及处理方式
03060  python常见报错以及解决方案（持续更新）
03063  17 个常见的 Python 运行时错误
03066  python错误与异常处理
03067  Python学习，python这些错误和异常你能解决吗？
03069  python的包导入问题from . import失败，或者import找不到文件
03070  Python中如何处理常见的报错
03071  python安装包报错：PackagesNotFoundError: The following packages are not available from current channels
03072  Python安装pandas出错解决办法-----光速下载方案
03073  python3 requests出错重试解决方法
03074  Python3加载libc.so出错（python3 OSError _lib64_libc.so invalid ELF header）
03075  Windows下安装 python  setuptools出错解决办法。
03076  python2.7画图保存为eps格式出错，而python3.4无错--终极原因
03077  python下载第三方库失败的解决办法
03078  python3异常打印异常信息_python3 异常及获取异常信息
03079  用python编程解决鸡兔同笼问题
03081  Python3 json文件为空时的问题
03082  RobotFrameWork-ride安装及出错的解决
03083  关于Python中end=""报错的问题
03084  项目执行 npm install （yarn）的时候报 node-sass 错误、python 错误？彻底搞清楚原因，让你百试不爽，完全不用那么麻烦。
03085  总结python中常遇到的错误以及常遇到的问题
03087  python中调用函数在init有返回值错误的解决办法
03091  python import random 报错_导致python中import错误的原因是什么
03095  【Python实例5.28】jieba库安装出错的解决方法~总结笔记
03097  python创建scrapy项目时出错TypeError: attrs() got an unexpected keyword argument 'eq'
03100  python suds 出错"No handlers could be found for logger 'suds.client'"
03103  windows 环境中python3.7下安装selenium——webdriver出错
03105  npm install命令出错，报错信息是关于python的
03107  python open找不到文件的原因_浅谈python 调用open()打开文件时路径出错的原因
03108  python基础教程：python3中pip3安装出错,找不到SSL的解决方式
03109  Python（310/64bit）的wordcloud库安装失败后解决方法的心路历程
03113  Python, PyCharm: PyCharm调试无法停在错误位置
03115  python遇到问题及解决方案_python新手常见的错误问题列举 - 及解决方案
03116  python 异常 ValueError setting an array element with a sequence
03117  python的“异常”处理——try语句
03118  重装python3.7后，使用pip,发生错误：name ‘pip‘ is not defined
03119  python docx 无法使用出错Import Error: No module named 'exceptions'
03120  零基础学Pyhton:最全Python常见异常运行错误提示！！比较费眼睛建议收藏慢慢看！！
03122  pip install weditor 出错
03123  python运行错误分析
03124  python的Error集，17个新手常见Python运行时错误
03125  Python 各种运行错误（如：SyntaxError ：invalid syntax）
03129  python读json文件json.decoder.JSONDecodeError终极解决大法
03131  如何安装python模块, python模块安装失败的原因以及解决办法
03132  Python中的traceback的基本用法（异常处理）
03134  python异常打印堆栈
03135  关于Python中end=““报错的问题
03138  python3 urllib 访问HTTPS网站的出错解决办法
03139  Python IDLE Subprocess Connection Error的解决方法
03142  Python操作数据库进行update时没有更新成功的问题
03143  python3安装pygame出错（输入“pip3 install pygame“,安装pygame模块报错）
03146  python库安装出错_安装Python库时出错？
03148  python中出现SyntaxError: invalid syntax的几种原因
03149  python常见错误-python初学者常见的错误
03150  python常见的错误问题列举 - 及解决方案
03153  python常见的语法错误_python编程中常见错误
03154  pycharm 运行提示：@Error running ‘xx‘: Cannot run program “C:\Python27\python.exe“ (in directory “D:\...)
03155  解决RecursionError: maximum recursion depth exceeded while calling a Python object
03156  python 提示错误,初学Python遇到的各种错误提示及解决方法
03157  python输出错误_python错误处理-
03160  python 错误代码_PYTHON错误代码及解决办法
03161  【pyecharts】python pyecharts画图时数据无法显示
03162  vscode import torch出错
03166  VSCode安装Python插件ipykernel问题
03168  Python浮点型（float）运算出错了怎么办？本文带你全方面解决浮点型
03169  python 之异常Exception 2
03170  Python split()函数使用中遇到的问题
03172  python打包总出错,解决Pyinstaller打包软件失败的一个坑
03173  python3 reload(sys)错误提示
03177  pip安装wxpython出错_安装Python - wxPython失败的解决方法
03180  Sublime Text4 配置 Python3 环境、代码提示、编译报错教程
03181  解决：python中pip升级出错及解决方法
03183  python中常见的错误提示_python常见异常提示
03184  python遇到错误处理_python 基础篇 错误和异常处理
03187  python 常见错误提示
03188  初学Python常见异常错误，总有一处你会遇到！
03189  win10  python3.8 安装wordcloud出错记录
03190  python中 FPDF error:Not a PNG file :‘1.png‘
03191  python 错误代码_Python 错误和异常代码详解
03193  python3 安装 matplotlib 出现的错误
03194  Python中常见的错误与解决办法
03195  python的“异常”处理——try语句
03196  python笔记 之 3.8下time.clock()引用出错的问题
03197  python报错常见原因整理
03200  用try异常函数解决处理多张图片报错用debug很难找出错误cv2.error: OpenCV(4.5.5) D:\a\opencv-python\opencv-python\opencv\modul
03201  Python异常及处理方法总结
03204  Python易错点总结(常见错误)
03205  python中eval报错_python脚本中使用eval()，运行报错的解决方法
03207  Python 导入包时报错 Traceback (most recent call last)
03209  VScode中python import/载入文件的路径问题
03210  pip重装以及opencv-python的安装问题
03211  Python3中使用map()结果出错的解决方法
03214  python  spyder安装错误分析
03215  python mongo数据库出错解决及pymongo操作
03216  Python新手使用if--else语句经常出现语法错误或者报错是什么原因？？
03218  基于Ubuntu的zsh: command not found: python错误简单解决方案
03219  VSCode如何设置Python代码的 错误提醒 & 格式化代码-简单两步
03220  c++ 调用python错误总结
03221  Python 错误：TypeError String Indices Must be Integers 【已解决】
03222  Python中的错误类型
03223  vue:安装 npm  install 时候包报python 错误
03224  python assertionerror怎么解决,python 错误处理 assert详解
03225  项目执行 npm install （yarn）的时候报 node-sass 错误、python 错误？彻底搞清楚原因，让你百试不爽，完全不用那么麻烦。
03226  python编程时显示语法错误_Python编程的10个经典错误及解决办法
03227  python一直报缩进错误_python中常见错误及解决方法
03228  python常见错误-新手常见Python错误及异常解决处理方案
03229  python安装常见错误 解决方法
03230  Python错误提示
03231  python错误异常处理try except Error
03232  python错误和异常处理
03233  python循环出现错误、继续下一个_在Python中遇到错误后继续循环
03234  Python全部的错误类型
03235  Python 错误 SyntaxError: unexpected EOF while parsing
03236  python错误合集：IndexError: invalid index to scalar variable.
03237  安装tensorflow1.12出现illegal hardware instruction  python错误
03238  python 变量名未定义_浅谈Python程序的错误:变量未定义
03239  Python——跳过异常报错并按要求继续执行
03240  python安装0x80070643严重错误
03241  Python错误集锦：除法运算时提示ZeroDivisionError: division by zero
03242  python 忽略错误_python如何忽略异常
03243  Python异常及处理方法总结
03246  Python 捕获异常
03247  Python错误集锦：NameError: name ‘a’ is not defined
03249  关于Docker 报错 问题 ERROR：This script does not work on python 3.5 The minimum supported Python version
03251  python加减法报错_Python错误集锦： 加法运算时提示TypeError: can only concatenate tuple (not “int”) to tuple...
03252  python报错跳过继续执行_python如何设置报错跳过
03253  Python错误：ModuleNotFoundError: No module named ‘keras‘（已解决）
03254  记一次npm安装依赖奇怪的gyp报python错误
03255  python缩进错误解决方法_python中常见错误及解决方法
03256  Python错误集锦：python: can’t open file ‘hello’: [Errno 2] No such file or directory
03257  python语法错误怎么办_Python中出现语法错误时解决方法
03258  Failed building wheel for llvmlite，Failed building wheel for opencv-python错误解决
03259  Python错误——cannot unpack non-iterable int object
03260  python发生未知错误自动重启程序
03261  python错误: TypeError: string indices must be integers
03262  python 错误：TabError
03263  【Python错误解决】No module named 'HTMLParser'解决办法
03265  Python错误之 SyntaxError: invalid syntax的解决方法总结
03266  python错误提示：TypeError: expected string or bytes-like object
03268  Python 错误 TypeError: only size-1 arrays can be converted to Python scalars
03269  python一直报缩进错误_如何避免Python中的缩进错误
03270  python异常处理
03271  python中eoferror是啥错误,python怎么看错误类型是什么
03272  python无法卸载“No Python 3.10 installation was detected”，提示“Python 0x80070643安装时发生严重错误”
03274  python错误Fatal error in launcher:解决
03276  pythoneof错误_python eoferror是什么异常？
03278  Python库安装失败解决办法
03279  Python更新失败：SSL错误——Conda/Python
03280  python编写django项目中报错：HTTP 错误 : 500Internal Server Error
03281  运行python脚本时出现no module named cv2错误
03285  npm install时 Error: Can‘t find Python executable “python“, you can set the PYTHON env variable.解决办法
03288  python处理输入错误异常_Python异常处理
03289  python错误 AttributeError module ‘time‘ has no attribute ‘clock‘
03290  Python运行报错most recent call last
03291  在python中运行时出现错误invalid syntax
03292  Python易错点总结(常见错误)
03293  Python错误SyntaxError: unexpected EOF while parsing
03294  Python 异常捕获
03295  python实现登陆系统的三次密码输入错误
03297  Pycharm的python console报错“Error running console” “错误：无法启动进程，指定的不是一个工作目录”
03298  python flask自定义404错误页面
03299  对于安装python3.7时出现“安装时发生严重错误”，想卸载也卸载不了解决办法
03300  python安装之未指定的错误
03301  python中的eof错误_python  – 解析器YACC中的EOF错误
03302  Python 的 Broken Pipe 错误问题分析
03303  python运行错误-Python 运行报错NameError出现原因，怎么解决
03304  Python安装过程报错The error code is 2503的解决方案
03305  Python打印异常信息两种方式
03306  python modify setup_怎么解决安装python时严重错误
03307  python 报错traceback怎么解决_浅谈python出错时traceback的解读
03311  Python常见的异常类型
03314  python异常类型大全
03316  python报错：expected an indented block
03317  python3 requests post 请求400错误
03318  解决由于卸载出错导致的Python安装报告0x80070643错误问题
03319  执行python错误：ImportError: No module named requests
03320  【Python错误解决】No module named 'urllib2' 解决办法
03321  Python错误：SyntaxError: Non-UTF-8 code starting with
03322  Python错误：TypeError: 'list' object is not callable
03325  python中indentationerror_Python中出现IndentationError错误的解决方法
03326  python 错误处理 assert
03327  Python错误之：TypeError: ‘module‘ object is not callable
03329  【Python错误解决】No module named 'bs4'解决办法
03333  已解决（Python语法报错）SyntaxError invalid syntax
03334  python错误之NameError
03335  python——pip 安装出现ERROR: Exception: Traceback (most recent call last):的问题
03336  python TCP服务器v1.4 - 客户端连接服务器异常(异常情况分类)处理
03339  已解决（Python键盘中断报错问题） KeyboardInterrupt
03340  pip install opencv-python时报错，解决方法如下
03342  【bug解决】Python运行显示报错--没有为项目配置Python解释器
03344  Anaconda安装pytorch出现错误python版本过高解决方法
03347  python调用dll出现错误总结如下（持续更新）
03348  【转】python错误During handling of the above exception, another exception occurred是如何发生的？
03349  Python提示ModuleNotFoundError: No module named ‘PIL‘，已解决
03350  【Python】代码格式中报错：Unexpected indent
03351  python 0x80070643 安装时发生严重错误
03352  python错误提示：AttributeError: 'NoneType' object has no attribute 'append'
03353  python 解决“ModuleNotFoundError“错误的万能方法
03354  python 写入文件时编码问题
03356  python出现syntaxerror_Python SyntaxError语法错误原因及解决
03357  Python爬虫响应码为404错误
03361  全网最值得收藏的Python常见报错及其解决方案，再也不用担心遇到BUG了！
03363  python错误：TypeError: 'module' object is not callable 解决方法
03365  pycharm 错误：No Python at。。。
03366  关于python语言下列说法错误的是_在Python中下列说法错误的是（）
03368  spyder python debug时提示错误：Restarting kernel...
03369  Python的Keyboard Interrupt问题
03374  windows下运行python文件路径总是出错？
03376  python字符串说法错误的是_以下选项中,关于Python字符串的描述错误的
03379  python运行出现OSError: [WinError 87] 参数错误。
03380  python错误提示does not support this syntax it requires '0o' prefix for octal
03381  Python错误:TypeError: string indices must be integers
03382  vscode写python时的代码错误提醒和自动格式化(转)
03383  Python错误：TypeError, 'int' object is not iterable
03385  真正永久解决在cmd输入python命令行出现Warning问题
03388  Python错误：ModuleNotFoundError: No module named ‘pyecharts‘（已解决）
03389  【错误记录】Mac 中 IntelliJ IDEA 运行 Python 程序报错 ( End of statement expected )
03390  Pycharm cannot set up a python SDK问题解决方法
03391  Python异常 #ModuleNotFoundError: No module named ‘schedule‘
03394  python导入模块错误-No module named XXX-图文解决方案
03396  python程序报错：expected indent
03399  python类型错误：‘NoneType‘ object is not subscriptable
03404  Python报错：Python was not found； run without arguments to install from the Microsoft Store, or disable
03405  Python from 同级目录/文件夹 import时报错
03406  python中list.index()异常的解决
03409  Pycharm调试错误：连接 Python 调试器失败 Socket closed
03412  vscode写python时的代码错误提醒和自动格式化
03413  【Python】报错：SyntaxError: unexpected character after line continuation character
03416  python raise exception用法_python Exception raise
03418  Linux运行python脚本，报错：‘import’ 未找到命令
03424  python遇到错误跳过_python 如何跳过异常继续执行
03427  Python错误“ImportError: No module named MySQLdb”解决方法
03428  解决PyCharm提示Error: Please select a valid Python interpreter
03433  PYTHON 里EOFError:EOF when reading a line? 问题的解决（小白分享）
03434  Failed building wheel for opencv-python
03436  python3.9版本卸载报错的解决办法
03437  Python卸载时提示发生严重错误！
03438  python substring not found_Python值错误：找不到子字符串
03439  Ubuntu18.04 python “解释器错误: 权限不够”问题的解决方法
03440  【QGIS编译】解决“Fatal Python error : initfsencoding: unable to load the file system codec”错误
03441  linux python错误解决：import: not authorized `xx' @ error/constitute.c/WriteImage/1028.
03442  python错误：TypeError: cannot serialize '_io.TextIOWrapper' object
03443  python卸载没卸载干净导致再次安装失败
03445  【python】错误SyntaxError: invalid syntax的解决方法总结
03450  python错误锦集及各种packages安装
03451  Python错误：ImportError: No module named 'requests'
03453  Python中错误和异常处理 try: except Exception as e:
03454  python错误  'str' object is not callable
03456  最强最易解决python 0x80070643 安装时发生严重错误的问题！！！！！！！！！！！！
03457  python name is not defined_17个新手常见Python运行时错误
03458  python踩坑日记：ImportError: numpy.core.multiarray failed to import
03459  解决pycharm添加python2.7解释器出现Failed to create virtual environment和添加python3.8解释器SDK无效问题
03461  解决PyInstaller打包程序exe在win7运行异常问题（OSError: [WinError 87] 参数错误、Error loading Python DLL python39.dll等）
03467  gc.collect()==＞python的强制垃圾收集机制（不建议使用强制回收，因为可能导致错误）
03468  顿悟 ！  解决pip安装python包时出现的SyntaxError: invalid syntax 错误
03470  解决Python FileNotFoundError的问题
03471  python 0x80070643 安装发生严重错误，如何卸载
03472  [Python错误]NameError: name ‘name’ is not defined
03474  python运行：解决 import numpy as np ModuleNotFoundError: No module named ‘numpy‘错误
03475  python错误之SyntaxError: invalid syntax
03478  Python-遇到异常报错忽略继续运行方法
03479  python  eol  error错误
03480  Python中KeyError: 的解决方法
03483  python文件调用另一个文件报错
03485  【错误解决】D:\a\opencv-python\opencv-python\opencv\modules\objdetect\src\cascadedetect.cpp:1689: error
03486  python错误集合："no encoding declared （没有编码声明）的"解决方法
03488  【Python】Python全部异常类型（Error）总结
03489  Python一直报错：SyntaxError: invalid syntax 的原因及解决办法
03492  opencv3.4.1安装错误
03494  Python 异常捕获打印堆栈信息
03495  python中oserror是什么意思,python – OSError：[错误1]不允许操作
03499  python中locateCenterOnScreen的confidence错误
03500  Python打不开、Python 安装时发生严重错误  “A newer version of the Python launcher is already installed“
03501  windows自带卸载删除不掉python，python删除错误，彻底删除python的方法
03502  python错误：but no encoding declared; see http://python.org/dev/peps/pep-0263/ for details
03504  Python安装selenium报错error: metadata-generation-failed 解决如下
03505  Python错误TypeError: write() argument must be str, not bytes
03508  TypeError: only size-1 arrays can be converted to Python scalars 报错如何解决
03510  python异常处理输入不是整数_【Python】异常处理
03511  python websocket ssl错误
03515  python报错：RuntimeError
03519  pycharm切换python版本后，No Python at ‘C:\Program Files\Python39\python.exe‘问题消除
03520  
03522  python try except捕获所有异常_Python捕获所有异常
03523  Pycharm使用Python3.9解释器失败
03524  Python中报SyntaxError: cannot assign to operator错误
03525  python对于UnicodeDecodeError,UTF-8编码错误的解决办法
03526  Python卸载时发生严重错误
03527  python 提示No Python 3.7 installation was detected以及0x80070643 安装时发生严重错误解决
03529  python错误（Could not find platform independent libraries <prefix>）
03530  python错误：unexpected unident  这是什么错误？
03531  Python 错误 RuntimeError: CUDA error (10): invalid device ordinal
03532  python 错误　SyntaxError: invalid character in identifier
03534  完美解决python安装的pip命令无法使用问题。
03535  python语言是不是多模型语言_关于Python语言的特点,以下选项中描述错误的是: Python语言是多模型语言|Python语言是脚本语言|Python语言是跨平台语言|Python语言是非开源...
03537  Python错误：TypeError: 'int' object is not callable解决办法
03538  图像识别问题 — cv2.error: OpenCV(4.5.4) D:\a\opencv-python\opencv-python\opencv\modules\highgui\src\window
03539  python检测英文拼写错误
03540  【python】Python安装pip出错：no matching distribution found for xxx
03541  python错误:TypeError: 'module' object is not callable
03544  首次安装Pycharm出现Error:Python interpreter is not selected. Please setup Python interpreter first解决办法
03545  Python 写文件中文乱码问题
03547  Python常见低级错误/拼写错误
03549  Python安装了Numpy包，Pycharm却还是报错No module named ‘Numpy‘。
03550  Error: Unable to find a match: policycoreutils-python报错解决方法
03552  OverflowError: Python int too large to convert to C long 在Windows环境下Python报错
03554  解决Python报错：PermissionError: [Errno 13] Permission denied
03556  Python3 Json.loads常见错误处理
03557  python打印异常信息_Python 获取异常（Exception）信息的几种方法
03560  Python求定积分+处理can‘t convert expression to float错误
03561  python 出现 ‘  not callable’ 错误
03562  python错误：SyntaxError: (unicode error) 'utf-8' codec can't decode byte 0xa3
03563  python显示安装失败_Win7安装Python失败 提示Setup failed
03564  python：解决错误 non-default parameter follows default parameter
03565  【Python】处理 WARNING: Ignoring invalid distribution -ip (e:\python\python_dowmload\lib\site-packages)
03567  python报错：only size-1 arrays can be converted to Python scalars 解决方案
03570  解释器错误: 没有那个文件或目录－－解决方法
03571  关于python的列表以下选项中描述错误的是_以下关于Python列表的描述中，错误的是______...
03572  python打错了怎么删掉_python写错了怎么删除
03574  python目录名称无效_python目录名错误怎么解决？这几种方案才是你需要学会的
03576  【经验】python运行报错ModuleNotFoundError: No module named XXX
03580  完美解决：python报错：‘utf-8‘ codec can‘t decode byte 0xa1 in position 56: invalid start byte
03583  python出现warning_Python warning警告出现的原因及忽略方法
03587  invalid python sdk_Pycharm 项目运行错误问题整理
03588  win10卸载python不干净导致重新无法安装
03589  python使用pip install时SyntaxError: invalid syntax错误解决办法及模块包的安装、卸载总结
03590  Python中的错误和异常
03591  python常见错误之 object() takes no parameters的二大原因，新手必过坑之一
03597  python myqr模块安装错误，请问怎么解决
03600  Python打包exe后报错：Failed to execute script xxxx问题的解决办法
03602  python卸载及python 0x80070643 安装发生严重错误
03603  python syntax error_python提示Syntax Error报错解决教程
03604  Python3 venv没反应或错误的原因
03605  15个python小错误 !新手福利
03607  错误ModuleNotFoundError: No module named 'clr'  win10 python3.7 安装pip 安装pythonnet
03608  plugins/python/uwsgi_python.h:2:20: fatal error: Python.h: No such file or directory
03609  python报错：Excel xlsx file； not supported
03611  问题总结python: can‘t open file ‘XXX‘: [Errno 2] No such file or directory
03613  python执行报“CreateProcess error=2, 系统找不到指定的文件”错误解决方法
03617  python代码运行不了怎么办_Python编程之运行出错怎么办
03618  【python】错误异常BaseException一览
03621  pycharm报python package tools not found错误
03622  python setup.py build 编译错误
03625  python错误提示：'int' object is not iterable
03626  python try语法_关于Python异常处理中try与except用法详解
03631  Python requests post 请求报错：415 Unsupported Media Type
03633  【python 错误解决】Object arrays cannot be loaded when allow_pickle=False
03635  python利用try_except打印错误信息，并继续执行
03641  解决“Python was not found； run without arguments to install from the Microsoft Store...”问题
03646  cmd中输入python后无反应，也不报错
03650  python导入numpy失败问题
03651  Python错误：PermissionError: [Errno 13] Permission denied 如何解决
03652  Python错误：ImportError: cannot import name get_column_letter 解决办法
03653  Python新手使用if--else语句经常出现语法错误或者报错是什么原因？？
03657  python 异常类型（比较全）
03659  python 运行时 出现：Fatal error in launcher: Unable to create process using ‘“d:\python-3.6.6\python .exe“
03660  【python问题解决】---- Requirement already satisfied 的解决办法
03661  pip 更新报错——You should consider upgrading via the ‘python.exe -m pip install --upgrade pip‘ command.
03665  处理WARNING: Ignoring invalid distribution -xpython (d:\software\python\python39\lib\site-packages)错误
03668  使用opencv读取图片错误（[ WARN:0@13.701] global D:\a\opencv-python\opencv-python\opencv\modules\imgcodecs\..）
03669  ImportError: cannot import name LayerNormalization from tensorflow.python.keras.layers.normalization
03670  cv2.error: OpenCV(4.5.4) D:\a\opencv-python\opencv-python\opencv\modules\imgcodecs\src\loadsave.cpp:
03671  npm install时出现gyp ERR stack Error: Could not find any Python installation to use
03677  python程序没有报错但是运行没有任何结果怎么办？
03678  Python错误：ModuleNotFoundError: No module named 'pygame'
03682  python常见错误类型
03683  [Ubuntu解析器升级时报错]bash: /usr/lib/command-not-found: /usr/bin/python3: 解释器错误: 没有那个文件或目录的问题
03684  Python数据分析：TypeError: 'float' object is not subscriptable解决办法！！！
03685  Python DeprecationWarning 类型错误
03686  python安装xlwt_Python安装xlrd和xlwt的步骤以及使用报错的解决方法
03687  Python安装出现严重错误的解决方法_0x80070643-安装时发生严重错误
03688  python安装包报错：PackagesNotFoundError: The following packages are not available from current channels
03692  Python ValueError: math domain error解决方法
03695  Python蓝桥杯易错点整理和心得总结【一】
03696  Linux下Python错误error while loading shared libraries: libpython2.7.so.1.0的解决办法
03698  从根本上解决npm install时，node-sass 报错缺少python2
03699  UserWarning: Failed to load image Python extension: [WinError 127]问题原因和解决
03700  python:实现用户输入用户名和密码,当用户名为 seven 或 alex 且 密码为 123 时,显示登陆成功,否则登陆失败,失败时允许重复输入三次.
03701  成功解决ImportError: cannot import name ‘adam‘ from ‘tensorflow.python.keras.optimizers‘
03706  错误：gyp ERR! find Python
03709  python出现“ModuleNotFoundError: No module named numpy”错误
03710  Python3.8.1安装Tensorflow问题
03711  Python 错误：AttributeError: 'dict' object has no attribute 'encode'
03713  Fatal Python error: init_fs_encoding: failed to get the Python codec of the filesystem encodingPyth
03719  解决python pip 安装报语法错误sys.stderr.write(f“ERROR: {exc}“)
03722  Python selenium错误：WebDriverException: Message: invalid session
03723  pip install报错：RuntimeError: Python version ＞= 3.7 required。指定版本即可
03725  python 3.7.4 安装win32gui 报错的解决方法
03726  python安装第三方库遇到 ERROR: Command errored out with exit status 1:
03727  Python 依赖包安装很慢、安装失败等问题解决办法，快速安装Python依赖包？ 解决方法：更改Python-pip安装源并配置 、whl文件安装
03728  解决import torchvision报错，UserWarning: Failed to load image Python extension: Could not find module
03730  win10系统怎么把python卸载干净_Win10系统卸载python软件失败提示0x
03732  Fatal Python error:initsite:Failed to import the site module
03733  python中运行代码时没有报错但是也没有输出而且还有exit code 0的结束标志
03734  python异常打印堆栈
03735  jupyter 创建新的python3 时，出现错误：Permission denied: Untitled.ipynb
03738  Python报错：PermissionError: [Errno 13] Permission denied解决方案详解
03739  Python下载文件时出现错误：EOFError: Compressed file ended before the end-of-stream marker was reached
03741  Python错误SyntaxError: unexpected EOF while parsing
03742  python pip 报错 Command “python setup.py egg_info“ failed with error code 1 解决方法
03745  python3的decode里面处理错误无法解析的字节
03747  Python 3.6出现报错解决方案：No Python 3.6 installation was detected，无法卸载Python
03749  [Python]Error：‘int‘ object is not callable解决方法
03752  Python：OSError [WinError 123] 文件名、目录名或卷标语法不正确。错误解决方法。
03754  python3.10安装numpy，提示Building wheel for numpy (pyproject.toml) error
03757  python中遇到No module named ‘matplotlib‘问题，如何解决
03759  python多线程出错,程序直接结束,没有继续执行
03762  python 报错TypeError: unhashable type: ‘list‘解决方案及原因
03766  安装Python3.7.4报错“0x80072f7d -未指定的错误”快速解决方法
03769  Python IOError错误常见原因有哪些？
03770  python错误:TypeError: string indices must be integers
03771  python3错误 之NameError: name 'cookielib' is not defined
03772  使用python时出现No module named ‘common‘错误
03774  python中 FPDF error:Not a PNG file :‘1.png‘
03776  Python错误：No module named setuptools 解决方法
03779  python代码没有错误却无法运行的原因-python程序输出无内容的解决方式
03782  python web开发之http返回405错误码
03784  Command “python setup.py egg_info“ failed with error code 1 in /tmp/pip-build-*
03785  linux下安装boost，提示python编译错误
03787  Python pip install --upgrade pip报错多种解决方法
03789  解决英伟达Jetson平台使用Python时的出现“Illegal instruction(cpre dumped)”错误
03790  Python异常捕获和抛出-对方不想和你说话并向你抛出了一个异常
03791  python oserror怎么解决_小试Python交互模式(Python Shell)与读文件操作报错(OSError)的解决办法...
03796  python中 [Errno 2] No such file or directory问题终于解决了
03798  Python报错集合篇7-KeyError: 1
03801  Python OSError: [Errno 22] Invalid argument:的解决办法
03803  Python关于 'object is not subscriptable' 的错误
03804  Python基本语法(基本语句与函数、基本数据类型、新学错误总结)
03806  Python 爬虫运行时如何忽略错误，并继续运行
03811  linux版python升级依赖项问题
03812  使用python出现错误 urlopen error unknown url type: https 的解决办法
03814  Python中No module named ‘requests‘问题怎么办
03815  Python爬虫之基于selenium实现12306模拟登录并成功解决滑块验证出错的情况
03817  python 错误：TabError
03818  python错误: TypeError: string indices must be integers
03819  python 错误处理 assert
03820  python错误之NameError
03821  Python 错误：TypeError String Indices Must be Integers 【已解决】
03822  项目执行 npm install （yarn）的时候报 node-sass 错误、python 错误？彻底搞清楚原因，让你百试不爽，完全不用那么麻烦。
03823  Python错误集锦：NameError: name ‘a’ is not defined
03824  Python错误：TypeError: 'list' object is not callable
03825  Failed building wheel for llvmlite，Failed building wheel for opencv-python错误解决
03826  Python错误集锦：除法运算时提示ZeroDivisionError: division by zero
03827  安装tensorflow1.12出现illegal hardware instruction  python错误
03828  Python错误——cannot unpack non-iterable int object
03829  python错误异常处理try except Error
03830  python错误合集：IndexError: invalid index to scalar variable.
03831  python错误提示：TypeError: expected string or bytes-like object
03832  python发生未知错误自动重启程序
03833  VSCode如何设置Python代码的 错误提醒 & 格式化代码-简单两步
03834  python代码错误有哪些_python中那些常见的错误及解决方法
03835  Python中常见错误总结
03836  Python错误集锦：python: can’t open file ‘hello’: [Errno 2] No such file or directory
03837  Python错误：ModuleNotFoundError: No module named ‘keras‘（已解决）
03838  17个常见的Python运行时错误，你中招了没？
03839  Python错误：SyntaxError: Non-UTF-8 code starting with
03840  记一次npm安装依赖奇怪的gyp报python错误
03841  python常见的格式错误_Python常见的17个错误分析
03842  Python错误之 SyntaxError: invalid syntax的解决方法总结
03843  【Python错误解决】No module named 'urllib2' 解决办法
03844  基于Ubuntu的zsh: command not found: python错误简单解决方案
03845  执行python错误：ImportError: No module named requests
03846  【Python错误解决】No module named 'bs4'解决办法
03847  python加减法报错_Python错误集锦： 加法运算时提示TypeError: can only concatenate tuple (not “int”) to tuple...
03848  python语法错误怎么办_Python中出现语法错误时解决方法
03849  python 变量名未定义_浅谈Python程序的错误:变量未定义
03850  python错误：TypeError: 'module' object is not callable 解决方法
03851  在python中运行时出现错误invalid syntax
03852  python错误 AttributeError module ‘time‘ has no attribute ‘clock‘
03853  python缩进错误解决方法_python中常见错误及解决方法
03854  python安装0x80070643严重错误
03855  python一直报缩进错误_如何避免Python中的缩进错误
03856  python错误提示：AttributeError: 'NoneType' object has no attribute 'append'
03857  Python错误TypeError: write() argument must be str, not bytes
03858  python错误集合："no encoding declared （没有编码声明）的"解决方法
03859  Python错误：TypeError, 'int' object is not iterable
03860  python错误提示does not support this syntax it requires '0o' prefix for octal
03861  Python 错误 TypeError: only size-1 arrays can be converted to Python scalars
03862  Python易错点总结(常见错误)
03863  Python错误SyntaxError: unexpected EOF while parsing
03864  [Python错误]NameError: name ‘name’ is not defined
03865  Python 捕获异常
03866  python返回错误提示_python 错误处理
03867  pythoneof错误_python eoferror是什么异常？
03868  python 0x80070643 安装时发生严重错误
03869  Python-错误和异常处理
03870  python错误大全
03871  Python错误：ImportError: No module named 'requests'
03872  Python 错误 RuntimeError: CUDA error (10): invalid device ordinal
03873  Python学习，python这些错误和异常你能解决吗？
03874  异常，Python 中错误的处理方式
03875  python中eoferror是啥错误,python怎么看错误类型是什么
03877  Python错误、异常和模块
03878  python处理输入错误异常_Python异常处理
03879  python常见错误类型
03880  python错误和异常-python错误和异常
03881  Python常见十六个错误集合，你知道那些？
03882  python错误  'str' object is not callable
03883  python运行出现OSError: [WinError 87] 参数错误。
03884  Python错误：ModuleNotFoundError: No module named ‘pyecharts‘（已解决）
03885  python 错误： ImportError: cannot import name xxx
03886  Python错误之：TypeError: ‘module‘ object is not callable
03887  python错误:TypeError: 'module' object is not callable
03888  linux python错误解决：import: not authorized `xx' @ error/constitute.c/WriteImage/1028.
03889  python安装之未指定的错误
03890  解决由于卸载出错导致的Python安装报告0x80070643错误问题
03891  Python错误：ImportError: cannot import name get_column_letter 解决办法
03892  Python错误:TypeError: string indices must be integers
03893  python错误：TypeError: cannot serialize '_io.TextIOWrapper' object
03894  python错误：unexpected unident  这是什么错误？
03896  python报错跳过继续执行_python如何设置报错跳过
03897  Python异常及处理方法总结
03898  python中的eof错误_python  – 解析器YACC中的EOF错误
03899  python modify setup_怎么解决安装python时严重错误
03900  Python错误“ImportError: No module named MySQLdb”解决方法
03901  Python安装过程报错The error code is 2503的解决方案
03902  python3 requests post 请求400错误
03903  python错误（Could not find platform independent libraries <prefix>）
03904  Python3 错误和异常
03905  python语法错误-Python 错误和异常代码详解
03906  【Python错误】No module named py
03907  Python 的 Broken Pipe 错误问题分析
03908  python错误和异常处理怎处理你知道么
03909  python运行错误-常见Python运行时错误之一
03910  python 错误　SyntaxError: invalid character in identifier
03911  Python运行报错most recent call last
03912  常见的python报错_python新手常见的报错提示
03913  python编程错误与异常_Python编程中的错误与异常
03914  Pycharm的python console报错“Error running console” “错误：无法启动进程，指定的不是一个工作目录”
03915  python中indentationerror_Python中出现IndentationError错误的解决方法
03916  python运行出现数据错误_17个新手常见Python运行时错误
03917  python 跳过错误_python新手常见错误汇总
03920  python的错误和异常处理
03921  python打错了怎么办_写Python代码过程中碰到各种错误异常要怎么样去处理？
03923  python检测英文拼写错误
03925  【转】python错误During handling of the above exception, another exception occurred是如何发生的？
03926  Python错误：No module named setuptools 解决方法
03928  python错误:TypeError: string indices must be integers
03929  python错误提示：'int' object is not iterable
03930  关于Docker 报错 问题 ERROR：This script does not work on python 3.5 The minimum supported Python version
03931  python3错误 之NameError: name 'cookielib' is not defined
03932  vscode写python时的代码错误提醒和自动格式化
03933  Python 错误：AttributeError: 'dict' object has no attribute 'encode'
03934  Python错误：PermissionError: [Errno 13] Permission denied 如何解决
03935  python运行错误-Python 运行报错NameError出现原因，怎么解决
03936  python常见错误集合
03937  【Python】代码格式中报错：Unexpected indent
03938  Python DeprecationWarning 类型错误
03939  python无法卸载“No Python 3.10 installation was detected”，提示“Python 0x80070643安装时发生严重错误”
03940  python websocket ssl错误
03941  python实现登陆系统的三次密码输入错误
03942  Python IOError错误常见原因有哪些？
03943  Python 的 ImportError 错误
03944  17个Python运行时的错误（python错误）
03946  python 报错traceback怎么解决_浅谈python出错时traceback的解读
03947  python语法错误显示_新手常见Python错误及异常解决处理方案
03948  **Python错误记录：IndexError: list index out of range**
03949  vscode写python时的代码错误提醒和自动格式化(转)
03950  python的错误处理机制
03951  新手常见6种的python报错及解决方法
03952  python错误：but no encoding declared; see http://python.org/dev/peps/pep-0263/ for details
03953  python异常处理
03954  python三种错误_Python处理错误三种方式
03955  新手向：Python常见错误及解决方法
03956  Python错误：ModuleNotFoundError: No module named 'pygame'
03957  Python爬虫响应码为404错误
03958  python程序开发错误与异常_python错误、异常和程序调试的方法介绍（附代码）
03959  python5种常见的异常_python常见异常
03960  python  eol  error错误
03961  python错误： TypeError:'dict' object is not callable
03962  python 0x80070643 安装发生严重错误，如何卸载
03963  【python 错误解决】Object arrays cannot be loaded when allow_pickle=False
03964  python出现syntaxerror_Python SyntaxError语法错误原因及解决
03966  python flask自定义404错误页面
03967  运行python脚本时出现no module named cv2错误
03969  Python提示ModuleNotFoundError: No module named ‘PIL‘，已解决
03970  python setup.py build 编译错误
03971  Python错误：TypeError: 'int' object is not callable解决办法
03972  python错误之ImportError: No module named 'cPickle'
03973  python报错：expected an indented block
03974  python SMTP 550 错误
03975  linux python 中文显示错误
03976  python编写django项目中报错：HTTP 错误 : 500Internal Server Error
03978  linux下安装boost，提示python编译错误
03979  pycharm 错误：No Python at。。。
03981  Python更新失败：SSL错误——Conda/Python
03982  python中错误类型,在Python中 出现的错误类型以及解决办法
03983  python程序编译错误_Python编译错误集锦
03984  Linux下Python错误error while loading shared libraries: libpython2.7.so.1.0的解决办法
03986  想要python不报错，进来看看--＞python常见错误和异常处理
03987  Python 错误和异常小结
03988  关于python语言下列说法错误的是_在Python中下列说法错误的是（）
03989  python异常类型大全
03990  python查看所有异常类_python的各种错误类型都是什么
03991  Python异常 #ModuleNotFoundError: No module named ‘schedule‘
03992  Python 错误：Error: Inconsistent indentation detected!...
03993  python语法错误类型_一文搞懂Python错误和异常
03995  python 解决“ModuleNotFoundError“错误的万能方法
03997  python出现，coercing to unicode need string or buffer nonetype found python 错误的解决
03998  【Python】报错：SyntaxError: unexpected character after line continuation character
03999  Python打印异常信息两种方式
04000  Python下载文件时出现错误：EOFError: Compressed file ended before the end-of-stream marker was reached
04001  npm install时 Error: Can‘t find Python executable “python“, you can set the PYTHON env variable.解决办法
04002  Python常见低级错误/拼写错误
04003  python常见错误之 object() takes no parameters的二大原因，新手必过坑之一
04004  Python 异常捕获
04005  Python安装模块常见错误
04006  Python中错误和异常处理 try: except Exception as e:
04007  python调用dll出现错误总结如下（持续更新）
04008  python编译出错：Could not build the ssl module! Python requires an OpenSSL 1.0.1
04009  python错误：SyntaxError: (unicode error) 'utf-8' codec can't decode byte 0xa3
04010  python raise exception用法_python Exception raise
04012  对于安装python3.7时出现“安装时发生严重错误”，想卸载也卸载不了解决办法
04013  python错误  module 'urllib' has no attribute 'request'
04014  Python库安装失败解决办法
04015  windows自带卸载删除不掉python，python删除错误，彻底删除python的方法
04017  pycharm报python package tools not found错误
04019  python——pip 安装出现ERROR: Exception: Traceback (most recent call last):的问题
04020  python语法错误怎么办_python错误处理详解
04021  python提示语法错误_Python错误和异常(error)处理技巧
04022  python卸载及python 0x80070643 安装发生严重错误
04024  3个常见的Python用法错误及解决方法
04025  python的常见报错信息
04026  Python错误：AssertionError: group argument must be None for now
04027  遇到问题–python–pytest引用模块错误
04028  python中语法错误-Python3 错误和异常
04029  Python基础知识（三）：Python错误、警告、异常处理总结
04032  python语法错误概述_Python 错误和异常代码详解
04033  python写入文件错误
04034  python字符串说法错误的是_以下选项中,关于Python字符串的描述错误的
04037  Python常见的异常类型
04039  python遇到错误跳过_python 如何跳过异常继续执行
04040  python 出现 ‘  not callable’ 错误
04043  Pycharm调试错误：连接 Python 调试器失败 Socket closed
04044  python name is not defined_17个新手常见Python运行时错误
04046  Python selenium错误：WebDriverException: Message: invalid session
04047  python报错之SyntaxError: invalid syntax
04049  ubuntu下执行sudo apt-get install python-pip 出现错误 Unable to locate package python-pip
04050  python 提示No Python 3.7 installation was detected以及0x80070643 安装时发生严重错误解决
04051  Python EOF 的错误
04053  Ubuntu18.04 python “解释器错误: 权限不够”问题的解决方法
04054  Python中自定义抛出错误
04055  Python引发异常，raise()及异常处理
04056  python在运行调试程序时常出现的错误有_python错误、异常和程序调试
04057  python substring not found_Python值错误：找不到子字符串
04059  使用python中出现的错误及解决办法
04061  Python打不开、Python 安装时发生严重错误  “A newer version of the Python launcher is already installed“
04062  python新手常见的报错有哪些？
04063  python错误-新手常见Python错误及异常解决处理方案
04064  python list列表数据append时返回错误
04065  python错误：docx.opc.exceptions.PackageNotFoundError: Package not found at 'new.docx'解决办法
04066  Python常见的运行时错误
04069  python中exception方法_Python常用异常及处理方法
04070  【Python基础】Python3十大经典错误及解决办法
04072  python myqr模块安装错误，请问怎么解决
04074  python中locateCenterOnScreen的confidence错误
04075  python3 reload(sys)错误提示
04076  python对于UnicodeDecodeError,UTF-8编码错误的解决办法
04077  Anaconda安装pytorch出现错误python版本过高解决方法
04078  python web开发之http返回405错误码
04079  python3的decode里面处理错误无法解析的字节
04080  Python版解决中文字符串错误
04082  Python卸载时发生严重错误
04083  python程序报错：expected indent
04084  Python把Exception异常错误堆栈信息写入日志文件
04085  Python错误提示
04087  Python安装出现严重错误的解决方法_0x80070643-安装时发生严重错误
04089  python中出现IndentationError:unindent does not match any outer indentation level错误
04091  python启动提示解码错误
04092  Python中的错误和异常
04093  Python在运行中发生错误怎么正确处理方法【案例详解】
04094  Python中报SyntaxError: cannot assign to operator错误
04095  【QGIS编译】解决“Fatal Python error : initfsencoding: unable to load the file system codec”错误
04096  Python错误提示及解决方法
04097  Python初学，必须要了解这些Python3 错误和异常
04098  python3 安装 matplotlib 出现的错误
04099  Python OSError: [Errno 22] Invalid argument:的解决办法
04100  【Python错误】windows下使用pip/easy_install提示Fatal error in launcher: Unable to create process using...
04102  python错误-Python错误和异常(error)处理技巧
04103  Python——Print函数的Invalid syntax错误
04105  Python异常 ZeroDivisionError
04106  python 写入文件时编码问题
04108  致命错误：Python.h：没有那个文件或目录
04109  Python常见的缩进错误
04112  python：解决错误 non-default parameter follows default parameter
04113  错误ModuleNotFoundError: No module named 'clr'  win10 python3.7 安装pip 安装pythonnet
04114  python导入numpy失败问题
04115  python运行错误：ImportError: No module named numpy
04116  运行Python时出现SyntaxError: EOL while scanning string literal解决方法
04117  python3.6: error while loading shared libraries: libpython3.6m.so.1.0
04118  遇到错误：python文件读写权限permission denied
04119  最强最易解决python 0x80070643 安装时发生严重错误的问题！！！！！！！！！！！！
04121  python的一些弱智错误
04122  Python-遇到异常报错忽略继续运行方法
04125  Python错误：'ascii' codec can't encode character u'\u7b2c' in position 0:
04127  python错误-python错误处理详解
04128  python语言包含的错误_Python3十大经典错误及解决办法
04131  python报错怎么看_python中的错误如何查看
04134  python错误总结
04135  Python——错误及处理
04136  python3.7.2安装错误0x80072efd解决方案
04138  python异常一览
04139  顿悟 ！  解决pip安装python包时出现的SyntaxError: invalid syntax 错误
04141  Python3之十大经典错误及其解决办法
04142  python报错：RuntimeError
04143  python——python manage.py runserver执行错误
04148  python requests proxies 错误
04149  Pycharm:  Python  错误OSError: [WinError 10048] 通常每个套接字地址(协议/网络地址/端口)只允许使用一次
04151  【错误记录】Mac 中 IntelliJ IDEA 运行 Python 程序报错 ( End of statement expected )
04152  Python 爬虫运行时如何忽略错误，并继续运行
04155  Python卸载时提示发生严重错误！
04156  Pycharm使用Python3.9解释器失败
04158  Python提示object is not subscriptable的错误
04159  python 异常类型（比较全）
04160  python3.9版本卸载报错的解决办法
04164  python错误与异常
04165  Python新手使用if--else语句经常出现语法错误或者报错是什么原因？？
04167  python错误和异常区别_一日一技：一文搞懂Python错误和异常
04169  【bug解决】Python运行显示报错--没有为项目配置Python解释器
04170  python运行时错误-[转]17个新手常见Python运行时错误
04171  02_python安装错误——2502、2503错误
04173  python常见的错误处理——try语句
04176  python3基础：异常
04177  python报错解决方式
04178  Python3 venv没反应或错误的原因
04179  python提示错误：ImportError: No module named Crypto
04180  python 3.7 安装 Twisted 错误与解决
04182  windows下运行python文件路径总是出错？
04185  【计算机视觉】Python图像处理错误
04188  python try except捕获所有异常_Python捕获所有异常
04189  python的try/except中的语法错误问题
04190  python文件调用另一个文件报错
04193  使用python出现错误 urlopen error unknown url type: https 的解决办法
04194  python出现“ModuleNotFoundError: No module named numpy”错误
04196  win10安装python安装出现错误代码2503/2502
04200  python中常见的运行时错误_Python常见运行时错误
04201  Python 写文件中文乱码问题
04202  pip install opencv-python时报错，解决方法如下
04203  Python 的错误、调试和测试
04208  python报错汇总
04209  python导入模块错误-No module named XXX-图文解决方案
04210  Python from 同级目录/文件夹 import时报错
04211  python 卸载 出现0x80070643 安装发生严重错误
04213  python使用pip install时SyntaxError: invalid syntax错误解决办法及模块包的安装、卸载总结
04214  python pip list报错invalid syntax
04216  使用Python写入Excel之后，表格打开报格式错误
04219  python 出现unicode错误解决
04220  python字符串和变量相加时出现，coercing to unicode need string or buffer nonetype found python 错误的解决
04221  python AttributeError
04222  Python3.8.1安装Tensorflow问题
04223  python-opencv安装过程，错误汇总
04224  解决Python FileNotFoundError的问题
04227  python中list.index()异常的解决
04228  python出现Errno 2] No such file or directory错误
04230  安装Python3.7.4报错“0x80072f7d -未指定的错误”快速解决方法
04232  python卸载没卸载干净导致再次安装失败
04233  python常见运行错误提示-Python运行时的常见错误
04234  Python 所有异常错误以及解释
04235  spyder python debug时提示错误：Restarting kernel...
04236  python安装错误代码2503/2502
04237  python常见错误-Python 常见报错类型
04238  python常见错误-python常见错误类型
04240  Python出现属性错误（Attributeerror）的原因之一
04243  python错误与异常处理
04244  python3 open文件错误-都是编码惹的祸
04245  Failed building wheel for opencv-python
04246  python中oserror是什么意思,python – OSError：[错误1]不允许操作
04248  Python 抛出异常
04250  真正永久解决在cmd输入python命令行出现Warning问题
04251  python3错误 module 'enum' has no attribute 'IntFlag'
04253  已解决（Python键盘中断报错问题） KeyboardInterrupt
04255  已解决（Python语法报错）SyntaxError invalid syntax
04257  Python报错：Python was not found； run without arguments to install from the Microsoft Store, or disable
04258  python异常处理输入不是整数_【Python】异常处理
04259  Error in sitecustomize; set PYTHONVERBOSE for traceback: KeyError: 'PYTHONPATH'(python错误)
04261  【python】错误异常BaseException一览
04263  Python安装遇到2502，2503等问题处理方法。
04264  ,升级ubuntu时,出现您的 python 安装错误，请修复“/usr/bin/python”符号链接。
04265  Python代码在运行出现时语法错误：IndentationError: unindent does not match any outer indentation level
04266  加入了环境变量，python3仍然显示“python3不是内部或外部命令”的错误
04268  windows系统下python3 安装 matplotlib 出现的错误
04270  python中的错误以及异常处理
04271  python错误怎么处理_python报的错误怎么处理
04272  Python脚本运行出现语法错误：IndentationError:unexpected indent
04273  python类型错误：‘NoneType‘ object is not subscriptable
04274  python错误异常_python异常（错误）情况整理
04275  使用Python遇到的错误、错误原因及解决方法
04278  python中常见的运行时错误_新手常见Python运行时错误
04279  最新整理的Python3常见错误及解决办法
04281  python上安装matplotlib时，遇到python setup.py egg_info错误
04282  python程序编译错误_python -- 程序异常与调试（识别异常）
04284  Pycharm cannot set up a python SDK问题解决方法
04285  Python求定积分+处理can‘t convert expression to float错误
04287  python TCP服务器v1.4 - 客户端连接服务器异常(异常情况分类)处理
04288  Python安装seaborn出现错误的几种可能和解决办法
04289  PyCharm-错误-找不到指定文件python.exe
04290  Python读取配置文件‘gbk’编码错误
04293  Python Exception处理
04295  pip install opencv-python遇到的错误
04296  Python的Keyboard Interrupt问题
04297  解决'tuple' object is not callable的报错-python变量命名错误
04298  Win7中安装Python 3.X可能错误
04302  Python关于 'object is not subscriptable' 的错误
04303  python语言是不是多模型语言_关于Python语言的特点,以下选项中描述错误的是: Python语言是多模型语言|Python语言是脚本语言|Python语言是跨平台语言|Python语言是非开源...
04306  python显示安装失败_Win7安装Python失败 提示Setup failed
04307  Python报错异常的介绍，以及处理方式
04308  新手常见的5个Python错误
04309  全网最值得收藏的Python常见报错及其解决方案，再也不用担心遇到BUG了！
04311  python打错了怎么办_使用 Python 处理错误
04312  python 常见错误提示
04315  常见 Python 报错及解决方式（基础篇）
04316  17个新手常见的Python运行错误
04317  gc.collect()==＞python的强制垃圾收集机制（不建议使用强制回收，因为可能导致错误）
04319  python常见报错类型_Python常见的异常错误整理
04321  Python3.7，Win10下安装Geopandas和Fiona出现DLL错误的解决办法
04323  Python3 在json中提示 错误xx is not JSON serializable
04325  invalid python sdk_Pycharm 项目运行错误问题整理
04326  解决python中出现IndentationError:unindent does not match any outer indentation level错误
04328  python目录名称无效_python目录名错误怎么解决？这几种方案才是你需要学会的
04334  win10卸载python不干净导致重新无法安装
04335  python syntax error_python提示Syntax Error报错解决教程
04336  python打错了怎么删掉_python写错了怎么删除
04341  python常见错误：IndentationError: unexpected indent
04342  Python里面的种种错误类型
04343  python常见报错类型_学习Python函数时常见的报错类型
04346  首次安装Pycharm出现Error:Python interpreter is not selected. Please setup Python interpreter first解决办法
04347  PYTHON 里EOFError:EOF when reading a line? 问题的解决（小白分享）
04348  python 提示错误_Python异常提示
04350  python Django模板中文错误
04351  Python错误集
04352  17 个常见的 Python 运行时错误
04353  deepin ubuntu 安装 python3.7 错误：ModuleNotFoundError: No module named '_ctypes'
04354  python keyerror解决方案
04355  python错误修复方法_python常见异常及解决方法
04356  python 报错问题及解决方法
04357  python执行报“CreateProcess error=2, 系统找不到指定的文件”错误解决方法
04360  15个python小错误 !新手福利
04362  python错误：TypeError: 'str' object is not callable
04364  求助python 3.8安装torch报错！
04365  关于python的列表以下选项中描述错误的是_以下关于Python列表的描述中，错误的是______...
04366  jupyter 创建新的python3 时，出现错误：Permission denied: Untitled.ipynb
04367  [Ubuntu解析器升级时报错]bash: /usr/lib/command-not-found: /usr/bin/python3: 解释器错误: 没有那个文件或目录的问题
04371  
04372  python打印异常信息_Python 获取异常（Exception）信息的几种方法
04373  python中的ValueError
04376  python出现warning_Python warning警告出现的原因及忽略方法
04378  Python IDLE’s Subprocess Connection Error的错误解决方案
04379  Python的错误和异常
04382  【Python 基础教程】错误与异常的处理
04383  Python常见错误（持续更新中...）
04386  Python异常和错误
04387  TypeError: can only concatenate str (not "int") to str  -----python学习
04389  Python 各种运行错误（如：SyntaxError ：invalid syntax）
04390  python中主函数符号错误_Python运行常见错误
04393  python运行错误分析
04394  python3： mysql错误：ModuleNotFoundError: No module named 'ConfigParser'
04396  Python 3.6出现报错解决方案：No Python 3.6 installation was detected，无法卸载Python
04398  python 3.7.4 安装win32gui 报错的解决方法
04400  Python 模块导入时名称冲突引起的错误
04402  python代码运行不了怎么办_Python编程之运行出错怎么办
04404  python中出现IndentationError:unindent does not match any outer indentation level错误
04405  错误：gyp ERR! find Python
04406  pycharm切换python版本后，No Python at ‘C:\Program Files\Python39\python.exe‘问题消除
04409  Python错误： SyntaxError: Non-ASCII character
04410  Python:no encoding declared 错误
04412  Python3 Json.loads常见错误处理
04413  python try语法_关于Python异常处理中try与except用法详解
04415  Python常见错误及解决办法
04420  Python常见代码错误汇总与解决思路-吐血经验
04421  python运行错误-Python在运行中发生错误怎么正确处理方法，案例详解！
04422  Python缺少zlib的问题
04424  python中常见错误
04425  python常见的语法错误_python编程中常见错误
04428  零基础学Pyhton:最全Python常见异常运行错误提示！！比较费眼睛建议收藏慢慢看！！
04429  python3 错误：filter object at 0x7f0ae4ce0080
04431  python数组越界错误解决
04433  Linux运行python脚本，报错：‘import’ 未找到命令
04434  Python开发中有可能遇到的套接字重复使用错误
04435  Python报错：PermissionError: [Errno 13] Permission denied解决方案详解
04437  Python 语法错误 except Exception, e:                     ^ SyntaxError: invalid syntax
04440  python常遇错误-IndexError: list index out of range
04441  Python使用requirements.txt安装类库错误及解决办法
04449  Python：OSError [WinError 123] 文件名、目录名或卷标语法不正确。错误解决方法。
04450  python 读取文件，出现文件不存在错误
04451  Python（五）之错误和异常
04452  解决Python首次安装提示找不到版本的问题
04453  python脚本出现“cannot import name”错误的一个可能原因
04454  python的Error集，17个新手常见Python运行时错误
04455  Python基础学习-17个新手常见Python运行时错误
04457  python 捕获异常后继续执行
04458  Python中常见的错误与解决办法
04461  PYTHON错误收集，并提出解决办法——持续更新
04462  python中的各种小错误统一解决
04464  python词云wordcloud运行时出现ModuleNotFoundError::No module named 'matplotlib'错误
04465  Linux系统安装Python编译报错
04467  python之错误：OSError: [WinError 10048]
04474  Python报错集合篇7-KeyError: 1
04482  python flask 项目，POST请求，form_data参数形式请求接口报400错误，但是服务器代码运行并未报错的原因
04486  python安装xlwt_Python安装xlrd和xlwt的步骤以及使用报错的解决方法
