00000  Python报错：IndentationError: expected an indented block
00001  Python- Anacoda环境使用Selenium+ChromeDriver报错
00002  python 导入模块的坑。为什么整个项目能运行，单独运行某个文件模块就报错？多层目录不同文件夹怎么导入?
00003  python执行报错 configparser.NoSectionError: No section: 'section_1'
00004  python命令行中import caffe报错的解决方案
00005  python连接mysql中报错1064修改方法
00006  python +selenium识别不来click事件，出现报错
00007  python 3.3.2报错：No module named 'urllib2'
00008  python:rs, ws, es = select.select(inputs, [], []) --报错error 10022
00009  ansible报错Aborting, target uses selinux but python bindings (libselinux-python) aren't installed【转】
00010  关于 使用python向qq好友发送消息(对爬虫的作用----当程序执行完毕或者报错无限给自己qq发送消息，直到关闭)
00011  python学习笔记之——python安装mysqldb后，pycharm导入还是报错问题
00012  python已写内容中可能的报错及解决办法
00013  解决python编码问题报错：'ascii' codec can't encode characters in position 0-15: ordinal not in range(128)
00014  selenium+python自动化88-批量操作循环点击报错：Element not found in the cache - perhaps the page has changed since it was looked up
00015  通过python实现程序报错邮件
00016  python -m 命令单独运行一个文件，怎么解决单独运行文件报错？
00017  python 报错TypeError: 'range' object does not support item assignment，解决方法
00018  python-selenium使用send_keys()方法写中文报错的解决方法
00019  python 首次安装 报错
00020  安装 pywin32-218.win32-py2.7.exe 报错python version 2.7 required,which was not found in the registry解决方案
00021  python读取xml文件报错ValueError: multi-byte encodings are not supported
00022  python+appium   【已解决】真机运行appium报错“WebDriverException: Message: A new session could not be created. (Original error: Command failed: C:\Windows\system32\cmd.exe /s /c.......详见内文
00023  IDLE打开Python报错 api-ms-win-crt-runtimel1-1-0.dll缺失的解决方案
00024  python读写文件报错：UnicodeEncodeError: 'gbk' codec can't encode character '\xa0' in position 19: illegal multibyte sequence
00025  关于Python运行代码报错：SyntaxError: Non-ASCII character '\xe5' in file的解决方法
00026  解决python代码中含有中文报错
00027  pip安装Mysql-python报错EnvironmentError: mysql_config not found
00028  python报错ModelNotFoundError
00031  python递归深度报错--RuntimeError: maximum recursion depth exceeded
00034  Python报错ValueError: Unknown MS Compiler version 1900
00038  Python 中常见错误总结
00046  PyCharm导入tensorflow包报错的问题
00047  Python问题：'Nonetype' object is not iterable
00057  利用json模块解析dict报错找不到attribute 'dumps'[python2.7]
00059  Linux学习-linux系统下python升级到python3.6步骤详解，以及遇到的问题解决
00063  python多版本兼容性问题：当同时安装Python2和Python3后，如何兼容并切换
00064  关于在Python3.6下安装MySQL-python,flask-sqlalchemy模块的问题
00084  【Linux】 解决报错： ImportError: libSM.so.6: cannot open shared object file: No such file or directory
00085  RedHat 无法使用YUM源问题
00087  the ssl module in Python is not available错误解决
00089  python进阶(六) 虚拟环境git clone报错解决办法
00093  python报错：NameError: name 'converter' is not defined
00094  运行.py提示selenium.common.exceptions.WebDriverException
00098  Pychorm提示Unresolved reference  导入模块报错
00101  pip install 提示"no previously-included directories found matching"及"no previously-included files matching found anywhere in distribution"，且偶发无法关联安装 PyPI 库的故障
00105  ImportError: No module named 'xml'
00114  seq2seq升级TF1.5后_Linear报错
00131  在python中使用print（）时，raw write（）返回无效的长度：OSError: raw write() returned invalid length 254 (should have been between 0 and 127)
00133  python:异常处理、自定义异常、断言
00137  python2迁移python3的问题
00139  pip安装错误，用镜像
00140  解决Centos运行yum 报错：坏的解释器
00141  python在WIN下CMD运行中文乱码及python 2.x python 3.x编码问题
00148  windows使用pip安装selenium报错问题
00150  No module named 'revoscalepy'问题解决
00152  【Linux】python 2.x 升级 python3.x 之后 yum命令出现except OSError, e: ^ SyntaxError: invalid syntax
00153  python容错
00159  Python多线程下存在_strptime的问题
00161  编译pqxx源码configure时遇到codecs.py LookupError的解决方法
00162  python list转换字符串报错TypeError: sequence item 0: expected str instance, int found
00168  [python错误]UnicodeDecodeError: 'gbk' codec can't decode byte...
00171  全局变量报错：UnboundLocalError: local variable 'l' referenced before assignment
00173  关于Django无法启动数据库和无法命令行启动manage.py的解决方法
00175  Anaconda 安装 TensorFlow ImportError：DLL加载失败，错误代码为-1073741795
00184  故障小记录:yum 安装报错File "/usr/bin/yum", line 30     except KeyboardInterrupt, e:
00189  新手学习python常遇到的问题
00197  python 脚本运行时报错： AttributeError: 'module' object has no attribute ***
00199  生成pyd文件时提示“Unable to find vcvarsall.bat”的问题
00212  Python基础入门-异常处理
00214  Python 读取csv文件提示“line contains NULL byte”错误
00224  非常抱歉，全站内容审核中...
00227  【.netcore学习】.netcore添加到 supervisor 守护进程自启动报错
00233  python_38_try-except异常处理语句及raise的使用
00234  PySpider HTTP 599: SSL certificate problem错误的解决方法（转）
00235  PySpider HTTP 599: SSL certificate problem错误的解决方法（转）
00238  使用报错：Fatal error in launcher: Unable to create process using '"'
00239  Rabbitmq consumer端超时报错
00256  python[error] - mysql_config not found
00262  robot framework学习笔记之八—解决列表或者字典中文乱码问题
00268  解决Windows下pip install scrapy 出错 及 pycharm使用安利
00272  《集体智慧编程》第7章代码 Python3执行出错
00275  [已解决]pip安装包时报错：Read time out
00280  python2编码的问题
00286  python基础===codecs打开文件，解决文件编码格式的问题
00288  django建表报错
00290  之前的python报没有模块pymysql的问题
00291  Python windows环境 搭建问题
00299  【python】解决No module named _sqlite3的问题
00306  Python错误处理和调试
00307  [Bug]Python3.x SyntaxError: 'ascii' codec can't decode byte 0xe4 in position
00313  linux服务器配置pyspark解决py4j报错等问题
00314  [解决问题]ubuntu无法virtualenv创建python虚拟环境的解决
00317  python 小问题收集
00322  script,first,second,third=argv运行出错的问题
00326  python 常见问题
00337  tensorflow安装问题
00338  解决python3 UnicodeEncodeError: 'gbk' codec can't encode character '\xXX' in position XX
00344  【Python打包】Windows下使用Pyinstaller打包pyqt程序遇到的问题记录
00351  当导用模块与包的import与from的问题（模块与包的调用）
00360  安装scrapy框架出错的解决
00367  python笔记（2）常见错误
00374  django学习错误笔记
00379  Python3.6的Enum类型导入失败
00385  [python] python3字符编码问题
00394  cnpm安装appium失败，提示The capabilities argument was not valid for the following reason(s): "capabilities" must be a JSON object. Called deleteSession but bootstrap wasn't active
00404  记一次痛苦的Django报错调试经历：
00414  Python--windows下安装C extend库的问题
00421  python 爬虫一些错误处理
00423  Python字符串的encode与decode研究心得乱码问题解决方法
00446  [python] 2、python使用pyaudio进行录音，及其在python虚拟环境virtualenv中安装遇到的问题
00461  Python 之 Module Not Found Error: No module named 'openpyxl'
00464  Python笔记---错误笔记
00468  解决在项目中相对路径导入 与 绝对路径导入问题
00471  解决UnicodeEncodeError: 'ascii' codec can't encode characters in position 6-16: ordinal not in range(128)问题
00476  Python问题：UnboundLocalError： local variable 'xxx' referenced before assignment
00478  python 同级目录包导入问题，使用"."错误
00479  解决Windows和Linux使用npm打包js和css文件不同的问题
00480  python2&python3 蛋疼的编码问题
00500  Centos pip 安装uwsgi 报错“fatal error: Python.h: No such file or directory”
00501  selenium+python自动化93-Chrome报错：Python is likely shutting down
00502  Pycharm报错解决：error:please select a valid Python interpreter
00503  [Python] 安装pyperclip报错: No matching distribution found for pyperclip
00504  centos7 安装 mysql-python时 报错  EnvironmentError: mysql_config not found
00505  C#调用Python,报错No module named os
00506  【转】【Python】 python中的编码问题报错 'ascii' codec can't decode 及 URL地址获取中文
00507  python报错'str' object is not callable
00508  解决python2安装MySQL-python模块报错
00509  解决忽略VScode中Python插件pylint报错的问题
00510  mac python scapy.all 报错解决
00511  mysql、python操作mysql报错处理总结
00512  Python模块学习之xlrd 读取Excel时传入formatting_info=True报错：NotImplementedError: formatting_info=True not yet implemented
00513  IMPI Python集群运行报错:
00514  Python安装selenium及报错原因
00515  python导入模块报错：ImportError: No module named mysql.connector(安装 mysql)
00516  【转】【Python】Python 中文编码报错
00517  Opencv3.0-python： 编译报错color.cpp:7456: error: (-215) scn == 3 || scn == 4 的解决方案
00518  python命令里运行正确但是pycharm里面运行就是报错的问题
00519  [Python] bs4.BeautifulSoup()调用本地html文件报错 FileNotFoundError: [Errno 2] No such file or directory: 'xxx.html'
00520  【Selenium+Python  Webdriver】报错之：TypeError: user_login() missing 1 required positional argument: 'self'
00521  python 网络爬虫报错“UnicodeDecodeError: 'utf-8' codec can't decode byte 0x8b in position”解决方案
00522  Windows安装python模块pandas报错： error: Microsoft Visual C++ 10.0 is required (Unable to find vcvarsall.bat)
00523  python常见释疑（有别于报错）（不定时更新）
00524  python---补充django中文报错（1），Django2.7使用sys.setdefaultencoding('utf-8')，以及使用reload(sys)原因
00525  Python报错：SyntaxError: Non-ASCII character '\xe5' in file 1.py on line 6, but no encoding declared...
00526  Python“Non-ASCII character 'xe5' in file”报错问题
00527  opencv3+python+pycharm报错问题（cmd命令正常）
00528  python的报错
00529  【Selenium + Python】路径报错之OSError: [Errno 22] Invalid argument: './t/report/2018-03-23_11:03:12_report.html'
00530  解决命令行运行python文件，出现No module named *** 报错问题
00531  Python常见报错问题（不定时更新）
00532  Python报错TypeError: '<' not supported between instances of 'str' and 'int'
00533  python 安装psutil包报错：
00534  升级python导致yum报错的解决方法
00535  python报错记录
00536  安装scrapy报错 Python.h: 没有那个文件或目录
00537  Python报错LookupError: unknown encoding: cp65001
00538  Python首次安装后运行报错(0xc000007b)的解决方法
00539  python报错使用yum命令报错File &quot;/usr/bin/yum&quot;, line 30 except KeyboardInterrupt, e: SyntaxError: invalid syntax问题
00540  python安装OpenCV后import cv2报错解决办法
00541  Python 处理JSON数据报错解决办法
00542  python创建__init.py__文件导入模块仍然报错ModuleNotFoundError: No module named 'name'
00543  python---补充django中文报错（2），Django3.5出错
00544  python mysqldb 报错： ProgrammingError: must be real number, not str 解决
00545  Python读取文件时输入文件绝对路径报错
00546  运行python不报错，运行pip报错
00547  python django安装报错The read operation timed out（pytz）完美解决办法
00548  python报错ImportError: [joblib] Attempting to do parallel computing without protecting
00549  【Python + Selenium】初次用IE浏览器之报错：selenium.common.exceptions.WebDriverException: Message: Unexpected error launching Internet Explorer. Protected Mode settings are not the same for all zones.
00551  python 自动化uiautomator 测试android报错：ioerror RPC server not started
00552  python报错IndexError: list index out of range
00553  python之常见报错整理
00554  pycharm+selenium搭建环境之no module named 'selenium'异常解决
00568  python安装提示No module named setuptools,wget提示ERROR 403: SSL is required
00569  python3 pip 安装Scrapy在win10 安装报错error: Microsoft Visual C++ 14.0 is required. Get it with "Microsoft Visual C++ Build Tools": http://landinghub.visualstudio.com/visual-cpp-build-tools
00570  CentOS7 Failed to start LSB: Bring up/down解决方法
00571  解决pycharm添加第三方包失败
00577  解决Pycharm无法显示matplotlib绘图问题
00578  Python读取TXT格式文件遇到的文件编码规则转换问题UnicodeDecodeError: 'gbk' codec can't decode byte 0xa7 in position 14: illegal multibyte sequence
00581  已安装成功Django,import时依然提示ImportError: No module named Django。查询问题思路
00590  python报错ValueError: invalid \x escape
00594  Python3中遇到UnicodeEncodeError: 'ascii' codec can't encode characters in ordinal not in range(128)
00597  解决django项目在ubuntu系统上无法安装mysqlclient
00598  VSCode中设置Python解释器和pylint的波浪线问题
00600  Python 导入requests报错No module named requests
00603  解决django项目无法连接远程mysql的问题
00610  （转） pip Fatal error in launcher: Unable to create process using
00618  安装Tensorflow过程pip安装报错：is not a supported wheel on this platform
00619  python中调用open（）打开文件时路径出错的原因
00635  "unresolved reference 'appium' "问题解决
00639  python升级导致yum命令无法使用的解决
00641  Centos 7 安装Python3.6.4 报错解决方法zipimport.ZipImportError: can't decompress data; zlib not available  　　make: *** [install] Error 1
00642  AttributeError: module 'matplotlib' has no attribute 'verbose' （pycharm中使用matplotlib 2.2.0的坑）
00646  Python中小错误 之 object() takes no parameters
00649  tensorflow报错error,tf.concat Expected int32, got list containing Tensors of type '_Message' instead
00652  Centos6.5安装pip命令以及中途遇到的问题
00653  安装tesserocr错误（未解决）
00658  django启动uwsgi报错
00660  Python 中的object takes no parameters错误
00662  CMakeFiles/species.inc.dir/build.make:57: recipe for target 'CMakeFiles/species.inc' failed
00665  python 内存问题（glibc库的malloc相关）
00668  MongoDb服务器启动失败解决方案
00669  解决Scrapy安装错误:Microsoft Visual C++ 14.0 is required...
00670  开发时遇到的问题总结
00674  Python-不同子目录之间进行模块调用时的路径问题
00675  matplotlib使用时报错RuntimeError: Python is not installed as a framework（一）
00676  Python文件读取报错 UnicodeDecodeError: 'gbk' codec can't decode byte 0xaf in position 9: illegal multibyte sequence
00678  django.db.utils.ProgrammingError:  1146 的解决办法
00682  Pycharm中 import 引入同级文件失败问题
00683  机器学习实战：KNN代码报错“AttributeError: 'dict' object has no attribute 'iteritems'”
00685  centos7虚拟机下python3安装matplotlib遇到的一些问题
00692  Python 搭建webdriver环境遇到的问题总结
00694  Windows 10、Python3环境中通过pip install安装Twisted时出现UnicodeDecodeError
00695  sqlalchemy.orm.exc.flusherror：错误解决
00696  关于在ROS kinetic下arbotix报错的问题
00698  make && make install报错
00701  python基础-异常（exception）处理
00702  captcha库报错"OSError: cannot open resource"
00709  python爬虫错误总结
00711  python3 报错：UnicodeDecodeError: 'utf-8' codec can't decode byte 0xd6 in position 201: invalid continuation byte
00718  安卓Termux中运行QQBot及修复错误"Can not find any timezone configuration"
00730  Python-Django编程问题汇总
00734  python无法使用pip（未安装、无法安装）解决方案
00735  sqlachemy中批量删除的问题
00738  Python3.x在linux下print中文问题
00744  Python2.x 中文乱码问题
00761  Web.py报错：OSError: No socket could be created -- (('0.0.0.0', 8080):
00764  pycharm同级目录导入问题
00773  Python2.x的编码问题
00774  pyspider安装完启动报错【connect to scheduler rpc error: error(111, 'Connection refused')】
00775  使用scrapy crawl name启动一个爬虫时出现的问题
00780  CentOS7 Failed to start LSB: Bring up/down解决方法
00784  已在Terminal安装了包，PyCharm却提示无法找到
00785  因tensorflow版本升级ImportError: No module named 'tensorflow.models.rnn'
00803  appium---【已解决】【Mac】from appium import webdriver报错提示“Unresolved import webdriver”
00807  敲代码过程中遇到的问题及解决办法
00810  Pygame安装问题
00811  Django的urls.py加载静态资源图片，TypeError: view must be a callable or a list/tuple in the case of include().
00823  【Django】遇到的问题
00827  git 常见问题
00833  CentOS6 系统下升级python后yum命令使用时报错
00845  初识Django的一些问题
00852  导入pymysql模块出错：No module named 'pymysql'
00854  [转]happybase1.0 报错：ThriftPy does not support generating module with path in protocol 'f'
00859  NameError:name ‘xrange’ is not defined
00860  遇到的问题
00869  [Bug]Python3.x AttributeError: libtest.so: undefined symbol: fact
00870  centos7解决不能安装psutil的问题
00874  Python 安装beautifulsoup4遇到No module named setuptools问题解决方法
00897  flask中路由函数定义中遇到的问题
00899  No module named MYSQLdb 报错
00912  SyntaxError: Missing parentheses in call to 'print
00914  采用Robotframework Selenium的方式驱动打开浏览器问题
00915  【问题解决】访问jhipster-registry-master出现空白页
00935  python使用模块的问题，常见Python2.7转换为3.5出现问题
00946  Saltstack报错小记
00952  Python中的一个诡异编码问题的追踪
00973  matplotlib 模块常见问题
00977  ModuleNotFoundError: No module named 'apt_pkg' 错误解决
00987  django.db.utils.OperationalError: (1045, "Access denied for user 'ODBC'@'localhost' (using password)
00998  virtualenv 中 install flask 的小问题
01000  python学习之路之int（）奇怪的报错
01001  解决Python模块报错：ModuleNotFoundError: No module name 'StringIO'
01002  python执行selenium报错
01003  python请求报错：raise URLError(err) urllib2.URLError: <urlopen error [Errno -2] Name or service not known>
01004  Appium+python自动化54-appium-doctor报错已解决（SyntaxError: Unexpected token ...）
01005  python 常见报错汇总
01006  【Python】Centos + gunicorn+flask 报错ImportError: No module named request
01007  python pip安装报错： ConnectTimeoutError
01008  Python面试题目之(针对dict或者set数据类型)边遍历 边修改 报错dictionary changed size during iteration
01009  Mac下安装python的mysqlclient模块报错
01010  解决python-memcache报错：“Unknown flags on get: 20”
01011  Faiss in python and GPU报错：NotImplementedError: Wrong number or type of arguments for overloaded function 'new_GpuIndexFlatL2'.
01012  用pip下载的python模块怎么在PyCharm中引入报错
01013  Python，报错NameError: name 'math' is not defined
01014  【Selenium】【BugList4】执行pip报错：Fatal error in launcher: Unable to create process using '""D:\Program Files\Python36\python.exe"" "D:\Program Files\Python36\Scripts\pip.exe" '
01015  python常见问题一（安装报错）
01016  命令行运行python项目文件，报错：ModuleNotFoundError: No module named 'xxxx' 解决办法
01017  python在linux的报错集锦
01018  关于python的一次报错处理ansible 1.9.4 has requirement pycrypto>=2.6, but you'll have pycrypto 2.4.1 which is incompatible.
01019  python 安装第三方插件库报错的解决方案
01020  python selenium 报错unknown error: cannot focus element 解决办法
01021  python新手常见的报错提示
01022  python 报错——Python TypeError: 'module' object is not callable 原因分析
01023  解决pip安装模块报错Cannot fetch index base URL http://pypi.python.org/simple/
01024  python脚本链接数据库报错：_mysql_exceptions.OperationalError: (1045, "Access denied for user 'root'@'localhost' (using password: YES)")
01025  python连接mariadb报错解决1045, "Access denied for user 'root'@'192.168.0.50' (using password: YES)
01026  python 使用pyinstaller生成exe，以及编译报错：编译时报错如下：No module named timedeltas not build. If you want import pandas from the source directory, you may need to run 'python setup.py build_ext --inplace --force' to
01027  python调用MySQLdb库，报错 “Library not loaded: libmysqlclient.18.dylib”
01028  python爬虫开发与项目实践一书 爬取盗墓笔记 其中的json_dump报错问题
01029  python输出中文报错解决方法
01030  [python]解决Windows下安装第三方插件报错：UnicodeDecodeError: 'ascii' codec can't decode byte 0xcb in position 0:
01031  Python 报错 AttributeError: module 'django.db.models' has no attribute 'SubfieldBase'
01032  python 报错——Python TypeError: 'module' object is not callable 原因分析
01033  python 启动shell报错 Subprocess Startup Error
01034  python caffe报错：No module named google.protobuf.internal
01035  Python读文件报错：SyntaxError: Non-ASCII character in file
01036  django 执行   python manage.py makemigrations 报错
01037  python windows 打印乱码报错
01038  
01041  自学python遇到的问题_无法导入 configparser模块，import configparser报错解决办法
01044  Python3 ssl模块不可用的问题
01047  四、Python导入自己写的包报错：没有该包如何解决
01048  python pip 安装库文件报错：pip install ImportError: No module named _internal
01051  python pip使用报错：Fatal error in launcher: Unable to create process using '"'
01058  python+eclipse 引用 import requests报错解决。
01062  python 在Windows中描述路径时出现的问题
01063  CentOS 安装Python3.x常见问题
01076  【Python】CentOs7 Python3安装Openssl以及解决ssl问题
01077  OSError: Initializing from file failed
01078  Python爬虫html解析工具beautifulSoup在pycharm中安装及失败的解决办法
01079  解决 pip 安装opendr包 卡住的问题
01084  解决Python图片处理模块pillow使用中出现的问题
01087  Pycharm redis.exceptions.ConnectionError: Error 10061 connecting to 127.0.0.1:XXXX
01088  关于Pyhton正则报错： sre_constants.error: nothing to repeat at position
01089  from PIL import image报错
01093  python3.6.4 scrapy框架from PIL import Image报错 from . import _imaging as core
01095  win10 +python3.6环境下安装opencv以及pycharm导入cv2有问题的解决办法
01096  Python常见十六个错误集合，你知道那些？
01104  [问题解决]RedHat7更换CentOS7的yum源时踩过的坑
01109  python+selenium初学者常见问题处理
01111  pip安装报错处理+PyPi源切换教程
01118  ImportError: No module named mysql 报错python引用mysql报错
01121  Microsoft Visual C++ 14.0 is required问题的解决或warning: Debugger speedups using cython not found
01124  Python安装pip3常见问题
01125  关于ImportError: libssl.so.10: cannot open shared object file: No such file or directory unable to load app 0 (mountpoint='') (callable not found or import error)
01137  Python-TypeError: not all arguments converted during string formatting
01141  关于运行robot framework 报错解决方法，ModuleNotFoundError: No module named 'robot'
01158  python+selenium初学者常见问题处理
01162  node-sass的安装问题
01171  pyasn1 安装异常
01176  python3.6 配置COCO API出错解决方案
01180  解决在Mac上用pyenv安装python3失败的问题
01184  python2.7运行报警告：UnicodeWarning: Unicode equal comparison failed to convert both arguments to Unicode - interpreting them as being unequal解决办法
01191  Scrapy执行shell命令报错：ModuleNotFoundError: No module named 'win32api'
01194  解决：python命令行运行出错 ImportError: No module named ...
01195  解决：python命令行运行出错 ImportError: No module named ...
01196  安装MySQL-python失败：error: command 'C:\\Users\\Administrator\\AppData\\Local\\Programs\\Common\\Microsoft\\Visual C++ for Python\\9.0\\VC\\Bin\\amd64\\cl.exe' failed with exit status 2
01197  启用Django服务时报错：django.core.exceptions.ImproperlyConfigured: The INSTALLED_APPS setting must be a list or a tuple.
01199  django 里面的id问题，提示缺少id字段
01203  sqlite3.OperationalError: database is locked
01206  转载：Win7系统 利用 pycharm导入Tensorflow失败，出现报错——ImportError:DLL load failed with error code -1073741795的解决方式
01208  ImportError: No module named pycocotools.coco,pycocotools/_mask.so: undefined symbol: _Py_ZeroStruct
01214  UnicodeEncodeError: 'gbk' codec can't encode character '\xa0' in position ... 问题解决办法之一
01219  python3  Django框架报错（备忘录）
01233  解决python在cmd运行时导入包失败，出现错误信息 "ModuleNotFoundError: No module named ***"
01241  【python库安装问题解决】UnicodeDecodeError: 'utf-8' codec can't decode byte 0xc0 in position 121: invalid start byte
01242  pip-9.0.1更新到pip-10.0.1遇到的问题
01244  anaconda3 python3.6.4安装scrapy 报错Microsoft Visual C++ 14.0 is required时应该怎么办
01248  使用eval将字符串转化成字典时报name 'null' is not defined错误解决办法
01255  Tensorboard数据(tfevents文件)格式解析及ofstream使用问题
01256  python使用requests时报错requests.exceptions.SSLError: HTTPSConnectionPool
01261  [已解决]windows下python3.x与python2.7共存版本pip使用报错问题
01267  Centos7 升级python3，解决升级后不兼容问题
01268  plugins/python/uwsgi_python.h:2:20: fatal error: Python.h: No such file or directory
01269  python json.dumps(output) ^ SyntaxError: invalid syntax
01270  vamare下centos7.0 动态获取ip报错问题
01276  pip安装第三方库失败的问题
01279  关于Python的post请求报504错误
01282  python 爬虫写入txt：UnicodeEncodeError: ‘gbk’ codec can’t encode character 错误的解决办法
01285  代码遇到异常怎么办？不要慌，来看看这个！
01286  一条命令解决mac版本python IDLE无法输入中文问题
01288  用启动器py成功解决python2和python3同时共存且同时运行的问题
01293  在centos服务器里安装opencv的坑：mportError: libXrender.so.1: cannot open shared object file: No such file or directory and wrong ELF class: ELFCLASS32
01298  关于Python, ftplib模块中的cwd()进入含中文目录失败的问题
01306  ubuntu下caffe加入新的python层问题解决
01315  Python 3.6print 出现  SyntaxError: invalid syntax
01317  selenium.common.exceptions.WebDriverException: Message: 'geckodriver' executable needs to be in PATH. 错误处理方法
01325  django之models报错
01327  UnicodeDecodeError: 'ascii' codec can't decode byte 0xe5 in position 1: ordinal not in range(128)
01330  selenium2学习：常见错误和常见问题
01335  [原]在使用ubuntu14.04，安装devstack的时候报错./stack.sh: line 463: generate-subunit: command not found
01342  python2.7运行出现的Warning: UnicodeWarning: Unicode equal comparison failed to convert both arguments to Unicode - interpreting them as being unequal
01350  记Python2.7的一次编解码问题解决
01351  python3 常用数据结构的常见错误
01355  安装mysql驱动之 mysqlclient  出现的报错处理（ubuntu16.04）
01356  python rpy2，tkinter安装问题解决
01360  [错误处理]AttributeError: 'generator' object has no attribute 'next'
01373  Django 报错no sucn column: OpretionalError
01376  关于基于python27使用 from pylab import * 报错问题
01381  python 异常处理
01385  关于configure: error: no acceptable C compiler found in $PATH
01416  自学python遇到的问题_测试用例运行成功但是无法生成测试报告
01423  Python学习【第5篇】：Python之字符编码问题
01424  解决UnicodeEncodeError。python的docker镜像增加locale 中文支持
01432  python"TypeError: 'NoneType' object is not iterable"错误解析
01434  python+selenium常见问题解决方式
01439  安装scrapy报错
01440  [已解决]pycharm报错:AttributeError: module 'pip' has no attribute 'main'
01446  用Fundebug插件记录网络请求异常
01447  python 异常处理
01448  chrome窗口报错 出现 "您使用的是不受支持的命令行标记:--ignore-certificate-errors
01449  TensorFlow:NameError: name ‘input_data’ is not defined
01456  Python编程中NotImplementedError的使用
01458  python全栈学习--Day30 (纸牌游戏,异常和错误,异常处理)
01477  Python3.6单例模式报错TypeError: object() takes no parameters的解决方法
01482  安装模块出现的编译问题（解决）
01492  CentOS 安装Python3.x常见问题
01493  rsync 密钥文件错误问题总结
01498  5-2 TensorFlow可视化Tensorboard遇到的问题
01500  python-报错和解决方法汇总
01501  解决Python-OpenCV中cv2.rectangle报错
01502  python抓取不得姐动图（报错 urllib.error.HTTPError: HTTP Error 403: Forbidden）
01503  python ConfigParser读取配置文件，及解决报错（去掉BOM）ConfigParser.MissingSectionHeaderError: File contains no section headers的方法
01504  python webdriver 报错WebDriverException: Message: can't access dead object的原因（pycharm中）
01505  Django学习（1）——python manage.py startapp app-name新建app报错问题
01506  [Python]安装完pip、pygame后，仍然import pygame报错
01507  Python（32bit）运行报错：MemoryError
01508  Python使用suds调用webservice报错解决方法：AttributeError: 'Document' object has no attribute 'set'
01509  运行python脚本时，报错InsecurePlatformWarning: A true SSLContext object is not available，解决方法
01510  python 报错：a bytes-like object is required, not 'str'
01511  Python 更新pip报错：Could not install packages due to an EnvironmentError: [WinError 5] 拒绝访问
01512  关于python flask接口的报错：以一种访问权限不允许的方式做了一个访问套接字的尝试
01513  [Error]Python虚拟环境报错 OSError: setuptools pip wheel failed with error code 2
01514  mac下python环境pip报错[SSL: TLSV1_ALERT_PROTOCOL_VERSION] tlsv1 alert protocol version (_ssl.c:590) 的解决方法
01515  小试Python交互模式(Python Shell)与读文件操作报错(OSError)的解决办法
01516  小试Python交互模式(Python Shell)与读文件操作报错(OSError)的解决办法
01517  python str类型转字典报错问题
01518  python读取剪贴板报错 pywintypes.error: (1418, 'GetClipboardData', '\xcf\xdf\xb3\xcc\xc3\xbb\xd3\xd0\xb4\xf2\xbf\xaa\xb5\x
01519  Tensorflow报错：Python: FailedPreconditionError: Attempting to use uninitialized value
01520  python的import报错问题
01521  python报错 TypeError: string indices must be integers
01522  [python]np.loadtxt报错
01523  python爬虫在解析不带引号的json报错的问题解决方案
01524  Python. 报错： TypeError: issubclass() arg 1 must be a class
01525  Python安装第三方库，报错超时： Read timed out.
01526  python 判断变量是否存在  防止报错
01527  python交互环境中导入文件中自定义的函数报错
01528  python+selenium自动化测试，浏览器最大化报错解决方法
01529  win7 64下安装mysql-python报错的解决办法
01530  Python 3.6 安装scrapy报错 Python.h: 没有那个文件或目录
01531  python_爬虫_使用终端运行爬报错：No such file or directory
01532  python_爬虫_使用终端运行爬报错：No such file or directory
01533  【python】pip安装报错UnicodeDecodeError: 'ascii' codec can't decode byte 0xc4 in position 7: ordinal not in range(128)
01534  linux下 python源码包解压报错
01535  python  模块之路   异常处理基础   异常处理其他  报错处理
01536  【python】python安装和运行报错汇总
01537  python  pip 不能用报错: ImportError: No module named _internal
01538  【Python】【亲测好用】安装第三方包报错：AttributeError:'module' object has no attribute 'main'
01539  python学习day-14 分类器及tensorflow导入mnist数据集出现报错
01540  python 字符串报错 but no encoding declared
01541  【Python求助】在eclipse和pycharm中，通过adb install安装中文名字APK时老是报错，如何解决
01542  python pip使用报错：Fatal error in launcher: Unable to create process using '"'
01543  django项目中添加注释就报错  SyntaxError: Non-ASCII character '\xe8' in file /Users/mac/PycharmProjects/ls/mall/mall/settings/dev.py on line 106, but no encoding declared; see http://python.org/dev/peps/pep-0263
01544  python报错 'Nonetype' object is not iterable
01545  python 格式化时间含中文报错 'locale' codec can't encode character '\u5e74'
01546  python import win32clipboard 报错DLL load failed: %1 不是有效的 Win32 应用程序。
01547  
01548  Python 安装gevent，在导入gevent之后就报错了
01549  python—— reload(sys)报错 “name 'reload' is not defined”
01550  Python 3.6版本中实现 HTMLTestRunner输出时”fp=file(filename,'wb')“报错
01551  python2.x下pip install mysql-python报错解决办法
01552  python装PIL报错
01553  【Python】xpath中为什么粘贴进去代码后老报错？如何在定位元素的时候准确找到定位切入点？
01554  ubuntu下安装pip install mysqlclient 报错 command "python setup.py egg_info" failed with error.....解决方案
01555  python报错：TypeError: 'int' object is not subscriptable
01557  Python的ConfigParser模块读取ini配置文件 报错（持续更新总结）
01560  python3.7导入gevent模块报错的解决方案
01561  解决python3.5无法导入cv2.so的问题
01564  Anaconda3  tensorflow安装  及ModuleNotFoundError: No module named 'tensorflow' 解答
01565  python2.7报错Non-ASCII character '\xe5' in file knn.py on line 3, but no encoding declared; see http://python.org/dev/peps/pep-0263/ for details
01567  CentOS7 ：Failed to start LSB: Bring up/down解决方法
01573  python导入模块报错：ModuleNotFoundError: No module named 'mysql'
01574  初学Django项目可能会遇到的问题
01576  Python中的空格和缩进问题总结
01579  Pycharm中使用from appium import webdriver时报错：ModuleNotFoundError: No module named 'appium'
01582  解决安装mysqlclient出现问题：mysql_config: not found
01588  Scrapy安装使用时模块导入出错
01590  【学习记录】python单元测试报错 empty test suite
01593  ubuntu系统下IDEA中新建class时报错Unable to parse template "Class"的解决方法
01597  centos自带python2.6升级到python2.7。并解决yum pip easy_install pip等模块兼容性问题
01598  python安装库报错Microsoft visual c++ 14.0 is required问题解决办法
01600  python使用requests时报错requests.exceptions.SSLError: HTTPSConnectionPool
01602  Windows下安装模块mysqlclient报错处理
01607  python 错误捕获机制分析
01610  安装python包时报错
01614  pip命令报错 "/usr/local/bin/pip", line 7, in <module>
01615  python3.7安装模块MySQLdb报错error: Microsoft Visual C++ 14.0 is required.
01617  eclipse中pyDev读取中文路径报错
01620  Python基础-TypeError：takes 2 positional arguments but 3 were given
01623  yum安装软件出错解决方法
01628  Python ImportError: DLL load failed: %1 不是有效的 Win32 应用程序。
01629  Python调用matlab函数( 使用matlab官方api,解决多维numpy矩阵输入问题)
01630  作为初使用frida hook apk者遇见的问题 2018/7/22/12:48
01634  ImportError: cannot import name 'izip & TypeError: 'float' object cannot be interpreted as an integer
01635  python 3.64安装，升级gcc（版本过低安装错误）
01637  Python脚本报错AttributeError: ‘module’ object has no attribute’xxx’解决方法
01640  解决pycharm连接MySQL 1366报错的问题
01643  TensorFlow 安装报错的解决办法
01649  selenium自动化脚本报错总结
01651  Mac版Python打开文件的路径问题
01652  Python编码格式导致的csv读取错误
01661  报错解决——OSError: libdarknet.so: cannot open shared object file: No such file or directory
01667  在安装python的mysqlclient包时报microsoft visual c++ 14.0 is required的错误
01675  winedt10常见问题的解决方法及快捷键
01676  pip install 第三方库报错
01677  PySpider HTTP 599: SSL certificate problem错误的解决方法
01685  django连接Oracle过程中出现的问题
01687  UnicodeDecodeError异常
01688  Python安装cx_Oracle模块遇到的问题(32bit)
01689  pip3 install beautifulsoup4 出现错误 There was a problem confirming the ssl certificate
01690  运行pip报错：Fatal error in launcher: Unable to create process using '’路径’'
01691  部署安装kubernetes client-python，执行pip install setup.py时报错
01692  ambari 2.6.2 安装 hdp 2.6.5.0 遇到的问题
01693  报错解决——ctypes.ArgumentError: argument 1:……….. : wrong type
01696  django 第一次运行出错
01699  安装scrapy失败的处理方式
01707  【Selenium】【BugList7】执行driver.find_element_by_id("kw").send_keys("Selenium")，报错：selenium.common.exceptions.InvalidArgumentException: Message: Expected [object Undefined] undefined to be a string
01711  vs2013下c++调用python脚本函数 出现的一些问题总结
01717  解决selenium的ChromeDriver版本问题
01719  learning.py报错
01721  ImportError: dynamic module does not define module export function (PyInit__sqlite3)
01722  ipython与sublime调用其shell出现的问题
01725  Python安装-安装pymssql错误的解决办法
01729  安装Twisted时报错解决
01734  CentOS7 Failed to start LSB: Bring up/down解决方法
01735  Python中的编码和解码问题
01741  pycharm 中 ‘unicodeescape’ codec can’t decode bytes in position XXX: trun错误解决方案背景描述
01744  解决安装PyUserInput、pyHook遇到的问题——AttributeError: 'HookManager' object has no attribute 'keyboard_hook
01745  Python3.7中urllib.urlopen 报错问题
01748  py+selenium 报错NameError: name 'NoSuchElementException' is not defined【已解决】
01755  [Python]CentOS - ImportError: No module named '_curses'
01756  jenkins 执行shell命令出错command not found 和No such file or directory
01759  关于django模型语法里面的一些坑。系统报错：Unknown command: 'validate'  Type 'manage.py help' for usage.
01772  EnvironmentError: mysql_config not found问题解决(centos7下python安装mysql-python)
01781  [Python] RuntimeError: Invalid DISPLAY variable
01784  【转】python "TypeError: 'NoneType' object is not iterable"错误分析
01791  remix无法安装的解决方案
01795  JMeter 报告监听器导入.jtl结果文件报错解决方案
01797  解决：TypeError: object() takes no parameters
01800  关于Python安装PIL库失败的原因
01801  【python】ImportError: cannot import name 'QWebView'
01807  解决win764位安装pycrypto遇到unable to find vcvarsall.bat 问题
01808  Debug | MacOS python ssl模块引入出错
01814  【Django】执行manage.py test报数据库错误
01815  【Django】执行manage.py test报数据库错误
01818  latin-1 codec cant encode characters in position 42-48: ordinal not in range256　下载文件时候报错
01821  Centos7/RedHat7 下 python3使用cx-freeze打包matplotlib程序遇到的问题和解决办法
01829  ubuntu16.0 anaconda3 安装tensorflow keras错误集锦
01830  robotframework 远程连接数据库问题
01838  解决用anaconda安装scrapy后，在使用scrapy时报错
01845  安装anaconda遇到的问题
01856  virtualenvwrapper的安装及问题解决
01861  pip升级时报错--- No module named 'pip._internal'
01863  Django报错：OSError: raw write() returned invalid length 4 (should have been between 0 and 2)
01866  python 运行脚本报错  from keyword import iskeyword as _iskeyword ImportError: cannot import name iskeyword，说明python环境坏了，得重装，尚不知具体原因，
01868  pycharm 使用jupyter notebook 报错：'_xsrf' argument missing from POST
01869  No module named yum错误的解决办法
01879  AutoItLibray 安装问题小记
01898  Python3.6.2安装pip install paramike模块报错
01899  记录一次python程序中的错误
01909  Django 无法同步数据库model相应字段问题
01911  异常与错误
01913  python应用：异常处理
01920  python自动化之BDD框架之lettuce初识问题集
01929  TypeError: __init__() missing 1 required positional argument: 'on_delete'
01930  Windows下python 3 pip程序升级异常问题及pip常用命令
01936  Centos下python2.7安装ipython失败的解决方法
01945  python中的编码问题
01949  Scrapy 解决Scrapy安装时报错"Microsoft Visual C++ 14.0 is required"
01950  caffe SSD 代码编译运行流程及问题解决
01954  针对AttributeError: ‘module’ object has no attribute’xxx’的错误归类
01972  Centos7防火墙常用命令及mask锁定不能添加端口问题
01977  python调用WebService遇到的问题'Document' object has no attribute 'set'
01980  【Django】ImportError: cannot import name 'execute_manager'
01983  TypeError: Only length-1 arrays can be converted to Python scalars
01995  centos7安装python3.6后导致防火墙功能无法正常工作的解决办法
02000  python打包--pyinstaller打包报错
02001  Python_报错：SyntaxError: (unicode error) 'unicodeescape' codec can't decode bytes in position 2-3: truncated \UXXXXXXXX escape
02002  mac安装MySQL-Python报错
02003  Python_报错：IndexError: list assignment index out of range
02004  python 读取配置文件总是报错 configparser.NoSectionError: No section:
02005  解决在Python中使用Win32api报错的问题，No module named win32api
02006  Python_报错：SyntaxError: unexpected character after line continuation character
02007  Python_报错：EOFError: Ran out of input
02008  Python_报错：ValueError: binary mode doesn't take an encoding argument
02009  Python_报错：UnicodeDecodeError: 'gbk' codec can't decode byte 0x80 in position 0: illegal multibyte sequence
02010  Python_报错：TypeError: write() argument must be str, not int
02011  [python基础] csv.wirterow()报错UnicodeEncodeError
02012  python 常见问题01 python使用input()来接受字符串时一直报错“xxx is not defined”
02013  Python_报错：TypeError: file must have 'read' and 'readline' attributes
02014  【python+beautifulsoup4】Python中安装bs4后，pycharm报错ModuleNotFoundError: No module named 'bs4'
02015  python利用xlrd读取excel文件始终报错原因
02016  python之urllib.request.urlopen(url)报错urllib.error.HTTPError: HTTP Error 403: Forbidden处理及引申浏览器User Agent处理
02017  Python_报错：SyntaxError: EOL while scanning string literal
02018  python连接oracle数据库报错"DatabaseError: DPI-1047: 64-bit Oracle Client library cannot be loaded
02019  python报错函数传参数传多了
02020  Python爬虫之selenium各种注意报错
02021  Python_报错：TypeError: Tuple or struct_time argument required
02022  【Python】【BugList12】python自带IDLE执行print(req.text)报错：UnicodeEncodeError: 'UCS-2' codec can't encode characters in position 93204-93204
02023  windows平台python安装mysqlclient报错"Microsoft Visual C++ 14.0 is required"的解决方案
02024  Python报错“UnicodeDecodeError: 'ascii' codec can't decode byte 0xe9 in position 0: ordinal not in range(128)”的解决办法
02025  python报错：pymongo.errors.CursorNotFound: Cursor not found
02026  opencv_python使用cv2.imread()读取中文路径报错问题(转)
02027  Python语言importError:cannot import name 'InvalidArgumentException'报错的解决方法：
02028  安装mysql-python报错解决办法
02029  【问题记录】Python运行报错：can only concatenate str (not "int") to str
02030  selenium+python 第一步启动火狐报错解决方案，已成功
02031  python urlib2报错gaierror: [Errno 11004] getaddrinfo failed
02032  python+selenium  之from导入webdriver 报错的一个新手常见的坑
02033  pip3命令报错Fatal error in launcher: Unable to create process using '"d:\old_files\py3.6\python.exe"  "E:\py3.6\Scripts\pip3.exe" list'
02034  python报错提示及解决方法
02035  Python_报错：SyntaxError: 'break' outside loop
02036  Python中安装bs4后，pycharm依然报错ModuleNotFoundError: No module named 'bs4'
02037  python脚本执行报错整理
02038  python安装报错：Microsoft Visual C++ 14.0 is required
02039  【Python】【BugList13】req = requests.get(url=target)报错： (Caused by SSLError(SSLError(1, '[SSL: CERTIFICATE_VERIFY_FAILED] certificate verify failed (_ssl.c:777)')
02040  Python直接改变实例化对象的列表属性的值 导致在flask中接口多次请求报错
02041  Python 安装Scrapy报错（已解决）
02042  appium+python运行报错：status":33,"value":{"message":"A new session could not be created.","origValue":"Device did not become ready in 5 secs}（解决）
02043  python 模块 chardet报错解决方法：下载及介绍
02044  25- 解决'python -m pip install --upgrade pip' 报错问题
02045  爬虫学习之-python插入mysql报错
02046  python连接oracle数据库，使用cx-oracle报错Oracle Client library cannot be loaded
02047  Python中pip安装报错Unable to create process using '....'
02048  python 3 使用cmp函数报错
02049  Python中pip安装报错Unable to create process using '....'
02050  windows下 python中报错ImportError: No module named 'requests'
02051  go调用python命令行参数过量报错python.exe: The filename or extension is too long.的解决方法
02052  windows下 python中报错ImportError: No module named 'requests'
02054  python pip安装报错python setup.py egg_info  failed with error code 1
02055  Python 在已创建的数据表添加字段报错问题
02056  Python 在已创建的数据表添加字段报错问题
02057  docker 安装PIL python 报错 IOError: decoder zip not available
02058  python中简单的递归（断点报错的小福利）
02059  python  报错RuntimeError: dictionary changed size during iteration
02061  python 中文注释报错
02064  安装gensim报错：Original error was: DLL load failed: 找不到指定的模块。  Command "python setup.py egg_info" failed with error code 1 in C:\Users\xubing\AppData\Local\Temp\pip-install-nta89iep\gensim\
02071  ValueError: invalid literal for int() with base 10: 'abc'
02094  pip安装时遇到的问题集锦，持续更新！
02096  Locust环境搭建及报错解决
02103  uwsgi部署相关问题Fatal Python error: Py_Initialize: Unable to get the locale encoding  问题(13: Permission denied) while connecting to upstream
02104  centos安装Python插件后找不到对应的插件ModuleNotFoundError: No module named*
02106  python程序在命令行执行提示ModuleNotFoundError: No module named 'XXX' 解决方法
02113  [Dynamic Language] pyspark Python3.7环境设置 及py4j.protocol.Py4JJavaError: An error occurred while calling z:org.apache.spark.api.python.PythonRDD.collectAndServe解决!
02118  Ansible拷贝文件遇到的问题
02122  read_csv报错Initializing from file failed
02123  原创：解决 python中moviepy调用ffmpeg的错误：subprocess, PermissionError: [WinError 5] 拒绝访问
02127  使用flask-alchemy 过程中报错KeyError: 'SQLALCHEMY_TRACK_MODIFICATIONS'
02132  python wordcloud库使用过程中的问题1
02134  关于pycharm导入其他项目时出现找不到python无法运行的问题
02139  关于pycharm导入其他项目时出现找不到python无法运行的问题
02146  Python编程中NotImplementedError的使用
02149  Django出错提示TemplateDoesNotExist at /
02152  python 3 直接使用reload函数报错
02153  解决kali linux 升级后安装w3af 问题
02162  Python 连接数据库失败
02166  Django：报错 raise MigrationSchemaMissing("Unable to create the django_migrations table (%s)" % exc)
02167  python2.6 使用pip安装django报错
02168  iframe切入切出问题，经常会碰到
02177  Pillow ImportError: ~/.jumbo/lib/python2.7/site-packages/PIL/_imaging.so: undefined symbol: TIFFSetWarningHandlerExt
02183  pip install时遇到MemoryError的原因和处理方法
02191  pytorch 0.4.1安装问题
02194  python脚本AttributeError: module 'xxxx' has no attribute 'xxxxx'错误解决办法
02195  Pycharm下找不到sqlalchemy、pymysql的问题
02198  Python_异常：TypeError: write() argument must be str, not list
02206  Flask-SQLAlchemy中解决数据库连接1366报错
02207  日常遇错之ModuleNotFoundError: No module named request
02209  from scipy.misc import imread 报错原因
02210  Aasible中cryptography兼容性报错解决办法
02213  thulac安装问题
02214  PyDev for Eclipse 无法正常使用的解决方法
02218  安装PyExecJS出现问题
02220  pycharm+selenium搭建环境之no module named 'selenium'异常解决
02222  raise HTTP_EXCEPTIONS.get(status_code, TransportError)(status_code, error_message, additional_info) elasticsearch.exceptions.RequestError: <exception str() failed>
02223  [Java/Python] java调用python脚本问题记录
02224  pip报错解决：EnvironmentError: mysql_config not found
02227  安装Django时解决的问题-mysql及访问(附pycharm激活)
02231  Python模块、包、异常、文件(案例)
02232  异常处理try-except
02240  python3中启动 uiautomator2viewer时报错解决办法
02241  Python ImportError: DLL load failed: %1 不是有效的 Win32 应用程序。
02242  python01：pycharm中安装包时所遇到的问题
02243  PyTorch安装问题解决
02255  关于python中第三方库安装方法和问题解决
02266  python常见问题
02268  解决VS Code开发Python3语言自动补全功能不带括号的问题
02269  python Fatal error in launcher
02273  pip错误-failed to create process/fatal error in launcher
02276  flask_socket_io中报错RuntimeError: You need to use the eventlet server. See the Deployment section of the documentation for more information.的解决办法
02277  pycharm中运行成功的python代码在jenkin中运行问题总结
02282  【Selenium】【BugList9】windows环境，fp = open("./"+ time.strftime("%Y-%m-%d %H:%M:%S") + " result.html",'wb')，报错：OSError: [Errno 22] Invalid argument: './2018-09-05 10:29:32 result.html'
02286  php安装imagemagick扩展 常见问题与解决方案（win平台）
02294  pip错误：'utf-8' codec can't decode byte解决方法
02301  python异常处理
02307  异常处理
02327  python 文件与异常
02333  ubuntu导入torch模块报错
02346  利用本地浏览器远程服务器上的jupyter notebook（报错/usr/bin/python3: No module named ipykernel_launcher）
02348  hexo建站报错解决记录
02352  报错：PermissionError: [WinError 5] Access is denied: 'C:\\Program Files\\Anaconda3\\Lib\\site-packages\\pywebhdfs'
02363  使用pip安装时遇到文件拒绝访问和版本升级的问题及解决方法
02374  安装Python3后,centos使用yum报错
02379  python基础——异常处理及断言
02385  Django ：执行 python manage.py makemigrations 时报错 TypeError: __init__() missing 1 required positional argument: 'on_delete'
02394  Centos pip 安装uwsgi 报错“fatal error: Python.h: No such file or directory”
02409  [转]windows下安装python MySQLdb及问题解决
02426  Python中的异常处理
02427  Keras.model.save() 引发 NotImplementedError 如何解决
02428  公众号web.by端口号问题总结
02433  Python中的异常处理
02434  Atom插件下载失败解决办法
02435  异常处理
02436  VS Code编写Python3  insert 数据库插入无效也不报错的坑~.~
02437  windows下python3.7安装pybloom报错解决办法
02447  Python2安装数据库驱动（Mysql_Python）失败问题
02462  python_异常处理
02463  python_udp_socket问题
02474  jinja2.exceptions.TemplateAssertionError: no filter named 'zip'（这一类的问题的解决办法）
02479  PHP-FPM安装报错解决
02484  Python学习---Python环境变量安装问题0907
02489  pycharm 问题集锦
02497  Python—异常
02500  Python 报错 SyntaxError: invalid syntax 解决方法
02501  【原创】大叔经验分享（11）python引入模块报错ImportError: No module named pandas numpy
02502  pip python的包成功，但是import的时候报错
02503  17.Python报错总结丶自定义报错
02504  python导入import requests报错
02505  Python创建文件报错OSError：[Errno 22] Invalid argument处理
02506  jumpserver 安装python 报错
02507  python setup.py install 报错：error: [WinError 3] 系统找不到指定的路径。: 'C:\\Program Files (x86)\\Microsoft Visual Studio 14.0\\VC\\PlatformSDK\\lib
02508  python中常见的报错信息
02509  python抠图与pip install PIL报错
02510  解决python2安装MySQL-python模块报错
02511  anaconda安装VSCODE后，python报错
02512  python异常报错详解
02513  Pycharm报错解决：error:please select a valid Python interpreter 及一些基本设置
02514  Mac OS X 使用python urllib 模块 通过ssl访问报错 urllib.error.URLError
02515  Python numpy 安装以及处理报错 is not a supported wheel on this platform
02516  Python分布式进程报错：pickle模块不能序列化lambda函数
02517  python smtplib使用163发送邮件 报错 554 DT:SPM
02518  python 报错 SyntaxError: Non-ASCII character
02519  pycharm18.2.4 + Python3.7.1 安装salt报错python pip install salt:  Command "python setup.py egg_info" failed with error code 10 及解决方法
02520  Ubuntu Python报错：configure: error: no acceptable C compiler found in $PATH
02521  [Python] windows下beautifulsoup使用lxml解析使用报错
02522  Python异常报错对照
02523  python中json报错：json.decoder.JSONDecodeError: Invalid control character at: line 2 column 18 (char 19)
02524  python cmd 启动python项目报错：no module named “xxx”
02525  Python 3 报错 TypeError: object() takes no parameters【新手必过坑之一】
02526  python-docx-template的Jinja报错'builtin_function_or_method' object is not iterable
02527  Pycharm，Python 安装OpenCV and CV2 时，报错，教你如何正确安装。
02528  [Python] 代码中有中文注释会报错
02529  python 安装模块时提示报错：Microsoft Visual C++ 9.0 is required (Unable to find vcvarsall.bat)
02530  python中常见的报错，总结一下，以后看。
02531  python  print 打印的数据包含中文，打印报错UnicodeDecodeError: 'gbk' codec can't decode bytes in position 459-460: illegal multibyte sequence解决办法
02532  python中使用pip安装报错：Fatal error in launcher... 解决方法
02533  python打开文件报错：SyntaxError: (unicode error) 'unicodeescape' codec can't decode bytes in position 2-3: truncated \UXXXXXXXX escape
02534  python 安装mysql报错
02535  python 安装mysql报错
02536  python安装第三方库报错visual c++ 14.0 is required
02537  python 使用json.dumps转换django queryset的datatime报错问题解决
02538  python 安装 reportlab 报错 “ImportError: No module named reportlab.lib”
02539  Python中io的open()在PyCharm环境下报错和路劲的问题
02540  Python中文报错问题
02541  python+selenium 批量执行时出现随机报错问题【已解决】
02542  重建索引报错-python数据分析
02543  python接口测试自动化框架-发送邮件，邮箱报错: 535 Error， authentication failed
02544  python报错
02545  Python:导入numpy报错 No module named numpy
02546  python缩进报错
02547  eclipse环境下Python报错"undefined variable from import..."的解决方案
02548  python selenium跳转到alert报错UnexpectedAlertPresentException
02549  python程序报错：SyntaxError: invalid character in identifier
02550  python报错Nonetype object is  not iterable
02551  python中发送post请求时，报错“Unrecognized token 'xxxx': was expecting ('true', 'false' or 'null')”
02552  python 运行报错 Process finished with exit code -1073741819 (0xC0000005)
02553  python读取数据库mysql报错
02554  Python中报错："系统找不到指定的文件"；"浏览器似乎在未打开之前就已经退出"解决方法
02555  python报错UnicodeDecodeError: 'ascii' codec can't decode byte 0xe8 in position 0 解决方案
02557  virtualenvwrapper.sh报错: There was a problem running the initialization hooks.解决
02558  报错 关于python的x和y不等长
02559  windows环境pip安装时一直报错Could not fetch URL https://pypi.org/simple/xrld/: There was a problem confirming the ssl certificate: HTTPSConnectionPool(host='pypi.org', port=443): Max retries exceeded with url:
02562  python3.6 和python 2.7版本安装pycrypto过程及问题（不需要安装vs）
02568  python安装报错error writing to file：......
02572  pandas.read_csv() 报错 OSError: Initializing from file failed，报错原因分析和解决方法
02576  Django 调用报错  " ImportError: Couldn't import Django. "
02587  python程序在命令行执行提示ModuleNotFoundError: No module named 'XXX' 解决方法
02590  PyCharm:ModuleNotFoundError: No module named 'selenium'
02596  解决：python 连接Oracle 11g 报错：ORA-12514: TNS: 监听程序当前无法识别连接描述符中请求的服务
02597  Python安装tesserocr遇到的各种问题及解决办法
02598  Python中文注释报错的解决方法
02607  pycharm引入numpy报错：ImportError:  Importing the multiarray numpy extension module failed.  Most likely you are trying to import a failed build of numpy.
02614  【Python 库】读取 .doc、.docx 两种 Word 文件简述及“Word 未能引发事件”错误
02615  Jenkins中，执行py文件，python找包的路径（找不到自定义包的问题解决）
02623  windows环境下安装scrapy框架报错问题--最快捷有效的解决方案
02631  Mac笔记本中是用Idea开发工具在Java项目中调用python脚本遇到的环境变量问题解决
02632  python3.7 urlopen请求HTTPS警告'CERTIFICATE_VERIFY_FAILED'解决办法
02634  windows安装fdfs_client-py-master.zip 出现 error: Microsoft Visual C++ 14.0 is required.
02643  spark 2.X 疑难问题汇总
02649  安装pywin32时：ImportError: DLL load failed: %1 不是有效的 Win32 应用程序和 DLL load failed
02650  python无法连接mysql，有个小坑，需要注意一下！
02654  windows安装anaconda 报错failed to create anacoda menu ？
02660  解决You are using pip version 7.1.2, however version 18.1 is available. 报错
02664  python常见报错
02666  [python问题] You are using pip version 7.1.2, however version 18.1 is available
02671  关于Python3.6中Twisted模块安装的问题
02677  解决linux 升级高版本python3.7后yum不能使用的问题
02679  Centos7 执行firewall-cmd报错“ModuleNotFoundError: No module named 'gi'”
02680  python print 在windows上 出现 Bad file descriptor error
02684  npm方式安装appium环境所遇到的各种问题
02688  python脚本报错：OSError: [WinError 193] %1 不是有效的 Win32 应用程序。
02690  raise EnvironmentError("%s not found" % (mysql_config.path,))     EnvironmentError: mysql_config not found 解决办法
02695  Python之异常处理（执行python文件时传入参数）
02696  【Linux】Centos7安装yum报错
02705  TypeError: translate() takes exactly one argument (2 given)
02706  关于报错:django.core.exceptions.ImproperlyConfigured: mysqlclient 1.3.3 or newer is required; you have 0.7.11.None
02710  subprocess实时获取结果和捕获错误
02713  python 常见错误
02718  python3中pip的安装、常见问题及万能解决方案。
02719  用python连接mysql失败总结
02724  python2和python3共存时pip问题解决
02725  TensorFlow错误ValueError: No gradients provided for any variable
02737  Mac--常用安装命令以及问题解决(面向自己查看)
02753  远程连接mysql报错，ERROR 1045 (28000): Access denied for user 'ODBC'@'localhost' (using password: NO)解决方案
02755  解决python中csv文件中文写入问题
02759  Ubuntu 下安装mysqlclient报错
02760  SyntaxError: Non-ASCII character '\xe4' in file t.py on line 3, but no encoding declared
02761  python: ImportError: cannot import name 'Style' from 'openpyxl.styles' 解决方法
02763  macOS在virtualenv中使用wxPython报错
02765  安装pandas报错（AttributeError: 'module' object has no attribute 'main'）
02778  一篇文章助你理解Python2中字符串编码问题
02789  centos7下安装python3 解决openssl等一系列问题
02791  pyinstaller 打包生成exe之后运行提示‘no module name 'xxx'’错误
02792  Python 解决命令行删除、退格乱码问题
02794  Yum：[Errno 5] [Errno 2] No such file or directory
02795  ImportError: No module named scipy.sparse
02797  python 初学 错误类型以及编码规范
02798  python 元组编码和解码问题
02800  2、Ansible在使用过程中出现的错误解决方法
02801  centos7里python导入turtle的问题
02809  python代码异常范围检查方法（非常实用）
02820  解决python执行cmd命令出现"XXX不是内部命令"的问题
02834  ubuntu下pycharm无法使用pip安装python包的修复方案
02835  python升级带来的yum异常：File "/usr/bin/yum", line 30
02838  django 学习手册 - ORM 报错集(随时更新)
02840  安装python3后，pip3运行失败解决
02843  bcrypt安装常见错误解决方法
02848  python 常见问题及解决办法（更新ing）
02852  如何解决 安装pytest-allure-adaptor 报错问题
02857  UnicodeDecodeError: 'ascii' codec can't decode byte 0xc3 in position 1: ordinal not in range(128)
02859  手势识别中一些错误解决方法
02867  目标检测常见错误
02872  Django-报错解决方法
02875  TensorFlow训练MNIST报错ResourceExhaustedError
02880  Django 使用allauth报错
02883  【转载】Python中ConfigParser.InterpolationSyntaxError: '%' must be followed by '%' or '(', found: "%&'" 解决方案
02884  问题记录： Microsoft Visual C++ 14.0 is required. --rcssmin、rjsmin、django-compressor
02888  pip崩了, 解决 ModuleNotFoundError: No module named 'pip'.
02889  python 安装-ERROR---Unable to find vcvarsall.bat
02890  2018-11-25随笔-今天谈谈C++嵌入Python脚本中遇到的问题
02893  安装mysqlclient的时候出现Microsoft Visual C++ 14.0 is required报错
02906  django引入模块报错
02922  Mac在python3环境下安装virtualwrapper遇到的问题
02928  Python包的相对导入时出现错误的解决方法
02943  关于 Python SyntaxError 的错误
02945  windows10+VS+CUDA+cuDNN+TensorFlow-gpu环境搭建（问题及解决）
02946  win10 安装 scrapy 报错 error: Microsoft Visual C++ 14.0 is required Get it with Microsoft V++ Comp……
02951  将Xcode升级到10.0以上版本，Appium启动报错的问题
02956  httprunnermanager运行用例报错
02962  Python学习【第5篇】：Python之字符编码问题
02967  ubuntu16.04中将python3设置为默认+永久去除Ubuntu16.04报错
02974  
02975  python，导入包错误。No module named xxx， No module named 'matplotlib.pyplot'
02984  
02991  解决Pycharm无法使用已经安装Selenium的问题
02993  【Mac + ATX基于uiautomator2】使用weditor时，报错：requests.exceptions.ConnectionError: ('Connection aborted.', ConnectionResetError(54, 'Connection reset by peer'))
02995  pip更新问题
02999  
03000  【python】python读取文件报错UnicodeDecodeError: 'gbk' codec can't decode byte 0xac in position 2: illegal multibyte sequence
03001  python笔记——遇到一些报错
03002  Linux 下安装Python报错：zlib not available
03003  python执行报错“UnicodeDecodeError: 'gbk' codec can't decode byte 0xa1 in position 110: illegal multibyte sequence”
03004  【python】python安装tensorflow报错：python No matching distribution found for tensorflow==1.12.0
03005  解决windows64位系统上安装mysql-python报错
03006  Python报错：UnicodeEncodeError 'gbk' codec can't encode character
03007  python异常报错处理
03008  Python 入门级报错处理
03009  appium+python测试Android真机功能报错处理
03010  python模块安装报错大全
03011  python导入requests库一直报错原因总结 （文件名与库名冲突）
03012  Python与机器视觉（x）windows下import cv2报错dll
03013  make pycaffe时候报错：Makefile:501: recipe for target 'python/caffe/_caffe.so' failed
03014  Python_爬虫 Scrapy 安装报错一整套处理流程
03016  python 3.x报错：No module named 'cookielib'或No module named 'urllib2'
03017  python相关的报错处理
03018  python-pip升级报错- AttributeError: 'NoneType' object has no attribute 'bytes'
03019  python 读取文件read.csv报错 OSError: Initializing from file failed
03020  python-----贴图 和 报错：OSError: image file is truncated (8 bytes not processed)的处理
03021  python 处理 https链接 socket报错 链接https
03022  python报错解决
03023  Python--day32--ftp文件传输报错的原因
03024  解决python报错：ImportError: No module named shutil_get_terminal_size 的方法
03025  Python selenium模块报错解决
03026  python pip使用报错：Fatal error in launcher: Unable to create process using '"'
03027  Python读取CSV文件，报错：UnicodeDecodeError: 'gbk' codec can't decode byte 0xa7 in position 727: illegal multibyte sequence
03028  【Python】脚本运行报错：IndentationError: unindent does not match any outer indentation level
03029  python报错：TypeError: slice indices must be integers or None or have an __index__ method
03030  Linux Python  import jenkins 报错 oserror: /usr/lib/python2.7/site-packages/lookup3.so
03031  Python遇到的报错
03032  python  报错 TabError: inconsistent use of tabs and spaces in indentation
03033  Python 技巧篇-如何避免python报错导致强制关闭窗口
03034  关于python操作带有中文文件名报错的解决办法
03035  python seek（）方法报错：“io.UnsupportedOperation: can't do nonzero cur-relative seeks”
03038  centos7.5误删python2.7之后，导致yum和Python命令无法使用
03039  python报错：AttributeError: 'builtin_function_or_method' object has no attribute 'strftime'
03041  pytest pluggy.manager.PluginValidationError: unknown hook 'pytest_namespace'报错处理办法
03043  Linux pip 命令无法使用问题
03044  from bs4 import BeautifulSoup 报错
03049  TensorFlow安装时错误CondaValueError: prefix already exists: G:\softs\Anaconda\envs\tensorflow
03050  【react npm】解决用npmstart启动别人的react项目的问题1：sha1-xxx checksum failed  wanted sha1-xxx but got sha512-xxx. (10700 bytes)
03051  Cannot run program "python": CreateProcess error=2, 系统找不到指定的文件
03054  pycharm 中 import requests 报错
03056  python关于error: invalid command 'bdist_wheel报错的解决
03058  安装tesserocr的步骤和报错RuntimeError: Failed to init API, possibly an invalid tessdata path解决办法
03060  Selenium+Python自动化测试环境搭建和搭建过程遇到的问题解决
03066  python使用ctypes模块下的windll.LoadLibrary报OSError: [WinError 193] % 不是有效的 Win32 应用程序
03068  脚本可执行，但无HTML测试报告文件生成，其造成的原因是在PyCharm的执行模式错误
03069  Python报错：ImportError: No module named src.data_layer
03070  You have 14 unapplied migration(s). Your project may not work properly。。。。报错！
03072  python3输出中文报错的原因，及解决办法（基于pycharm）
03073  python编程出现：expected an indented block错误。
03074  python pip install mysql-python报错
03080  statsmodels.tsa.arima_model预测时报错TypeError: int() argument must be a string, a bytes-like object or a number, not 'Timestamp'
03081  error: ModuleNotFoundError: No module named 'ConfigParser'
03086  python某个module使用了相对引用，同时其__name__又是__main__导致的错误
03088  TensorFlow 安装报错的解决办法(安装1.5版本)
03093  ModuleNotFoundError No module named urllib2
03094  python用from gevent import monkey; monkey.patch_all()之后报ssl等错误
03098  【opencv】ubuntu opencv imshow()报错
03112  shell脚本安装python、pip--这种写法是错误的---每一个命令执行完都要判断是否执行成功，否则无法进行下一步
03114  Makefile:160: recipe for target 'all' failed （Ubuntu 16.06 + Opencv3.2）解决办法
03115  selenium报错ImportError No module named selenium
03118  centos 7 firewall无法启动
03122  Mac安装Mysql-python _mysql.c:44:10: fatal error: 'my_config.h' file not found
03124  UnicodeDecodeError: 'utf-8' codec can't decode byte 0xd3 in position 259: invalid continuation byte 问题的解决
03125  python中requests已安装却仍报No module named requests错的原因
03129  import caffe报错问题
03131  （转）python3 urllib.request.urlopen() 错误UnicodeEncodeError: 'ascii' codec can't encode characters
03138  安装mysqlclient报OSError: mysql_config not found
03141  django-suit报错解决-----from suit.apps import DjangoSuitConfig
03146  pandas对时间列分组求diff遇到的问题
03151  ansible安装过程遇到的问题
03152  pandas安装以及出现的问题
03153  谨慎安装Python3.7.0，SSL低版本导致Pip无法使用
03162  mac crontab调用python时出现ImportError: No module named XXX的问题
03166  Python3中遇到UnicodeEncodeError: 'ascii' codec can't encode characters in ordinal not in range(128)
03168  关于在Python3.6下安装MySQL-python模块的问题
03170  CMD终端关于pip报错,scrapy报错的一种处理方法
03171  Posggresql插件Multicorn安装问题总结
03174  plt.plot() 无法使用参数ax
03184  python写入文件中遇到 UnicodeEncodeError: ‘gbk’ codec can’t encode character 错误的解决办法
03187  python pip install  安装时报错Unknown or unsupported command 'install'
03190  [问题解决]Python locale error: unsupported locale setting
03193  P4编程环境搭建遇到的问题与解决方法
03195  jenkins配置过程遇到的问题
03204  Error: Can't find Python executable "python", you can set the PYTHON env variable.解决办法
03208  golang 缺少逗号报错问题
03216  python -爬虫-pycrul安装问题
03233  Django创建App报错
03234  No module named yum 报错
03250  在新安装的Centos中安装python3.7 解决pip和yum问题
03251  Django和MySQL数据库第一次连接时遇到的若干问题及解决办法
03254  django错误处理
03259  error: (-215) size.width>0 && size.height>0 in function cv::imshow
03261  pyspark报错Exception: Java gateway process exited before sending its port number解决方法
03274  Python TypeError: get_logger() missing 1 required positional argument: 'self'
03276  Cobbler 登录web界面提示报错“Internal Server Error”解决办法
03282  使用pycharm时，原来所有的文件和包的名字变成红色的，并且新建文件的时候一直报错
03288  python redis celery启动失败
03301  python中用pyinstaller打包报错   ：      “UnicodeDecodeError: 'gbk' codec can't decode byte 0xae in position 160: illegal multibyte sequence”
03306  AttributeError: 'module' object has no attribute 'face'
03314  openpyxl学习问题记录2019.1.30（一）
03318  python3升级pip报错ImportError: cannot import name 'main'
03319  SNIMissingWarning,InsecurePlatformWarning 以及 GotoBLAS : Architecture Initialization failed. No initialization function found.
03332  [临时笔记] pytorch报错消息及其解决纪录
03334  Python的中文编码问题
03339  CDH 报错：UnicodeEncodeError: 'ascii' codec can't encode characters in position 0-11: ordinal not in range
03340  Python 之异常处理
03343  Pytorch报错(Windows平台)：from torch._C import * ImportError: DLL load failed: 找不到指定的模块。
03354  BeautifulReport 遇到的问题 template
03361  报错日志查看，定位问题
03364  python异常处理
03394  鸭子类型-类的约束-异常处理
03399  异常处理
03418  Python之scrapy linkextractors使用错误
03423  Python3获取新浪微博内容乱码问题
03427  解决gem install redis报错
03428  python 异常
03430  Python中的反射、异常处理
03444  pytorch问题：ModuleNotFoundError: No module named 'torch'
03449  pycharm与anaconda的相关设置问题
03453  Python升级pip到18.1遇到问题
03455  Python 异常处理
03459  Windows下安装Scrapy方法及常见安装问题总结——Scrapy安装教程
03466  Python3.6问题
03474  1-跑Faster R-CNN项目中的一些问题
03477  Pytorch运行官方maskrcnn-benchmark报错: no instance of function template "THCCeilDiv" matches
03486  异常处理
03487  OpenCV Error: Assertion failed  + error: (-215)  使用ros opencv中的DNN模块报错
03498  RF上传图片各种失败坑，使用pywin32来操作windows窗体
03500  python django启动报错
03501  python升级导致yum使用报错
03502  python常见报错类型和异常处理
03503  Python_环境部署及报错汇总（0）
03504  python 报错"UnicodeDecodeError: 'utf-8' codec can't decode byte"的解决办法
03505  python中报错"json.decoder.JSONDecodeError: Expecting value:"的解决
03506  python+Django+test 测试数据库生成报错
03507  【Python学习】爬虫报错处理bs4.FeatureNotFound
03508  安装了Anaconda之后,Maya运行报错，Python 找不到 Maya 的 Python 模块
03509  python中读取json文件报错，TypeError：the Json object must be str, bytes or bytearray，not ‘TextIOWrapper’
03510  Tensorflow  报错：tensorflow.python.framework.errors_impl.InternalError: Failed to create session.
03511  记一次因python相互导入包的报错
03512  python pyinstaller 打包程序报错解决
03513  yum安装的时候报错，关于python的函数库
03514  Python 安装包报错
03515  学习笔记71—Python 报错处理集
03516  【Python】报错【syntaxerror non-ascii character xe7】/【nicodeDecodeError: 'ascii' codec can't decode byte 0xe6 in position 0: 】
03517  记一次安装python umysql模块的报错
03518  python笔记之json报错
03519  docker python 镜像安装pip  install  python-ldap 报错
03520  python+selenium报错：ElementNotVisibleException: Message: element not interactable
03521  python  pip  install  XXX出现报错问题
03522  python用ftplib上传下载中文报错解决
03523  【安装python】windows同时安装python2 和 python3——【报错：Fatal error in launcher: Unable to create process using '"】
03524  win7 64位  python启动报错：无法启动此程序，因为计算机中丢失api-ms-win-crt-process-l1-1-0.dll
03525  (转载)python 命名.py 不能与模块相同，否则会报错
03526  【Python】关于键盘键入值、str的与或非问题？【报错：TypeError: unsupported operand type(s) for |: 'str' and 'str'】
03527  Python ——报错集锦
03528  python安装pip之后 pip命令报错解决方法
03529  pip安装mysql-python报错：Command "python setup.py egg_info" failed with error code 1 in /tmp/pip-install-enRreC/mysql-python/
03530  Python 用smtplib库发邮件报错：[WinError 10061] 由于目标计算机积极拒绝，无法连接。解决办法
03531  python测试开发django-45.xadmin添加小组件报错解决
03532  python matplotlib包的安装注意事项：报错——No such file or dir ： tmp/matplotlib-xxxxxx
03533  Python decode报错UnicodeDecodeError: ‘gb2312’ codec can’t decode byte
03534  python使用list( )时总是报错
03535  python rpyc 报错: AttributeError: cannot access 'new'
03536  python 用selenuim判断页面是否全部加载完成,并且加上最大时长,超过时长报错
03537  Python报错信息收集（1）
03538  安装 xadmin 报错: Command "python setup.py egg_info" failed with error code 1 in C:\Users\Python\AppData\Local\Temp\pip-install-1k1byg0p\xadmin\
03539  python Django2.X,报错 ‘learning_logs ’is not a registered namespace，如何解决？
03540  Python 读取csv报错编码问题 ：  UnicodeDecodeError: 'utf-8' codec can't decode byte 0x87 in position 10: invalid start byte
03541  【python】又是encode的报错【UnicodeDecodeError: 'ascii' codec can't decode byte 0xe5 in position 0: ordinal not in range(128)】
03542  python pip使用报错：  Fatal error in launcher: Unable to create process using '"c:\python27\python.exe"  "C:\Python27\Scripts\pip.exe" '
03543  在绘图的时候import matplotlib.pyplot as plt报错：ImportError: No module named '_tkinter', please install the python-tk package
03544  python报错之OSError
03545  Python 库安装问题-用pip安装pyHook3报错，原因及解决办法
03546  python mac下使用多进程报错解决办法
03547  python 格式化时间含中文报错： 'locale' codec can't encode character '\u5e74'
03548  python常见报错集合
03550  python django2.x报错No module named 'django.core.urlresolvers'
03551  memory error python报错
03552  解决Python 爬取ssh证书 的报错问题
03553  Python“Non-ASCII character 'xe5' in file”报错问题
03554  Python PyInstaller 打包报错：AttributeError: 'str' object has no attribute 'items'
03562  Sublime Text3 python自动补全问题——Sublime Text3安装Anaconda插件
03564  解决Mariadb安装时的Command "python setup.py egg_info" failed with error code 1 in /tmp/pip-install-qenllaxj/mysqlclient/报错
03566  python 基于Anaconda   import numpy 报错 Importing the multiarray numpy extension module failed.
03567  python 基于Anaconda   import numpy 报错 Importing the multiarray numpy extension module failed.
03568  500 : Internal Server Error（jupyter）
03571  Windows中报错：Fatal error in launcher: Unable to create process using '"' 的解决方案
03573  centos7下python3.6安装uwsgi失败的解决方法
03576  windows安装Pytorch报错:from torch._C import * ImportError: DLL load failed: 找不到指定的模块”解决方案
03577  关于python报错ssl：certificate_verify_failed问题
03578  fatal: [db01]: FAILED! => {"changed": false, "msg": "The PyMySQL (Python 2.7 and Python 3.X) or MySQL-python (Python 2.X) module is required."}
03579  CMD运行python报错
03581  使用yum命令报错File "/usr/bin/yum", line 30 except KeyboardInterrupt, e:
03582  python--微信小程序获取手机号码报错
03584  Python3.7.2版本出现ModuleNotFoundError: No module named 'paramiko'解决办法
03585  ubuntu安装MySQL-python出现EnvironmentError: mysql_config not found错误
03599  关于win10环境下Anaconda python，用pip安装包及升级时SSL报错的问题
03601  Python3 NameError: name 'open' is not defined处理办法
03605  VSCode python 遇到的问题：vscode can't open file '<unprintable file name>': [Errno 2] No such file or directory
03607  TensorFlow GPU版本号与CUDA的对应产生的错误
03609  django.db.utils.DataError: (1406, "Data too long for column 'gender' at row 1")
03610  针对django2.2报错：UnicodeDecodeError: 'gbk' codec can't decode byte 0xa6 in position 9737: ill....
03612  cmd命令中运行pytest命令导入模块报错解决方法
03613  vscode调试python时提示无法将“conda”项识别为 cmdlet、函数、脚本文件或可运行程序的名称的解决方法
03616  windows环境安装phantomjs和pyspider遇到的问题
03619  Blocking Cross Origin API request for /api/contents   Creating Notebook Failed An error occurred while creating a new notebook.
03622  学习日志（一）安装PySide2遇到的问题及其解决办法
03624  python 报错： Dog() takes no arguments
03625  【问题解决方案】ImportError: No module named 'pygal'
03630  Python的网络请求报错
03631  在cmd下可以import cv2,而Pycharm报错：找不到cv2
03632  jupyter notebook（三）——IOPub_data_rate_limit报错
03635  pycharm+selenium搭建环境之no module named 'selenium'异常解决
03637  解决UnicodeEncodeError: 'ascii' codec can't encode characters in position 0-1: ordinal not in range
03638  windows下安装psycopg2完毕后import psycopg2失败的解决方法
03646  python导包问题，这一篇就够了
03648  django使用migrations迁移版本和数据库中报错解决方案
03653  PyCharm+selenium环境搭建报错：Traceback (most recent call last):   TypeError: 'module' object is not callable
03666  python之pip安装mysql-python失败
03673  linux protobuf 测试官方例子遇到报错及解决办法。
03675  环境设置——pyCharm环境下导入MySQLdb遇到的一系列问题
03677  通过py2exe打包python程序的过程中，解决的一系列问题
03685  【pip uninstall 无法卸载】Not uninstalling numpy at /usr/lib/python2.7/dist-packages, outside environment /usr
03691  Jenkins报错Caused: java.io.IOException: Cannot run program "sh" (in directory "D:\Jenkins\Jenkins_home\workspace\jmeter_test"): CreateProcess error=2, 系统找不到指定的文件。
03696  mac Robotframework执行时报错Robot Framework installation not found.
03700  CentOs7 Python3安装Openssl以及解决ssl问题
03702  windows anaconda python3.7  import ssl，psycopg2报错
03706  python SyntaxError: Non-ASCII character '\xe6' in file
03709  django遇到的那些古怪问题
03717  Python读取内容UnicodeDecodeError错误
03718  Python环境更新pip模块失败
03720  sklearn中报错ValueError: Expected 2D array, got 1D array instead:
03722  安装selenium，驱动geckodriver，及出现的问题
03724  启动Tensorboard时发生错误：class BeholderHook(tf.estimator.SessionRunHook): AttributeError: module 'tensorflow.python.estimator.estimator_lib' has no attribute 'SessionRunHook'
03730  【转】Python3—UnicodeEncodeError 'ascii' codec can't encode characters in position 0-1
03735  matplotlib画图报错This figure includes Axes that are not compatible with tight_layout, so results might be incorrect.
03736  嵌套函数局部变量修改问题
03737  解决Python开发过程中依赖库打包问题的方法
03739  Windows在pip install tensorflow遇到的问题 一些python安装包的时候，超时问题以及权限问题
03741  selenium定位元素提示‘元素不可见’问题解决方法
03743  Pycharm在使用时候&#183;python3.6导入cv2出现ModuleNotFoundError: No module named 'cv2'
03744  【jupyter notebook】低版本 python 安装jupyter及其问题解决
03747  使用pip install jupyter报错处理办法及修改Jupyter默认加载路径的方法
03748  运行Scrapy程序时出现No module named win32api问题的解决思路和方法
03754  Robot Framework--运行pybot时出错
03761  python - 第三方库安装失败解决方案
03763  python解决SyntaxError: Non-ASCII character '\xe6'
03765  常用错误的处理方法
03774  Python 文件操作Error: binary mode doesn't take an encoding argument
03777  【原创】大叔经验分享（53）kudu报错unable to find SASL plugin: PLAIN
03778  使用jieba导入引用方法时，报错AttributeError: module 'jieba' has no attribute 'cut'
03790  Fatal error in launcher: Unable to create process using '"'
03791  Fatal error in launcher: Unable to create process using '"'
03793  PySide2运行出错问题解决
03797  django开发遇到的问题
03798  Python3.6  SyntaxError: 'ascii' codec can't decode byte 0xe5 in position 7: ordinal not in range(128)
03814  Django启动时报错Error: [WinError 10013] 以一种访问权限不允许的方式做了一个访问套接字的尝试
03816  RuntimeError: Failed to init API, possibly an invalid tessdata path: E:\python36\报错
03817  使用Selenium模块报错的解决办法 (FileNotFound,WebDriverException)
03823  django.db.utils.OperationalError: (1071, 'Specified key was too long; max key length is 767 bytes')
03824  错误RuntimeError: Invalid DISPLAY variable
03826  Python——Django运行问题
03827  【Python3.4版本下Terminal安装psycopg2报错解决办法】
03828  python2 使用pip安装psycopg2出现错误：Command "python setup.py egg_info" failed with error code 1 in /tmp/pip-install-mvzdNj/psycopg2/
03833  7行代码，彻底告别python第三方包import导入问题！
03841  安装pwntools及对于解决问题方法搜索的经验总结
03844  导入json文件报错，TypeError expected string or buffer
03853  为何存在requests库，pycharm依然报错解决方法 --转载
03856  windows10环境下pip安装Scrapy报错
03861  【转载】Selenium+Python自动化测试环境搭建和搭建过程遇到的问题解决
03872  python -- 输出异常详细信息
03879  django项目 报错：ImportError: cannot import name choice
03883  Python问题汇总
03889  pycharm安装jpype报错及解决方法
03894  Python2.7在Windows下CMD编码为65001/utf-8时print报错[Errno 0]/[Errno 2]
03899  Ubuntu 16.04 安装ROS sudo rosdep init报错问题
03902  常见报错
03903  AttributeError: ‘module’ object has no attribute ‘ximgproc’（OpenCV）
03904  使用cv2时文件总是报empty错误
03915  centos7下报错： import requests ImportError: No module named requests
03920  初学者下载使用Python遇到的问题看它就行了
03926  Setup script exited with error: command 'x86_64-linux-gnu-gcc' failed with exit status 1 解决办法
03940  pandas.read_csv() 报错 OSError: Initializing from file failed，报错原因分析和解决方法
03944  运行Scrapy程序时出现No module named win32api问题的解决思路和方法
03955  Django数据迁移的问题
03967  windows 虚拟环境下 安装 mysql 引擎一系列错误处理
03975  python3.7导入gevent模块报错的解决方案
03976  ImportError: No module named managers
03987  Spark-shell错误：Missing Python executable 'python', defaulting to ...
03989  【BRAT使用过程实例】读取自己的txt标注时，brat出现报错KeyError: u'\u7535 、error: [Errno 32] Broken pipe、IndexError: list index out of range
03998  pycharm的python console报错CE.app/Contents/helpers/pydev/_pydev_bundle/pydev_ipython_console_011.py", line 87, in init self.matchers.remove(self.python_matches)  ValueError: list.remove(x): x not in list
03999  python常见的报错提示
04000  【python】numpy数据load报错
04001  Python paramiko安装报错
04002  Python中文转换报错 'ascii' codec can't decode byte 0xe8 in position
04003  Python selenium PO  By.XPATH定位元素报错
04004  解决Python报错：local variable 'xxx' referenced before assignment（引）
04005  appium+python自动化64-使用Uiautomator2执行driver.keyevent()方法报错解决
04006  Mac安装MySQL-python报错解决
04007  python使用xlwt长度限制报错
04008  appium+python自动化63-使用Uiautomator2报错问题解决
04009  Python 学习笔记：Python 连接 SQL Server 报错（20009, b'DB-Lib error message 20009, severity 9）
04010  python执行js代码时编码报错问题
04011  Python——报错 UnicodeDecodeError: 'utf-8' codec can't decode byte 0xce in position 52: invalid continuation byte问题解决
04012  python 使用pip 安装mysqlclient 报错
04013  python解析oracle日志中的报错
04014  分析解决python循环导入报错问题
04015  问题二：pip install python-igraph 报错，C core of igraph 没有安装。
04016  python脚本中selenium启动浏览器报错os.path.basename(self.path), self.start_error_message) selenium.common.excep
04017  python 通过pip 安装包的时候报错：ImportError: cannot import name 'main'
04018  python使用phantomJS循环for爬取多个页面时，解决内存持续变大而报错“ConnectionResetError: [WinError 10054]远程主机强迫关闭了一个现有的连接”的问题
04019  解决python中'chromedriver' executable needs to be in PATH报错
04020  mac安装MySQL-python报错
04021  win10下Python安装pycrypto报错
04022  【airtest, python】报错：requests.exceptions.ConnectionError: ('Connection aborted.', ConnectionResetError(54, 'Connection reset by peer'))，解决方法如下
04023  Python Django 协程报错,进程池、线程池与异步调用、回调机制
04024  [报错解决] 关于windows下 使用Anaconda3安装的python无法使用ssl模块问题.关联pip无法下载https
04025  【转】python通过SMTP协议发送邮件失败,报错505或535
04026  命令行运行python项目文件，报错：ModuleNotFoundError: No module named 'xxxx' 解决办法
04027  python+django 新建Model后报错：no such table:XX
04028  【python】报错“Non-ASCII character '\xe5' ”
04029  在eclipse中用java调用python报错 Exception in thread "main" ImportError: Cannot import site module and its dependencies
04030  Python 同级目录import报错
04031  2019-05-23 问题记录：sublime text3 python运行报错 [WinError 2] 系统找不到指定的文件。
04032  python from pyecharts import Bar报错问题
04033  python下pip 安装 pyautogui报错Command "python setup.py egg_info" failed with error code 1 in C:\Users\Administrator\AppData\Local\Temp\pip-install-svhtepho\pygetwindow\
04034  解决python中selen模块中'list' object has no attribute 'send_keys'报错
04035  56-python pip使用报错：Fatal error in launcher: Unable to create process using '"'
04036  Python webdriver调用Chrome报错
04037  python中常见的报错信息
04038  Python，Django，报错信息：TypeError: a bytes-like object is required, not 'str'
04039  python pip安装模块报错 "Can't connect to HTTPS URL because the SSL module is not available."
04040  python&&Java&&jsp+servlet连接数据库报错收藏(sql server,mysql)
04041  appium+python常见报错（appium方面）
04042  Django+python报错与解决方法
04043  安装wxpython的时候报错 “no installation of python 2.7 found in registy”
04044  python测试开发django-45.xadmin添加小组件报错解决
04045  python测试开发django-43.xadmin添加小组件报错解决
04046  python+appium跑自动化用例的时候，执行下一条用例报错
04047  python中加入中文注释报错处理
04048  idea python import numpy 或import pandas 报错DLL找不到
04049  python  调用父类方法， 重写父类构造方法， 不显式调用，会报错
04052  python-pip升级报错- AttributeError: 'NoneType' object has no attribute 'bytes
04054  关于python程序在VS code中运行时提示文件无法找到的报错
04055  Python中反斜杠"\"报错（下面有红色横线）
04056  Python报错“AttributeError: module 'sys' has no attribute 'setdefaultencoding'问题”
04062  异常处理
04063  Tensorflow：ImportError: DLL load failed: 找不到指定的模块 Failed to load the native TensorFlow runtime
04069  循环导入问题
04070  Python import 同文件夹下的py文件的函数，pycharm报错
04077  python3.7 连接sql server出现pymssql.OperationalError: (20009, b'DB-Lib error message 20009, severity 9:\nUnable to connect: Adaptive Server is unavailable or does not exist (SZS\\SQLEXPRESS)\n')错误解决
04081  pip安装报错Command "python setup.py egg_info" failed with error code 1 in /tmp/pip-build-e_k8hq6a/pynacl/
04086  python程序在命令行执行提示ModuleNotFoundError: No module named 'XXX' 解决方法
04089  Django2.2使用mysql数据库pymysql版本不匹配问题的解决过程与总结
04094  Keras AttributeError 'NoneType' object has no attribute '_inbound_nodes'
04097  【问题解决方案】anaconda-python在cmd-pip安装requests后依然提示No module named requests
04101  使用beautifulsoup出现“No module named 'bs4'.”错误    from bs4 import BeautifulSoup
04102  python - 解决 ModuleNotFoundError: No module named 'pip'
04109  python2.7 安装pycrypto库报错
04117  ImportError: DLL load failed: 找不到指定的模块；ImportError: numpy.core.multiarray failed to import 报错解决
04123  解决Python3.7安装pygame报错You are using pip version 10.0.1, however version 19.1 is available.
04124  Python学习：ModuleNotFoundError: No module named 'pygal.i18n' 的解决方法
04125  cobbler安装4个报错汇总及解决方法：ImportError
04133  python升级带来的yum异常：File "/usr/bin/yum", line 30
04136  pip安装selenium时，报错“You are using pip version 10.0.1, however version 18.0 is available.”的问题
04137  报错：ModuleNotFoundError: No module named '_ctypes'
04140  Django2.2报错 django.core.exceptions.ImproperlyConfigured: mysqlclient 1.3.13 or newer is required; you have 0.9.3.
04145  [问题解决]NotImplementedError 错误原因：子类没有实现父类要求一定要实现的接口
04147  Django进行数据迁移时，报错：(1064, "You have an error in your SQL syntax; check the manual that corresponds to  your MySQL server version for the right syntax to use near '(6) NOT NULL)' at line 1"）
04152  pyinstaller打包py脚本Warning：lib not found等相关问题
04161  pip install 报SSL异常和timeout异常
04162  利用pyinstaller生成exe文件碰到的一些问题及解决方法
04164  python3下tomorow模块 @thread报语法错误def async(n, base_type, timeout=None): ^ SyntaxError: invalid syntax---解决方法
04170  解决Centos7安装python3后pip工具无法使用
04176  解决window系统下python tkinter包缺失的问题
04189  pyteeseract使用报错Error: one input ui-file must be specified解决
04190  解决python在命令行中运行时导入包失败，出现错误信息 "ModuleNotFoundError: No module named ***"
04191  python中使用openpyxl模块时报错:  File is not a zip file
04192  前端调用接口之跨域问题
04194  Django REST framework安装中可能出现的一些问题
04195  2018 遇到selenium.common.exceptions.WebDriverException问题
04204  Django2.2报错 AttributeError: 'str' object has no attribute 'decode'
04206  解决pip命令无法执行python问题 Unable to create process using....
04213  有关xerosploit运行报错问题的有效解决方案
04215  robotframework - 运行报错提示 No keyword with name 'Open Browser' found.
04233  err Invalid input of type: 'dict'. Convert to a byte, string or number first
04234  RobotFrameWork-Python框架问题集合
04244  解决问题：pandas读取csv文件时报错：TypeError: invalid type comparison
04245  centOS安装python3 以及解决 导入ssl包出错的问题
04251  [SSL: CERTIFICATE_VERIFY_FAILED] certificate verify failed (_ssl.c:661)
04252  关于python安装lxml插件的问题
04256  python3的pip安装报错pip is configured with locations that require TLS/SSL, however the ssl module in Python is not available.
04259  psycopg2模块安装问题
04261  U盘装manjaro 18报Python error in job “initcpio”
04263  微信小程序登录 该死的官方文档TypeError: the JSON object must be str, not 'bytes'
04264  linux安装pyodbc、django-pyodbc报错：src/pyodbc.h:56:17: fatal error: sql.h: No such file or directory #include <sql.h>
04267  深度学习 Annconda虚拟环境配置及相关问题解决
04268  ubuntu 下安装labelimg，错误百出
04273  CentOS下安装好python和opencv，却import cv2失败
04278  Win10 OpenCV3.3.0+VS2013配置大坑，OpenCV解决方案编译报错“找不到python36_d.lib”错误
04279  cobbler部署错误总结
04280  升级完pip后出错：Traceback (most recent call last):   File "/usr/bin/pip", line 11, in <module>     sys.exit(__main__.main())
04282  python 读CSV 文件遇到的问题
04294  安装tesserocr时提示error: Microsoft Visual C++ 14.0 is required
04299  Exception Value: (1146, "Table 'test.auth_user' doesn't exist")
04302  celery无法启动的问题 SyntaxError: invalid syntax
04303  celery无法启动的问题 SyntaxError: invalid syntax
04307  在cmd中使用python使用pip报错invalid syntax
04308  Appium遇到异常处理
04310  Flask CLI抛出'OSError：[Errno 8] Exec格式错误'
04325  安装scrapy 出现Failed building wheel for Twisted（总是显示此错误）解决办法
04326  win10  64位+ python 3.6 安装pycrypto的问题解决
04336  解决pyhton aiohttp ssl:None [[SSL: CERTIFICATE_VERIFY_FAILED] certificate verify failed (_ssl.c:777)
04341  python读txt文件避免编码错误的最佳实践
04343  解决Windows Server 2012 R2 Datacenter云服务器无法运行opencv python程序的问题
04349  django2.2+pymysql0.9.3报错
04352  ValueError: Related model 'myapp.ExUser' cannot be resolved django扩展User字段
04359  python］用eval强制将字符串转换为字典变量时候出错：NameError: name 'null' is not defined［python］用eval函数 字符串转dict
04360  安装scrapy以及解决Twisted安装失败的问题
04362  python gevent MonkeyPatchWarning: Monkey-patching ssl after
04365  python中的异常处理
04367  TypeError: not enough arguments for format string（format函数问题）
04375  AttributeError: 'str' object has no attribute 'decode'
04386  SyntaxError Non-ASCII character '\xe5' in file
04390  在python中使用elasticsearch 需要注意的一些问题
04393  
04399  异常处理
04400  Running pipenv gives TypeError: 'module' object is not callable
04403  read_csv报错：OSError: Initializing from file failed
04410  安装第三方库报错解决方法(不信任源)
04414  redis快照关闭了导致不能持久化的问题
04425  B站上传字幕问题解决
04431  压缩版Python37安装Pip出现的问题
04443  python安装pyautogui遇到的"gbk"异常解决
04455  python3.7环境下创建app、运行Django1.11版本项目报错Generator expression must be parenthesized
04479  python语法&错误笔记-day01
04482  小米手机滑屏操作-appium自动化报错Injecting to another application requires INJECT_EVENTS permission
04494  python打包成exe过程中遇到的问题
04495  异常处理
04499  python中出现invalid syntax报错的几种原因
04500  python 常见报错
04501  Python pillow库安装报错
04502  win10下Python安装pycrypto报错
04503  python报错 TypeError: a() got multiple values for argument 'name'
04504  python pip安装扩展报错
04505  python随笔：启动django报错
04506  Python_报错：PermissionError: [Errno 13] Permission denied: 'XXXXX.xlsx'
04507  Python +requests 关于post请求返回报错
04508  python MySQL安装依赖报错的坑
04509  python使用装饰器，报错TypeError: 'NoneType' object is not callable'
04510  python第三方scipy包报错问题
04511  【Python】解决使用pyinstaller打包Tkinker程序报错问题
04512  python踩坑系列之导入包时下划红线及报错“No module named”问题
04513  解决Python模块报错：ModuleNotFoundError: No module name 'StringIO'
04514  python报错： _tkinter.TclError: couldn't recognize data in image file
04515  python pip报错pip._ vendor.urllib3.exceptions.ReadTimeoutError: HTTPSConnectionPool(host='files.pythonhosted.org', port=443): Read timed out.
04516  Python编程常见报错解决（一）
04517  Python爬虫之报错certificate verify failed: unable to get local issuer certificate
04518  Python_报错：line XXX, in join  assert self._state in (CLOSE, TERMINATE) AssertionError
04519  python Json报错json.decoder.JSONDecodeError
04520  python 2.7安装pygame报错解决办法pygame-1.9.4-cp27-cp27m-win_amd64.whl is not a supported wheel on this platform.
04521  Python打开文件报错SyntaxError: (unicode error) 'unicodeescape' codec can't decode bytes in position 2-3: truncated \UXXXXXXXX escape
04522  Python-报错UnicodeDecodeError: 'gbk' codec can't decode byte 0xff in position 0: illegal multibyte sequence
04523  关于Python脚本通过crontab调度的时候报错UnicodeEncodeError: ‘ascii’ codec can’t encode characters in positi的解决方案
04524  Mac安装Mysql-python遇到的坑，被这俩报错反复摩擦：'my_config.h' file not found 和 IndexError: string index out of range
04525  python 重装系统安装scrapy报错
04526  python：datetime.datetime is not JSON serializable 报错问题解决
04527  python 使用eval报错NameError: name ‘null’ is not defined
04528  安装python的pip库setup.py出现报错的解决过程
04529  python报错：Exception Value:can only concatenate str (not "bytes") to str
04530  关于python pip安装第三方库 jieba 中文分词工具后提示"ImportError: cannot import name 'Random'"报错问题
04531  通过Python读取csv文件报错的File "D:\Python\lib\codecs.py", line 321, in decode     (result, consumed) = self._buffer_decode(data, self.errors, final) UnicodeDecodeError: 'utf-8' codec can't decode byte 0x90 in
04532  python中time.strftime不支持中文，报错UnicodeEncodeError: 'locale' codec can't encode character '\u5e74' in position 2: encoding error
04533  python smtp发邮件报错“[Errno -2] Name or service not known”的解决
04534  【使用python urllib时出现[SSL: CERTIFICATE_VERIFY_FAILED]报错的解决方案】
04535  python常见报错解释
04536  Python paramiko 报错 paramiko.ssh_exception.SSHException: not a valid RSA private key file
04537  python json dumps datetime类型报错
04538  【Mac+Appium+Python】之用 uiautomator2 启动报错
04539  python报错
04540  【转】python 调用super()初始化报错“TypeError: super() takes at least 1 argument”
04541  python运行报错：cannot import name 'InteractiveConsole'
04542  Python的字符串修改报错：TypeError: 'str' object does not support item assignment
04543  Python报错[DLL load failed：找不到指定的模块]
04544  redhat 6安装python 3.7.4报错ModuleNotFoundError: No module named '_ctypes' make: *** [install] Error 1
04545  安装pyspider报错：ERROR: Complete output from command python setup.py egg_info:...
04546  Python常用基础模块报错处理
04547  python中运行flask报错：UnicodeDecodeError: 'utf8' codec can't decodebyte 0xd5 in position 0:invalid continuation byte
04548  python中运行flask报错：UnicodeDecodeError: 'utf8' codec can't decodebyte 0xd5 in position 0:invalid continuation byte
04549  python基础[16]——解决python中django连接mysql数据库报错的问题
04550  python 使用xlsxwriter 写入数据时，当数据中链接的后面包含空格时（如："http://*** "），导出问题打开报错
04551  python基础[16]——解决django连接mysql数据库报错的问题
04552  Python ——selenium报错  'chromedriver.exe' executable needs to be in PATH
04553  python报错及处理 -- 不断总结
04554  python报错： invalid syntax
04555  Python 技术篇-opencv读取中文路径图片报错及解决办法
04556  Python报错：PermissionError: [Errno 13] Permission denied
04557  python使用scipy.misc import imread报错：ImportError: cannot import name imread
04558  python的空格和tab混用报错问题
04559  python使用scipy.misc import imread报错：ImportError: cannot import name imread
04560  [学习笔记] Python 报错 can only concatenate str (not "int") to str
04561  centos7.6 使用python的selenium报错selenium.common.exceptions.WebDriverException: Message: 'geckodriver' executable needs to be in PATH.
04562  [报错处理]Python Requests - No connection adapters
04563  IndentationError: unindent does not match any outer indentation level笔记
04564  windows安装TensorFlow和Keras遇到的问题及其解决方法
04566  Python报错：ImportError: cannot import name 'ConnectionRefusedError'
04567  python 安装 pyautogui 报错
04573  解决UnicodeEncodeError: 'ascii' codec can't encode characters in position 0-1: ordinal not in range
04576  报错提示：selenium.common.exceptions.JavascriptException：Message：javascript error：circular reference
04580  python 在cmd时执行celery -A tasks worker --loglevel=info报错：failed to create process怎么解决
04581  Pyinstaller 打包exe 报错 "failed to execute script XXX"的一种解决方案
04582  python2中的unicode()函数在python3中会报错：
04595  yum list时报错的解决：Fatal Python error: pycurl: libcurl link-time version is older than compile-time version
04603  【Python实战】python中含有中文字符无法运行
04604  RunScriptError: Run "C:\Windows\system32\cmd.exe /d /s /c node-gyp rebuild"
04606  dill：解决python的“AttributeError: Can't pickle local object”及无法pickle lambda函数的问题
04608  python网络编程-异常处理-异常捕获-抛出异常-断言-自定义异常-UDP通信-socketserver模块应用-03
04614  Python 异常处理(Try...Except)
04621  Django 连接 MySQL 数据库及常见报错解决
04624  Python For Mac 开发环境安装 以及问题记录
04626  解决 ‘Could not fetch URL https://pypi.python.org’的问题
04627  python初体验-常见错误类型
04628  conda  opencv  cv2.imshow无法使用
04630  报错：pymysql.err.InternalError: (1054, "Unknown column 'AType' in 'field list'")
04640  Python发送邮件smtplib.SMTP各报错问题的解决方法
04642  python升级报错：can't decompress data; zlib not available
04644  Linux下Python安装PyMySQL成功，但无法导入的问题
04645  conda create 报错解决
04655  TensorFlow 安装报错的解决办法
04658  django使用search_fields报错
04667  关于Pycharm编辑器下，同一目录下的import 显示无法导入模块，或找不到对应模块的问题
04674  新手用Python运行selenium的常见问题
04677  python3虚拟环境中解决 ModuleNotFoundError: No module named '_ssl'
04680  ModuleNotFoundError: No module named 'django'
04683  解决Pycharm中SystemError报错
04684  pycharm中terminal写入python manage.py runserver 8080报错
04686  报错： You are using pip version 10.0.1, however version 18.0 is available.
04693  Python问题：'Nonetype' object is not iterable
04699  Scrapy框架安装失败解决办法
04701  python3.7.2 安装django 遇到的一些问题
04706  kafka-python 1.4.6 版本触发的一个 rebalance 问题
04709  [已解决]报错Could not install packages due to an EnvironmentError
04710  docker遇到防火墙报错问题解决方法
04711  [Python]编译错误：编码错误问题（SyntaxError: (unicode error) ）
04715  django正常运行确报错的解决方法
04716  python UnicodeEncodeError: 'gbk' codec can't encode character ...
04717  导入HTMLTestRunner失败---报错ModuleNotFoundError: No module named 'HTMLTestRunner'
04718  使用pip命令可能遇到的报错
04720  ImportError: No module named 'cx_Oracle'问题处理过程记录，安装python cx_Oracle库
04721  ImportError: No module named 'cx_Oracle'问题处理过程记录，安装python cx_Oracle库
04722  Python报错情形及原因
04723  Jupyter-notebook安装问题及解决
04724  [python3]未配置locale的主机出现UnicodeDecodeError: 'ascii' codec can't decode byte 0x....的解决
04725  Appium进行iOS自动化测试时遇到的问题及解决办法
04727  ImportError: DLL load failed with error code -1073741795
04731  python报错：not supported between instances of 'str' and 'int'
04733  node-sass安装失败之npm ERR! Failed at the node-sass@4.12.0 postinstall script.
04736  Python3:ImportError: No module named 'compiler.ast'
04738  安装django-celery常见错误
04739  Python3.6安装tesserocr遇到的问题
04742  收集python2代码转python3遇到的问题
04743  error: can't copy 'docx/templates/default-docx-template': doesn't exist or not a regular file解决方法
04745  在cmd下import cv2报错——OpenCV实现BRISK
04747  Django学习笔记-Django1.11  python manage.py migrate执行出错
04749  ImportError: DLL load failed: %1 不是有效的 Win32 应用程序。
04753  python中CRFPP的安装方法（ModuleNotFoundError: No module named 'CRFPP'）
04755  安装rpy2 报错<cdef source string>:23:5: before: blah1 解决办法就是直接下载一个rpy2的轮子
04757  ~~面向对象进阶（七）：异常捕获~~
04761  Python使用import导入模块时报ValueError: source code string cannot contain null bytes的解决方案
04763  Python使用import导入模块时报ValueError: source code string cannot contain null bytes的解决方案
04770  pycharm通过pytest运行报错：No test were found 解决
04773  SQL Server 2017安装时候卡顿停止并报错sql_inst_mpyConfigAction_upgrade_confignonrc_Cpu64问题的解决方法
04780  Caused by SSLError("Can’t connect to HTTPS URL because the SSL module is not available)
04781  Django中解决跨域问题
04783  机器学习深度学习框架使用问题汇总
04789  pyinstaller打包出错numpy.core.multiarray failed to import
04798  python_捕获异常
04799  Python中import模块时报SyntaxError: (unicode error)'utf-8' codec can't decode 错误的解决办法
04804  linux环境安装opencv导入依赖报错问题
04809  Database creation error: relation "ir_model" does not exist LINE 1: SELECT * FROM ir_model WHERE state='manual' ^
04812  运行scrapy demo时报错：[twisted] CRITICAL: Unhandled error in Deferred
04823  django.db.migrations.exceptions.BadMigrationError: Migration tests in app bl
04828  python pip源安装模块的一些常见问题
04833  pyinstaller 打包opencv+numpy程序运行错误
04836  exceptions: django2.2/ mysql ImproperlyConfigured: mysqlclient 1.3.13 or newer is required; you have 0.9.3
04841  坑：pytest 运行报错unknown hook 'pytest_namespace' in plugin <module 'allure.pytest_plugin'
04849  ImportError: dlopen: cannot load any more object with static TLS
04854  py-spy 常见问题及使用说明
04867  关于pip install dlib 出各种问题什么的。。。
04870  sqlalchemy 使用update时 涉及到like模糊查询报错
04875  代理问题：python & jmeter
04884  深度学习之tensorboard--使用localhost或127.0.0.1:6006均报错拒绝连接请求，坑！
04885  深度学习之tensorboard--使用localhost或127.0.0.1:6006均报错拒绝连接请求，坑！
04912  python - django 执行数据库迁移后数据库并未更新 和 InternalError: (1054, u"Unknown column 'xxx' in 'field list'")问题
04913  window 10   npm install node-sass报错
04917  11.18-LV调用python问题
04926  
04930  jenkins运行报错的两个坑
04931  django 2.2和mysql使用的常见问题
04933  if，for，异常，random模块，计算圆周率
04939  面向对象之异常处理
04942  Python中import模块时报SyntaxError: (unicode error)utf-8 codec can not decode 错误的解决办法
04944  ImportError: No module named flask 导包失败，Python3重新安装Flask模块
04956  python 3.7.2 源码安装遇到的一些问题总结
04959  python 创建虚拟环境遇到的问题
04975  Python3安装turtle提示错误：Command "python setup.py egg_info" failed with error code 1
04976  python：异常处理
04984  异常处理
04985  异常
04988  python之面向对象异常处理
04998  加载checkpoint问题
04999  Python 常见报错类型
05000  关于python报错ERROR:ERROR: Could not find a version that satisfies the requirement tensorflow
05001  python连接oracle数据库报错"DatabaseError: DPI-1047: 64-bit Oracle Client library cannot be loaded: "解决方案
05002  python 运行pyspider在cmd中报错的处理方法
05003  Python报错module 'scipy.misc' has no attribute 'xxx'
05004  python中如何通过报错信息定位问题（异常传播轨迹）
05005  python接口自动化：python3.6中import Crypto.Hash报错的解决方案
05006  python接口自动化：pycharm中import yaml报错问题解决
05007  python读取文件报错：pandas.errors.ParserError: iterator should return strings, not bytes (did you open the file in text mode?)
05008  Python_报错：SyntaxError: EOL while scanning string literal
05009  python https请求报错：SSLCertVerificationError: [SSL: CERTIFICATE_VERIFY_FAILED]
05010  python-pip升级报错的那几招！
05011  python+selenium遇到元素定位不到的问题，顺便记录一下自己这次的错误（报错selenium.common.exceptions.NoSuchElementException）
05012  Python报错：SyntaxError: (unicode error) 'unicodeescape' codec can't decode bytes in position 2-3: truncated \UXXXXXXXX escape
05013  python爬虫登陆滑块验证报错
05014  Python 报错：NameError: name 'ctypes' is not defined
05015  【Python】【基础知识】【异常】【Python的异常】报错、警告
05016  python报错
05017  在windos环境安装python第三方包报错
05018  centos 7.3 安装 mysqldb 报错   EnvironmentError: mysql_config not found  ERROR: Command errored out with exit status 1: python setup.py egg_info Check the logs for full command output.
05019  python读取yaml文件报错：UnicodeDecodeError: 'gbk' codec can't decode byte 0xa5 in position 136: illegal multibyte sequence
05020  win7安装python报错
05021  源码安装python 报错，openssl: error while loading shared libraries: libssl.so.1.1
05022  python pip3安装出错   以及安装selenium报错--解决方法
05023  python编译报错
05024  linux Ubuntu14.04 make编译文件报错：No rule to make target `/usr/lib/libpython2.7.so', needed by `python/_pywraps2.so'.  Stop.
05025  Python报错处理经验：python3中报错，TypeError: ‘range’ object does not support item assignment
05026  解决'python -m pip install --upgrade pip' 报错问题
05027  pip安装python第三方包报错
05028  解决python中调用 imread 报错：ImportError: cannot import name imread
05029  Python报错: scipy.misc module has no attribute imread ... imresize
05030  pip install mysql_python报错解决办法
05031  【python】关于读取pickle文件（后缀.pkl）文件的报错【ValueError: unsupported pickle protocol: 3】
05032  centos7安装mysqlclient报错ERROR: Command errored out with exit status 1: python setup.py egg_info Check
05033  python初探（01D） line 2 SyntaxError: Non-ASCII character '\xe8' 报错
05034  
05035  appium常见问题08_pycharm中导入appium报错（&#160;已成功安装appium_python_client）【MAC】
05036  python代码在linux终端中执行报错：Unable to init server: Could not connect: Connection refused
05037  python pip 报错ReadTimeout
05038  python报错：ERROR: No matching distribution found for dns.resolver
05039  python pip命令 报错‘unknow or unsupported command install’
05040  python pip命令 报错‘unknow or unsupported command install’
05041  python/Anaconda3/Tensorflow/Pycharm  ImportError: DLL load failed: 找不到指定的模块；ImportError: numpy.core.multiarray failed to import 报错解决
05042  python报错
05043  python_执行报错_No module named 'pandas'
05044  Jenkins+Python+Allure构建运行报错
05047  Python报错ERROR: Command errored out with exit status 1:
05050  报错提示：Fatal Python error: init_sys_streams: can't initialize sys standard streams
05056  python使用scipy.misc import imread报错：ImportError: cannot import name imread
05057  selenium安装---谷歌（from selenium import webdriver报错）
05060  ImportError: DLL load failed while importing win32api: 找不到指定的模块。
05061  python报错-pandas
05062  树莓派pip安装opencv报错，Could not find a version that satisfies the requirement cv2 (from versions: )No matching distribution found for cv2
05069  导入basemap遇到的问题：ModuleNotFoundError: No module named 'numpy.core._multiarray_umath'
05073  ERROR: virtualenvwrapper could not find virtualenv in your path
05080  [未解决]报错:DeprecationWarning: decodestring() is a deprecated alias since Python 3.1, use decodebytes()
05084  No module named 'requests'---问题解决记录
05090  django.db.utils.ProgrammingError: 1146 解决办法
05091  python3 使用flask连接数据库出现“ModuleNotFoundError: No module named 'MySQLdb'”
05097  【已解决】pyinstaller UnicodeDecodeError: ‘utf-8’ codec can’t decode byte 0xce in position 110: invalid continuation byte
05099  Ubuntu18.0 解决python虚拟环境中不同用户下或者python多版本环境中指定虚拟环境的使用问题
05106  初学Python常见异常错误，总有一处你会遇到！
05122  Python异常类型及处理、自定义异常类型、断言
05129  pymysql pymysql.err.OperationalError 1045 Access denied最简单解决办法
05143  【转】Python3中遇到UnicodeEncodeError: 'ascii' codec can't encode characters in ordinal not in range(128)
05147  pip安装psycopg2失败解决
05148  转 Python3 ssl模块不可用的问题
05154  PyCharm新建项目中无法调用Anaconda3中的包
05157  域名到IP 报错socket.gaierror: [Errno 8] nodename nor servname provided, or not known
05159  python3.7 pip install livetest报错
05162  pycharm报错:initfsencoding: unable to load the file system codec
05164  解决Python中出现的问题： “You are using pip version 9.0.1, however version 19.2.3 is available. You should consider upgrading via the 'python -m pip install --upgrade pip' command.”
05167  Pyspark显示中文、ImportError: cannot import name 'Col' from 'pyspark.sql.functions'、Exception: Python in worker has different version、pip is configured with locations that require TLS/SSL
05170  Thonny报错：Traceback (most recent call last):   File "<pyshell>", line 1, in <module> NameError: name 'a' is not defined
05172  模块导入失败问题
05175  Python3报错：ModuleNotFoundError: No module named '_bz2'
05179  在ubuntu16.04中输入不存在shell命令时，报错ModuleNotFoundError的解决方案
05185  [已解决]报错:have mixed types. Specify dtype option on import or set low_memory=False
05186  Django修改数据库时出错  django.db.utils.OperationalError: (1091, "Can't DROP 'content'; check that column/key exists")
05189  解决Flask和Django的错误“TypeError: 'bool' object is not callable”
05192  libmysqlclient.so.20 错误问题解决
05202  记录装CDH新增加一些遇到问题的解决
05203  AttributeError: module 'scipy.misc' has no attribute 'imread'
05210  Ansible使用时常见问题总结
05215  DRF框架中csrf异常
05216  python2项目出现的错误(UnicodeDecodeError)
05217  execjs使用时异常
05228  python程序在命令行执行提示ModuleNotFoundError: No module named 'XXX' 解决方法
05231  Django新增一个model字段时 django.db.utils.OperationalError: (1054, "Unknown column 'autotest_node.content' in 'field list'")
05241  【异常】‘for’ loop initial declarations are only allowed in C99 mode
05245  python NameError: name 'false' is not defined
05250  python3.6 错误： ModuleNotFoundError:No module named "Crypto"
05253  关于JPype报FileNotFoundError: [Errno 2] No such file or directory: '/usr/lib/jvm'错误的解决
05254  AttributeError: 'SQLAlchemy' object has no attribute 'Foreignkey'
05258  pyinstaller打包报错： RecursionError: maximum recursion depth exceeded，UnicodeDecodeError 解决办法
05264  【编码】UnicodeEncodeError: 'gbk' codec can't encode character '\xa0' in position XXX
05273  nginx安装错误：c compiler cc is not found
05274  chineseocr项目的配置阶段出现的问题及解决方案
05293  Robot Framework 常见问题处理方式
05296  python3.6安装 zipimport.ZipImportError: can't decompress data; zlib not available【转】
05297  pip sintall pyspider 报错：ERROR: Command errored out with exit status 10
05301  Django开发学习BUG记录--RemovedInDjango19Warning:Model class apps.user.models.User doesn't declare an explicit app_label
05302  pyinstaller 打包问题记录
05310  easzlab/kubeasz  ansible安装报错处理
05311  ModuleNotFoundError: No module named 'cv2'
05313  UnicodeEncodeError: 'gbk' codec can't encode character ...
05314  notepad++ 快捷键运行python程序目录存在空格的问题
05323  Ubuntu中用bitbake core-image-minimal时，出错：from bb import data
05327  scipy.misc.toimage()出现toimage报错
05330  python中的问题解决：‘encoding’ is an invalid keyword for this function
05334  Pycharm 导入 pygame包报错问题
05335  Python中的异常处理以及模块介绍  -*- Python基础知识11 -*-
05336  python安装模块遇到的问题及解决方案
05345  本地同时安装python2和python3时pip报错
05346  python不同包之间调用时提示文件模块不存在的问题
05347  【Python 脚本报错】AttributeError: 'module 'yyy' has no attribute 'xxx'的解决方法
05353  匿名函数，函数的内置方法，异常处理。
05362  django2.0+连接mysql数据库迁移时候报错
05364  pyspider all 启动失败：ValueError: Invalid configuration
05367  ansible error
05368  【原创】关于pyinstaller打包的程序执行出错问题,pyinstaller3.5只支持matplotlib3.0.2已经解决
05369  利用python制作在线视频播放器遇到的一些问题
05380  使用 Flask 报错
05385  python2 和 python3共存的常见使用（如安装虚拟环境的问题）
05411  记录配置fast rcnn（caffe）仅CPU遇到的问题
05413  模块基础-03循环导入问题
05415  使用numpy求解Zoepritz 方程矩阵伪逆时报错: SVD did not converge
05418  Python异常处理
05420  安装HTMLTestRunner 报错
05421  爬坑PIL，文件名Image与类Image()重名,导致引用new,open不成功，报错 type object 'Image' has no attribute 'new'
05423  Django项目与mysql交互进行数据迁移时报错：AttributeError: 'str' object has no attribute 'decode'
05426  生鲜超市项目错误及解决办法（安装mysqlclient）
05441  运行pytest，报错"AttributeError: 'module' object has no attribute 'xxx'"
05448  记录一个使用远程python解释器时困扰自己的问题
05450  [DEBUG] ubuntu pip安装成功却无法import
05452  super()派生使用中的常见两个错误
05454  9.25 匿名函数/函数内置方法/异常处理/面向过程编程
05465  016异常处理
05467  AttributeError: module ‘select’ has no attribute 'epoll’
05468  Python异常处理
05471  TypeError: expected string or bytes-like object
05475  【原】Django问题总结
05489  pandas.read_csv() 报错 OSError: Initializing from file failed，报错原因分析和解决方法
05497  迁移问题
05499  python安装matplotlib：python -m pip install matplotlib报错
05500  python常见的报错
05501  Python报错：TypeError: data type not understood
05502  Python踩坑系列之使用redis报错：module 'redis' has no attribute 'Redis'问题
05503  Python爬虫总结——常见的报错、问题及解决方案
05504  selenium+python自动化测试--解决无法启动IE浏览器及报错问题
05505  centos 7 pip install MySQL-python 报错
05506  Django 新建项目运行 python manage.py runserver 8080 报错
05507  python  异常处理, 打印系统报错原文,断言assert
05508  Python踩坑系列之安装pycrypto报错：“Microsoft Visual C++14.0 is required”问题。
05509  解决pycharm安装python库报错问题
05510  python pyinstaller 打包exe报错
05511  安装Python包报错——ReadTimeoutError
05512  Python 报错 MySQLdb._exceptions.OperationalError: (2059, )
05513  Python导入运行的当前模块报错
05514  Python导入运行的当前模块报错
05515  报错：invalid index of a 0-dim tensor. Use tensor.item() to convert a 0-dim tensor to a Python number
05516  记录一次python的mysqlclient依赖库报错问题
05517  python setup.py install 报错【Project namexxx was given, but was not able to be found.】
05518  安装监控MongoDB的Python安装包时候报错：HTTP Error 403: SSL is required
05519  python 安装 SQLAlchemy 报错
05520  pip install报错：RuntimeError: Python version >= 3.5 required
05521  Python下pip报错问题
05522  Python自动化之下拉框，隐藏标签定位 代码&报错解决
05523  python报错: xxx takes 1 positional argument but 2 were given
05524  Python中from scipy.misc import imread报错的原因？
05525  windows下python -m pip install --upgrade pip升级后报错的解决方法
05526  Python异常报错总结
05527  python socket编程腾讯云下报错[Errno 99] Cannot assign requested address的解决方式
05528  Python使用QQ邮箱发送邮件报错smtplib.SMTPAuthenticationError
05529  Python代码报错看不懂？记住这20个报错提示单词轻松解决bug
05530  python连接impala时，执行SQL报错expecting list of size 2 for struct args
05531  【python小随笔】Django+错误日志（配置Django报错文件指定位置）
05532  windows10下 重新安装python  原道报错信息：this application failed to start because no qt platform plugin could be init
05533  【python】学习笔记之遇到的坑print输出报错
05534  解决'python -m pip install --upgrade pip' 报错问题
05535  python 接口测试时，后端报错no String-argument constructor/factory method 
05536  [补坑python连接mysql] 使用MySQLdb报错... (2006, "Can't connect to local MySQL server through socket '/tmp/mysql.sock' (2)")localhost连接
05537  python + appium 执行报错整理
05538  python 报错总结
05539  python os模块 os.remove()报错:windowserror: [error 2]
05540  Python 报错集合
05541  Python：pycharm中使用pandas读取中文路径报错问题的解决方案
05542  记python 使用腾讯ocr 识别代码报错 CERTIFICATE_VERIFY_FAILED
05543  python-技术篇-打印详细报错日志，获取报错信息位置行数
05544  python+robot+oracle:执行脚本时中文sql报错：UnicodeEncodeError: 'ascii' codec can't encode
05545  python报错bs4.FeatureNotFound: Couldn't find a tree builder with the features you requested: lxml.
05546  安装Python，输入pip命令报错———pip Fatal error in launcher: Unable to create process using
05547  Liunx下Python项目，导入模块报错问题（No module named 'XXXXX'）
05548  Python自动化报错：IndentationError-unindent does not match any outer indentation level
05549  python eval()用法报错 SyntaxError: unexpected EOF while parsing
05550  命令行运行python -m http.server报错
05551  python导入第三方库schedule报错ERROR: Could not find a version that satisfies the requirement schedule (from
05552   python zlib模块缺失报错：RuntimeError: Compression requires the (missing) zlib module
05553  python requests访问https的链接，不打开fiddler的情况下不报错；若是打开fiddler则报ssl错误，请求中添加verify=False,会报警告；若不想看到警告，有3种方式；
05555  python 连接 mogodb 报错  pymongo.errors.OperationFailure: Another user is already authenticated to this database. You must logout first.  解决
05556  Python - celery 相关报错 - AttributeError: type object '_multiprocessing.win32' has no attribute 'WAIT_OBJECT_0'
05560  记一次用pip安装docker-compose报错及解决方法
05561  uwsgi安装报错：plugins/python/uwsgi_python.h:2:20: fatal error: Python.h: 没有那个文件或目录
05563  关于 windows 下 node_modules\node-sass\vendor 的报错解决方法
05572  Pytest+Allure安装过程问题小记
05577  RuntimeError: can't start new thread
05582  安装matplotlib，报错ERROR: Command errored out with exit status 1:
05586  问题解决：ImportError: No module named tensorflow
05593  pip install cv2 安装报错
05594  linux配置docker报错：ImportError: No module named yum
05596  [pipenv]Warning: Python 3.7 was not found on your system…
05601  Python2.x升级python3.x【升级步骤和错误总结】
05603  centos7安装docker-compose报错解决办法
05607  pyCharm中pythonConsole报错，解决方法
05608  【python】错误解决经历
05609  pycharm ui 转换为ui 报 Error: one input ui-file must be specified
05612  ModuleNotFoundError: No module named 'cv2'
05613  Windows下Pycharm安装Tensorflow：ERROR: Could not find a version that satisfies the requirement tensorflow 
05614  ValueError: attempted relative import beyond top-level package
05617  python中错误、调试、单元测试、文档测试
05620  centos解决Could not find a version that satisfies the requirement pip3 (from versions: none)及No matching distribution found for pip3问题
05621  pandas读取csv文件中文乱码问题
05622  python 学习jieba库遇到的问题及解决方法
05624  【异常】airflow-psutil/_psutil_common.c:9:20: fatal error: Python.h: No such file or directory
05627  Python错误“ImportError: No module named MySQLdb”解决方法
05628  Python中的缩进问题
05629  Mac--ModuleNotFoundError: No module named 'magic'
05631  ImportError: cannot import name '_imaging'
05633  ROS常见问题（一） 安装ROS时sudo rosdep init指令报错 最全解决方法
05635  解决Python模块报错：ModuleNotFoundError: No module name 'StringIO'
05640  centos7中python3.6报错ModuleNotFoundError: No module named '_ssl'  或者 Max retries exceeded with url: / (Caused by SSLError("Can't connect to HTTPS URL because the SSL module is not available.",))
05649  -bash: pip: command not found   pip命令报错  解决方法
05650  关于Python获取图片文件二进制数据的问题(获取为空)
05652  终于解决了python 3.x import cv2 “ImportError: DLL load failed: 找不到指定的模块” 及“pycharm关于cv2没有代码提示”的问题
05653  ModuleNotFoundError: No module named 'keras_retinanet.utils.compute_overlap'
05655  rabbitmq系列问题解决：406, "PRECONDITION_FAILED - inequivalent arg 'durable'
05666  python,selenium遇到的问题
05670  python报错：SyntaxError: Non-ASCII character '\xe5' in file test.py on line 3
05678  requests安装及问题解决
05685  django项目常见报错集
05693  pyinstaller 3.5 在python 3.8 环境下出现不兼容的问题
05695  jupyter|浏览器启动问题|“ImportError: DLL load failed: 找不到指定的模块”sqlite3
05703  pytest安装与报错问题以及PyCharm设置
05704  Vue报错：This dependency was not found
05705  ValueError: Can't convert non-rectangular Python sequence to Tensor.
05709  Python 异常处理(Try...Except)
05710  [报错] Process finished with exit code 139 (interrupted by signal 11: SIGSEGV)
05712  关于python的打包打包完生成exe文件之后，不能正常执行程序的问题解决。
05715  django.core.exceptions.ImproperlyConfigured: The included URLconf 's9luffycity.urls' does not appear to have any patterns in it. If you see valid patterns in the file then the issue is probably caused
05723  pip错误 ImportError: No module named 'pip'
05727  Centos7下把python 2.7升级到python 3.6（升级过程遇到的一些相关问题）
05733  python paramiko模块sftp异常：paramiko.ssh_exception.SSHException: EOF during negotiation
05736  安装双版本python2 和  python 3  所产生得问题     解决yum对python依赖版本问题
05738  TypeError: the JSON object must be str, not 'bytes'
05742  Pycharm 在 import requests 时报错
05748  ubuntu安装MySQL-python出现EnvironmentError: mysql_config not found错误
05753  python3编码问题总结
05754  Django 使用pymysql报错的解决方案
05769  Spyder中报错： Check failed: PyBfloat16_Type.tp_base != nullptr
05772  问题 |无法找到Python路径，需手动配置环境变量
05779  ERROR: CAN'T FIND PYTHON EXECUTABLE "PYTHON", YOU CAN SET THE PYTHON ENV VARIABLE.解决办法
05784  Python3.7安装pyaudio库报错问题及修复
05787  ERROR: Pillow-5.2.0-cp35-cp35m-win_amd64.whl is not a supported wheel on this platform.
05791  Django-djangorestframework-异常模块-源码及自定义异常
05798  robotframework安装robotframework-requests库遇到的几种问题
05799  robotframework安装robotframework-requests库遇到的几种问题
05806  小白学 Python（19）：基础异常处理
05810  python使用pip安装包失败的解决方法
05813  Python3.7安装（解决ssl问题）
05822   ModuleNotFoundError: No module named 'windows'以及No module named 'win32api' 报错解决办法
05836  Centos下使用yum命令报错 except KeyboardInterrupt, e: SyntaxError: invalid syntax
05844  linux下命令行执行Python程序提示no moudle,路径问题
05853  python 问题解决：UnicodeEncodeError: 'ascii' codec can't encode character u'\uff08'
05859  按照教程自动安装RFNoC时.在使用pip安装pybombs时出现报错,解决办法
05861  安装flask_mysqldb出现报错问题解析
05864  scrapy 运行时报错 No module named _sqlite3
05866  常规问题解决：File "/usr/bin/yum", line 30 及 File "/usr/libexec/urlgrabber-ext-down", line 28
05872  大部分人都会忽略的Python易错点总结
05873  tensorflow.python.framework.errors_impl.InvalidArgumentError: Feature: input_ids0 (data type: int64) 
05880  装Anaconda报错This Python interpreter is in a conda environment, but the environment has not been activated. Libraries may fail to load. To activate this environment please see http://conda.io/activation
05895  pip install报错：Microsoft Visual C++ 14.0 is required.的解决办法
05909  Ubuntu安装程序提示无法获得锁
05911  远程桌面MATLAB启动失败问题解决
05914  centos7.5误删python2.7之后，导致yum和Python命令无法使用
05928  常规问题解决：File "/usr/bin/yum", line 30 及 File "/usr/libexec/urlgrabber-ext-down", line 28
05946                                                     python安装 django 遇到的一些问题
05956  python安装mysqldb的问题
05959  存在ES引擎的情况下，save报错
05960  【转载】解决Sublime编译Python时出现Decode error - output not utf-8的方法
05962  异常处理
05964  影视项目报错情况及处理
05971  循环导入问题
05981  非编程人学Python，要注意哪些隐秘的错误认知？
05992  [已解决]报错: Python Scrapy - service_identity(opentype) not working and cannot install
05993  pycharm安装报错Non-zero exit co？
05995  salt-minion启动报错No module named salt.scripts
05999  【Python】pyinstaller打包运行报错failed to execute script main
06000  python导入openpyxl报错问题，终于解决啦
06001  win下python脚本以unix风格换行保存将会报错为编码问题 SyntaxError: encoding problem:gbk
06002  python pip安装加速以及安装词云 wordcloud报错解决方法
06003  Python pip安装Scrapy，报错Twisted
06004  python安装dlib库报错
06005  解决python mysql插入int型数据报错：TypeError: %d format: a number is required, not str
06006  转摘python中报错"json.decoder.JSONDecodeError: Expecting value:"的解决
06007  python 自带idle运行flask 报错io.UnsupportedOperation: fileno 解决方法
06008  PYTHON消息队列---异常报错汇总
06009  Python报错：pymongo.errors.CursorNotFound: Cursor not found
06010  【Python】关于import QtCore报错的处理方法
06011  python 安装opendr 报错OSMesa
06012  深度学习系列（7）——报错：tensorflow.python.framework.errors_impl.InternalError: Blas GEMM launch failed 
06013  Python报错：TypeError: __init__() got an unexpected keyword argument 'io_loop' 原因及解决方案
06014  解决《利用python进行数据分析》P139报错问题 index must be monotonic increasing or decreasing
06015  【Flask项目】 python学习常见报错
06016  解决报错ERROR: Service 'web' failed to build: Get https://registry-1.docker.io/v2/library/python/manifests/2.7: net/http: TLS handshake timeout
06017  [Python]PyCharm中%matplotlib inline报错
06018  Python 忽略warning警告错误 + 跳过报错继续执行程序
06019  widows 10 下解决在npm install python 环境报错的问题
06020  Python之xlrd模块读取xls文件与报错解决
06021  解压版本Python，手动安装pip报错，pip得到报错" No module named 'pip' "
06022  python 3中下载pdf报错
06023  接口自动化坑之python pysql库执行sql时 报错SyntaxError: invalid syntax
06024  python报错 UnicodeEncodeError: 'ascii' codec can't encode characters in position 0-3: ordinal not in range(128)
06025  琉璃小屋-用python调用Chrome浏览器报错
06026  [Python]scatter_matrix报错 module 'pandas' has no attribute 'scatter_matrix' 
06027  python：datetime.datetime is not JSON serializable 报错问题解决 
06028  python三元运算符—报错“SyntaxError: can't assign to conditional expression”
06029  python jieba 结巴分词报错 AttributeError: 'module' object has no attribute 'cut'
06030  python函数int()转型报错
06031  python datetime.datetime is not JSON serializable 报错问题解决
06032  安装uwsgi 报错“fatal error: Python.h: No such file or directory”
06033  OpenCV使用python开发中cv2报错AttributeError: 'NoneType' object has no attribute 'shape'
06034  (ubuntu系统）安装opencv-python后，报错libSM.so.6: cannot open shared object file: No such file or directory
06035  关于python操作带有中文文件名报错的解决办法
06036  重新安装python后，原来在虚拟环境里的django项目启动报错：dyld: Library not loaded: @executable_path/../.Python   Referenced from: /Users/mac/.virtualenvs/WYGBlog-env/bin/python   Reason: image not found
06037  Python报错
06038  python报错：AttributeError: module 'pdb' has no attribute 'set_trace'
06042  有关PyCharm安装库失败的问题的解决方法
06043  报错: raise ImproperlyConfigured('mysqlclient 1.3.13 or newer is required; you have %s.' % Database.__version__) 
06044  python pip安装 mysqlclient 报错 raise EnvironmentError("%s not found" % (_mysql_config_path,)) OSError: mysql_config not found
06046  Linux学习27-安装mysqlclient提示mysql_config not found问题
06048  python-写爬虫时遇到的问题 TimeoutError: [WinError 10060] 
06049  [踩坑] Django "OverflowError: Python int too large to convert to C long" 错误
06052  vs code python 关于无法找到文件路径的问题   No such file or directory
06054  ambari报错解决
06057  解决pip install package时Fatal error in launcher: Unable to create process using '"e:\python36\python3.exe"  "E:\python36\Script\pip3.exe"问题
06062  手抖把Python2.7卸载了,导致了自己的yum不可用以及yum因python版本无法使用的问题
06064  解决VScode中"No module named '...'" 及 "numpy.core.multiarray failed to import"的问题
06065  pip install pyinstaller (安装过程报错解决)
06066  json.decoder.JSONDecodeError: Expecting value: line 1 column 1 (char 0)
06072  pip安装Tensorflow模块问题:ERROR: Could not find a version that satisfies the requirement tensorflow==1.15.0rc (from versions: none) ERROR: No matching distribution found for tensorflow==1.15.0rc
06077  使用pip安装requests模块（超级简单）+ pip升级失败问题的解决
06078  anaconda安装tensorflow问题： Could not find a version that satisfies the requirement tensorboard
06080  python用cx_Oracle连接数据库，出现错误cx_Oracle.DatabaseError: DPI-1047: Cannot locate a 64-bit Oracle Client library的解决办法
06084  Django启动时找不到mysqlclient处理 django.core.exceptions.ImproperlyConfigured: Error loading MySQLdb module. Did you install mysqlclient?
06088  Python 读取文本文件编码错误解决方案(未知文本文件编码情况下解决方案)
06096  遇到的问题及解决方法汇总
06097  pyspider采坑（ValueError: Invalid configuration: - Deprecated option 'domaincontroller': use 'http_authenticator和ImportError: cannot import name 'DispatcherMiddleware'）
06099  MAC本安装python3.8后，pip3命令无法更新问题
06103  Python3报错Crypto失败（from Crypto.Cipher import AES ModuleNotFoundError: No module named 'Crypto'）
06104  [未解决问题记录]python asyncio+aiohttp出现Exception ignored：RuntimeError('Event loop is closed')
06105  错误TypeError: KeyboardSwitch() missing 8 required positional arguments: 'msg', 'vk_code', 'scan_code', 'ascii', 'flags', 'time', 'hwnd', and 'win_name'解决办法
06106  python  安装Django失败处理
06107  Python操作mysql数据库出现pymysql.err.ProgrammingError: (1064, "You have an error in your SQL syntax; check
06108  centos7 安装pip+python3.6以及pip安装错误解决办法
06109  Python3中遇到UnicodeEncodeError: 'ascii' codec can't encode characters in ordinal not in range(128)
06110  linux下 Error in 'python3':free(): invalid pointer
06113  python import models from *报错
06116  python基础（十四） - 异常的处理及断言
06117  ImportError: cannot import name 'login' from 'django.contrib.auth.views'
06118  ModuleNotFoundError: No module named '_ctypes'的解决方案
06119  [Jenkins]运行shell报错:寻找匹配的 `"' 是遇到了未预期的文件结束符
06125  Anaconda"无法定位程序输入点 OPENSSL_sk_new_reserve 于动态链接库Anaconda3\Library\bin\libssl-1_1-x64.dll上"的解决办法
06129  python中pip install 命令出现异常时的解决方案
06133  node-sass 安装报错解决办法
06136  出现ImportError: Python is not installed as a framework. The Mac OS X backend will not be able to function correctly ....的解决方法
06137  PyPDF2.py 合并pdf时报错问题
06139  【npm】npm install的报错
06144  pip安装ujson报错： error：Microsoft Visual C++ 14.0 is required
06145  解决TabError: inconsistent use of tabs and spaces in indentation
06154  python 安装 numpy 教程及错误总结
06155  python 安装 numpy 教程及错误总结
06159  linux中neovim+tmux安装与配置遇到的问题
06160  python 2.7 安装mysql-python 遇到的错误
06167  win10环境下pyinstaller打包pytorch遇到的问题及解决方案
06173  Ubuntu使用ipython出现版本不兼容的问题
06178  【python】UnicodeDecodeError: 'gbk' codec can't decode byte 0xad in position...解决办法
06180  pyinstaller安装的方法及安装失败的解决办法
06187  node-sass报错问题解决
06197  python中遇到中文注释会报错
06201  关于不完整的base64编码，导致的报错问题
06202  TypeError: view must be a callable or a list/tuple in the case of include().
06203  pip 安装 AutoItLibrary 失败
06206  有关取消pytest的问题
06208  lxml_解析错误ValueError
06210  python3运行调用htmltestrunner时，报错UnicodeDecodeError: 'ascii' codec can't decode byte 0xe5 in position 0
06216  ImportError: No module named parse
06218  Python 开发常见问题
06221  解决pyCharm无法通过pip安装selenium问题
06224  Flask报错：AssertionError: View function mapping is overwriting an existing endpoint function: inner
06237  django AUTH_USER_MODEL 错误
06250  pretty-errors：美化python异常输出以使其清晰易读
06258  用pip命令安装mayplotlib库失败
06270  与python -m命令有关的问题
06274  Anaconda打开jupyter notebook报错
06288  python基础之异常处理
06295  django.core.exceptions.ImproperlyConfigured: mysqlclient 1.3.3 or newer is required; you have 0.9.3.None
06330  django.core.exceptions.ImproperlyConfigured: mysqlclient 1.3.3 or newer is required; you have 0.7.11问题处理
06334  11 render方法报错
06345  Python之Windows系统中的文件保存错误
06360  关于django.conf.urls的路由匹配问题
06368  paramiko.ssh_exception.SSHException: not a valid RSA private key file 报错解决
06369  django.core.exceptions.ImproperlyConfigured: Error loading MySQLdb module. Did you install mysqlclient?报错
06370  pyinstaller 3.6版本通过pip安装失败的解决办法
06380  pyspider.报错
06381  Pycharm格式报错：Remove redundant parentheses
06399  python binascii.Error: Incorrect padding
06400  为什么在linux系统下安装anaconda的时候会报错
06403  深度学习目标检测遇到的错误
06408  重装系统后重装软件遇到的一些问题记录
06410  ﻿/var/lib/gems/2.5.0/gems/seccomp-tools-1.3.0/lib/seccomp-tools/dumper.rb:125: warning: Insecure world writable dir /home/python/.local in PATH, mode 040777 解决方案
06412  Python基础 - 异常处理
06422  异常和错误
06424  [ flask-migrate ] 记自己犯的一次低级错误
06430  Pyhon语法字符集报错
06457  TypeError: __init__() missing 1 required positional argument: 'on_delete'
06458  TypeError: __init__() missing 1 required positional argument: 'on_delete'
06466  60.基础语法-异常的处理
06472  
06481  04-Python之文件、异常和模块
06483   Pycharm报错解决：error:please select a valid Python interpreter
06488  pip之常见错误汇总
06491  python error整理
06494  Python异常处理
06499  python--安装ldap报错
06500  python操作MySQL数据库报错问题解决
06501  python 使用国内镜像下载插件及报错Could not fetch URL https://pypi.org/simple/pywinauto/: There was a problem co解决方法
06502  记一个python requests模块请求的报错
06503  Python模块介绍及常见报错
06504  python报错
06505  python:pip install pandas报错
06506  python单元测试unittest中添加测试集合报错：TypeError: addTest() missing 1 required positional argument: 'test'
06507  linux安装mysqlclient报错：ERROR: Command errored out with exit status 1: python setup.py egg_info Check the logs for full command output.
06508  Python3 使用rest_framework 报错 cannot import name 'python_2_unicode_compatible'
06509  python的报错信息
06510  python爬取网站页面时，部分标签无指定属性而报错
06511  Python tesseract is not installed or it’s not in your path报错
06512  Python读取txt文件报错：UnicodeDecodeError: 'utf-8' codec can't decode byte 0xc8 in position 0
06513  python安装numpy、scipy、gensim以及报错unable to import 'smart_open.gcs', disabling that module处理
06514  Python定义字典函数报错TypeError: takes 0 positional arguments but 1 was given
06515  安装MySQL-python==1.2.5报错 mysql_config: not found
06516  python--安装mysqlclient报错
06517  Python中常见的报错名称
06518  python程序 当使用到有关图像的package时，报错“This application failed to start because it could not find or load the Qt Platforms”的解决方法
06519  python报错UnicodeDecodeError: 'ascii' codec can't decode byte 0x?? in position 1: ordinal not in range(128)，已解决
06520  Python3.8安装pymssql报错(python setup.py egg_info Check the logs for full command output)
06521  Python学习笔记（2）—— list的乘法使用 和 pip install 报错 
06522  python爬虫 报错UnicodeDecodeError: 'utf-8' codec can't decode byte 0xb5 in position 150: invalid start b
06523  python引用自己写的模块的时候报错：ModuleNotFoundError: No module named 'base'
06524  Python中from sknn.mlp import Regressor,Layer报错没找到sklearn.cross_validation模块
06525  python  同级目录import 包报错
06526  执行Python程序时模块报错
06527  python：eclipse中解决pydev插件报错Unresolved import: win32con
06528  Ubuntu上mysql, 通过python连接报错Can't connect to MySQL server on xxx (10061)
06529  python脚本中selenium启动浏览器报错os.path.basename(self.path), self.start_error_message) selenium.common.excep
06530  安装uwsgi 报错：plugins/python/uwsgi_python.h:2:20: 致命错误：Python.h：没有那个文件或目录
06531  python3 安装 turtle 报错:Command "python setup.py egg_info" failed with error code 1
06532  python报错2
06533  Python爬虫报错："HTTP Error 403: Forbidden"
06534  python安装wordcloud库报错
06535  python操作redis：redis.exceptions.ResponseError: WRONGTYPE Operation against a key holding the wrong kind of value报错原因
06536  使用Python运行文件报错[SyntaxError: invalid syntax]
06537  python  报错收集
06538  python—打开图像文件报错
06539  Python常见问题 - requests请求参数包含中文报错：UnicodeEncodeError: 'latin-1' codec can't encode characters in position 13-14: 小明 is not valid Latin-1. Use body.encode('utf-8')
06540  Python常见问题 - requests请求参数包含中文报错：UnicodeEncodeError: 'latin-1' codec can't encode characters in position 13-14: 小明 is not valid Latin-1. Use body.encode('utf-8')
06541  linux  服务器python由2.x 升级3.x yum 安装报错
06542  python中使用pip 安装第三方库报错归类及解决方式
06543  vscode Python 无法导入beautifulsoup4解决方案 （bs4报错：vscode unresolved import 'beautifulsoup4'）
06544  python tab和空格混合报错解决方法
06545  Python 3.8.2  for windows  安装报错 
06546  Mac python3安装opencv-python报错:pip._vendor.urllib3.exceptions.ReadTimeoutError: HTTPSConnectionPool(host='f 的解决办法
06547  python-pip升级报错- AttributeError: 'NoneType' object has no attribute 'bytes'
06548  python报错
06549  python操作redis报错：redis.exceptions.DataError: ZADD allows either 'nx' or 'xx', not both解决方案
06550  python当导入路径报错时可以
06551  python 格式化时间含中文报错 UnicodeEncodeError: 'locale' codec can't encode character '\u5e74' in position 2: Illegal byte sequence'
06552  使用python requests报错requests.exceptions.SSLError: HTTPSConnectionPool
06553  python -m pip install --upgrade pip报错的正确打开方式
06554  python鼠标事件报错问题TypeError: rect is undefined
06555  Python报错'builtin_function_or_method' object is not iterable
06556  Python---报错：from pip import main ImportError: cannot import name 'main'
06557  cv2.xfeatures2d.SIFT_create()报错后，配置OpenCV+contrib+Python
06558  使用vscode运行python代码报错：Non-ASCII character '\xe5' in file /Users/mozili/PYTHONWORKSPACE/Reptile/re_ex.py on line 5, but no encoding declared; see http://python.org/dev/peps/pep-0263/ for details解决方案
06559  【Python】pip在线安装报错Read Timed out
06561  Python 使用 pip 命令（更新命令报错或找不到）
06562  python+django更新表结构执行相关命令报错：No installed app with label 'interface_crud'解决方案
06563  【Python3】python安装 matrix-synapse[all] 报错’Error: pg_config executable not found‘
06564  python学习——读取csv文件报错：“UnicodeDecodeError: 'gbk' codec can't decode byte 0xb1 in position 5: illegal multibyte sequence”
06565  python连接SQL报错：1366, "Incorrect string value: '\\xF0\\x9F\\x98\\x81'
06566  【python】使用pyinstaller打包exe闪退，cmd查看exe报错原因
06567  python激活虚拟环境env报错：no such file or directory: env/Scripts/activate解决方案
06568  Python几个初级报错问题记录
06569  [Node]报错：gyp verb check python checking for Python executable "python2" in the PATH
06570  python的eval的报错SyntaxError: EOL while scanning string literal
06571  ubuntu18 安装mysqlclient报错Command "python setup.py egg_info" failed with error code 1 in /tmp/pip-build-8139q6vm/mysqlclient/
06572  python pip 安装redis报错
06573  docker 部署uwgsi+python 启动报错 Python 3 UnicodeDecodeError: 'ascii' codec can't decode byte 0xe2 in position 0: ordinal not in range(128)
06574  python  报错之解决办法
06576  python 安装 webdriver 库报错，提示没有合适的版本 
06577  Command "python setup.py egg_info" failed with error code 1 in /tmp/pip-build-*解决办法
06578  解决Windows下python和pip命令无法使用的问题
06580  【python】针对windows系统python报错UnicodeError:'gbk' codec can't encode character '\u27a1' in position 75:illegal multibyte sequence解决方法
06581  Python爬虫报错-Timeouterror：[WinError 10060]由于连接放在一点时间后没有正确答复或连接的主机没有反应，连接尝试失败。
06583  python 引用 pillow 报错 ImportError: cannot import name 'PILLOW_VERSION'
06584  CTFHub题解-技能树-Web-SQL注入(整数型、字符型、报错注入、布尔盲注)【一】
06587  python报错
06589  Windows7 64位系统下安装Anaconda3 64位版本报错：Failed to create menus  (未解决！！）
06590  【问题解决】module 'cv2.cv2' has no attribute 'face'
06591  Python下opencv库的安装过程与一些问题汇总
06593  ModuleNotFoundError: No module named '__main__.base'; '__main__' is not a package（即 if __name__=='__main__'的深入理解）
06597  Ubuntu18.04兼容Python2.7、Python3.6、Python3.8以及pip、pip2、pip3问题
06601  QT使用Python出现error: expected unqualified-id before ';' token 
06606  TensorFlow重新导入restore报错： OP_REQUIRES failed at save_restore_v2_ops.cc:184 : Not found: Key Variable not found in checkpoint
06611  conda创建虚拟环境报错
06612  本地创建的jupyter notebook 无法连接本地环境（即不能运行代码）
06613  解决win10安装appium-python-client失败
06615  Python: list indices must be integers or slices, not float问题
06616    Python学习常见十大问题总结
06617  SyntaxError: unexpected character after line continuation character
06618  pandas.errors.ParserError: Error tokenizing data. C error: Expected 1 fields in line 4, saw 2 
06620  pip 安装 mysqlclient 报错  Command errored out with exit status 1
06623  相对导入运行错误（ModuleNotFoundError: No module named '__main__.test'; '__main__' is not a package）
06627  pycharm错误：Could not find a version that satisfies the requirement gensim (from versions: ) No matching distribution found for gensim
06630  pip install uwsgi 报错  AttributeError: module 'os' has no attribute 'uname'
06635  redis.exceptions.DataError: Invalid input of type: 'dict'. Convert to a bytes, string, int or float first.
06640  关于Python读取文件的路径中斜杠问题
06647  记一次win7在python3.7.4环境启动ride报错解决
06649  frida报错frida.InvalidArgumentError: device not found问题解决方案
06650  PyQt学习随笔：自定义信号连接时报AttributeError: 'PyQt5.QtCore.pyqtSignal' object has no attribute 'connect'
06656  答疑 | 使用Airtest最常问的8大问题
06659  关于pyinstaller的打包后错误（ModuleNotFoundError: No module named 'tensorflow_core.python及FileNotFoundError:No such file or directory）
06663  解决 Linux 系统下 electron-ssr  [error] http proxy server connect error: Error: Socket Closed
06664  自己总结的Tensorflow安装教程（附部分报错解决方法）
06667  pycharm报错ModuleNotFoundError: No module named 'selenium'
06674  解决pyinstaller打包sklearn等库出现的问题： 提示failed to execute script xxx
06675  pip工具和python IDLE安装第三方库的一些问题
06678  pycharm中模块requests无法找到的解决办法和python重新安装后pycharm中遇到的问题
06686  libnum报错问题解决
06689  python 成功解决import librosa出错问题
06690  Django项目启动报错
06693  python3 使用时遇到的问题
06694  解决django报错：ValueError("The view Hello.views.login didn't return an HttpResponse object. It returned None instead.")
06696  python mysql error totally whack
06698  centos7安装docker-compose报错解决办法
06699  python3.7安装Anaconda3+tensorflow2.1中遇到的问题
06702  Traceback (most recent call last):异常(爬虫会比较常遇到)
06703  “You are using pip version 19.0.3, however version 20.0.2 is available.”pip 更新报错解决办法
06706  VS Code终端无法运行npm, vue等命令
06709  Linux----切换python版本（ln: failed to create symbolic link ‘/usr/bin/python’: File exists）
06718  安装MySQLdb--解决报错 ImportError: No module named MySQLdb
06720  chromedriver路径和环境变量配置问题
06725  Python文本文件读写操作时的字符编码问题
06728  PyCharm配置opencv环境，解决无法提示问题
06735  [未解决]报错: execjs._exceptions.ProgramError: TypeError: Cannot read property 'extend' of undefined
06736  Python编码问题详解
06737  python3：(unicode error) 'utf-8' codec can't decode
06743  usb.core.NoBackendError: No backend available
06744  用pyCharm安装Scrapy遇到的各种问题处理过程
06746  python基础——python安装及问题解决
06750  pip提示ModuleNotFoundError: No module named 'flask'
06755  python的相对引用问题
06758  前后端分离项目的部署中遇到的问题和解决方案
06760  使用Pycharm创建Django项目无法创建app.
06761  解决python语言的工具pycharm以及Windows电脑安装pygame模块的问题
06762  Python发送http请求时遇到问题总结
06765  python，javascript在函数中同时调用同名的局部变量与全局变量引发的问题
06767  安装node-sass报错Python环境
06770  【错误】python百分号冲突not enough arguments for format string
06771  无法定位序数242于动态链接库，Anaconda3\Library\bin\mkl_intel_thread
06776  每天一个好用的 Python 库：pretty-errors 让你的 Bug 看起来与众不同
06777  PyQt（Python+Qt）学习随笔：自定义信号在emit发射信号时报错：AttributeError:  object has no attribute
06782  ImportError: No module named ‘MySQLdb'
06786  解决Linux无法安装pygame问题
06787  Python：pip无法使用No module named '_sysconfigdata_m_linux_x86_64-linux-gnu'
06788  PyQt信号connect连接槽方法时报：native Qt signal is not callable错误
06790  Pycharm报错：IndentationError: unindent does not match any outer indentation level
06793  解决appium-doctor报bundletool.jar cannot be found问题
06794  Python Flask jsonify a Decimal Error
06807  PyQt（Python+Qt）学习随笔：自定义信号在emit发射信号时报错：AttributeError:  object has no attribute
06809  错误记录：Data too long for column 'xxx' at row 1
06810  ubuntu1804python安装mysqlclient的模块报错的解决办法
06812  PyQt信号connect连接槽方法时报：native Qt signal is not callable错误
06820  AdminSet安装部署报错解决方法(亲测有效)
06822  补笔记--python安装jieba遇到的问题
06831  Linux pip命令报错 -bash: pip: command not found
06833  UnicodeDecodeError: 'utf-8' codec can't decode byte 0x8b ....
06836  【转】python程序在命令行执行提示ModuleNotFoundError: No module named 'XXX' 解决方法
06840  vs code开发python时找不到当前目录下的文件、UnicodeDecodeError: 'gbk'
06842  python连接mysql数据库——版本问题
06870  印象最深的问题Your STATICFILES_DIRS setting is not a tuple or list; " ImproperlyConfigured: Your STATICFILES_DIRS setting is not a tuple or list; perhaps you forgot a trailing comma?
06883  pymsql链接数据库报错2003的解决过程记录
06889  ModuleNotFoundError: No module named 'sklearn.cross_validation'
06894  PyQt学习随笔：自定义信号连接时报AttributeError: 'PyQt5.QtCore.pyqtSignal' object has no attribute 'connect'
06907  42.循环导入问题
06910  设置镜像源出现的异常问题，dpkg: warning: files list file for package。。。
06916  ModuleNotFoundError: No module named 'sklearn.impute'
06926  Django报错django.core.exceptions.ImproperlyConfigured: mysqlclient 1.3.13 or newer is required; you have 0.9.3.
06931  pycharm运行appium desktop录制的python脚本报错问题：selenium.common.exceptions.InvalidSelectorException: Message: Locator Strategy 'css selector' is not supported for this session
06934  supervisor报错记录
06936  Anaconda3安装后在Pycharm中报错：ImportError: DLL load failed: 找不到指定的模块
06942  编译frr--python版本问题--Python-3.7.7
06943  Error：Command "python setup.py egg_info" failed with error code 1 in /tmp/pip-build-not69mld/pysam/
06968  ERROR: MySQL_python-1.2.5-cp27-none-win32.whl is not a supported wheel on this platform.
06970  0X03异常错误处理
06978  Sublime Text3 python自动补全问题——Sublime Text3安装Anaconda插件
06982  Python异常抛出后使用except接收的原因
06987  python2.7   BeautifulSoup 模块 报错
06989  Python第三方包之pretty-errors
06995  python 读取配置文件总是报错 configparser.NoSectionError: No section:
06999  Python报错：AttributeError
07000  在vscode使用相对路径的python应用报错找不到该文件的解决方法
07001  python manage.py runserver报错
07003  Python  Flask报错：raise TemplateNotFound(template) jinja2.exceptions.TemplateNotFound
07004  python运行的时候报错line 192, in _run_module_as_main return _run_code(code, main_globals, None,
07005  Python读取文件报错
07006  Django启动报错Did you install mysqlclient or MySQL-python
07007  Python--报错TabError: inconsistent use of tabs and spaces in indentation
07008  Python--报错RecursionError: maximum recursion depth exceeded in comparison
07009  pip install jieba 报错 readtimed out【python】
07010  Selenium python+chrome/firefox报错Message: Can not connect to the Service chromedriver
07011  Django报错“Did you install mysqlclient or MySQL-python?”的解决办法(前提:mysqlclient&MySQL都已经安装)
07012  python报错_couldn't recognize data in image file
07013  【Python】pip install PIL 报错
07014  python-自动化测试结果发送邮件报错（smtplib.SMTPDataError: (554, b'DT:SPM 163……）解决方法
07016  python/exe/pyinstaller/生成后报错/script pyi_rth_pkgres/重装pyinstaller
07017  Python的pip指令报错？详细解释如何升级pip指令！
07018  linux报错笔记：python-rosdep-modules : 依赖: python-rosdistro-modules (>= 0.7.5) 但是它将不会被安装
07019  【AI测试学习】【Python学习】解决:selenium.common.exceptions.WebDriverException: Message: 'chromedriver' 报错
07020  pytest报错 make sure your test modules/packages have valid Python names.
07021  Python安装pip时， 报错：zipimport.ZipImportError: can't decompress data; zlib not available
07022  【Python】读取配置文件报错UnicodeDecodeError: 'gbk' codec can't decode
07023  持续集成 - 常见问题（一）jenkins构建报错：'python' 不是内部或外部命令
07024  Mac下python manage.py runsever 报错
07025  Linux系统下-关于Python和pip的那些报错
07026  appium+python+真机，不能打开APP，报错提示：Cannot start the 'XXX' application
07027  Python Traceback模块：捕获更详细的异常报错信息
07028  python接口自动化入参json传参遇到转义字符，复杂入参，格式化方法；遇到中文报错用  ： ensure_ascii
07029  python程序报错：urllib.error.URLError: <urlopen error [SSL: CERTIFICATE_VERIFY_FAILED] certificate verify failed: self signed certificate in certificate chain (_ssl.c:1076)>解决方案
07030  python + selenium 上传文件和no alert is active 报错
07031  安装、升级pip，但是python -m pip install --upgrade pip报错
07032  把Python程序报错信息输出
07033  Selenium python+chrome/firefox报错Message: 'geckodriver' executable needs to be in PATH.
07034  python操作es处理超过10000条数据报错查询不到
07035  安装第三方库openpyxl时，报错：You are using pip version 19.0.3, however version 20.2b1 is available. You should consider upgrading via the 'python -m pip install --upgrade pip' command.  
07036  python 两个numpy矩阵维度相同，相减却报错了？？？
07037  记一次pyccharm Terminal django 执行 python migrate 无法生成新的数据表的报错过程
07038  在Python中使用moviepy进行视频剪辑时输出文件报错 'NoneType' object has no attribute 'stdout'问题
07039  python-pip升级报错- AttributeError: 'NoneType' object has no attribute 'bytes'
07040  在Python中使用moviepy进行视频剪辑时输出文件报错 ‘NoneType‘ object has no attribute ‘stdout‘问题
07041  Python中文报错SyntaxError: Non-ASCII character '\xe8' in file
07042  解决vscode进入python虚拟环境报错的问题
07043  opencv python 下 ‘cvNamedWindow’报错,contirb模块
07044  Python常见问题 - pip报错 ValueError: Unable to find resource t64.exe in package pip._vendor.distlib
07045  Python运行Queue报错ImportError: cannot import name 'Empty'
07046  python报错：TypeError: 'module' object is not callable报错解决方案
07047  vscode切换虚拟环境报错无法加载文件 E:\Python_project\shop_env\Scripts\Activate.ps1，因为在此系统上禁止运行 脚本。
07048  python调request报错
07049  python  运行py文件报错：Error while finding module specification for 'xxx.py' (ModuleNotFoundError: __path__ attribute not found on 'xxx' while trying to find 'xxxx.py')
07050  NameError: name 'List' is not defined
07051  python编译报错： make[3]: *** wait: No child processes.  Stop.make: *** [Makefile:510: profile-run-stamp] Error 2
07057  Python报错pip超时
07063  Win7安装Python失败 提示Setup failed
07066  django 报错  if resp.get('X-Frame-Options') is None:AttributeError: 'str' object has no attribute 'get'
07067  Python 安装第三方插件时，报错 unable to find vcvarsall.bat
07072  【已解决】python读取文件报错：FileNotFoundError: [Errno 2] No such file or directory
07079  Selenium OSError: [WinError 193] %1 不是有效的 Win32 应用程序
07083  导入openpyxl模块后运行会报错
07086  pip安装virtualenvwrapper报错的解决办法
07089  Centos7下psutil安装报错：error: command ‘gcc’ failed with exit status 1
07090  刚安装python，使用pip install安装第三方库报错，提示“由于目标计算机积极拒绝，无法连接”
07091  ubuntu安装psycopg2报错 Check the logs for full command output解决
07092  【踩坑】Django django.db.utils.OperationalError: (1045, "Access denied for user 'root'@'localhost' (using password: 
07097  startTime = time.clock()AttributeError: module 'time' has no attribute 'clock
07102  django中连接mysql数据库报错“django.core.exceptions.ImproperlyConfigured: mysqlclient 1.3.13 or newer is required;”
07105  SyntaxError: Missing parentheses in call to 'print'. Did you mean print
07107  CentOS 7 执行 yum 命令失败问题的排查方法
07111  UnicodeEncodeError: 'gbk' codec can't encode character '\xb2' in position 7: illegal multibyte sequence解决之一
07112  vscode调试python时提示无法将“conda”项识别为 cmdlet、函数、脚本文件或可运行程序的名称的解决方法
07114  解决Python默认的模块搜索路径问题
07117  在Pycharm上编写Airtest脚本的常见问题，希望你可以避开
07132  moviepy音视频剪辑VideoClip类fl_image方法image_func报错ValueError: assignment destination is read-only解决办法
07135  virtualenvwrapper.sh报错: There was a problem running the initialization hooks.解决
07146    2020最新Python学习常见十大问题总结
07149  django-admin.py  startproject   site_test 创建一个django项目时报错
07150  django 内数据库错误处理
07151  新建虚拟环境失败
07159  安装Django1.11后启动失败的解决方法和第一个Django工程
07160  docx模块报错
07162  Mysql 插入中文错误：Incorrect string value
07164  python 爬虫由于网络或代理不能用导致的问题处理方法
07167  TypeError: unhashable type: 'list' 如何解决？
07174  moviepy音视频剪辑：使用fl_time报错OSError: MoviePy error: failed to read the first frame of video file
07184  在Python中使用moviepy进行音视频剪辑混音合成时输出文件无声音问题
07187  关于moviepy打包报错AttributeError: module audio/video.fx.all has no attribute fadein、crop文章的纠错和抄袭
07191  Linux—yum的python版本错误——初级解决方案
07193  解决python scripts和pip缺失问题
07203  与python -m命令有关的问题
07209  另类解法：当出现TypeError: The view function did not return a valid response...
07210  pip安装依赖报错
07217  第16天：Python 错误和异常
07218  在Python中使用moviepy进行音视频剪辑混音合成时输出文件无声音问题
07219  pytesseract——pytesseract.pytesseract.TesseractNotFoundError:
07221  moviepy音视频剪辑：使用fl_time进行时间特效处理报错OSError: Error in file xxxx, Accessing time
07226  ModuleNotFoundError: No module named 'pip'的解决方案
07231  Python读取csv、excel编码问题导致的错误(ValueError: Expected 2 fields in line 2, saw 3)
07232  在cmd下执行py脚本报Traceback (most recent call last)报错解决
07237  TextClip的list和search方法报错：UnicodeDecodeError: utf-8 codec canot decode byte 0xb7 in position 8
07241  写代码没几天，遇到一堆报错，我该怎么办
07243  Django启动时mysqlclient报错版本低于1.3.13
07244  python常识系列13-->python异常处理基础及应用
07248  安装scrapy报错 Microsoft Visual C++ 14.0 is required. Get it with "Microsoft Visual C++ Build Tools":
07262  python 出现ModuleNotFoundError:错误
07265  解决Win10下H3C网络设备模拟器无法启动问题
07266  pycharm使用Terminal问题
07271  moviepy音视频剪辑：使用fl_time进行时间特效处理报错ValueError: Attribute duration not set
07279  python在cmd中的编码问题
07283  django.core.exceptions.ImproperlyConfigured: Requested setting INSTALLED_APPS, but settings are not configured. You must either define the environment variable DJANGO_SETTINGS_MODULE or call settings.
07288  moviepy音视频剪辑：使用fl_time报错OSError: MoviePy error: failed to read the first frame of video file
07289  8、异常与import
07295  Pycharm中使用from appium import webdriver时报错：ModuleNotFoundError: No module named 'appium'
07297  Sublime Text3: Decode error - output not utf-8
07298  pytest——pycharm中右击运行（run）没有问题，在terminal中运行pytest报错：E  ModuleNotFoundError: No module named 
07302  python关于error: invalid command 'bdist_wheel报错的解决
07303  AttributeError: 'list' object has no attribute 'value'
07306  07-异常处理
07307  第一次体验TensorFlow，运行models-master的例子报错：No module named 'object_detection'
07308  moviepy执行TextClip.search方法时报错TypeError: a bytes-like object is required, not str
07310  [未解决]报错:requests post请求无法返回数据
07318  python+selenium常见问题处理
07320  django.db.utils.InternalError: (1054, "Unknown column 'cid' in 'field list'")
07322  json.decoder.JSONDecodeError: Expecting value  错误的处理
07323  try...except Exception
07334  Windows10下pip丢失问题
07335  Sublime Text3: EOFError: EOF when reading a line
07348  django的版本不一样,可能在建立外键关系的时候报错TypeError: __init__() missing 1 required positional argument: 'on_delete'
07350  Robot Framework 使用常见问题汇总
07355  Pycharm安装opencv与 无法安装PIL以及安装Pillow之后依然报错的解决办法
07359  Python 3 源码安装过程中无法导入ssl问题解决
07363  moviepy用VideoFileClip加载视频时报UnicodeDecodeError:  codec cant decode ，No mapping character 错误
07366  
07369  moviepy音视频剪辑：使用fl_time进行时间特效处理报错ValueError: Attribute duration not set
07370  关于moviepy打包报错AttributeError: module audio/video.fx.all has no attribute fadein、crop文章的纠错和抄袭
07371  第十二章 异常
07374  mac 解决mysqlclient安装失败问题
07377  python3.8 + django3.0.7 使用pymysql报错：django.core.exceptions.ImproperlyConfigured: mysqlclient 1.3.13 or newer is required; you have 0.9.2
07379  解决 ‘Could not fetch URL https://pypi.python.org’的问题
07409  moviepy用VideoFileClip加载视频时报UnicodeDecodeError:  codec cant decode ，No mapping character 错误
07417  python执行报错no such cmd:saslStart
07419  PyTorch在Windows下的本地安装，解决WARNING: Retrying 
07428  配置win10 + python3.7 + cuda10.1.243 + cudnn 7.6.5 + TensorFlow(CPU+GPU) 2.1.0 + keras2.3.1安装出现的错误解决方案
07444  Django创建表时报错django.db.utils.InternalError: (1366问题解决记录
07446  解决报错：from err django.core.exceptions.ImproperlyConfigured: Error loading MySQLdb module. Did you install mysqlclient？
07449  python更新pip报错pip._vendor.urllib3.exceptions.ProxySchemeUnknown: Not supported proxy scheme None
07452  jenkins -- 问题之旅
07454  docker build 报错
07462  tensorflow api proto文件windows下编译问题
07471  moviepy音视频剪辑：TextClip.list(font)和search搜索字体报错UnicodeDecodeError：utf-8 codec cannott decode byte 问题
07490  加载CIFAR数据集时报错的大坑
07499  python脚本中使用eval()，运行报错的解决方法
07500  python manage.py migrate 报错解决
07501  python 报错信息汇总
07502  安装python的mysqlclient==1.4.6报错
07503  python的引用graphics模块报错解决方案
07504  python使用smtp发邮件报错：smtplib.SMTPServerDisconnected: Connection unexpectedly closed解决
07505  Mac】VScode配置Python开发环境详细教程（报错解决Import Error No module named ） CodeRunner插件
07506  Python关于安装Pyinstaller模块 有中文路径报错的问题ERROR: Command errored out with exit status
07507  python+selenium2自动化---定位元素报错element click intercepted
07508  Datax执行job由于python版本引起的报错
07509  python安装ldap报错
07510  解决：python manage.py makemigrations报错问题
07511  使用__del__() 函数关闭浏览器报错：ImportError: sys.meta_path is None, Python is likely shutting down
07512  Python 中jupyternotebook中%%time使用报错
07513  python报错No module named XXX的终极解决方法
07514  Python执行SSL握手报错 AttributeError: 'module' object has no attribute 'X509_up_ref'处理
07515  python request 请求https报错问题
07516  python学习笔记--pip安装pyaudio库报错ERROR: Command errored out with exit status 1:解决办法
07518  python通过grpc调用tfserving报错has no attribute 'beta_create_PredictionService_stub'
07519  非常抱歉，全站内容审核中...
07520  pycharm18.2.4 + Python3.7.1 安装salt报错python pip install salt: Command "python setup.py egg_info" failed with error code 10 及解决方法
07521  python  设置路径时，前面需要加r  否则没转义的话  会报错
07522  python打包生成exe报错
07523  python import pymysql报错
07524  python+appium+夜神模拟器，报错Could not find a connected Android device.
07525  python模块以及import 报错：ImportError: No module named myModule
07526  已经配好64位的oracle instantclient，依旧Python报错cx_Oracle.DatabaseError: DPI-1047: Cannot locate a 64-bit Oracle Client
07527  安装、升级pip，但是python -m pip install --upgrade pip报错的解决办法。
07528  python paramiko报错bash: command not found
07529  python运行ui出现报错selenium.common.exceptions.NoSuchElementException: Message: Unable to find element with xpath解决方法
07530  学习python CGI时运行的报错
07531  python导入自己创建的本地包报错
07532  python使用pandas时候报错TypeError
07533  安装、升级pip，但是python -m pip install --upgrade pip报错的解决办法。
07534  python自定义模块引入报错 pycharm
07535  seafile 旧版本升级新版本时python库引用报错
07536  【debug】python在import Flask的时候报错cannot import name 'dump_age'
07537  python导入包的时候报错：Unable to import 'requests' 
07538  python报错 Invalid return character or leading space in header: User-Agent
07539  Python踩坑系列之报错无“winrandom”模块：ModuleNotFoundError: No module named 'winrandom'
07540  Python——pip安装报错：is not a supported wheel on this platform
07541  Python踩坑系列之读取文件报错：OSError: [Errno 22] Invalid argument: '\u202aC:/Users/pc/Desktop/jspt.cer'
07542  python 环境遇到的报错 
07543  VSCode Python 中文字符输出报错 "UnicodeEncodeError: 'charmap' codec can't encode characters in position 2-5: character maps to <undefined>"
07544  python中end语法end=' '报错
07545  使用Visual studio开发Python报错SyntaxError: (unicode error) 'utf-8' codec can't decode byte 0xc7 in position 0:  invalid continuation byte
07546  mac brew python@3.8. 两个版本 更新报错的问题
07547  python 安装 pip 报错解决方案
07548  python 连接MySQL报错及解决方案
07549  Centos 6.5 Python 3.5 PIP TLS/SSL报错
07550  python 3.7 jupyter中安装 docx报错
07551  python pandas读取csv文件报错KeyError: 'ImageId'
07552  jenkins构建python脚本控制台报错ModuleNotFoundError: No module named 'xxxx'解决方案
07553  （错误一）idea编写python，import报错是灰色的无法引用
07555  Python-解码报错
07556  python使用多进程报错TypeError: cannot serialize '_io.TextIOWrapper' object
07559  python解析json报错--json.decoder.JSONDecodeError: Unexpected UTF-8 BOM
07562  解决 ModuleNotFoundError: No module named 'selenium' 的问题
07563  python - django 上传大文件到服务器 nginx 报错413问题
07564  Python报错ValueError: arrays must all be same length
07566  pip安装第三方包报错：There was a problem confirming the ssl certificate
07569  在树莓派3/4上读取DHT11温湿度传感器-Python代码实现及常见问题梳理
07570  关于人人开源renren-fast-vue 中npm install各种报错的解决方案
07571  robotframework 踩坑(1)--python3.8与ride不兼容问题
07574  PIP安装软件报错：“ERROR: Could not install packages due to an EnvironmentError: HTTPSConnectionPool(host='files.pythonhosted.org', port=443)”
07575  Tensorflow报错：AttributeError: module 'tensorflow._api.v1.io' has no attribute 'gfile'
07580  python3操作pgsql报错：No operator matches the given name and argument type(s),You might need to add explicit type casts
07583  runtimeerror bad magic number in .pyc file错误
07584  在python中的报错提示
07589  django.db.utils.IntegrityError: (1048, "Column 'spu_id' cannot be null")关于RESTframework使用序列化器报错问题
07593  Python脚本报错：DeprecationWarning: Using or importing the ABCs from 'collections' instead of from 'collections.abc' is deprecated since Python 3.3,and in 3.9 it will stop working import pymssql
07597  python3安装poster库时报错解决：ERROR: Command errored out with exit status 1: python setup.py egg_info Check the logs for full command output.
07599  python3升级后pip提示TLS/SSL错误问题
07603  【已解决】ERROR: Twisted-20.3.0-cp38-cp38m-win_amd64.whl is not a supported wheel on this platform.
07604  pycharm 安装PIL报错及解决方案
07607  vscode自定义的模块，在不同目录调用时，一直报错"No module named 'xxx' "
07617  完美解决：You are using pip version 19.0.3, however version 20.0.2 is available.......问题
07621  [已解决]报错: qt.qpa.plugin: Could not load the Qt platform plugin "windows" in "" even though it ...
07622  安装Transformers与ValueError: Unable to create tensor, you should probably activate truncation and/or padding with 'padding=True' 'truncation=True' to have batched tensors with the same length.报错
07624  httprunner 3运行报错AttributeError: module 'allure' has no attribute 'severity_level'
07625  关于Failed to import pydot. You must install pydot and graphviz for `pydotprint` to work的处理建议
07626  安装pytorch GPU版不能使用问题
07627  安装pytorch GPU版不能使用问题
07628  pip 安装时提示uvloop/loop.c:20:10: fatal error: Python.h解决
07629  ModuleNotFoundError: No module named 'kombu.asynchronous.timer'解决
07635  kubernetes 安装报错
07639  terminal 报错：ImportError: Couldn't import Django.
07640  python多版本兼容性问题：当同时安装Python2和Python3后，如何兼容并切换
07646  使用pymouse模块时候报错No module named 'windows'
07647  Mac下Python执行时报错：Class QMacAutoReleasePoolTracker is implemented in both /.../site-packages/PyQt5/... and /.../site-packages/cv2/...
07651  idea安装好python后显示无SDK问题
07652  Windows下Python3安装Turtle报错及解决方案
07657  Anaconda中的python出现“ModuleNotFoundError: No module named numpy”错误
07659  celery运行报错:dns.exception.Timeout: The DNS operation timed out after 5.1539998054504395 seconds
07660  Spark 环境问题记录和解决方法
07662  django.db.migrations.graph.NodeNotFoundError: Migration travel_list.0001_initial dependencies reference nonexistent parent node ('employer', '0001_initial')问题
07665  Python中的打开文件错误，FileNotFoundError: [Errno 2] No such file or directory:（转载）
07671  python出现import _socket ImportError: DLL load failed: %1 不是有效的 Win32 应用程序问题
07674  ModuleNotFoundError: No module named '_lzma'
07675  flask中的上下文 RuntimeError: No application found . Either work inside a view function or push an application context
07676  解决Django makemigrations 时的NodeNotFoundError及其它迁移问题
07685  django.db.migrations.exceptions.NodeNotFoundError: Migration users.0001_initial dependencies reference nonexistent parent node ('auth', '0009_auto_20200720_0228')
07686  解决Pycharm提示imp报错
07687  go gin框架调用cmd运行python脚本问题
07688   django生成子应用是报错   '%s=%s' % (k, v) for k, v in params.items(),     ^ SyntaxError: Generator expression must be parenthesized
07692  通过cmd命令行启动python文件时报错 缺少第三方库 但是编译器正确运行
07695  pip升级导致报错：pip消失
07698  用scrapy爬虫时，一直报错：NotImplementedError: MaoyanSpider.parse callback is not defined
07700  kubernetes：关于创建pod中结点始终处于creating状态的问题解决（Error syncing pod, skipping: failed to "StartContainer" for "POD" with ErrImagePull: "image pull failed for registry.access.redhat.com/rhel7/...）
07707  数字转为字符串类型报错：TypeError: 'str' object is not callable
07708  robotframework自动化测试框架搭建及问题汇总
07709  解决：Python导入cv2出现的问题
07711  解决 QT5 Designer 打不开的问题
07713  Django中包、模块导入问题
07719  解决pymysql.err.InterfaceError: (0, '')报错的办法
07723  ubuntu16.04报错AttributeError: module 'platform' has no attribute 'linux_distribution'
07727  python调用shell脚本：OSError: [Errno 8] Exec format error
07731  moviepy音视频剪辑：AudioClip帧处理时报TypeError: only size-1 arrays can be converted to Python scalar错
07735  linux版python升级依赖项问题
07740  python2 -- 字符编码问题：sys reload(sys)  sys.setdefaultencoding('utf8')
07741  ModuleNotFoundError: No module named 'PIL'问题
07745  utf8编码和中文不能解码问题解决
07747  appium报错合集和解决方法
07756  pytest 报错 ImportError: cannot import name 'main'
07758  卸载mysql5.7，安装mysql5.1报错
07762  Python安装第三方库时报错的解决办法
07769  【Python】pip install 出现Exception
07770  PySide2出现“ImportError: DLL load failed: 找不到指定的模块”的问题及解决方法
07771  django.core.exceptions.ImproperlyConfigured: SQLite 3.8.3 or later is required (found 3.7.17).
07776  Python运行提示：AttributeError: module 'os' has no attribute 'system'
07777  ERROR: Could not install packages due to an EnvironmentError: [WinError 145] 目录不是空的。: 'D:\\Python\\Python\\venv\\Lib\\site-packages\\~jango\\contrib\\postgres\\locale\\fr'
07783  cmd窗口中用pytest命令运行python代码报模块导入失败 No module named ***
07787  building 'fdfs_client.sendfile' extension     error: Microsoft Visual C++ 14.0 is required. Get it with "Build Tools for Visual Studio": https://visualstudio.microsoft.com/downloads/  错误
07793  Selenium+python，alert报TypeError: 'Alert' object is not callable的解决方法
07798  解决: pip安装库缺少vc++依赖的问题
07801  import cv2    ImportError: libx265.so.146: cannot open shared object file: No such file or directory
07820  问题：集体智慧编程-第二章-安装pydelicious报错
07833  pyspider启动报错
07835  pip install pocoui安装后，发现还是无法执行代码
07838  yum安装软件失败
07855  在服务器上使用python-gym出现的显示问题
07859  Django 模型迁移异常处理
07863  关于解决linux python3安装gattlib报错
07871  【python3.8】pyinstaller打包后win7下运行异常
07884  pip安装第三方库失败解决（转载）
07888  038❤异常处理
07891  django.db.utils.InternalError: (1091, "Can't DROP 'cre_time'; check that column/key exists")
07895  记一次Python调试问题
07897  dnspython模块报错 AttributeError: 'CNAME' object has no attribute 'address'
07899  ubuntu1804安装虚拟环境报错virturalenvwrapper找不到的解决办法
07904  python错误：sh: cls: command not found
07905  eric6 安装问题合集
07908  importError: libSM.so.6: cannot open shared object file: No such file or directory 
07916  在公司用pip安装openpyxl库时，报错：Could not find a version that satisfies the requirement jdcal (from openpyxl) (from versions: ) No matching distribution found for jdcal (from openpyxl)
07920  [python]python进阶编程(5)-异常的处理
07923  python中导入graphviz模块失败的解决办法
07924  第20课  异常处理
07925  Window10 python3 安装lxml错误解决方法
07926  jenkins构建python脚本控制台报错：ImportError: No module named 'xxx'
07930  PyCharm/Airtest/conda Runtime Error R6034解决方法
07934  python+selenium初学者常见问题处理
07951  异常值的处理:try & 爬虫初识
07961  异常处理
07962  appium-4-记录报错的信息和截截图
07965  解决Ubuntu 18.04 安装flask-mysqldb失败的问题
07967  Retrying (Retry(total=4, connect=None, read=None, redirect=None)) after connection broken by 'ReadTimeoutError("HTTPSConnectionPool(host='pypi.pyth on.org', port=443): Read timed out. 
07969  python+selenium初学者常见问题处理
07972  moviepy音视频剪辑：AudioClip的max_volume方法报TypeError: bad operand type for abs(): ‘list‘错
07973  moviepy音视频剪辑：AudioClip的max_volume方法报TypeError: bad operand type for abs(): ‘list‘错
07978  在使用vue时遇到的问题
07979  安装 交叉编译工具连报错 /lib/ld-linux.so.2: bad ELF interpreter
07980  安装 交叉编译工具连报错 /lib/ld-linux.so.2: bad ELF interpreter
07990  安装paddle的问题，报错Can not find library: libcudnn.so. The process maybe hang.
07992  Python_报错：SyntaxError: 'break' outside loop
07999  npm i 报错Can't find Python executable "python2.7", you can set the PYTHON env variable
08000  Python报错ConnectionError: connection aborted BadStatusLine解决
08001  python程序没有报错但是运行没有任何结果怎么办？
08002  python报错提示ModuleNotFoundError: No module named 'pip._internal.cli.main'缺少pip
08003  python调用cmd运行GDAL报错解决：ERROR 1: PROJ
08004  Python文件报错OSError：[Errno 22] Invalid argument处理
08005  Python创建大量线程时遇上OpenBLAS blas_thread_init报错怎么办？ 
08006  yum报错Python版本不兼容
08007  npm安装依赖过程中报错：Error: Can't find Python executable "python", you can set the PYTHON env variable 
08008  Python 安装xlrd 报错SSLError(SSLCertVerificationError
08009  Python 装饰器填坑指南 | 最常见的报错信息、原因和解决方案
08010  python-selenium元素操作，定位到元素报错selenium.common.exceptions.ElementNotInteractableException: Message: element not interactable
08011  【解决python中使用pillow报错】PermissionError: [WinError 32] 另一个程序正在使用此文件，进程无法访问
08012  Python PyInstaller安装以及报错的解决办法
08013  windows下的python安装pysam报错
08014  Python报错TypeError: 'set' object is not subscriptable
08015  python selenium css选择器元素id为数字时定位报错selenium.common.exceptions.InvalidSelectorException: Message: invalid selector: An invalid or illegal selector was specified
08016  Python TypeError: can only concatenate str (not "list") to str 报错问题的解决
08017  Python_报错：TypeError: Tuple or struct_time argument required
08018  契约测试框架pact-python 安装不了或者安装报错解决
08019  Python 防止报错停止运行try
08020  python报错 AxisError: axis 0 is out of bounds for array of dimension 0
08021  mac电脑python连接本地mysql报错：pymysql.err.OperationalError: (1045, "Access denied for user 'root'@'localhost' (using password: NO)")
08022  python不能运行.py文件报错
08023  以root权限执行python时候脚本时候报错“ExtractionError: Can't extract file(s) to egg cache”
08024  python 执行 shell awk 报错 fatal: print to "standard output" failed (Broken pipe)
08025  python+appium应用报错时执行截图操作
08026  Python国内镜像源及报错解决方法
08027  执行python manage.py celery beat-l info 时报错 SystemError:<class 'OSError'>可能还会有其他报错
08028  Python 中的opencv读取文件路径有中文报错解决办法
08029  python从入门到实践，Django3.0 报错Specifying a namespace in include() without providing an app_name 
08030  python从入门到实践，Django3.0 报错Specifying a namespace in include() without providing an app_name
08031  python+selenium: * 传递参数报错：TypeError: __init__() takes 2 positional arguments but 3 were given
08032  python mysql-connector 执行sql文件报错mysql.connector.errors.ProgrammingError: 1065 (42000): Query was empty
08033  python从入门到实践，Django3.0 报错cannot import name 'login' from 'django.contrib.auth.views'
08034  python从入门到实践，Django3.0  报错No module named ‘django.core.urlresolvers’
08035  python报错：1only batches of spatial targets supported (non-empty 3D tensors) but got targets of size
08036  ModuleNotFoundError: No module named 'numpy' python报错解决记录
08037  python从入门到实践，Django3.0 报错 ‘learning_logs ’is not a registered namespace
08038  pytest框架执行自动化测试时使用pycharm正常运行，使用cmd或Terminal报错：Hint: make sure your test modules/packages have valid Python names.
08039  python安装好配置环境后，重装系统，更换python的路径后，使用pip 命令报错
08040  python学习杂记--一些报错记录
08041  python 报错 TypeError: 'builtin_function_or_method' object is not subscriptable
08043  python 报错 AttributeError: 'Series' object has no attribute 'as_matrix'
08044  关于python安装pygal库之后 import 报错的问题
08045  【Python】 安装词云库一直报错出现DDL错误的解决办法
08048  python安装插件报错解决方案
08049  安装python第三方包时报错
08050  python从入门到实践，Django 3.0报错 No module named ‘django.core.urlresolvers'
08051  SyntaxError ：invalid syntax Python常见错误
08052  Pycharm：设置完Anaconda后报错TypeError: an integer is required (got type bytes)
08056  解决：ModuleNotFoundError: No module named 'apt_pkg'
08057  pip离线安装Bottleneck报Error解决
08063  解决 jupyter labextension install 报错
08065  VSCode提示Python源码from...import...出错
08068  pycharm安装ggplot时遇到的问题
08073  【转载】  ImportError: libGL.so.1: cannot open shared object file: No such file or directory——docker容器内问题报错
08076  配置python用cx_Oracle连接oracle，或使用cx_Oracle连接数据库时报错: cx_Oracle.DatabaseError: DPI-1047: Cannot locate a 64-bit Oracle Client library
08080  运行TensorFlow代码报错ImportError: Could not find the DLL(s) 'msvcp140_1.dll'
08081  关于ValueError: not enough values to unpack (expected 4, got 1)
08083  pip更新报错：Requirement already up-to-date
08084  python 报错 NameError: name 'xrange' is not defined
08089  完美解决pyinstaller 打包报错找不到依赖pypiwin32 或pywin32-ctypes的错误
08091  Win10 Rust 编译报错： linking with `link.exe` failed: exit code: 1181
08097  Python安装Python_snappy安装失败
08100  Python中用eval将字符串转换为字典时候出错：NameError: name ‘null’ is not defined的解决方法
08101  centos 安装python3导致yum报错
08103  vscode的使用(问题解决)
08107  记录一次redis写入数据失败的情况
08110  VSCode运行Python代码:文件存在但出现FileNotFoundError
08111  vue 项目npm install 报错config error ，找不到python
08112  Connection to Python debugger failed: Interrupted function call: accept failed解决
08113  fake_useragent.errors.FakeUserAgentError: Maximum amount of retries reached解决方法！
08115  IDA 7.0安装Findcrypt插件的各种问题，以及安装pyhton格式插件总结
08118  解决vscode中使用pytorch时pylint报错Module torch has no xxx member
08121  AttributeError: module 'websocket' has no attribute 'enableTrace'
08125  Anaconda3 + python3 + pytorch环境配置及安装过程遇到的问题总结
08126  解决mysqlclient安装报错
08129  UnicodeDecodeError: 'gbk' codec can't decode byte 0xaf in position 218: illegal multibyte sequence解决方案
08133  Django迁移失败如何处理
08135  OSError: SavedModel file does not exist at: saved_model_dir/{saved_model.pbtxt|saved_model.pb}，已解决
08137  Anaconda导入模块报错UserWarning: mkl-service package failed to import
08138  【Jupyter】异步RuntimeError: asyncio.run() cannot be called from a running event loop
08143  ModuleNotFoundError: No module named '_ctypes'的解决方案
08144  linux安装uwsgi错误：gcc returned 1 exit status    error: lto-wrapper failed collect2:       
08145  yum install 报错
08152  （原创）下载安装Python第三方包库pip安装失败总结
08156  Red Hat  6.6 yum报错系统 注册问题This system is not registered to Red Hat Subscription Management. You can use subscription-manager to register
08157  【Robot Framework】日志输出及控制台中文乱码问题解决
08175  Pycharm模块导入失败，带有红色波浪线。
08191  No module named 'input_data'问题解决
08195  centos7 升级 python3.7导致使用yum报错
08203  ImportError: cannot import name 'PackageFinder' from 'pip._internal.index'
08208  python 安装三方库碰到的问题
08210  python -第六节课-异常处理和发送邮件的方法
08214  ptyhon连接mysql出问题
08223  celery使用eventlet模式task中操作django的orm报错解决
08231  Django 报错RuntimeError: Model class apps.alarms.models.SendAlarmRecord doesn't declare an explicit app_label and isn't in an application in INSTALLED_APPS.
08233  Attempting to use uninitialized value beta2_power          -------TensorFlow报错
08237  django同步数据库报错：django.db.utils.OperationalError: (1050, "Table 'blog_readnum' already exists")
08238  python 3.6.4下安装opencv 解决import cv2 问题,下载快
08242  Pycharm报错
08255  一招搞定错误日志监控
08262  
08269  pip安装本地文件报错处理方法【多测师_王sir】
08286  macos django 导入使用MySQL错误  django.core.exceptions.ImproperlyConfigured: Error loading MySQLdb module. Did you install mysqlclient? Library not loaded: /usr/local/opt/openssl/lib/libssl.1.0.0.dylib
08291  python异常处理机制 [try/expect/finally]
08305  opecv 编译出错
08309  蓝鲸安装失败
08319  vscode中错误信息：Instance of 'Session' has no 'add' member处理方式
08329  Python3 运行报错：SyntaxError: unexpected EOF while parsing
08348  【Django】django.core.exceptions.ImproperlyConfigured: mysqlclient 1.4.0 or newer is required；
08365  configparser.NoSectionError: No section: 'user_login' 解决
08366  【转】Jenkins报错ModuleNotFoundError: No module named fileName解决办法
08367  解决 ‘Could not fetch URL https://pypi.python.org’的问题
08390  Python根目录中没有Scripts文件夹问题
08393  python 异常捕捉
08394  Fatal error in launcher: Unable to create process using
08401  异常
08405  python基础--异常知识点
08408  python/Appium遇到问题
08409  pip报failed to create process
08424  Python2和Python3编码问题-从底层出发
08451  Pytest学习（五） - Pytest的用例执行测试后的常见报错
08454  python2.7中的字符编码问题
08463  Pycharm升级pip报错
08491  flask RuntimeError: Working outside of application context 问题解决
08499  安装 python 3.9 Failed to build these modules: _ctypes 报错解决办法
08500  python——pip安装运行报错及解决
08501  MacOs Big Sur 11.0.1 安装python报错
08502  Python读取编码为gbk文档时候报错
08503  Python常见报错名称
08504  Python报错ModuleNotFoundError: No module named 'numpy'
08505  VS Code  Python 当import自定义module时  报错  "could not be resolved"
08506  python用pyinstaller打包后，运行程序报错“pkg_resources.DistributionNotFound“的解决办法...
08507  Python报错 ImportError: DLL load failed while importing win32api: %1 不是有效的 Win32 应用程序 的解决方法
08508  pipenv --python 'python/path'   install 报错原因
08509  Python报错ReadTimeoutError: HTTPSConnectionPool(host='files.pythonhosted.org', port=443): Read timed out.
08510  Python  报错 PermissionError: [Errno 13] Permission denied
08511  Ansible报错：module_stdout": "/bin/sh: 1: /usr/bin/python: not found
08512  python插入数据库数据时，报错%d format: a number is required, not str
08513  导入python包时，导入失败以及port=443报错
08514  centos 安装python3时遇到 ssl报错，更新ssl/ Python 3 No module named '_ssl'
08515  python:交叉验证中的报错
08516  python安装不上tensorflow问题。。一直报错ERROR: Could not find a version that satisfies the requirement tensorflow (from versions: none) 
08517  python numpy版本报错： File "*\numpy\__init__.py", line 305, in <module>     _win_os_check() 
08518  selenium+python自动化测试--解决无法启动IE浏览器及报错问题
08519  python里使用exec函数，报错NameError: name ‘XXX‘ is not defined的解决办法
08520  Python发送多人邮件报错
08521  安装Python模块报错[error] Microsoft Visual C++ 14.0 is required
08522  安装Python模块报错[error] Microsoft Visual C++ 14.0 is required
08523  python报错问题处理
08524  记一次用python 的ConfigParser读取配置文件编码报错
08525  Python踩坑系列之使用redis报错：module &#39;redis&#39; has no attribute &#39;Redis&#39;问题
08526  python文件之读取文件报错
08527  python常见报错类型
08528  python学习2——读取报错及解决
08529  python路径含空格导致打开文件报错
08530  python 报错：RecursionError: maximum recursion depth exceeded
08531  python  requests报错：Exception: ('Connection broken: IncompleteRead(3794 bytes read, 4398 more expect ed)', IncompleteRea
08532  Python报错不要慌，这三个关键词帮你解决问题！
08533  python安装PySide2模块报错
08534  python 报错：a bytes-like object is required, not 'str'
08535  python报错UnicodeDecodeError: 'ascii' codec can't decode byte 0xe5 in position 4: ordinal not in range
08536  python递归次数过多，导致报错或者溢出问题解决。
08537  解决Python使用pip 命令安装插件报错问题
08538  python 环境下使用PIP 报错的解决方法
08539  selenium+Python+chromdriver配置过程中遇到的异常报错以及对应解决方法
08540  【python】报错模块缺失的解决办法
08541  pytest版本更新后使用报错： pluggy.manager.PluginValidationError: unknown hook 'pytest_namespace' in plugin <module 'allure.pytest_plugin' from 'd:\\python\\lib\\site-packages\\allure\\pytest_plugin.py'>
08542  python 计算roc程序报错ValueError: bad input shape (5313, 2)
08547  python pickle奇怪报错 UnicodeDecodeError: 'ascii' codec can't decode byte 0xe9 in position 0: ordinal not in range(128)
08549   python 报错：reduce failed to synchronize: device-side assert triggered
08550  报错：RuntimeWarning: Glyph 20108 missing from current font. font.set_text(s, 0.0, flags=flags)解决方法
08556  Python之使用pip安装三方库Error:Could not find a version that satisfies the requirement <package>(from versions: none),No matching distribution found for <package>
08557  CLion控制台调试出现 "Error during pretty printers setup: Error while executing Python code." 问题
08561  vue  npm install 报错
08570  两步解决VS Code运行Jupyter报错问题
08571  关于近期pip报错：WARNING: pip is being invoked by an old script wrapper. This will fail in a future version of pip.
08575  Python UnboundLocalError： local variable 'xxx' referenced before assignment 解决方法
08576  Python UnboundLocalError： local variable 'xxx' referenced before assignment 解决方法
08582  Win7系统运行PyCharm报错：无法启动此程序，因为计算机中丢失api-ms-win-crt-runtime-|1-1-0.dll
08585  Python3.7版本关于导入gevent库时报错找不到greenlet问题总结
08588  使用Windows 10商店安装python后，使用pip安装ipython后无法运行
08590  pyspider 安装问题总结
08593  [WinError 10013] 以一种访问权限不允许的方式做了一个访问套接字的尝试
08595  Python：安装opencv出现错误Could not find a version that satisfies the requirement numpy==1.13.3 (from versions: 1.14.5, 1.14.6, 1.15.0rc2, 1.15.0, 1.15.1, 1.15.2, 1.15.3, 1.15.4, 1.16.0rc1, 1.16.0rc2, 
08599  pip install --upgrade pip 升级导致报错，解决方法
08600  Odoo环境搭建之常见问题readme
08604  pip、conda安装包（库）失败解决办法
08606  pycharm   读写excel错误 xlrd.biffh.XLRDError: Excel xlsx file； not supported
08607  [问题解决] jupyter notebook报错: zsh: command not found; bad interpreter; Error executing Jupyter command 'notebook'
08610  ValidationError: Your model ir_version is higher than the checker's
08617  解决mysqlclient安装报错
08619  PySide2下载安装问题(部分问题解决思路)
08625  tensorflow.python.framework.errors_impl.ResourceExhaustedError: OOM when allocating tensor with shape[1,1424,2128,64]
08627  在mac终端里运行.py出现ImportError: No module named 'xxx'问题
08631  Python报ValueError: invalid literal for int() with base 10错误解决方案
08633  【Python爬虫错误】'scrapyd-deploy' 不是内部或外部命令，也不是可运行的程序或批处理文件
08634  [python] 使用wordcloud时碰到内存错误munmap_chunk(): invalid pointer
08635  Redhat7上无法使用yum
08640  django.db.utils.ProgrammingError: (1146, “Table ‘xxx’ doesn’t exist”) 解决方法
08642  django v1.x版本 启动错误：SyntaxError: Generator expression must be parenthesized
08649  libmysqlclient.so.20 错误问题解决 
08654  python3.7 mysql8 报错：(pymysql.err.DataError) (1366, "Incorrect string value: '\\x...
08657  Linux:cx_Oracle.DatabaseError: DPI-1047: Cannot locate a 64-bit Oracle Client library: "libclntsh.so: cannot open shared object file: No such file or directory"报错
08660  【E-20】ModuleNotFoundError: No module named
08665  报错ERROR: Command errored out with exit status 1: python setup.py egg_info Check the logs for full comman d output.
08669  pandas.read_csv() 报错 OSError: Initializing from file failed，报错原因分析和解决方法
08673  AttributeError: module 'tensorflow_core._api.v2.config' has no attribute 'list_physical_devices'
08675  django.core.exceptions.ImproperlyConfigured: mysqlclient 1.4.0 or newer is required; you have 0.9.3. 报错解决
08677  Python中错误和异常怎么处理
08678  Python常见问题
08680  pip install appium报错的终极解决办法
08683  解决python print 字符串 编码报错现象 unencode
08689  pygame.error: video system not initialized
08693  xlrd》操作excel  出现的问题：File "D:\python37\lib\site-packages\xlrd\formula.py", line 1150, in evaluate_name_formula assert len(tgtobj.stack) == 1
08694  14-错误异常&文件读写
08698  pip安装Frida-tools报错(ssl)urlopen error解决办法
08709  python安装虚拟环境virtualenvwrapper 以及异常解决
08710  python读取excel文件遇到的问题
08712  【Python问题合集】
08716  解决pipenv install报错FileNotFoundError: [Errno 2] No such file or directory: ‘d:\\miniconda3\\Lib\\venv
08718  fluff(biofluff)装不上的问题
08724  pip安装报错解决方案
08725  Mac book sudo easy_install pip报错
08734  Python项目部署Ubuntu：uwsgi——安装及问题解决及配置文件
08737  Flask - AssertionError: The sqlalchemy extension was not registered to the current application.  Please make sure to call init_app() first.解决方案
08751  常规问题解决：File “/usr/bin/yum“, line 30 及 File “/usr/libexec/urlgrabber-ext-down“, line 28
08760  python安装包的方法&安装遇到的问题总结_2020_11_19
08766  Python之异常处理
08767  windows下安装.whl报错：xxxx.whl is not a supported wheel on this platform.
08776  bson.errors.InvalidDocument: documents must have only string keys, key was <class 'type'>
08779  在终端启动Python时报错的解决
08785  尝试安装airtest第三方库时遇到的问题
08790  selenium.common.exceptions.SessionNotCreatedException: Message: session not created: This version of ChromeDriver only supports Chrome version 80版本不支持问题解决方式
08796  0.4 uwsgi和nginx部署常见问题及解决
08800  Flask+Celery 执行时报错：def _connparams(self, async=False, _r210_options=( ^ SyntaxError: invalid syntax
08802  djaogo项目启动报错——时区问题
08805  异常处理
08806  python用pyinstaller生成exe时报错 TypeError: an integer is required (got type bytes)
08810  第二十二节课:异常
08814  配置python中pip 虚环境遇到的问题
08816  测试Paddle是否安装成功遇到的报错：cublas64_90.dll not found
08822  Django2.2 报错：UnicodeDecodeError 解决方法
08829  python易错点、面试点汇总，不定期更新
08833  (亲测有效-专门解决Mac环境)Pycharm 解决无法打开的问题
08836  PyCharm错误：找不到指定文件python.exe
08837  python异常处理
08838  linux系统安装了python中，但是为什么执行有问题
08840  python自定义异常和主动抛出异常(raise)【转】
08841  MySQL报错信息：Warning: (1366, "Incorrect string value: '\\xD6\\xD0\\xB9\\xFA\\xB1\\xEA...' for column 'VARIABLE_VALUE' at row 489")
08844  win10用anaconda安装pytorch下载速度慢的问题解决
08846  安装python2和3在centos7里面的问题
08856  Python学习之关于异常
08890  多测师rf报错归纳_高级讲师肖sir
08892  关于django python manage.py startapp 应用名 出错异常原因
08894  shapely 模块报错 [WinError 126] 找不到指定的模块
08902  Apache的HTML不能访问的问题（Win7 Apache Python ）
08903  记一次运行 docker-compose 命令 报错修复
08906  linux部署django启动项目报错误
08917    SpringBoot+maven项目运行application，报错”错误: 找不到或无法加载主类“   Eror: Internal error:(java.io.lOException) Cannot find IntelliJ IDEA project问题
08926  更新pip时出现警告：WARNING: You are using pip version……You should consider upgrading via the……
08933  【Linux】解决ssh连接终端无GUI无法显示python图像【服务器】
08938  windows下安装numpy后import报错的解决方案
08964  [已解决]CopyWebpackPlugin报错TypeError: compilation.fileDependencies.push is not a function
08981  python3安装mysqlclient，解决django使用pymysql报错的问题
08983  win10快速解决警告：libpng warning: iCCP: known incorrect sRGB profile
08984  解决pyinstaller打包程序太大的问题
08991  windows下配置本地GEE环境遇到的一些问题
08995  网页音视频对讲音视频会议系统EasyRTC基于WebRTC编译过程中报错，如何解决？
08999  python启动ride.py报错解决方法
09000  Python 多进程报错问题
09001  python 报错与解决
09002  python报错集合
09003  python报错
09004  Python 缺少requests模块，报错 ImportError: No module named requests
09005  anaconda+uwsgi报错Fatal Python error: initfsencoding: Unable to get the locale encoding
09006  python函数嵌套出现报错UnboundLocalError原理的猜测（有解决办法，但是对于报错原理不确定）
09007  成功解决python下载numpy报错。各种错，各种飘红，原来这么简单就改好了。。
09008  报错：[stack Error: Can't find Python executable "python"] vue项目npm install
09009  MAC Conda环境wxpython报错This program needs access to the screen. Please run with a Framework build of python, and only when you are logged in on the main display of your Mac
09010  安装python后使用ssl模块报错，可以参考以下文章解决
09011  转 pip离线复制python开发环境  以及报错invalid syntax  和 cx_oracle 处理clob 
09012  fastnlp无法使用spacy，报错[E050] Can't find model 'en'. It doesn't seem to be a shortcut link, a Python package or a valid path to a data directory.
09013  app自动化测试中遇到的报错（python-appium-安卓手机）
09014  转载：Centos： 完美解决python升级导致的yum报错问题(相信我这是一篇有用的文章)
09015  Pycharm from XXX import XXX 引入本地文件标红报错（source_path&Python package）
09016  Python pip install报错：ImportError: No module named 'requests.packages.urllib3'   
09017  python+selenium，使用input控件进行文件上传时click操作报错：InvalidArgumentException
09018  python实现服务器程序报警，以及解决自动发送邮件在linux系统中报错问题
09019  Python常见报错
09020  Python UnicodeEncodeError报错处理
09021  解决python  项目下Cypto报错的问题
09022  appium+python，解决输入框控件sendkeys报错问题
09023  Hint: make sure your test modules/packages have valid Python names.    Pytest报错
09024  python crypto install 报错
09025  python报错：SyntaxError: Non-ASCII character '\xe5'的解决方法
09026  python使用dnspython一直报错 ModuleNotFoundError: No module named 'dns'
09027  python 使用pyhook报错TypeError: KeyboardSwitch()
09028  Mac下最近执行python程序报错：（macOS 11 or later required ! zsh: abort      /usr/local/bin/python3.9 ）解决方案
09029  【Python爬虫】爬虫POST请求接口一直报错参数错误/没有接收到参数
09030  python -m onnxsim 报错：RuntimeException: [ONNXRuntimeError] : 6 : RUNTIME_EXCEPTION ，UpsampleMode) const scale >= 1 was false. Scale value should be greater than or equal to 1.
09031  tomcat jenkins升级到2.22*和升级之后执行curl/python/java等返回403报错的解决办法
09032  Python报错：not all arguments converted during string formatting
09033  Python报错：ImportError: cannot import name 'XXX' from 'XXXX'
09034  Python文件名不能和模块名同名-否则报错
09035  mac上安装 pip install Appium-Python-Client报错：ERROR: Could not install packages due to an EnvironmentError: HTTPSConnectionPool(host='files.pythonhosted.org', port=443): Max retries exceeded with url:
09036  python安装模块包报错解决办法
09037  python内置配置文件.ini读不到section及SyntaxError: (unicode error) 'unicodeescape' codec can't decode bytes in position 2-3: truncated \UXXXXXXXX escape报错处理
09038  windows系统下git bash运行python报错问题解决方法
09039  Python报错：list assignment index out of range
09040  Python报错：list assignment index out of range
09041  python安装包报错error: Microsoft Visual C++ 14.0 is required. Get it with "Microsoft Visual C++ Build Tools": https://visualstudio.microsoft.com/downloads/
09042  python爬虫报错urllib.error.HTTPError: HTTP Error 403: Forbidden解决方案
09043  Python-docx插入图片报错“NameError: name 'Inches' is not defined”
09044  Linux命令行使用python的matplotlib，报错_tkinter.TclError: no display name and no $DISPLAY environment variable问题解决
09047  python random报错：AttributeError: module 'random' has no attribute 'randint'
09048  Python报错-bash: pip: command not found
09049  Python安装appium 遇见的报错
09056  【venv】Error:Cannot run program "/Users/***/python_selenium/Scripts/python.exe" (in directory "/Users/***/python/python_reptile"): error=2, No such file or directory
09058  Python报错ValueError: arrays must all be same length
09062  TypeError: cannot unpack non-iterable NoneType object问题
09064  ValueError: I/O operation on closed file 解决办法
09065  electron串口通信使用serialport安装报错
09066  Python 遭遇 ProxyError 问题记录
09069  使用selenium时出现 " FileNotFoundError: [WinError 2] 系统找不到指定的文件。" 的解决办法。
09072  Python3 pymysql模块连接数据库报错： TypeError: __init__() takes from 1 to 5 positional arguments but 6 were given
09073  python调用git出错
09076  【转】pyspider all命令报错如下：ImportError: cannot import name 'DispatcherMiddleware' from 'werkzeug.wsgi'
09085  解决Pycharm中%matplotlib inline报错问题
09087  Can't pickle local object '_createenviron.<locals>.encodekey'报错解决
09102  Python 括号层数限制(SyntaxError: too many nested parentheses)
09103  Faster R-CNN训练自己的数据集时遇到的报错及解决方案
09104  jupyter内核无法启动或死亡
09105  pytest踩坑记：NameError: name 'pytest' is not defined
09114  mmdetection 报错: AttributeError: ‘ConfigDict‘ object has no attribute ‘pipeline‘
09116  安装python第三方包时报错
09129  python try异常处理
09132  报错总结
09138  pycharm无法安装三方库排查
09139  ModuleNotFoundError: No module named 'MySQLdb'
09155  解决weditor启动后，报错ValueError: not enough values to unpack (expected 2, got 1)
09156  使用Docker　GPU训练环境安装过程中所碰到的问题
09174  使用 turtle报错 name 'setup' is not defined
09177  -1073740771 (0xC000041D)问题解决方案（已放弃）
09180  UE4 python 常见问题
09181  from requests import ConnectTimeout在pycharm中提示错误，但运行不报错的问题
09182  报错：module 'tensorflow._api.v2.distribute' has no attribute 'tpustrategy'的解决方法
09183  python3 使用中的问题
09185  ubuntu升级python后ModuleNotFoundError: No module named 'apt_pkg'异常
09195  docker in python安装&使用过程中问题记录
09214  关于python3 sqlite3模块打开数据库报错unable to open database file解决方案
09217  Python linux 下安装Python requests包出错：[Errno 14] PYCURL ERROR 22 - "The requested URL returned error: 404 Not Found" Trying other mirror.
09223  Python - Django 执行 migrate 操作时异常: django.db.utils.OperationalError: (1051, "Unknown table 'xxx'") 
09224  9.异常
09228  pycharm安装多个虚拟环境后,import失败
09231  python---pip install 失败解决方法
09233  一日一技：让你的字典读取不报错
09235  spark操作hive失败。AnalysisException: Database 'toutiao' not found;Unable to instantiate org.apache.hadoop.hive.ql.metadata.SessionHiveMetaStoreClient
09236  无法导入panda包解决方法
09244  Windows 平台安装 node-gyp 报错
09249  win10运行celery报错：not enough values to unpack (expected 3, got 0)
09254  python连接微信发送自动化测试报告时产生的相关错误
09263  Django学习笔记（问题01）
09264  day21-多态和多态性,鸭子类型,反射,内置方法,异常处理
09266  使用pip 时 报错Fatal error in launcher: Unable to create process using …   
09269  （基础问题）理解Python3中字符串编码问题
09277  Crontab-手动执行python脚本没问题，用crontab定时任务未执行
09292  Django 自定义标签与过滤器报错 No module named 'templatetags'
09293  python pip安装遇到的问题
09305  【转】pyspider中async关键字问题
09308  ModuleNotFoundError: No module named ‘Crypto‘ 踩坑
09319  Python | PyQt5 Could not find the Qt platform plugin windows错误解决方法
09336  华为GaussDB全量恢复 报错Can not get instance '/opt/gaussdb/data' process pid
09337  Django——跨域问题的解决
09340  Linux中创建虚拟环境安装问题
09341  MaxCompute Spark 使用和常见问题
09373  【linux】centos7 & ubuntu20.04 安装uwsgi报错解决
09392  python8之文件操作及异常
09398  虚拟机安装MacOS|unlocker解锁出现闪退问题！
09400  [问题][manjaro][MariaDB]启动MariaDB后，无法远程访问，报错信息：'unconnected' user: 'unauthenticated'
09415  面向过程编程，模块的使用，循环导入问题，模块导入顺序
09420  记录一下Python安装库经常要用的豆瓣源、Twisted、dlib安装失败问题，各种库的安装
09425  Windows下安装Scrapy方法及常见安装问题总结—Scrapy安装教程
09443  Azure Functions Error Value cannot be null. (Parameter 'provider')
09445  解决：ImportError: cannot import name 'login' from 'django.contrib.auth.views'
09448  用paramiko包对远程服务器操作时报错paramiko.buffered_pipe.pipeTimeout
09451  写给学大计python的同学的查错方法
09456  python3.7 pip install livetest报错
09460  Pycharm安装第三方库超时报错
09463  运行时出现报错：ModuleNotFoundError: No module named 'cv2'，ModuleNotFoundError: No module named 'cv2'
09464  keras各种问题
09468  pyspark  IOException: Too many open files
09486  calibre 打开epub失败
09488  ladon生成xmlrpc标准的webservice时报错解决办法
09499  Python+Selenium定位不到元素（报错:selenium.common.exceptions.NoSuchElementException: Message: no such element: Unable to locate element）
09500  python中读写json文件报错：json.decoder.JSONDecodeError: Expecting ',' delimiter: line 23672 column 21
09501  python报错合集
09502  Python安装cv2报错解决办法
09503  Python 安装 mitmproxy 报错：'str' object has no attribute 'decode'
09504  Python学习问题记录-报错  TypeError: can only concatenate str (not "int") to str
09505  python-nmap模块运行报错'module' object has no attribute 'PortScanner'
09506  用python连接操作oracle的报错解决方案
09507  执行python程序如下报错解决方案
09508  python 报错解决
09509  python报错“AttributeError: 'set' object has no attribute 'items'“
09510  Python报错：找不到PIL包
09511  Python 启动 FastAPI 报错 Error: [WinError 10013] 以一种访问权限不允许的方式做了一个访问套接字的尝试 
09512  appium+python自动化测试常见问题之UIautomatorviewer定位器报错及解决办法
09513  Python 更新pip报错：Could not install packages due to an EnvironmentError: [WinError 5] 拒绝访问
09514  【已解决】Python使用sql语句模糊查询报错：python中TypeError: not enough arguments for format string
09515   解决问题：Python连接mysql插入数据报错：Unknown column '湖北' in 'field list'
09516  Python添加excel图片报错：ImportError: You must install Pillow to fetch image objects
09517  python上传模块报错：error: <urlopen error [SSL: CERTIFICATE_VERIFY_FAILED] certificate verify failed: unable to get local issuer certificate (_ssl.c:1076)>
09518  解决Python打开文件---路径报错问题
09519  关于ArcGIS Python 脚本字符编码报错问题
09520  运行python读取文件代码报错：UnicodeDecodeError: 'gbk' codec can't decode byte 0x90 in position 28: illegal multibyte sequence
09521  Python引入pandas报错ValueError: numpy.ufunc has the wrong size, try recompiling
09522  执行python程序报错如下：ValueError: unsupported format character '\' (0x5c) at index 29 解决方案
09523  python：使用SQLAlchemy初始化mysql数据库报错  No module named 'mysql'
09524  python报错“IndentationError: unexpected indent“的两三解决方法
09525  Python 读取Excel报错
09526  python连接mysql数据库报错pymysql连接数据库报错TypeError: __init__() takes 1 positional argument but 5 positional arguments
09527  python 调用 matlab 自定义程序，报错 too many output arguments
09528  【已解决】解决Python打开文件---路径报错问题（SyntaxError: (unicode error) 'unicodeescape' codec can't decode bytes in position 2-3: truncated \UXXXXXXXX escape）
09529  python vscode 引入 tkmessagebox 报错
09530  python报错：ModuleNotFoundError: No module named 'pip._internal.wheel'
09531  Python 报错：ModuleNotFoundError: No module named 'requests'
09532  python中，将str转换成json时，报错Expecting property name enclosed in double quotes: line 1 column 2 (char 1)
09533  解决numpy：DLL load failed while importing _multiarray_umath: 找不到指定的模块。
09536  annotations导入报错
09538  python报错UnicodeDecodeError: 'ascii' codec can't decode byte 0xbb in position 可能原因
09539  pip安装setuptools_rust报错
09540  RunScriptError: Run "C:\Windows\system32\cmd.exe /d /s /c node-gyp rebuild"
09541  【问题汇总】win10 更新pip后  pip 出现 ImportError: cannot import name 'NoReturn' 
09543  安装locust步骤以及各种报错的解决方法
09546  pyspark踩坑：Python worker failed to connect  back和an integer is required
09547  pyinstaller打包后运行报错-No module named 'pymssql._mssql'
09549  PyCharm 解决 ModuleNotFoundError: No module named 'PIL' 问题
09550  Python+Selenium（Edge浏览器）的安装与配置路径问题
09552  python 导入的模块使用了相对路径，导致找不到文件错误
09557  conda错误  创建新环境conda create -n TF117 python=3.5时报错 An unexpected error has occurred. Conda has prepared the above report.
09558  YOLO遇到的报错问题合集
09559  使用sklearn的pca模块fit数据报错“ValueError: array must not contain infs or NaNs”
09565  ERROR: Failed building wheel for cryptography
09570  from selenium import webdriver 运行报错解决方案
09576  mac安装pyenv和遇到的奇怪问题
09577  在centos7.5中解决bash: pip:command not find 问题
09581  pip install pycrypto 出错解决办法
09585  Django常见问题集锦
09586  python(46)-Python读取xls文件报错-raise XLRDError(FILE_FORMAT_DESCRIPTIONS[file_format]+‘； not supported‘)
09587  django error:  django.db.utils.IntegrityError: NOT NULL constraint failed 
09593  scrapyd-deploy 把scrapy项目打包上传部署到scrapyd服务端报错 Deploy failed (500)
09595  [BUG] elasticsearch7.X bulk index 报错，RequestError(400, 'illegal_argument_exception', 'Action/metadata line [1] contains an unknown parameter [_version]')
09604  linux与python环境配置问题
09605  【python】win10配置pycharm  关于Error processing line 7 of D:\softwares\Anaconda3\lib\site-packages\pywin32.pth 问题的解决
09612  Python2.7安装ipython报错解决
09614  uwsgi运行django应用是报错no app loaded. going in full dynamic mode
09616  FastDFS 运行报错：configparser.NoOptionError: No option 'connect_timeout' in section: '__config__'
09617  添加Hue服务时连接失败,日志报错ImportError: libxslt.so.1: cannot open shared object file: No such file or directory
09624  PIP: ImportError: No module named 'ConfigParser'
09632  阿里云Python SDK安装问题记录
09633  centos7使用dnf命令时出现ImportError: No module named _conf错误
09641  在cmd中使用pip安装库报错解决和Kali安装gmpy2
09645  mac pyenv install 报错 error: implicit declaration of function 'sendfile' is invalid in C99 [-Werror,-Wimplicit-function-declaration]
09647  Pycharm无法用pip安装PIL以及安装Pillow之后依然报错“No module named 'Pillow'”的诡异问题
09652  TypeError: strptime() takes no keyword arguments
09655  No module named 'requests'---问题解决记录
09661  jenkins-2.150.3安装步骤详细说明，遇到问题解决办法
09672  (Caused by SSLError("Can't connect to HTTPS URL because the SSL module is not available.")) - skipping
09677  关于pip升级问题You are using pip version 10.0.1, however version 21.0.1 is available
09680  robotframework-ride无法启动解决办法
09688  win 10 运行 cqlsh 报错 File "xxxx\cqlsh.py" line 146 expcet importError e
09700  关于AttributeError: module 'tensorflow' has no attribute '**'报错问题的解决，以GradientTape为例
09706  No module named virtualenvwrapper 虚拟环境报错
09720  探测域名解析依赖关系（运行问题解决No module named 'DNS'）
09727  【解决方法】ModuleNotFoundError: No module named '_ctypes'
09733  django安装与各种报错
09737  ui自动化测试数据复原遇到的坑——2、python连接informix时pytest报致命错误Windows fatal exception: access violation
09753  win10上的Python3.5+pycharm2018+TensorFlow配置问题
09754  OSError: [Errno 98] Address already in use解决办法
09759  Python学习（25）——异常
09764  安装robotframework-ride及解决AttributeError: No attribute or settings with name 'show_message_log' found的报错问题
09772  安装pyhanlp报错，之解决方案
09775  Python + Django + mysql  创建项目出现的问题 pycharm 中的 Requested setting CACHES, but settings are not configured.
09784  安装chromedriver.exe的报错，pycharm跑起来报错提示
09787  多进程报错
09800  python3.7装wxPython后运行ride报错ex模块报ImportError: DLL load failed: 找不到指定的模块
09805  pycharm在Django项目中连接python console出现的问题。
09814  pip报No module named 'pip'错怎么处理？
09826  Python安装cx_Oracle模块遇到的问题
09835  Selenium click不生效 报错selenium.common.exceptions.InvalidArgumentException
09836  Golang基础——异常处理
09844  windos64位下python3.6安装pywin32的问题
09849  【Python学习】关于python的创建文件夹的路径问题
09853  three.js图片渲染中遇到的问题
09863  ubuntu16.04 python2&3 pip升级后报错：sys.stderr.write(f"ERROR: {exc}")
09864  Openai gym库用Monitor输出视频报错处理
09865  关于Jupyter Notebook无法自动补全（Autocompletion），报错TypeError: __init__() got an unexpected keyword argument 'column' 的解决方案
09867  vscode调试python时提示无法将“conda”项识别为 cmdlet、函数、脚本文件或可运行程序的名称的解决方法
09874  报错本
09891  python基础（八）----异常
09893  常见问题
09899  Jupyter使用anaconda环境的问题
09900  Python 第七章 异常
09902  接口自动化-requests环境安装（import requests模块引用失败问题）
09910  IndentationError: unindent does not match any outer indentation level
09911  （已解决）ERROR: The Python ssl extension was not compiled. Missing the OpenSSL lib
09916  PyCharm：引入自定义包报错及解决办法
09922  MAC电脑运行python并发编程遇到的问题
09933  安装mysqlclient报错
09948  解决centos中部署项目的Redis错误问题以及Django项目中的相关配置
09952  tkinter button command报错missing 1 required positional argument: 'self'已解决
09953  “全国航天宏图杯”常见问题集锦之云开发
09959  petastorm 0.9.8 : 导致OSError: Passed non-file path的其中一个原因及解决方案
09965  ModuleNotFoundError: No module named "DBUtils"
09971  Python安装cx_Oracle模块遇到的问题
09972  Python安装cx_Oracle模块遇到的问题
09977  宿主机访问docker flask报错拒绝连接
09989  Mongo错误记录：MongoClient opened before fork. Create MongoClient 
09992  pyspider all 报错解决方法
09999  【Python报错】RuntimeError: DataLoader worker (pid(s) 9764, 15128) exited unexpectedly
10000  Python报错 ValueError: arrays must all be same length
10001  python 安装 aliyunsdkiotclient 模块报错问题决方案
10002  python talib库安装与报错解决
10003  python关于error: invalid command 'bdist_wheel报错的解决
10004  Python 处理excel文件时遇到报错：AttributeError: module 'win32com.gen_py.00020813-0000-0000-C000-000000000046x0x1x9' has no attribute 'CLSIDToClassMap'
10005  Django+uwsgi+linux 报错： no python application found, check your startup logs for errors ---解决方案
10006  Deeping中使用python连接Oralce报错：Cannot locate a 64-bit Oracle Client library: "./instantclient_21_1/libclntsh.so: file too short"
10007  day07_12 python中的异常处理 与 自定义异常报错
10008  【Python】之pip安装报错问题：WARNING: Retrying (Retry(total=4, connect=None, read=None, redirect=None, status=None)) 
10009  运行EasyDSS前端代码报错Can't find Python executable“python”如何处理？
10010  《利用Python进行数据分析》第二章pivot_table报错问题
10011  Sublime Text3使用SublimeREPL关联Python报错找不到文件
10012  Win10上Python运行报错SyntaxError: (unicode error) 'unicodeescape' codec can't decode bytes in position 2-3: truncated \UXXXXXXXX escape
10013  python + requests发起请求，接口返回400，报错“Unexpected character encountered while parsing value: G. Path”
10014  使用pip 安装python库报错Unknown or unsupported command 'install'
10015  Python_报错：TypeError: Tuple or struct_time argument required
10016  【Python报错】ValueError: If using all scalar values, you must pass an index
10017  python程序中执行sql语句报错：columns = [col_desc[0] for col_desc in cursor.description] TypeError: 'NoneType' object is not iterable 解决方案
10018  python scrapy 报错 raise ValueError(f'Missing scheme in request url: 
10019  python--报错：ModuleNotFoundError: No module named 'examples'(PYTHONPATH设置)
10020  python--报错：陷入死循环，卡死，也不报错，定位方法（lock文件）
10021  运行python报错：Non-UTF-8 code starting with '\xe6' in file
10022  Python 使用 xlrd 读取.xlsx结尾的Excel文件报错  xlrd.biffh.XLRDError: Excel xlsx file; not supported
10023  解决 python安装第三方库太慢，很容易失败报错，line 425，in _error_catcher`
10024  安装python模块是报错Requirement already satisfied: pymysql in c:\python27\lib\site-packages (0.9.2) Requirement already satisfied: cryptography in c:\python27\lib\site-packages (fr om pymysql) (2.3.1)
10025  sql太长的时候，在python执行会出现报错，可以用'''号来解决问题。
10026  python报错：Error running XXX : Cannot run program".....\python.exe"(in directory "项目文件地址")....
10027  pytest cmd下执行报错make sure your test modules/packages have valid Python names.
10028  Python报错pip._vendor.urllib3.exceptions.ReadTimeoutError: HTTPSConnectionPool解决方法
10029  python接口自动化，从excel取param的内容太多，使用eval转换报错'EOL while scanning string literal
10030  在cmd下python模块可以import,而PyCharm仍然报错：ModuleNotFoundError:
10031  python pandas append 或concat报错：pandas.errors.InvalidIndexError: Reindexing only valid with uniquely valued
10032   Python报错：AttributeError（类属性、实例属性）
10033  python--报错：TypeError: cannot unpack non-iterable NoneType object
10034  Python 使用pip安装 tld 报错：Cannot uninstall 'six'
10035  Python读取Excel文件报错
10039  pip安装第三方包ERROR: Could not find a version that satisfies the requirement
10041  安装pymysql报错 TypeError: 'encoding' is an invalid keyword argument for this function
10042  Python报错：pandas.errors.ParserError: Error tokenizing data. 
10045  python+uiautomator2自动化环境中import uiautomator2 as u2报ImportError: DLL load failed while importing _imaging: 找不到指定的模块。问题解决方法
10046  node-sass和sass-loader报错解决方法
10048  pip install xxx报错 Requirement already satisfied: pillow in 
10051  Sublime Text 升级后报错‘kill_previous‘问题解决
10052  报错：UnavailableInvalidChannel: The channel is not accessible or is invalid解决方法
10058  pycharm  解决This application failed to start because no Qt platform plugin could be initialized问题
10059  os.makedirs()遇到的报错解决
10072  Crypto真正正确安装方法 pycryptodome  erro 报错踩大坑记录（原创文章引用注明出处）
10081  ERROR: No matching distribution found for redirect   pip3安装问题
10083  python学习问题记录
10084  Mac终端执行Python脚本报错：ImportError: No module named request
10090  python版本更新升级后第三方库不见了的问题
10091  ValueError_ too many values to unpack (expected 4)错误，小波变换函数 wavedec2 使用时提示的
10097  [Tips]  No module named ipykernel错误
10110  vscode pylint 出现 Module ‘numpy‘ has no ‘__‘ member (no-member)问题解决办法
10111  解决Julia使用PyPlot库出现ERROR: ArgumentError: hasproperty of NULL PyObject问题
10125  Django报错django.utils.datastructures.MultiValueDictKeyError
10127  selenium框架杂七杂八的问题一
10131  python安装wordcloud库出错及其解决办法（使用命令行安装）
10136  crontab中运行python程序出错，提示ImportError: No module named 
10144  在pycharm菜单中使用虚拟环境建立Django项目失败（适用创建虚拟环境失败的情况）
10153  Python 异常处理-Python零基础入门教程
10166  python 多进程代码问题以及用 pyinstaller 打包成exe 问题解决
10168  运行pyzbar时报 Could not find module ‘libzbar-64.dll ‘or one of its dependenci的错误
10174  python3.8+pyinstaller调试正常，打包后运行失败（Module‘puwintypes’isn't in frozen sys.path）
10176  【Azure 应用服务】Python3.7项目在引用pandas 模块后，部署报错 
10184  with open() 报错FileNotFoundError: [Errno 2] No such file or directory
10188  import 问题浅谈-转载
10196  pandas 使用问题记录
10200  异常处理
10204  使用cx_Oracle连接数据库时报错: cx_Oracle.DatabaseError: DPI-1047: Cannot locate a 64-bit Oracle Client library
10206  
10211  python pip安装selenium时报错， ..has requirement websocket-client==0.48.0, but you'll have websocket -client 0.57.0 which is incoopatibale.
10212  Python处理转义字符--HTMLParse安装及相关错误
10213  EasyDSS前端代码运行npm install命令报错如何处理？
10215  PIP install package SSLError
10217  Python编解码问题与文本文件处理
10220  01-异常
10224  pyinstaller打包报错： RecursionError: maximum recursion depth exceeded
10235  python安装以及切换/pip相关问题
10239  Mac下安装MySQL-python-1.2.5问题
10248  关于DJANGO项目配置数据库迁移的一些错误
10252  安装Anaconda和Jupyter的过程和遇到的问题
10259  Django关于数据库的对接，以及自动生成数据表的问题
10264  Mac终端执行Python脚本报错：ssl.SSLCertVerificationError
10265  解决 Python2 报错 LookupError: unknown encoding: cp65001
10266  纠错集锦（不断更新中）
10272  pip安装之权限问题
10275  python入门指南_26-异常
10276  Python学习笔记-异常
10277  vscode开发blender插件(报错could not install ptvsd)
10279  在创建Django子应用时，解决：TypeError: unsupported operand type(s) for /: ‘str‘ and ‘str‘ 的方法
10285  pip-pip3使用问题总结
10291  odoo14通过命令行启动以及报错进不去系统问题解决办法
10297  Flask框架+mySQL数据库：遭遇错误（Can't locate revision identified by ‘xxx’）
10303  npm安装依赖过程中，开始都很正常，最后报这个错： Error: Can't find Python executable "python", you can set the PYTHON env variable
10313  安装superset报错解决方法
10323  Python 文件名与引入包名一致引发错误
10332  安装pip报错Traceback (most recent call last): File "get-pip.py", line 22318, in <module> main()
10340  python  基础问题
10345  python基础--异常处理
10347  docker 实战，部署redis，解决redis版本太老报错问题。
10348  自动化测试无法点击的情况 , 含终极解决方案哦~~
10354   plotly之set_credentials_file问题
10363  MySQL 问题总结
10367  安装npm报错
10368  pytorch runtime error: CUDNN_STATUS_MAPPING_ERROR
10396  python pdfkit 使用 linux上的问题
10406  解决Keras中Embedding层masking与Concatenate层不可调和的问题
10413  解决fitz模块报错
10422  VScode -跨平台编辑器使用-以及升级报错解决
10433  Python/pytorch 切换国内源/AttributeError: module 'torch.jit' has no attribute 'unused'/not a trusted or secure host
10445  自带的 print 函数居然会报错？
10453  程序框架的重要性，以及问题求助-2-上来就写
10456  使用cv2.findContours函数传入参数的数据类型问题
10458  记录下python3下使用mysql8的问题
10470  Python -- 碰到的问题
10471  Python -- 碰到的问题
10475  python模块包调用问题  
10485  解决pycharm中: OSError: [WinError 1455] 页面文件太小，无法完成操作 的问题
10488  RIDE转码问题
10489  【报错记录】Could not load dynamic library 'libnvinfer.so.6'; dlerror: libnvinfer.so.6
10497  python基础问题
10499  Python报错ImportError: No Module Named Typing的解决
10500  python进程 - 调试报错 you are not using fork to start your child processes
10501  Python+selenium常见报错
10502  npm-python报错
10503  python pip 更新失败报错，重装pip
10504  Python Selenium Chromedriver 报错(Passthrough is not supported, GL is disabled)解决方法
10505  pip2  install 'opencv-python<3.4' 老是装不上，报错
10506  heroku 平台部署 python Flask 报错
10507  ansible报错解决python依赖，Ansible普通用户执行命令
10508  【Python】使用smtplib模块发邮件报错“smtplib.SMTPDataError: 554, 5.2.0”
10509  Python学习笔记：sklearn.externals.joblib导入报错cannot import name 'joblib'
10510  python 窗口被关闭报错
10511  RIDE导入python自定义关键字报错红色
10512  Python启动器Py报错：Can't find a default Python
10513  人工智能——python使用py2neo连接neo4j报错——ValueError: The following settings are not supported: {'username': 'neo4j'}的解决办法
10514  笨方法学python习题ex13.py运行报错，提示ValueError: not enough values to unpack (expected 4, got 1) 
10515  Python安装第三方模块jupyter报错：“Connection to pypi.org time out. (connect timeout=15):/simple”
10516  解决Python flask运行报错：UnicodeDecodeError: 'utf-8' codec can't decode byte 0xd2 in position 0: invalid continuation byte
10517  python相对导入报错的解决方法
10518  node-sass  安装报错，提示缺少python
10519  《利用Python进行数据分析》第二章pivot_table报错问题
10520  cv2读取图片报错cv2.error: OpenCV(3.4.2)c:\projects\opencv-python\opencv\modules\imgproc\src\color.hpp:253: error:
10521  Python TensorFlow 报错'tensorflow.compat.v2.__internal__' has no attribute 'tf2'解决方法
10522  Python TensorFlow 报错'tensorflow.compat.v2.__internal__' has no attribute 'tf2'解决方法
10523  解决Python运行报错：UnicodeDecodeError: 'gbk' codec can't decode byte 0xb0 in position 166: illegal multibyte sequence
10524  python 报错"UnicodeDecodeError: 'utf-8' codec can't decode byte"的解决办法
10525  python opencv cv2打开中文路径图片报错：cv2.error: OpenCV(4.5.1) ..\modules\imgproc\src\color.cpp:182: error
10526  Python from flask_restful 报错(cannot import name '_endpoint_from_view_func')解决方法
10527  Python中使用pytesseract(tesseract OCR)报错(TesseractNotFoundError)解决方法
10528  Python flask flask_script 报错：ModuleNotFoundError: No module named 'flask._compat'解决方法
10529  python list转换字符串报错TypeError: sequence item 0: expected str instance, int found
10530  Python安装第三方库报错check_hostname requires server_hostname
10531  
10532  
10533  Django项目版本错误运行报错no python application found, check your startup logs for errors
10534  python把excel中的字符串带有null，通过eval转换成字典报错问题解决方法
10535  python读取配置文件报错提示ConfigParser.NoSectionError: No section: 'Mysql'
10536  Python celery 在Windows上运行报错(ModuleNotFoundError: No module named 'grp')解决方法
10537  Python pandas read_excel 读取xlsx文件报错:xlrd.biffh.XLRDError not supported 解决方法
10538  Python import pandas_datareader报错(ImportError cannot import name 'is_list_like')
10539  python 使用paramiko，ssh 报错ConnectionResetError: [Errno 104] Connection reset by peer
10540  Python 安装pandas报错:ValueError: check_hostname requires server_hostname解决方法
10541  Python Tensorflow 报错 ImportError: cannot import name '_validate_lengths' 解决方法
10542  python安装命令行自动补全报错doule free or corruption
10543  python使用beautifulsoup报错You're probably treating a list of items like a single item. Did you call find_all() when you meant to call find()?
10544  pm2启动django报错：python: can't find '__main__' module in XXX
10545  ModuleNotFoundError: No module named 'xxx'可能的解决方案大全
10546  python list转换字符串报错  TypeError: sequence item 0: expected str instance, int found
10547  python接口自动化部署在linux系统上，报错：Caused by SSLError("Can’t connect to HTTPS URL because the SSL module is not available)
10548  python，数据库, falsk shell 创建数据库对象报错 : TypeError: User() takes no arguments
10556  OMP: Error #15: Initializing libiomp5md.dll, but found libiomp5md.dll already initialized问题解决
10557  mumpy，h5py和tensorflow版本不匹配导致报错
10566  解决导包报错：ModuleNotFoundError，ImportError
10567  Python: PyCharm中导入matplotlib时报错:“Backend Qt5Agg is interactive backend”的解决方案
10571  python py文件名称不能和库名称一样，否则报错module 'requests' has no attribute 'post'
10574  Opencv-GPU 编译错误 CUDA_nppicom_LIBRARY (ADVANCED) 未定义
10576  VSCode配置python环境以及中文问题
10579  windows安装uwsgi报错 AttributeError: module 'os' has no attribute 'uname'
10587  关于try,finally的使用，以及对Python错误的一些理解。
10588  今日排错---开发者平台加签pthon报错修复
10589  Python3.9安装PySpider步骤及问题解决
10593  pip版本过低无法升级问题
10596  ValueError: check_hostname requires server_hostname
10598  centOS 使用lxml.etree 模块报错 ImportError: cannot import name etree
10599  autosub报错ffmpeg: Executable not found on machine.
10600  ModuleNotFoundError: No module named '_pytest.resultlog'
10605  遇到问题–python–pytest引用模块错误（pytest使用的环境与python运行的环境不一致）
10610  python升级后无法安装mysql-utilities-1.6.5
10615  ImportError: Couldn't import Django. Are you sure it's installed and available解决
10623  python忽略warning告警信息
10624  python忽略warning告警信息
10628  修改文件名后，pip命令报错：Fatal error in launcher: Unable to create process using
10631  pip总是报Segmentation fault (core dumped)的问题（安装python新版本3.9.6后）
10652  下拉代码后安装依赖，最后出现：Error: Can't find Python executable "python", you can set the PYTHON env variable.
10665  Python基础之九（模块导入、路径处理、异常）
10666  关于try,finally的使用，以及对Python错误的一些理解。
10667  【Python】cx_Oracle 模块 _ 安装失败问题排查
10677  centos7安装python3 (configure: error: no acceptable C compiler found in $PATH)
10683  安装PIP时报错解决方法
10684  numpy安装及问题记录
10687  ida findcrypt报错yara.libyara_wrapper.YaraSyntaxError
10690  pycharm中报错：Error: failed to send plot to http://127.0.0.1:63342
10692  升级pip之后出现sys.stderr.write(f“ERROR: {exc}“)
10700  python关于多级包之间的引用问题
10708  json格式化response报警json.decoder.JSONDecodeError: Expecting value: line 1 column 1 (char 0)
10715  Python报错：AttributeError
10724  下拉代码后安装依赖，最后出现：Error: Can't find Python executable "python", you can set the PYTHON env variable.
10732  CentOS 7下pip安装mysqlclient报错的解决方法
10737  pip install 错误
10744  报错Error: Sorted input specified, but the file file.bedgraph has the following out of order record解决方案
10750  celery定时任务启动报错
10753  Python3 基础语法最常⻅报错类型&示意
10762  面对对象4 Mixins机制 内置方法 反射 异常
10785  qtaf dick 报错 NameError: name 'dict_values' is not defined 
10787  Command "python setup.py egg_info" failed with error code 1 in /tmp/pip-build-*解决办法
10788  File "/bin/yum", line 30  except KeyboardInterrupt, e: SyntaxError: invalid syntax  报错的解决
10795  ArgumentError("subject table for an INSERT, UPDATE or DELETE expected, got Column('id', Integer(), table=<user>, primary_key=True, nullable=False)."
10805  渗透测试常用工具问题总结
10819  常见PyCharm报错
10820  ImportError: libXext.so.6: cannot open shared object file: No such file or directory
10840  windows10, python3, pip 报错
10865  开发环境设置中的小问题--环境变量的顺序
10871  Python 杂记(3) import _ssl | ImportError: DLL load failed: 找不到指定的模块
10878  supervisor常见报错
10880  Ubuntu18.04搭建Django+nginx上线环境问题解决
10891  Python+Selenium | ChromeDriver版本错误之升级驱动，及禁止浏览器自动更新
10896  Python pandas merge不能根据列名合并两个数据框（Key Error）？
10916  pip安装mysqlclient报错记录
10919  python3.9 manage.py runserver 报错问题解决
10937  python封装上传图片方法执行时有告警【ResourceWarning: Enable tracemalloc to get the object allocation traceback5】
10944  ansible报错Aborting, target uses selinux but python bindings (libselinux-python) aren't installed
10954  解决Cannot open D:\anaconda\Scripts\pip-script.py问题
10964  pip安装Frida-tools报错(ssl)urlopen error解决办法
10968  第四章 Airflow-2.1.0安装常见报错
10974  Django 接收到body后 json.loads() 报编码错误 且在报错之前打印body为空
10982  node-sass安装失败之npm ERR! Failed at the node-sass@4.9.4 postinstall script.
10988  执行npm install命令出错问题
10999  python pandas报错: ImportError: Unable to import required dependencies:numpy :Importing the numpy C-extensions failed.
11000  python文件运行报错：Error: Please select a valid Python interpreter
11001  第一次打开pycharm运行python文件报错”No Python interpreter selected“问题的解决办法
11002  pycharm 报错Connection to Python debugger failed socket closed
11003  解决python报错：ModuleNotFoundError: No module named '_sysconfigdata_x86_64_conda_linux_gnu'
11004  python 3.9调 用 xlrd 1.2.0 报错 AttributeError: 'ElementTree' object has no attribute 'getiterator'
11005  关于python中类的相关说明，类名直接调用方法会报错
11006  Python在Linux下编译安装报错：Makefile:1141:install
11007  Python selenium 报错 element is not attached to the page document
11008  [Node]报错：gyp verb check python checking for Python executable "python2" in the PATH
11009  Python Keras 报错AttributeError: 'Sequential' object has no attribute 'predict_classes'解决方法
11010  vue项目node-scss装不上问题（ vue执行npm install报错： Can‘t find Python executable “python“, you can set the PYTHON env variable
11011  【Python】之Mac使用图片识别pytesseract方法报错
11012  vue项目安装依赖报错没有python
11013  pycharm下可以运行python项目，Linux命令行下报错无法导包，且sys.path.appen()添加环境变量无效
11014  mac环境，python+selenium环境搭建，解决chromedriver报错问题
11015  
11016  
11017  Python：CentOS发送邮件失败，并且没有任何报错信息
11018  Python打包exe运行后ConfigParser报错的处理方法
11019  解决Python web框架（如Flask）与vue渲染变量的冲突（冲突会导致vue渲染报错，网页无法显示）
11020  python报错：TypeError: 'NoneType' object is not callable
11021  python 安装模块报错 response.py", line 302, in _error_catcher
11022  Python 常见问题 - pip install 指定 poetry 导出的 requirements.txt，报错 ERROR: In --require-hashes mode, all requirements must have their versions pinned with ==. These do not:     cffi>=1.1 from https://.....
11023  dockerfile制作python项目镜像时，pip下载报错
11024  （MAC）selenium python导入PIL的Image/ImageEnhance报错（主要用于登录验证码识别）
11025  python pillow库, 图片处理，把png图片处理后保存jpg报错
11026  Python使用pymysql模块插入数据报错
11027  python duckling报错: FileNotFoundError: [Errno 2] No such file or directory: '/usr/lib/jvm'
11028  安装pip install pymysql碰到的问题，升级pip报错：Command "python setup.py egg_info" failed with error code 1 in /tmp/pip-build-vZoYWX/pip/
11029  【pycharm】Python pip升级及升级失败解决方案，报错：You are using pip version 10.0.1, however version 21.3.1 is available. You should consider upgrading via the 'python -m pip install --upgrade pip' command.
11030  Python_报错：SyntaxError: unexpected character after line continuation character
11031  运行openai的gym代码报错提示import pyglet，安装后依然报错：ImportError: sys.meta_path is None, Python is likely shutting down
11032  python 报错：SyntaxError: EOL while scanning string literal
11033  python打包exe报错：Fatal error: PyInstaller does not include a pre-compiled bootloader for your platform.
11034  Python pip安装报错timeout的解决 pip添加国内镜像源
11035  Python Pytube报错urllib.error.HTTPError: HTTP Error 410: Gone解决方法
11037  Python 使用Poetry安装sqlalchemy报错AttributeError解决方法
11038  Python报错：TypeError: string argument without an encoding
11039  Python selenium 报错:Google Chrome cannot read and write to its data directory : selenium解决方法
11040  Python selenium 报错:Google Chrome cannot read and write to its data directory : selenium解决方法
11041  Python pip install报错SSLError(SSLCertVerificationError(1, ‘[SSL: CERTIFICATE_VERIFY_FAILED]
11042  python 报错为ModuleNotFoundError: No module named 'tkinter'
11043  Python出现循环调用的报错，最好的解决办法
11044  npm run build 报错  找不到python 2.0 版本
11045  python duckling报错: from .duckling import Duckling ImportError: numpy.core.multiarray failed to import
11046  python导出项目使用的所有依赖包（requirements.txt）以及报错处理
11047  Python中使用Opencv报错 error: (-215:Assertion failed) !_src.empty() in function ‘cv::cvtColor‘
11048  Python 报错 TypeError: a bytes-like object is required, not 'str' 的一种场景 解决方法
11049  解决python3安装库报use_2to3 is invalid的错误
11050  （mac）selenium+python 导入pytesseract报错ModuleNotFoundError: No module named 'pytesseract'
11052  Python读取xls文件报错：raise XLRDError(FILE_FORMAT_DESCRIPTIONS[file_format]+‘； not supported‘)
11053  python运行的时候报错line 192, in _run_module_as_main return _run_code(code, main_globals, None 解决方案
11056  npm install 安装时出现node-gyp rebuild报错
11057  使用A卡（AMD Radeon RX470）进行机器学习的失败经历
11058  报错ModuleNotFoundError: No module named 'cv2.cv2'的原因
11060  Error: Command '['/bin/python3', '-Im', 'ensurepip', '--upgrade', '--default-pip']' returned non-zero exit status 1. 
11063  pip install  selenium报错解决方法
11068  Macbook m1 with conda-forge安装package报错和解决
11069  安装了openpyxl可还是报错：ModuleNotFoundError: No module named 'openpyxl'
11070  Failed building wheel for wordcloud（window安装pip install wordcloud报错）
11073  在命令行中输入python会跳转到商店问题解决，python环境变量的配置
11074  windows10 安装 node 16 解决node-sass node-gyp报错
11075  使用--ignore-scripts解决npm/yarn安装依赖失败问题
11079  win10安装node-red遇到的问题及解决方法
11080  flask使用中遇到的问题与解决方案
11086  【转】flask-socketio的版本问题
11091   Linux学习32 - _mysql.c:32:20: fatal error: Python.h: No such file or directory 问题解决
11098  解决 node-gyp 错误问题
11099  pyinstaller打包项目报错总结
11100  pip install keras_常用基本pip命令及报错问题解决（不断更新）
11102  安装python和pycharm，以及常见安装问题
11106  Python错误——AttributeError: 'backports.zoneinfo.ZoneInfo' object has no attribute 'localize'
11110  CentOS7 编译安装python 3.9.6 时报错 Could not import runpy module 解决方案
11122  python3 修改字符串 错误 'str' object does not support item assignment 解决方法
11131  Python+PyQt5项目打包的可执行文件无法加载图片资源
11132  python相对导入常见问题和解决方案
11135  libpng warning iCCP 错误处理方法
11138  （mac）无法打开“chromedriver”，因为无法验证开发者
11139  ImportError: Couldn't import Django.
11151  Django——启动项目时报错mysqlclient
11161  python3安装crypto出错，及解决方法
11166  python异常处理try
11181  FastAPI（12）- 重名 Pydantic Model 会导致 OpenAPI 报错
11188  appium遇到定位元素不能输入的情况，selenium.common.exceptions.InvalidElementStateException: Message: Cannot set the element to '111111'. Did you interact with the correct element?【已解决】
11190  python-mysql/mysqlclient安装问题
11193  【Python】py文件中包含中文，提示：SyntaxError: Non-UTF-8 code starting with '\xd6' in file
11199  Python无法导入Cython的.pyx文件
11200  【peewee】Python使用peewee时where中不同类型比较的问题
11201  Anaconda 01_安装问题
11202  Python3报错：ModuleNotFoundError: No module named '_bz2'
11205  启动salt-master服务报错ImportError: cannot import name EscapeFormatter
11219  PostgreSQL 插入数据报错：column "xxx" does not exist 解决方法
11220  PostgreSQL 插入数据报错：column "xxx" does not exist 解决方法
11223  pip升级失败--ModuleNotFoundError: No module named 'pip'
11227  Python 常见问题 - 使用 poetry build 打包构建失败，报   ModuleOrPackageNotFound    No file/folder found for package filesystemfastapi
11237  ParaCloud超算平台使用命令及常见问题汇总
11240  apktool回编译报错
11241  【PyQt5】Python使用QWebEngineView时报错Uncaught ReferenceError的解决
11248  Appium问题及解决(3)：android sdk版本与手机版本不兼容出现的报错问题
11249  【Python基础】IndentationError: unexpected indent
11253  Python文件处理、异常处理、finally、with、装饰器、可迭代器、正则表达式
11256  uncompyle6 python3.9 报错
11258   python测试开发django-118.json 解析查询数据库 datetime 格式问题
11265  requests进行网络内容获取，报错UnicodeEncodeError: 'latin-1' codec can't encode characters in position 0-1: ordinal not in range(256)（解决方法，亲测有效）
11268   MonkeyPatchWarning
11269  Python测试框架pytest（19）插件 - 元数据、可选择URL地址、实时输出错误信息、失败重试
11306  Python: 当程序异常时候自动发送邮件
11312  centos7 安装mysqlclient报错问题
11332  python安装easyinstall/pip出错
11333  PipeCAD - 异常处理
11335  SSE手肘法确认kmeans的k值——Python实现过程中的问题
11347  Python3 升级pip 报错AttributeError: 'NoneType' object has no attribute 'bytes'解决方法
11354  图像处理常见问题笔记
11359  Python 异常处理
11368  关于使用cx_oracle遇到的问题
11377  CloudCompare 导出 ply格式点云导致的 UnicodeDecodeError: 'ascii' codec can't decode 
11379  TSINGSEE青犀视频行人检测功能分割数组报错panic: runtime error问题排查
11380  【自动测试不求人】每日1例-无人值守自动化测试异常处理
11401  安装HDP集群过程中的报错
11409  Pycharms  出现错误NameError: name 'raw_input' is not defined
11416  解决fake_useragent模块使用中报错Maximum amount of retries reached
11437  Linux----切换python版本（ln: failed to create symbolic link ‘/usr/bin/python’: File exists）
11459  python3安装pandas模块报错解决办法
11461  Linux 16.04.1-Ubuntu 安装 Python3 + openAi Gym 以及错误解决
11467  ValueError: too many file descriptors in select()
11468  MongoDB_6：4种方法解决MongoDB游标超时的问题（转载）
11476  ROS 机器视觉章节学习遇到的问题汇总：usb摄像头连接、文件不可excutable导致launch不能执行、Tensorflow安装和解决版本不一致文件升级问题
11479  [MERFISH报错合集]Error 1 找不到libgrid.dylib 
11486  TSINGSEE青犀视频景区行人检测程序数据库出错的排查及解决
11489  运行electron-builder-install-app-deps-卡住不动的问题解决
11499  Python-Django报错合集
11500  python https请求——SSL报错
11501  安装python第三方库fire报错
11502  python，私有属性运行报错； object has no attribute
11503  python 手动装包报错：error: can't create or remove files in install directory
11504  yarn安装模块报错：check python checking for Python executable "python2" in the PATH
11505  python之第三方模块安装&报错&解决方案
11506  python——AudioSegment  读取mp3文件报错：Python AudioSegment winError 2 The system cannot find the file specified（winError2 找不到系统文件---已解决！！！！
11507  python 关于request模块post方法上传文件报错"the request was rejected because no multipart boundary was found"
11508  Python-pipe报错合集
11509  解决报错/usr/bin/env: ‘python’: No such file or directory
11510  Python报错 “UnicodeDecodeError: ‘gb2312’ codec can’t decode byte 0xa4 in position… : illegal multibyte sequence”
11511  【转】python setup.py install 报错：error:[WinError 3]系统找不到指定的路径: 'C:\\Program Files (x86)\\Microsoft Visual Studio 14.0\\VC\\PlatformSDK\\lib
11512  python使用request封装请求，请求报错requests.exceptions.ReadTimeout: HTTPSConnectionPool（xxxx）
11514  在vscode使用相对路径的python报错
11515  解决python多版本环境下pip报错Fatal error in launcher: Unable to create process using问题
11516  Python报错：TypeError: 'dict_keys' object does not support indexing（机器学习实战treePlotter代码）解决方案
11517  python request 报错ConnectionRefusedError: [Errno 111] Connection refused
11518  python 运行 import cv2 报错 Illegal instruction (core dumped) 解决办法
11519  deepstream-python-app报错记录
11520  pip3 install Appium Appium-python-client 安装报错：
11521  Python使用urllib包请求https报错
11522  Python报错：AttributeError: type object 'str' has no attribute '_name_'（机器学习实战treePlotter代码）解决方案
11523  python  报错  pip安装三方库不成功:WARNING: You are using pip version 20.2.3; however, version 20.2.4 is available
11524  python连接Oracle报错DPI-1047
11525  python轻松入门——爬取豆瓣Top250时出现403报错
11526  PYthon-报错合集
11527  Python 3.10 Ubuntu上pip install报错ImportError: cannot import name 'html5lib'解决方法
11528  python可正常使用，pip报错Fatal error in launcher: Unable to create process using
11529  Python 解决pip安装报错 There was a problem confirming the ssl certificate
11530  python操作kafka报错：return '<SimpleProducer batch=%s>' % self.async
11531  【Python】解决skimage引用报错问题
11532  64位Python调用32位Oracle客户端报错 cx_Oracle.DatabaseError: DPI-1047
11533  python小程序-表中查询一个字段，该字段是个sql1，需要循环验证表1中的每一个sql1执行是否报错，报错则打印表中的序号和sql
11534  python 插入mysql数据库字符串中含有单引号或双引号报错
11535  python：pip install 报错： Microsoft Visual C++ 9.0 is required  解决方案
11536  Python常见问题 - 报错 cryptography is required for sha256_password or caching_sha2_password
11537  python TypeError: can only concatenate list (not "range") to list报错解决
11538  Python pip install报错:setup command: use_2to3 is invalid解决方法
11539  Python -- 安装虚拟环境报错：returned non-zero exit status 1
11540  Python常见报错
11541  python安装pip报错：zipimport.ZipImportError: can't decompress data; zlib not available
11542  Python 报错 ModuleNotFoundError : No Module named 'pip._internal'
11544  <' not supported between instances of 'str' and 'int' python报错问题解决
11545  <' not supported between instances of 'str' and 'int' python报错问题解决
11546  Python poetry install报错.whl files are not found的解决方法
11547  Python django jwt 报错 unexpected keyword argument 'verify'解决方法
11548  Python pip报错use_2to3 is invalid问题解决
11549  python中使用xlrd读取excel文件报错
11550  005.python-anaconda报错没有pymysql .pip install 安装 jupyter仍然报错
11551  python 安装eccodes后报错 该怎么处理？
11552  python（django启动报错，之编码问题）UnicodeDecodeError: 'utf-8' codec can't decode byte 0xb2 in position 0: invalid start byte
11555  python连接postgreSQL时安装psycopg2报错解决
11556  【Python】 执行代码时 添加中文数字报错 Non-UTF-8
11563  visual studio code的python编程中遇到的SyntaxError:invalid syntax问题的原因和解决办法
11564  python第三方库xlrd不支持读取.xlsx格式的Excel文件的问题详解
11568  Python基础入门（7）- Python异常处理机制
11571  解决Tensorflow ValueError: Failed to convert a NumPy array to a Tensor (Unsupported object type numpy.ndarray) 
11579  pymysql.err.OperationalError: (1054, "Unknown column 'aa' in 'field list'")(已解决）
11583  18Django-raise TypeError(f'Object of type {o.__class__.__name__} ' TypeError: Object of type UserProfile is not JSON serializable
11586  numpy.core._exceptions.UFuncTypeError: ufunc 'subtract' did not contain a loop with signature matching types (dtype('<U1'), dtype('float64')) -> None
11587  配置python环境中遇到的一些问题
11588  执行yum报错：“-bash: /usr/bin/yum: /usr/bin/python3.7: bad interpreter: No such file or directory ”的解决方案
11595  Anaconda使用报错解决办法
11598  错误解决：ModuleNotFoundError: No module named 'keras_contrib'
11605  Python迭代器和异常处理
11607  Python OSError: [Errno 22] Invalid argument:的出现和解决
11615  ERROR: Command errored out with exit status 1:安装pip3 install --user pyecharts==0.5.11失败问题总结
11617  PYTHONPATH在vscode和pycahrm的区别？为什么有的代码在vscode导入报错，pycahrm正常?精通PYTHONPATH作用真的很重要
11619  linux zbar 编译报错解决记录/usr/include/x86_64-linux-gnu/bits/stdio2.h:143:1: error: expected identifie....
11621  Python之文件操作和异常处理
11631  解决matplotlib在MAC系统下中文字体显示问题报错：Font family [‘sans-serif‘] not found.Falling back to DejaVu Sans.
11633  Python lxml安装失败以及解决方法
11645  centos 7.6 安装ansible报错 ImportError: No module named _conf
11647  python import导入失败 相对路径 绝对路径
11653  亲测解决OSError: [E050] Can‘t find model ‘de‘. It doesn‘t seem to be a shortcut link
11656  
11658  运行二进制分析框架Genius    配置IDA6.8+python2.7+idapython   使用命令行执行idapython脚本   idapython传参问题的解决    No module named _idaapi
11664  记录Ubuntu报错:qt.qpa.plugin: Could not load the Qt platform plugin "xcb" in "/usr/local/lib/python3.6/dist-packages/cv2/qt/plugins" even though it was found
11667  pytorch网络转libtorch常见问题
11671  常见Python问题及解决办法
11677  pandas.read_csv() 报错 OSError: Initializing from file failed
11679   python通过get-pip.py 安装pip时报错 zipimport.ZipImportError: can‘t decompress data; zlib not availabl
11685  python 通过get-pip.py 安装 pip时报错 ERROR: No matching distribution found for pip
11686  安装python 以及遇到的问题
11688  如何解决无法用alert类处理的弹出框
11689  python小白记录三——pycharm+selenium搭建环境之 no module named 'selenium'异常解决
11692  Python OSError: Could not find lib geos_c.dll or load any of its variants
11694  ModuleNotFoundError: No module named '_brotli' 解决方法参考
11696  windows7 安装python pip问题汇总记录
11698  模块-自定义模块导入的相关问题
11700  swig 封装 c++ 遇到问题合集
11702  Apache24无法加载mod_wsgi及moment（）前端不显时间的问题处理
11703  python异常处理
11704  python异常处理
11710  python - 异常捕获
11712  报错Microsoft Visual C++ 14.0 or greater 
11714  Django: sqlite的版本问题小记 “SQLite 3.8.3 or later”
11722  Django报错 - no such table: main.auth_user__old
11727  Django 模型迁移小错误
11736  macOS M1 下pip install安装.whl报错“is not a supported wheel on this platform.
11758  迭代器+异常
11760  appium:报错Message: Message: Parameters were incorrect. We wanted {"required":["value"]}
11761  线上业务django-uwsgi启动的服务日志错乱缺失
11762  MySQL error 是哪里来的
11766  改错的
11767  解决python爬虫requests.exceptions.SSLError: HTTPSConnectionPool(host='XXX', port=443)问题
11774  安装flask-mysqldb报错解决办法
11791  常用内置函数,可迭代对象，迭代器对象，for循环本质，异常捕获
11792  安装好ROS之后 运行roscore报错Command 'roscore' not found
11794  ModuleNotFoundError: No module named 'xlutils.copy'; 'xlutils' is not a package
11796  django.db.utils.ProgrammingError: (1146, u"Table''  xxx doesn't exist")解决办法
11811  关于异常捕获
11816  pyinstaller报错SyntaxError: 'yield' inside async function 以及pyinstaller安装不了问题
11820  异常处理
11823  24. 异常处理
11825  32Django定义一个中间件将程序异常发送到指定邮箱
11841  zabbix使用中出现的问题合集
11842  解决ImportError: DLL load failed while importing mtrand: 找不到指定的程序。
11853  VUE 安装node-sass 报错
11868  SSH远程执行Python3 Error: UnicodeEncodeError: 'ascii' codec
11887  TypeError: 'Collection' object is not callable. If you meant to call the 'authenticate' method on a 'Database' object it is failing because no such method exists.
11888  Zabbix部署中出现的问题合集
11889  异常捕获
11891  rosrun import rospy报错
11897   第八章  (小知识)异常捕获
11898  初识python 之 ImportError: No module named _ssl
11905  21Django-AttributeError: 'QuerySet' object has no attribute 'id'
11913  Python 3.X环境下搭建Robot Framework过程及问题汇总
11917  迭代器与异常捕获
11922  爬虫，用协程下载图片中TypeError: a bytes-like object is required, not 'coroutine'
11934  esp32-idf编译错误问题集合及解决方法
11935  tensorboard报错
11937  
11945  可迭代对象 for循环的本质  异常捕获 生成器对象
11953  使用requests爬虫遇到的一个奇葩的问题：UnicodeEncodeError: 'latin-1' codec can't encode character
11960  MacOS升级到Monterey后python SSL握手失败问题
11961  python编辑ASNI编码的.b3dm文件遇到的问题
11979  appium报错Message: Cannot set the element to ‘XXXX’. Did you interact with the correct element?
11984  vue+Django项目-浏览器报跨域错误Access-Control-Allow-Origin
11987  宏基因组分箱软件metaWRAP报错记录与解决方法
11988  面向过程编程，模块的使用，循环导入问题，模块导入顺序
11999  Python 常见报错类型整理（一）
12000  Python程序报错不要慌
12001  python装库报错解决
12002  Python 装饰器填坑指南 | 最常见的报错信息、原因和解决方案
12003  python  安装tensorflow 以及遇到的问题，cuda报错等
12004  Python报错
12005  【Python】django-redis ValueError: unsupported pickle protocol: 5 报错原因
12006  jenkins 构建python 程序报错：ModuleNotFoundError: No module named 'htmltestreport'
12007  python使用中常见报错
12008  (转) python导入模块报错：ImportError: No module named mysql.connector(安装 mysql)
12009  python 使用pip报错
12010  Python TensorFlow报错ImportError: cannot import name 'BatchNormalization'解决方法
12011  python wss请求报错[SSL: CERTIFICATE_VERIFY_FAILED]的解决方法
12012  Python conda 安装更新spyder=5.1.5报错的解决方法
12013  解决python 导入selenium 库后自动化运行成功但是报错问题
12014  Python报错：TypeError: 'type' object is not subscriptable   
12015  Python报错：SyntaxError: (unicode error) 'utf-8' codec can't decode byte 0xd6 in position 17: invalid continuation byte
12016  django-admin报错ImportError: cannot import name 'Iterator' from 'collections' (C:\Users\admin\AppData\Local\Programs\Python\Python310\lib\collections\__init__.py)
12017  python pivot报错---和excel的pivot对比
12018  Python创建虚拟环境 & VSCode 执行虚拟环境命令报错 的解决办法
12019  python使用MATLAB报错OSError: MATLAB Engine for Python supports Python version 2.7, 3.4, 3.5 and3.6，but your version of python is 3.8
12020  Python request请求报错：certificate verify failed:self signed certificate in certificate chain(_ssl.c:1076)
12021  Command "python setup.py egg_info" failed with error code 1 in /tmp/pip-build-6kprz019/cryptography/【pip装包报错】
12022  PYTHON运行Selenium报错:NameError: name 'By' is not defined
12023  4.python向Oracle写入数据报错Ora-01036
12024  Python安装包报错：PackagesNotFoundError: The following packages are not available from current channels
12025  python项目报错 ERROR: 'gbk' codec can't decode byte 0xa1 in position 82: illegal multibyte sequence
12026  Python报错：TypeError: '<' not supported between instances of 'list' and 'int' （“<”在'list' 和 'int' 的实例之间不支持）
12027  python安装mysqlclient报错的解决办法
12028  Python,  字符转换整数报错
12030  import torchvision报错：UserWarning: Failed to load image Python extension: Could not find module
12033  【jenkins】安装python依赖报错，Defaulting to user installation because normal site-packages is not writeable
12034  python参数顺序报错TypeError: unsupported operand type(s) for +: 'dict' and 'str'
12036  Python：SyntaxError：(unicode error) 'unicodeescape' codec can't decode bytes in pos
12038  【django】报错解决：编码问题导致项目无法被访问（500）
12039  ImportError: ERROR: recursion is detected during loading of "cv2" binary extensions. Check OpenCV installation.
12043  pytest断言 pytest使用xfail处理失败
12044  RuntimeError: generator raised StopIteration
12049  更新pip时候报错
12053  Vue项目安装环境遇到的问题（npm install安装遇到的问题汇总）
12056  大爽Python入门教程 7-5 异常处理 try ... except Exception
12057  FastAPI（12）- 重名 Pydantic Model 会导致 OpenAPI 报错
12058  完美解决Ubuntu使用pandas报ModuleNotFoundError: No module named '_bz2'
12059  Python 导入包失败，提示“most likely due to a circular import”
12068  图解python | 错误与异常处理
12070  安装bedtools报错 fatal error: lzma.h: No such file or directory
12073  python面试常见问题解答
12082  pyinstaller打包出现ImportError: OpenCV loader: missing configuration file: [‘config.py‘]
12091  pytorch dataloader num_workers堵塞、卡死解决方法（对我来说本质原因是OSError: [WinError 1455] 页面文件太小，无法完成操作）
12092  python_异常处理（try except）
12096  为MinGW配置Python - 解决问题 error: Microsoft Visual C++ 14.0 is required 和 ValueError: Unknown MS Compiler version
12098  关于node.js  node-sass  sass-loader版本适配问题
12110  execjs执行js编码错误的解决方法（UnicodeDecodeError: ‘gbk‘ codec can‘t decode byte 0xad in position 20: illegal ）
12138  RuntimeError: The current Numpy installation
12142  UI自动化之 python2.7 升级到python3.6 module 'sys' has no attrbute 'setdefaultencoiding'报错
12161  xadmin运行报错：ImportError: cannot import name 'DEFAULT_FORMATS' from 'import_export.admin' (/home/lijun/app/hippo/hippo_api/venv/lib/python3.8/site-packages/import_export/admin.py)
12164  python错误与异常
12167  Command "python setup.py egg_info" failed with error code 1 in /tmp/pip-build-*解决办法
12168  python pyside pyqt reload TypeError: super(type, obj): obj must be an instance or subtype of type
12177  Mysql爬取数据时，未转义报错
12181  【记】Windows下pip安装步骤、使用以及遇到的问题
12185  m1版mac搭建python环境，在使用Weasyprint时报依赖库错误（安装时正常，执行时报错）
12187  Shell 函数带中横线问题排查
12192  『无为则无心』Python函数 — 38、Python中的异常
12195  Docker导入容器快照，执行报错：docker: Error response from daemon: No command specified.
12196  解决python无法打开谷歌浏览器问题
12198  【记录】macOS下解决Anaconda安装决策树可视化工具graphviz的一些问题
12208  小Mi的MindSpore安装经验之环境依赖常见问题及解决办法
12209  pip升级报错 ValueError: Unable to find resource t64.exe in package pip._vendor.distlib 
12222  解决python3安装库报use_2to3 is invalid的错误
12225  python安装jsonpath报错找不到jsonpath
12233  安装flask-mysqldb时报错
12235  pandas解析MovieLens 1M数据集报错 UnicodeDecodeError
12243  Python两处容易理解错误的设计
12257  django.core.exceptions.ImproperlyConfigured: SQLite 3.8.3 or later is required (found 3.7.17).
12261  Python 语言-第二章流程控制结构加餐之异常处理
12267  stanfordcorenlp处理中文含有 % 时报错解决
12274  Centos7friewalld报错Failed to start firewalld - dynamic firewall daemon
12287  python3 urllib 访问HTTPS网站的出错解决办法
12288  『无为则无心』Python函数 — 39、Python中异常的传播
12291  2、网络并发编程--套接字编程、黏包问题、struct模块、制作简易报头、上传文件数据
12302  tensorflow安装无法导入
12312  华为云windows server 2008 迁机遇到字符串问题
12317  接口自动化中，入参为json格式报错：requests.exceptions.JSONDecodeError: [Errno Extra data] {"errors":{"":["Unexpected character encountered while parsing value: U. Path '', line 0, position 0."]}
12320  Django报错TypeError join() argument must be str or bytes, not 'dict'如何解决？
12323  记录一下PaddleDetection的2.3版本跑静态图的问题
12338  『无为则无心』Python函数 — 40、Python自定义异常
12341  解决pip版本过低导致插件安装不上的问题
12347  Object of type 'datetime' is not JSON serializable问题解决
12357  谷歌版本号报错Message: session not created: This version of ChromeDriver only supports Chrome version 95
12362  vscode的常见问题解决
12363  
12364  Traceback (most recent call last)错误
12365  解决pip更新后的异常:No module named 'pip'
12368  python3 安装 mysqlclient 报错解决【mac】
12369  Flask程序运行报错signal only works in main thread
12408  appium+python进行app测试安装遇到的问题
12409  eslint遇到的报错
12413  20220207遇到的问题：记录下。Windows 10 VSCode激活conda虚拟环境失败解决方案： CommandNotFoundError: Your shell has not been ……
12415  ubuntu+宝塔 使用python项目管理器 虚拟环境 问题
12420  opencv 错误
12428  记录一下解决ffi引用dll文件报err为193的问题
12434  谷歌邮箱使用python自动化发送邮件出现smtplib.SMTPAuthenticationError: (535, b'5.7.8 Username and Password not accepted.的解决
12438  ”ModuleNotFoundError:No module named _ctypes“ 引发的一系列问题解决办法
12443  pymysql pymysql.err.OperationalError 1045 Access denied最简单解决办法
12444  PyTorch图文安装教程（Win10），含遇到的问题及解决办法
12468  pymongo.errors.OperationFailure: Authentication failed., full error
12473  ROS::message_filters中的一个报错（mt::TimeStamp……）
12482  关于element click intercepted报错解决办法
12488  ROS的安装-> rosdep init /update报错2022.02.24实测有效
12496  CS61A python---字符串/常见错误/*args
12499  python报错合集
12500  python安装pywebview报错
12501  python 使用opencv 遇到报错
12502  Python pipreqs遇到语法报错
12503  python打包exe报错_python 程序打包为 windows 可执行程序 exe
12504  npm install 报错 check python checking for Python executable python2 in the PATH
12505  【Python报错】TypeError: only size-1 arrays can be converted to Python scalars
12506  docker python alpine numpy报错解决
12507  Python 报错 ValueError list.remove(x) x not in list 解决办法
12508  Python 淘宝表单信息爬虫更新日志：解决mysql高版本int字段插入空值报错问题
12509  如何在 python 中解决报错 ImportError: The 'pyparsing' package is required
12510  Jenkins自动部署svn上去的selenium+python项目，执行报错找不到模块
12511   python测试开发django-189.安装celery==3.1.26.post2版本报错No matching distribution found for anyjson>=0.3.3
12512  合并pdf文件带书签（利用python的PyPDF2，并解决PyPDF2 编码问题'latin-1'和PyPDF2报错：PdfReadError: EOF marker not found）
12513  python  ssh 连接报错异常
12514  安装python-ldap报错解决方法
12516  Python 控制是否显示 报错信息 异常回溯 traceback
12517  
12518  python做接口测试报错TypeError: request() got an unexpected keyword argument 'header'
12519  python 连接数sql server 报错18456 解决办法
12520  Python语言importError:cannot import name 'InvalidArgumentException'报错的解决方法：
12521  python安装第三方库 wordcloud 报错
12522  python 报错 name is not defined
12523  【python报错】OMP: Error #15: Initializing libiomp5md.dll, but found libiomp5md.dll already initialized.
12524  关于python使用代理连接外网报错OSError: [Errno 0] Error
12526  Python报错：SyntaxError: (unicode error) 'utf-8' codec can't decode解决办法
12527  Python搭建的网站突然缺少包报错
12528  Python request请求报错：invalid character 'u' looking for beginning of value
12529  python socket.gethostbyname() 报错socket.gaierror: [Errno -2] Name or service not known
12530  Python | selenium 爬虫报错：Message: 'chromedriver' executable needs to be in PATH 解决办法
12531  python 执行的时候，报错IOError:[Errno 2] No such file or directory
12532  Mac下python安装Pillow报错解决方案
12533  python格式化时间报错：UnicodeEncodeError: 'locale' codec can't encode character '\u5e74' in position 2: Illegal byte sequence
12534  python报错：【 AttributeError module 'time' has no attribute 'clock'】
12535  linux报错pip is configured with locations that require TLS/SSL, however the ssl module in Python is not available
12536  hue重启报错：Did you install mysqlclient or MySQL-python?
12537  安装python库roboschool运行报错：ImportError: libpcre16.so.3: cannot open shared object file——解决方法
12538  python 字典转json报错-TypeError: Object of type set is not JSON serializable
12539  Python ModuleNotFoundError: No module named '_ctypes'报错解决
12549  使用pip安装Cartopy库时，出现报错：Getting requirements to build wheel did not run successfully.
12558  Open3d环境错误汇总
12561  Python3.8版本下安装httprunner，查看版本号hrun -V,报错ImportError: cannot import name 'soft_unicode' from 'markupsafe'，怎么处理？
12562  python之部分内置函数与迭代器与异常处理
12563  解决win10安装cupy包报错
12564  python迭代器与异常处理
12566  pandas.read_csv() 报错 OSError: Initializing from file failed，报错原因分析和解决方法
12568  逆转时间，起死回生——程序报错崩溃后，如何倒回到崩溃的位置？
12579  迭代器相关、for循环原理和异常处理
12583  【深度学习】RuntimeError: Expected all tensors to be on the same device, but found at least two devices, cuda:0 and cpu!
12584  从Python调用matlab并执行，以及matplotlib 中文乱码问题
12589  pip安装报错：ERROR: Could not find a version that satisfies the requirement pyjwt (from versions: none)
12605  Python的Numpy.log报错TypeError: loop of ufunc does not support argument 0 of type float.
12612  解决pip3安装第三方库无法使用ssl模块的问题
12617  python调用trpc报错
12618  人工智能部分视频学习内容报错未解决
12629  可迭代对象，迭代器对象，异常操作
12632  pycharm问题
12638  可迭代对象，迭代器对象，异常处理
12640  win10安装 uwsgi  报错   AttributeError: module 'os' has no attribute 'uname' 
12651  jupyter notebook打开运行报错问题处理
12653  VS2019编译FreeCAD 0-19 流程及可能遇到的 __imp__Py_NegativeRefcount问题解决办法
12661  解决 lldb 测试时报错 lacks a functioning sem_open implementation
12670  python入门教程之三编码问题
12686  ImportError: No module named 通用解决方法
12687  windows下pytest（+allure）的环境准备以及使用过程中遇到的一些问题及解决办法
12692  【ubuntu】解决无法打开终端：gnome-terminal找不到路径问题
12694  BUG | ValueError: Shape mismatch: The shape of labels (received (320,)) should equal the shape of logits except for the last dimension (received (64, 5)).
12699  Selenium自动化的时候需要启用Edge浏览器，无法正常启动记录处理方法
12711  py可迭代对象，迭代器对象，异常处理的学习 day 16
12712  py可迭代对象，迭代器对象，异常处理的学习 day 16
12713  python迭代和异常处理
12719  webdiff 安装失败和不支持中文
12724  内置函数、迭代器、异常处理
12725  代码中的异常处理
12728  循环导入问题，判断文件类型 ，模块的查找顺序(重要) ，绝对导入与相对导入 ，模块与包(简单)， 软件开发目录规范
12730  lxml.etree.XMLSyntaxError: Opening and ending tag mismatch: meta line 4 and head, line 6, column 12 报错分析与解决方案
12733  Pyinstaller 打包exe遇到的各种问题及解决思路（详细）
12742  Kali Linux Python3 安装netfilterqueue报错的解决方案
12755  旧的element-admin项目运行错误解决
12760  常见内置函数,可迭代对象,异常处理,for循环原理
12761  ModuleNotFoundError: No module named 'MySQLdb'
12772  关于安装运行Xerosploit的报错处理
12787  python认识异常处理及异常处理,主动抛出异常处理
12788  pip版本更新报错：Could not install packages due to anEnvironmentError: [WinError 5] 拒绝访问 的解决方法
12790  【问题】pip3链接不上python3
12817  win10安装mujoco_py2.0.2.9 pip install mujoco_py --no-use-pep517 报错
12821  Python迭代器-异常处理
12833  pip 安装错误
12837  python错误和异常
12845  python安装mysql/mysqlclient 无法打开mysql.h问题解决（win10 64位 ）
12852  Django_配置数据库后重启报错：django.core.exceptions.ImproperlyConfigured: mysqlclient 1.4.0 or newer is required; you have 0.10.1.
12857  VSCode 运行终端报错：\Scripts\Activate.ps1，因为在此系统上禁止运行脚本...
12876  异常机制
12891  跟李沐学深度学习系列-08线型回归问题解决From d2l import torch as d2l 报错问题
12914  opencv-python无法导入问题
12915  Python aiohttp raise RuntimeError(‘Event loop is closed‘)
12932  2022.4.15socket模块及粘包问题
12944  linux问题总结
12972  Uncaught TypeError: document.getElementsById is not a function
12982  Python3.8安装paramiko失败：ERROR: Could not build wheels for pynacl, cryptography which use PEP 517 and cannot be installed directly
12994  drf : 异常处理以及自定义异常处理
