00000  Python 报错 ValueError list.remove(x) x not in list 解决办法
00001  Python报错ValueError: arrays must all be same length
00002  windows python报错合集
00003  python 报错解决办法 No module named 'numpy'
00004  python报错锦集（自己整理用）
00005  pip install Appium-Python-Client报错问题解决办法
00006  安装python-ldap报错解决方法
00007  Python3 安装 python-ldap 报错 pyproject.toml-based
00008  python语法报错日志(更新中)
00009  python执行shell，报错：未找到命令
00010  python安装paddlepaddle-tiny报错Could not find a version that satisfies the requirement问题解决
00011  tophat2报错：在python3 环境下安装Error: Could not find Bowtie 2 index files (genome.*.bt2)
00012  Python3使用AES报错 Incorrect AES key length (95 bytes)
00013  Python pip search 失败报错
00014  Python3启动django项目报错“NameError: name '_mysql' is not defined”
00015  [Node]报错：gyp verb check python checking for Python executable "python2" in the PATH
00016  Python pip 安装第三方库报错
00017  python3启动Django项目报错“django.core.exceptions.ImproperlyConfigured: SQLite 3.9.0 or later is require...
00018  itchat报错'HTMLParser' object has no attribute 'unescape'在python3.9
00021  python包（inventorize3-0.0.1）安装报错UnicodeDecodeError: 'gbk' codec can't decode byte....解决办法
00022  2022-03-05  python代码使用socks5时报错：ModuleNotFoundError: No module named ‘socks‘
00023  Python 合并多个excel文件至不同sheet表时报错
00024  解决import torchvision报错，image.py:13: UserWarning: Failed to load image Python extension:    warn(f...
00027  YOLOv5训练时报错: [WinError 1455] The paging file is too small for this operation to complete
00028  iOS 在用cocoapods集成Line的时候报错SSL_ERROR_SYSCALL in connection to github.com:443
00029  解决 Sourcetree 报错 Couldn't posix_spawn: error 2 问题
00030  【日常踩坑】解决 pip 安装第三方包时因 SSL 报错
00031  Interproscan 安装教程及运行报错解决
00032  pip安装numpy报错-ERROR: Could not build wheels for numpy which use PEP 517 and cannot be installed di...
00033  pip 命令出现报错
00034  【报错】pip
00035  Window 10安装YOLOv5报错：UnicodeDecodeError: 'gbk' codec can't decode byte 0x98
00036  2022-03-19 macs2 安装报错
00037  数据库Mysql80服务无法启动 报错错误 1053：服务没有及时响应启动或控制请求
00038  pypandoc 转换html 为word 报错
00039  解决Electron安装报错问题
00040  解决Electron安装报错问题
00041  安装xgboost时numpy报错
00042  非root用户在conda下安装SnpEff(报错：Exception in thread "main" java.lang.UnsupportedClassVersionError: org/...
00043  虚拟机或容器报错ImportError: libgthread-2.0.so.0: cannot open shared object file: No such file or directory
00052  常见报错-路径报错
00064  Centos7下"mvn package"命令报错"-bash: mvn: command not found"，安装后报错"NB: JAVA_HOME should point to a JD...
00066  Python | 异常是如何导致的？怎么处理？
00071  为了使用antdv2降低了npm版本，之后npm安装antdv3版本报错，也就是npm降低版本之后使用的时候报错npm Error: Cannot find module ‘are-we-the的解决
00086  python的文件操作和异常处理
00092  Python的文件操作和异常处理
00096  你能想到的python字典的所有问题
00097  认识Python中变量使用时易出现的的错误
00103  MacOS 12.3后删除python的问题
00117  109.升级Python3在CDH集群中遇到的问题与解决
00120  109.升级Python3在CDH集群中遇到的问题与解决
00129  Java 引入python 问题
00146  Ubuntu安装软件出现依赖问题及基本python虚拟环境创建
00171  python的文件操作和异常处理
00195  python导入包异常处理ImportError: cannot import name 'XXX' from 'sqlalchemy'
00206  2022-04-26 Python 中cv2.solvepnp的易错点
00215  Web自动化又报错了？快收下这份排错秘籍！转发收藏
00217  Flutter Plugin中依赖aar文件编译报错
00218  Xcode12 执行 pod lib lint 报错：building for iOS Simulator, not found for architecture arm64
00219  Linux常见符号和常见报错
00220  Linux常见符号和常见报错
00221  Java常见报错信息及解决方式
00222  ArcGIS出现ERROR 999999报错Configuration RasterCommander ImageServer can not be started的解决
00223  Xcode常见报错
00224  【通讯】多PLC之间PN通讯报错的经验教训
00225  chrome浏览器console插件报错
00226  mysql数据库升级查询报错
00227  远程连接报错的一种解决方案-由于一个协议错误(代码: 0x112f),远程会话将被中断。请重新跟远程计算机连接
00228  vue报错
00229  苹果IOS隐藏复制链接等按钮失效及报错the permission value is offline verifying解决办法
00230  vue报错
00231  苹果IOS隐藏复制链接等按钮失效及报错the permission value is offline verifying解决办法
00234  vue + elementUi 按需引入DateTimePicker  报错
00236  Python：json.decoder.JSONDecodeError: Expecting property name enclosed in double quo错误
00238  flutter doctor运行报错，must be a valid Dart package name，Unresolved reference: FlutterActivity
00243  故障分析 | MySQL 从机故障重启后主从同步报错案例分析
00244  Android踩坑记录（一）mapsforge报错 java.lang.IllegalArgumentException: Parse error for XML rendertheme
00245  10-Python之路-进阶-异常
00247  uniapp调用createCameraContext报错
00248  Informatica服务挂掉，报错No more data available to read的排查
00250  Informatica服务挂掉，报错No more data available to read的排查
00254  安装rtracklayer包时一直报错，why
00255  Cent0S 8 DNF安装报错解决方法Cannot prepare internal mirrorlist: No URLs in mirrorlist
00256  docker配置镜像仓库报错
00257  M1芯片报错：building for iOS Simulator, but linking in object file built for iOS, for architecture arm64
00258  安装numpy报错
00259  网课学习代码1 常见报错1（2022-04-18）
00260  docker配置镜像仓库报错
00261  M1芯片报错：building for iOS Simulator, but linking in object file built for iOS, for architecture arm64
00262  故障分析 | MongoDB 5.0 报错 Illegal instruction 解决
00263  记录一次kafka的报错
00264  77..eslintrc.js配置globals解决外部js使用报错问题
00265  SAP WM 为Storage Type 004激活SUM报错 - Storage types without pick-point stor.type require partial pall...
00266  关于“stringi”包的报错
00267  安装numpy报错
00268  网课学习代码1 常见报错1（2022-04-18）
00271  VSCode报错Bad CMake executable "". Is it installed or settings contain the correct path (cmake.cmak...
00272  【tcp】防火墙导致应用报错 SocketException: Connection reset
00273  2022-04-08 React项目安装sass报错
00274  Redis连接报错：ERR Client sent AUTH, but no password is set
00275  iOS开发-Mac版SourceTree创建新仓库时克隆账号密码报错，并且不再弹出密码输入询问窗口解决
00276  Gradle报错Could not resolve all dependencies for configuration ‘:detachedConfiguration7‘.
00277  java项目启动报错，关于redis
00278  [重庆思庄每日技术分享]-sql语句查询报错ORA-00904
00279  mac安装homebrew报错处理
00280  Qt线程爬坑1-报错：QBackingStore::endPaint() called with active painter on backingstore paint  QWidget::r...
00281  Spark SQL：map操作连环报错记录（too many elements for tuple，ClassNotFoundException: scala.Any，<refinement>
00282  docker 启动jenkins报错： cannot touch ‘/var/jenkins_home/copy_reference_file.log’: Permission denied
00283  pod 引用第三方库文件报错 library not found for -l**
00284  hive2.X上，解决执行SQL语句报错：metastore.RetryingHMSHandler: java.lang.IndexOutOfBoundsException: Index: 0,...
00285  CentOS8 yum 报错 404 for http://mirrors.cloud.aliyuncs.com/centos/8/AppStream
00286  yum安装软件报错:Invalid configuration value: failovermethod=priority...
00287  报错hadoop. hbase. security. AccessDeniedException: Insufficient permissions解决方案
00288  关于node.js版本较高在创建vue项目时CSS预处理器选择node-sass报错
00289  报错（! [rejected] master -＞ master (fetch first)）解决方案
00290  关于node.js版本较高在创建vue项目时CSS预处理器选择node-sass报错
00291  报错（! [rejected] master -＞ master (fetch first)）解决方案
00292  Feign调用微服务，返回值IPage报错
00293  报错hadoop. hbase. security. AccessDeniedException: Insufficient permissions解决方案
00294  Docker 设置稳定的仓库报错 File "/bin/yum-config-manager", line 135 except yum.Errors.RepoError, e:
00295  MYSQL报错：this is incompatible with sql_mode=only_full_group_by
00296  Property 'retry' does not exist on type 'AxiosDefaults<any>' 报错处理
00297  iOS 提交审核报错 ERROR ITMS-90087
00298  spring boot应用IDEA中正常运行，但maven执行报错
00299  springboot报错java: 读取D:\repository\org\lz4\lz4-java\1.7.1\lz4-java.jar时出错; error in opening zip file
00300  Feign调用微服务，返回值IPage报错
00301  CMplot报错missing value where TRUE/FALSE needed
00302  Docker 设置稳定的仓库报错 File "/bin/yum-config-manager", line 135 except yum.Errors.RepoError, e:
00303  hardhat compile 报错 Stack too deep
00304  iOS 提交审核报错 ERROR ITMS-90087
00305  OC项目创建iOS 14 Widget 时编译报错
00306  centos8 dnf/yum报错
00307  IDEA下载Maven源码时报错 java.rmi.ConnectException: Connection refused to host: 127.0.0.1
00308  使用ASM修复三方jar报错
00309  Nginx部署.nginx报错:./configure: error: C compiler cc is not found, gcc 是已经安装了的
00310  IDEA下载Maven源码时报错 java.rmi.ConnectException: Connection refused to host: 127.0.0.1
00311  使用ASM修复三方jar报错
00312  Nginx部署.nginx报错:./configure: error: C compiler cc is not found, gcc 是已经安装了的
00313  关于javaweb报错的一次解决
00314  ts-node使用报错：Cannot find name 'console'
00315  OC项目创建iOS 14 Widget 时编译报错
00316  centos8 dnf/yum报错
00317  frida安装报错
00318  安装Basemap报错
00319  docker容器 Hbase 启动报错 java.net.UnknownHostException:XXX:XXX: Name or service not known
00320  海外设备上偶现的报错处理方式
00321  springboot，mybatis报错 Servlet.service() for servlet [dispatcherServlet] in context with path 解决方案
00322  cluster profile 功能富集报错了**
00323  怎么创建运行自己的vs code插件，及解决‘命令"Hello World"导致错误(command 'test.helloWorld' not found)’的报错
00324  报错（! [rejected] master -＞ master (fetch first)）解决方案
00325  [重庆思庄每日技术分享]-安装oracle19c时报错DBT-50000
00326  Xcode突然报错  Code: -402620395
00327  TypeScript 解决重复push路由报错 解决 AVOIDED REDUNDANT NAVIGATION TO CURRENT LOCATION: "/"
00328  
00329  Sourcetree push 代码的时候总是报错 Error (internetKeychainItemForServer:withUsername:path:port:protocol:) ...
00330  npm报错之cb() never called!
00331  Vue3中使用CodeMirror出现setValue后点击报错
00332  2022-04-10 QT6.0以上使用qcustomplot报错简单解决法
00333  CAFE5编译报错 - Linux下安装
00334  Spring Boot 2.6.x 集成swagger3.0.0报错解决方案(包含无法使用actuator)
00335  WKWebview与H5交互方法以及（JavaScript 异常"）报错解决
00336  yum update 报错
00337  docker pull foxiswho/rocketmq报错latest not found: manifest unknown: manifest unknown解决方案
00338  ceres 编译报错 error: ‘integer_sequence’ is not a member of ‘std’
00339  2022.2.28 NPOI引用报错解决过程
00340  
00341  yum update 报错
00342  docker pull foxiswho/rocketmq报错latest not found: manifest unknown: manifest unknown解决方案
00343  ceres 编译报错 error: ‘integer_sequence’ is not a member of ‘std’
00344  element-ui 框架 Dialog 中使用 JsBarcode 无法显示并且报错问题
00345  Xcode新项目build报错：找不到头文件
00346  广告阻拦器contentBlocker 打包报错
00347  【Tensorflow报错】Could not load dynamic library ‘cudart64_110.dll‘； dlerror: cudart64_110.dll 问题的解决
00348  php报错Fatal error: Call to undefined function socket_create()
00349  Flutter 加载本地文件在Android设备报错
00350  vue-cli按需引入antd样式文件报错问题
00351  
00352  记一次升级node版本后，运行原vue项目报错问题解决方法]
00353  2022-02-26 uniapp在app安卓端微信分享为小程序时报错
00354  解决Swift报错message was received but not handled
00355  IDEA解决Database连接MySQL报错
00357  SingCellaR报错网站
00358  springboot报错Cause: java.lang.IllegalArgumentException: Result Maps collection already contains va...
00359  AndroidStudio .gradle 下载jar包慢/报错问题的解决方法
00360  Dubbo-admin+Zookeeper 的环境搭建实操与 Could-not-extract-archive 报错踩坑
00361  Android报错集合
00363  web前端 npm install 报错
00364  SingCellaR报错网站
00365  [重庆思庄每日技术分享]-rac expdp导出时报错：ORA-31693、ORA-31617、ORA-19505、ORA-27037
00366  PCL编译报错（c++: internal compile error）解决方案
00367  APscheduler报错Run time of job "xxx" was missed by xxx 解决方案
00369  django数据库查询报错？网上教程是错的？一招教你解决
00370  import torch 出现from torch._C *报错
00371  django数据库查询报错？网上教程是错的？一招教你解决
00372  Taro 自定义组件，报错，【没有被引用到,不会被编译】
00373  vscode调试报错：Build Error: go build -o
00374  【Azure Spring Cloud】使用azure-spring-boot-starter-storage来上传文件报错: java.net.UnknownHostException
00375  WIN11 WSL 报错『The stub received bad data』
00376  SpringCloud 使用 Feign各 种报错
00377  虚拟机问题解决(安装vmtools报错&vmtools安装按钮灰色&蓝屏)
00378  vue安装手脚架npm install -g @vue/cli过程报错npm ERR! syscall mkdir
00379  打包sdk  报错会定位到内部文件时
00380  运行报错:找不到或无法加载主类 com.xxx.Application
00381  npm i 后出现syscall rename报错处理
00382  IIS部署项目无法打开且报错：CS0016
00383  AndroidStudio编译报错`General error during conversion: Unsupported class file major version 61`
00384  Mac M1芯片报错libPods-xxx.a' is missing one or more architectures required by this target: ...
00385  [BUG]react引入antd-mobile报错
00386  yum提示Error: rpmdb open failed 报错处理
00387  Vue.use(VueI18n)报错问题Uncaught TypeError: Cannot read properties of undefined(reading 'install')
00388  从GitHub上拉取数据报错Failed to connect to github.com port 443: Timed out
00389  关于升级Windows11后eNSP里AR40报错解决办法
00390  Mac M1芯片报错libPods-xxx.a' is missing one or more architectures required by this target: ...
00391  从GitHub上拉取数据报错Failed to connect to github.com port 443: Timed out
00392  iOS 报错 dyld: Library not loaded: @rpath/libswiftCore.dylib 解决办法
00393  1.【已解决】DevEco Studio报错：ERROR: Cause: proxyHost should not be null when a proxy is specified
00394  dart报错Invalid constant value
00395  vue项目中安装sass报错this.getOptions is not a function
00396  [原创]一种关于VS2019导入属性表wxWidgets.props报错的解决思路
00397  报错：EOF within quoted string
00398  iOS笔记2022-03-25：cocoapods报错
00399  Ngrok报错control recovering from failure x509: certificate relies on legacy Common Name field, use ...
00400  [重庆思庄每日技术分享]-RAC单独修改scanip到不同网段时会报错
00401  iOS 报错 dyld: Library not loaded: @rpath/libswiftCore.dylib 解决办法
00402  1.【已解决】DevEco Studio报错：ERROR: Cause: proxyHost should not be null when a proxy is specified
00403  dart报错Invalid constant value
00404  系统12.2.1 与Xcode13.3运行 cocoaPods报错记录
00405  git clone 报错 Host key verification failed. fatal: Could not read from remote repository.
00406  【R · 我的报错日常】Error in grid.Call(C_convert, x, as.integer(whatfrom), as.integer(whatto),  :    View...
00407  vue项目中安装sass报错this.getOptions is not a function
00408  [原创]一种关于VS2019导入属性表wxWidgets.props报错的解决思路
00409  报错：EOF within quoted string
00410  在Fltutter开发中，运行iOS项目报错“Include of non-modular header inside framework module 'r_scan.RScanResult';
00411  idea 使用 mvn clean package 报错 Could not create local repository at
00412  [重庆思庄每日技术分享]-RAC单独修改scanip到不同网段时会报错
00413  2022-03-31 mac M1 芯片 arm64架构安装canvas 报错
00414  Git "git add file ."命令报错does not have a commit checked out
00415  Maven的clean插件不能清除并报错Failed to execute goal org.apache.maven.plugins:maven-clean-plugin:3.1.0:clea...
00416  node-sass下载报错
00417  Seata Server启动报错
00418  springboot 上传大文件报错FileSizeLimitExceededException
00419  Android Studio 启动报错Internal error. Please refer to https://code.google.com/p/android/issues
00420  Docker的Tomcat启动报错HTTP状态404-未找到“源服务器未能找到目标资源的表示或者是不愿公开一个已经存在的资源表示”解决方案
00421  Flutter报错_OBJC_CLASS_$_NSConstantIntegerNumber
00422  ESLint 报错 TypeError: Cannot read property 'name' of null
00423  mybatis注解开发测试报错
00424  Appium自动化报错: UiAutomationService already registered!
00425  gatk AnalyzeCovariates 报错Error in readRDS(pfile)
00426  使用typescript编译工具运行ts报错 error TS1005: ‘；‘ expected.
00427  字符串含有%时，使用decodeURI报错，URIError: URI malformed
00428  开始使用vue3.x+TS语法报错问题
00429  [重庆思庄每日技术分享]-runInstall 报错 cannot open shared object file
00430  Appium自动化报错: UiAutomationService already registered!
00431  AndroidStudio打包报错集合与解决方案
00432  创建vue项目报错 Error: command failed: npm install --loglevel error --legacy-peer-deps
00433  解决VM虚拟机Ubuntu安装ssh报错
00434  seata1.2报错：not support register type: null
00435  Skywalking编译打包报错Failed to execute goal net.alchim31.maven:scala-maven-plugin:4.3.1:compile  org.f...
00436  报错：semantic error TS7006: Parameter 'XXX' implicitly has an 'any' type. packages/reactivity/src/r...
00438  [重庆思庄每日技术分享]-psu报错“CheckActiveFilesAndExecutables” failed
00439  vscode+pyside6 无法正常显示窗口,报错qt.qpa.plugin: Could not find the Qt platform plugin "windows" in ""
00440  svn提交报错Skipped 'xxx' At revision 18. Summary of conflicts:   Skipped paths: 1
00441  安卓真机运行flutter程序报错
00442  ios swift 创建framework（七） static Library 真机调试报错
00443  PHP报错解决
00444  jstl 运行jsp报错java.lang.NoClassDefFoundError: javax/servlet/jsp/tagext/TagLibraryValidator解决方式
00445  [重庆思庄每日技术分享]-runInstall 报错 cannot open shared object file
00446  Hive报错Unable to instantiate org.apache.hadoop.hive.ql.metadata.SessionHiveMetaStoreClient解决方案
00447  开始使用vue3.x+TS语法报错问题
00448  字符串含有%时，使用decodeURI报错，URIError: URI malformed
00449  git push 报错：Failed to connect to 127.0.0.1 port xxxx: Connection refused
00450  Android Studio报错Your anti-virus program might be impacting your build performance的解决办法
00451  Xcode项目报错收集
00452  realloc 报错invaild next size
00453  Vue安装，并解决安装less报错问题
00454  iOS 上传ipa包到商店报错：ERROR ITMS-90165: "Invalid Provisioning Profile Signature.
00455  layoutCache[currentClass] = ivars;报错
00456  Seata Client启动报错
00457  VMWare启动报错
00458  vue 引入js文件中的方法，在html中使用报错的问题
00459  2022-03-17 引入Router组件报错
00460  Mysql报错：Expression #24 of SELECT list is not in GROUP BY clause and contains nonaggregated column...
00461  vscode使用npm安装依赖报错
00462  vue 常见的报错
00463  阿里微服务注册中心 Nacos 启动报错 Unable to start embedded Tomcat
00464  VMWare启动报错
00465  vscode+pyside6 无法正常显示窗口,报错qt.qpa.plugin: Could not find the Qt platform plugin "windows" in ""
00466  [重庆思庄每日技术分享]-psu报错“CheckActiveFilesAndExecutables” failed
00467  uniapp项目运行到微信小程序报错：Enable IDE Service
00468  React-Native遇到报错汇总
00469  vue项目解决重复点击导航栏路由报错问题
00470  阿里微服务注册中心 Nacos 启动报错 Unable to start embedded Tomcat
00471  React-Native遇到报错汇总
00472  vue项目解决重复点击导航栏路由报错问题
00473  【R报错】解决Linux下安装clusterProfiler：object 'get_fun_from_pkg' not found
00474  kubelet启动失败报错Failed to start ContainerManager failed to initialize top level QOS containers
00475  执行安装pod报错处理
00476  MAC 升级后brew报错
00477  Mac gem install 报错
00478  vue3.0+Vite+Sass+TypeScript报错记录&解决方案(持续记录，保持关注)
00479  TCGAbiolinks包报错：“Can't subset columns past the end”
00480  node-sass报错：Error: Node Sass does not yet support your current environment: OS X 64-bit with Unsu...
00481  Docker无介绍快使用，docker拉取tomcat以及报错HTTP状态404-未找到“源服务器未能找到目标资源的表示或者是不愿公开一个已经存在的资源表示”解决方案（五）
00482  Flutter 执行flutter doctor报错HTTP Host Availability
00483  苹果报错搜集
00484  Linux系统创建新的R环境及报错
00485  vue3 + TS常见报错
00486  Vue  vue 使用 lang="scss" 报错
00487  java发邮件报错No appropriate protocol (protocol is disabled or cipher suites are inappropriate)
00488  在idea中新建完springboot项目的时候遇到问题(右键没有class选择；控制台报错：Could not transfer artifact org.apache.tomcat.embe...
00489  iOS 集成OpenSSL 报错no such file
00490  在idea中编写servlet时<servlet-name>标签报错 Servlet should have a mapping
00491  rms包载入报错
00492  vue3.0+Vite+Sass+TypeScript报错记录&解决方案(持续记录，保持关注)
00493  TCGAbiolinks包报错：“Can't subset columns past the end”
00494  SAP WM LT42创建TO，报错-No entry in Table 329S (NM1 B)-之对策
00495  解决Xcode13.0编译打包时Kingfisher报错
00496  解决vue build打包Conflicting order.报错问题
00497  使用Mybatis报错org.apache.ibatis.binding.BindingException: Invalid bound statement (not found)解决方案
00498  mysql登录报错ERROR 1045 (28000): Plugin caching_sha2_password could not be loaded
00499  mac iterm git命令行报错 OpenSSL SSL_connect SSL_ERROR_SYSCALL
00500  Flutter 执行flutter doctor报错HTTP Host Availability
00501  node-sass报错：Error: Node Sass does not yet support your current environment: OS X 64-bit with Unsu...
00502  Vue  vue 使用 lang="scss" 报错
00503  Linux系统创建新的R环境及报错
00504  vue3 + TS常见报错
00505  npm install报错ERR! code ETIMEDOUT的解决办法
00506  Failed to start bean 'documentationPluginsBootstrapper' spring Boot集成swagger2报错
00507  连接redis成功，只用时报错ERR 'EVAL' command keys must in same slot
00508  使用Mybatis报错org.apache.ibatis.binding.BindingException: Invalid bound statement (not found)解决方案
00509  mysql登录报错ERROR 1045 (28000): Plugin caching_sha2_password could not be loaded
00510  升级hb后报错‘Browserslist: caniuse-lite is outdated. Please run:’
00511  Swift使用CoreData创建NSManagedObject Subclass报错
00512  iOS添加动态库Framework报错
00513  Mybatis的mapper使用springbootTest报错Find why 'xxxMapper' could be null解决方案
00514  yarn build打包electron应用报错解决方案
00515  HttpClient请求https接口报错处理
00516  iOS报错记录：Undefined symbols for architecture arm64: "_iconv", referenced from:
00517  项目启动中报错Address already in use: bind的解决方案
00518  uni.navigateTo页面没跳转也没报错
00519  OMP: Error #15: Initializing libiomp5md.dll, but found libiomp5md.dll already initialized.报错问题解决记录
00520  npm install报错ERR! code ETIMEDOUT的解决办法
00521  Failed to start bean 'documentationPluginsBootstrapper' spring Boot集成swagger2报错
00522  连接redis成功，只用时报错ERR 'EVAL' command keys must in same slot
00523  Jmeter保存测试脚本控制台报错问题的解决方法
00524  springboot报错Method has too many Body parameters: public abstract java.io.InputStream解决方案
00525  pod install报错: [!] CDN: trunk URL couldn't be downloaded: https://cdn.cocoapods.org/Specs/0/8/5/A...
00526  mysqldump导出报错column_statistics
00527  iOS JSEngine 报错，SyntaxError: JSON Parse error: Unexpected EOF
00528  iOS - Archive报错
00529  npm run dev 的时候报错This is probably not a problem with npm. There is likely additional logging outp...
00530  记一次安装docker的报错
00531  vue 项目 core-js报错解决方法
00532  vue中使用quil富文本报错的问题
00533  Vue报错listen EADDRNOTAVAIL: address not available
00534  记录:提交苹果APP进行审核，报错：App 包含 NSUserTrackingUsageDescription
00535  vue 3 初始值可能为空导致的报错解决办法
00536  meshes包加载报错
00537  .bat或.cmd运行报错乱码
00538  【next】ssr 样式名报错
00539  ClickHouse删除大表报错处理方法
00540  nodejs报错require() of ES Module XXX not supported.
00541  微信小程序报错TypeError: Cannot read property '0' of undefined
00542  TP5使用unlink删除文件报错：Resource temporarily unavailable
00543  前端项目本地打包ok , jenkins 打包报错问题
00544  golang升级1.18后，DockerFile报错 missing go.sum entry......
00545  FreeBSD 安装 xorg 报错
00546  git clone报错： Out of memory, malloc failed (tried to allocate 524288000 bytes)
00547  报错2059 Authentication plugin 'caching_sha2_password' cannot be loaded
00548  Sourcetree 报错：fatal: Authentication failed for 'xxxx.git'/
00549  解决“Installed Build Tools revision 32.0.0 is corrupted....” 报错
00550  解决“Installed Build Tools revision 32.0.0 is corrupted....” 报错
00551  R包报错-Error in `ggplot_add()`
00552  MAC系统homebrew执行brew update报错error: homebrew-core is a shallow clone.
00553  jaeger+elasticsearch（cassandra ） 单机部署以及（400）报错
00554  Parcel服务报错:regeneratorRuntime is not defined
00555  Kotlin报错  No value passed for parameter 'context'
00556  01-报错JPS incremental annotation processing is disabled
00557  报错：Something is already running on port 3000.
00558  多用户分销商城系统niushop源码安装遇到报错可以破解吗?
00559  webpack-cli报错
00560  jaeger+elasticsearch（cassandra ） 单机部署以及（400）报错
00561  Parcel服务报错:regeneratorRuntime is not defined
00562  Kotlin报错  No value passed for parameter 'context'
00563  01-报错JPS incremental annotation processing is disabled
00564  报错：Something is already running on port 3000.
00565  多用户分销商城系统niushop源码安装遇到报错可以破解吗?
00566  webpack-cli报错
00567  git报错 Failed to resolve HEAD as a valid ref解决办法
00568  macos composer update报错 ..... Protocol "https" not supported or disabled in libcurl
00570  linux或者mac下启动Nacos报错解决：nohup: /Users/xx/jdk/java/bin/java: No such file or directory
00571  Android Studio 找不到pom文件报错
00572  cd 带空格的路径报错
00573  字典作为参数，其前面加**，为什么有时会报错？求大神指点。
00646  Xcode搭建Python环境，无法选择Python编译器问题
00866  python之错误与异常
00903  第十三单元 python的文件操作和异常处理
00915  python之错误与异常
00918  记录Python两个错误“most likely due to a circular import”
00932  记录Python两个错误“most likely due to a circular import”
00933  VScode运行python出错汇总与Windows修改用户名的方法
00935  Python编程基础实战之Str函数和异常处理
00945  第十三单元 python的文件操作和异常处理
00967  使用Python模拟社会财富分配问题，得出了几个有趣的结论
01000  如何轻松地解读Python的报错信息？
01001  解决安装python报错：Fatal Python error: initfsencoding: Unable to get the locale encoding
01002  Python--报错TabError: inconsistent use of tabs and spaces in indentation
01003  Python--报错RecursionError: maximum recursion depth exceeded in comparison
01004  python 报错Microsoft Visual C++ 14.0 is required
01005  Mac Big Sur系统中pyenv安装python报错的解决方法
01006  Python 报错：_io.TextIOWrapper' object is not callable
01007  Win10安装Python报错2502，2053
01008  python 爬虫报错
01009  python的psutil安装报错
01010  Python报错:python 报错：str=input() File "<string>", line 1, in <module> SyntaxError: invalid syntax
01011  python报错：tensorflow.python.framework.errors_impl.FailedPreconditionError: 2 root error(s) found.
01012  Python小课笔记--Python报错处理
01013  Python爬虫基础 | Windows 环境下安装MySQL-python报错及解决方法
01014  新手常见的python报错及解决方案
01015  Python安装cv2太慢 安装opencv-python报错超时
01016  解决运行Airtest脚本时opencv-contrib-python报错的问题
01017  Python 报错集锦
01018  Python 报错：“bs4.FeatureNotFound: Couldn't find a tree builder with the features you reque...
01019  Mac上使用Virtualenv 安装 MySQL-python报错列举
01020  python报错-UnicodeDecodeError: 'ascii' codec can't decode...
01021  Python报错
01022  Python报错ValueError: invalid literal for int() with base 10: ‘\xef\xbb\xbf1′
01023  Python 报错：Library not loaded: libmysqlclient.21.dylib
01024  python报错E402
01025  Python 报错 ValueError list.remove(x) x not in list 解决办法
01026  Python 报错ERROR: Could not load  xxx/conftest.py 文件
01027  Python报错——error: command 'gcc' failed with exit status 1 on CentOS
01028  Python｜报错解决｜os.symlink: FileExistsError
01029   mysql-python报错INCLUDE environment variable is empty
01030   mysql-python报错INCLUDE environment variable is empty
01031  python 报错:  Could not fetch URL https://pypi.org/simple/requests/: There was a problem confirming...
01032  python报错代码
01033  18. crontab任务中执行python报错: ImportError: No module named json
01034  Python报错：IndexError: list index out of range
01035  Python 报错：之“No module named bs4...
01036  VSCode 编写Python报错data science library ipykernel is not installed
01037  Windows安装MySQL-python报错解决办法
01038  python-报错 Non-ASCII character '\xe5' in file
01039  Python报错No module named 'cv2'
01040  Python 报错：“UnicodeEncodeError: 'gbk' codec can't encode character u'\xe7' in position 50...
01041  Python 报错：“Non-ASCII character '\xcd' in file Test001.py on line 1, but no encoding decla...
01042  python报错 No module named '_sqlite3'
01043  【python报错】can only concatenate str (not "int") to str
01044  今天给大家总结一下python新手常见的报错提示
01045  Python报错: No module named 'requests'
01046  python报错，no module named win32api
01047  python 报错释义（一）
01048  Python 报错：AttributeError:'NoneType' object has no attribute 'decode' 解决方式
01049  win10中python报错UnicodeDecodeError:'utf8'
01050  python报错：UnicodeDecodeError: 'utf-8' codec can't decode byte 0xc8 in position 2: invalid continuati
01051  python报错记录--ModuleNotFoundError: No module named 'urllib2'
01052  python报错-终端输入mongod报错shutting down with code:100/waiting for connections on port 27017
01053  centos Python  安装 opencv-python 报错
01054  python报错：SyntaxError: Non-UTF-8 code starting with '\xe5'
01055  python-报错合集
01056  Python报错:  No module named 'lxml'
01057  python报错集锦
01058  【收集】Python报错解决办法
01059  python报错：【 AttributeError module 'time' has no attribute 'clock'】
01060  Centos 7环境下安装MySQL-Python报错
01061  Appium+Python 报错“Requires permission android.permission.WRITE_SECURE_SETTINGS”
01062  Win10环境下python报错 ModuleNotFoundError: No module named 'pycocotools'的解决方法
01063  python报错 importError:cannot import 'Pie' pyecharts
01064  Python报错 :UnicodeDecodeError: 'ascii' codec can't decode byte 0xe6 in position 0: ordinal not in ...
01065  Python报错ValueError: arrays must all be same length
01066  腾讯云/阿里云用pyenv安装python报错解决
01067  Python 报错：SyntaxError: (unicode error) 'unicodeescape' codec can't decode bytes in position 2-3:
01068  虚拟PY环境下pip install mysql-python 报错解决办法
01069  Python 报错：SyntaxError: (unicode error) 'unicodeescape' codec can't decode bytes in position 2-3:
01070  windows python报错合集
01071  python报错整理
01072  python 报错： No module named '_tkinter'
01073  python 报错TypeError: 'int' object is not iterable
01074  Python报错：IndentationError:unindent does not match any outer indentation level
01075  python报错记录--SyntaxError: EOF while scanning triple-quoted string literal
01076  【Appium+Python】报错：ImportError: No module named selenium.webdriver.common.by / ImportError: No module named appium
01077  python报错-安装 mysql5.7.20 遇到的各种问题
01078  Python 报错：Module xx has no xx  member pylint(no-member)
01079  Python 报错：ModuleNotFoundError: No module named 'data_config'
01080  Python报错：IndentationError:unindent does not match any outer indentation level
01081  python报错cannot import *** from pyecharts
01082  2020-03-03 python 报错 [WinError 2] 系统找不到指定的文件。
01083  Python之报错SSL: CERTIFICATE_VERIFY_FAILED
01084  Python报错AttributeError: 'NoneType' object has no attribute 'append'
01085  python报错 UnboundLocalError：local variable 'XXX' referenced before assignment
01086  python报错no module ....
01087  python 报错
01088  Python报错：PermissionError: [Errno 13] Permission denied解决方案详解
01089  Windows Intellij 运行python 报错Error running 'index': @NotNull method com/intellij/execution/configurations/GeneralCommandLine.getExePath must not return null
01090  python报错提示 AttributeError: ‘bytes’ object has no attribute ‘encode’、
01091  python报错PermissionError: [Errno 13] Permission denied的解决方案
01092  python 报错解决办法 No module named 'numpy'
01093  pip安装MySQL-python报错
01094  Python｜报错解决｜tqdm: 'module' object is not callable
01095  python 的报错记录
01096  Python 报错
01097  Python 报错：json.decoder.JSONDecodeError:Expecting value: line 1 column 1 (char 0)
01098  python报错HTTPConnectionPool(host='10.100.12.205', port=80): Read timed out. (read timeout=10)
01099  pip install MySQL-python 报错
01100  卸载Python时报错：No Python 3.6 installation was detected
01101  Python_安装MySQL-python报错mysql_config not found
01102  为什么你的的Python脚本无法会报错无法运行？
01103  Python 解决 Mac 安装 MySQL-python 报错 mysql_config not found
01104  python报错: TypeError: unhashable type set/list/dict 类似错误
01105  python报错
01106  Python 报错：IndentationError: unexpected indent
01107  在终端输入python报错
01108  python报错
01109  pip安装mysql-python报错
01110  Python安装后报错“'python' 不是内部或外部命令，也不是可运行的程序 或批处理文件。”
01111  python报错：pymongo.errors.CursorNotFound: Cursor not found
01112  python报错-“unresolved reference” error on the IDE when opening a working project
01113  pyenv安装python报错 zipimport.ZipImportError: can't decompress data; zlib not available
01114  python报错ValueError: cannot reindex from a duplicate axis` mean?
01115  python报错锦集（自己整理用）
01116  python之报错精简
01117  python报错：'list' object has no attribute 'shape'
01118  使用termux下载python是报错求解决
01119  python报错Non-ASCII character '\xe5' in file
01120  python报错ValueError: cannot reindex from a duplicate axis` mean?
01121  python报错锦集（自己整理用）
01122  Python 报错：SyntaxError: EOL while scanning string literal
01123  pyenv切换本地python报错解决方法
01124  python报错portError: cannot import name 'Bar' from 'pyecharts'
01125  Mojave上安装Python报错
01126  PC端系列（一）：python报错：Failed calling sys.__interactivehook__
01127  python报错：TypeError: tuple indices must be integers or slices, not str
01128  CentOS上用pip安装MySQL-python报错“EnvironmentError: mysql_config not found”
01129  python报错,name 'hasattr' is not defined
01130  Python 报错：'list' object is not callable
01131  pycharm 切换 python3.9 报错 'HTMLParser' object has no attribute 'unescape' 解决
01132  Python import 报错问题
01133  Ubuntu: Python pip install mysql-python (MySQLdb) 报错 mysql_config not found
01134  CentOs 8使用 yum install python-pip 安装报错 No match for argument: python-pip
01135  安装appium环境时的问题：执行pip install Appium-Python-Client报错SyntaxError: invalid syntax
01136  （已解决）安装python3.7.4报错Can't connect to HTTPS URL because the SSL module is not available
01137  python request 报错ConnectionRefusedError: [Errno 111] Connection refused
01138  Django2.0+python3.6  报错： No module named 'MySQLdb'
01139  python安装python-mysql报错
01140  Python读取报错：python 读取文件时报错UnicodeDecodeError: 'gbk' codec can't decode byte 0x80 in position 205: ...
01141  python安装报错问题汇总（SSL: CERTIFICATE_VERIFY_FAILED）
01142  踩坑心得——Python3.* 报错“ImportError: No module named ‘MySQLdb'”
01143  Python IDEL报错：The version of Tcl/Tk (8.5.9) in use may be unstable
01144  Kali安装python - lzma报错解决
01145  Python3报错-Python入门到精通
01146  安装第三方Python库报错
01147  Python Kafka 报错：ImportError: cannot import name 'KafkaConsumer'
01148  关于运行py文件时“!/usr/bin/env python3” 报错
01149  解决Python 中报错ModuleNotFoundError: no module named 'pip'
01150  解决Python 中报错ModuleNotFoundError: no module named 'pip'
01151  安装MySQL_Python时报错
01152  Python3报错：UnicodeDecodeError: 'ascii' codec can't decode byte 0xe9 in position 0: ordinal not in ...
01153  【Mac】使用brew upgrade 升级 python 后的报错解决
01154  centos6.6中python3报错 “UnicodeDecodeError: 'ascii' codec can't decode byte...”的解决方法
01155  pip install Appium-Python-Client报错问题解决办法
01156  python print()报错
01157  安装python-ldap报错解决方法
01158  安装python protoc报错
01159  CentOS 7.4安装python3.8及报错处理
01160  在mac上运行python --pylab报错
01161  Python3报错：UnicodeDecodeError: 'gbk' codec can't decode byte 0xbf in position 1131: illegal multib...
01162  安装python-Levenshtein，报错Non-zero Exit Code（1）
01163  Python的一个报错——OSError: [Errno 22] Invalid argument
01164  【python】selenium报错：Chrome version must be between 71 and 75。chromedriver版本选择
01165  Python3 报错TypeError: Object of type 'bytearray' is not JSON serializable
01166  windows环境下解决python pip报错SSL的问题
01167  Python+selenium报错：selenium.common.exceptions.NoSuchElementException: Message: Unable to find elem...
01168  Python3 安装 python-ldap 报错 pyproject.toml-based
01169  python selenium报错：AttributeError: module 'selenium.webdriver' has no attribute 'Chrome'
01170  Python xlrd报错：NotImplementedError: formatting_info=True not yet implemented
01171  Python Flask 报错The 'Access-Control-Allow-Origin' header contains multiple values
01172  安装 pip install mysql-python时候报错
01173  mysql中将时间戳转为时间正确但用python时报错
01174  python爬虫报错 'utf-8' codec can't decode byte 0x8b
01175  【盘一盘】012 python中报错"json.decoder.JSONDecodeError: Expecting property"的解决
01176  python3报错：TypeError: can't concat bytes to str
01177  MacBook 上用 Pyenv 安装 Python 3.6.4 报错失败
01178  pycharm安装python-docx报错pip:exception
01179  python json报错json.decoder.JSONDecodeError: Invalid control character at: line 1 column 930 (char ...
01180  解决 Mac 上安装 Xgboost Python库报错
01181  python request报错
01182  Python eval()报错NameError: name ‘null’ is not defined的解决方法
01183  python xgboost 报错 KeyError: 'base_score'
01184  【Python+Appium】报错：URLError: <urlopen error [Errno 11001] getaddrinfo failed>
01185  linux python 启动报错, 多版本冲突
01186  Mac安装Python3报错Permission denied @ dir_s_mkdir - /usr/local/Frameworks
01187  Python爬虫报错：{'errorCode': 50}
01188  Python Requests 报错 Max retries exceeded with url
01189  mac安装python3报错Error: Permission denied @ dir_s_mkdir - /usr/local/Frameworks
01190  Python 常见报错类型
01191  Python 3报错问题解决：UnicodeDecodeError: 'utf-8' codec can't decode byte 0xb5 in position 63
01192  python用pip时报错及解决方案
01193  Python 调用 FFmpeg 报错 module ‘ffmpeg’ has no attribute ‘input’
01194  Python orjson安装报错
01195  Python导入的报错
01196  Python3 struct报错: argument for 's' must be a bytes object
01197  vs code导入python库时报错
01198  04.python3 的 UnicodeDecodeError 报错
01199  python 按装 MySQLdb报错终极解决方案 
01200  python 按装 MySQLdb报错终极解决方案 
01201  Jenkins运行python脚本报错
01202  Python运行`matplotlib`时报错：`Python is not installed as a framework.`
01203  python常见报错
01204  Python脚本报错expected an indented block 和TabError: inconsistent use of tabs and spaces in indentation
01205  python3.7.4安装报错ModuleNotFoundError: No module named '_ctypes'
01206  Linux/Cmd执行python脚本报错：No module naned 'XXXX'和unittest. loader. FailedTest
01207  python27__next__()报错问题（解决）
01208  python requests ssl报错
01209  spacemacs C-c C-p 运行python 之后报错的解决方法
01210  python requests 请求报错"cannot concatenate 'str' and 'MaxRetryError' objects"的解决办法
01211  MacOS平台python import MySQLdb报错&解决办法
01212  修复lldb执行python脚本报错No module named 'six'
01213  python-thrift安装报错问题解决
01214  python-cx_oracle报错"DatabaseError: DPI-1047: 64-bit Oracle Client library cannot be loaded: "
01215  Python 打包exe报错：Py_Initialize: unable to load the file system codec
01216  vue-cli npm install 报错 python不存在并堆栈溢出
01217  【Python编程】---Python爬虫报错：禁止访问（403）解决方法
01218  python 启动worker 是报错 invalid syntax
01219  python打包exe报错：Fatal error: PyInstaller does not include a pre-compiled bootloader for your platform.
01220  python安装sqlserver报错分析
01221  运行python脚本报错，No such file or directory
01222  python自带的idle报错：UnicodeEncodeError: 'UCS-2' codec can't encode characters in position 1488-1488: Non-BMP character not supported in Tk
01223  Linux +python 链接oracle 报错
01224  【2020-06-16】Python操作sqlite 报错：sqlite3.OperationalError: database is locked
01225  python pandas报错'Series' object has no attribute 'reshape'
01226  Python爬虫报错问题记录
01227  安装python-mysql报错
01228  Python3 报错OSError: cannot open resource
01229  Python初学日记|报错TypeError: only size-1 arrays can be converted to Python scalars的一种可能
01230  python torch 报错TypeError: object() takes no parameters
01231  解决报错no python interpreter configured安装python之后，添加系统环境变量
01232  pyinstaller 打包python项目报错总结
01233  Python的一次报错：TypeError: '>=' not supported between instances of 'str' and 'int
01234  Python 程序报错崩溃后如何倒回到崩溃的位置(推荐)
01235  python 安装 talib 报错
01236  站在巨人的肩膀上之Appium-python模块安装报错：Unicode Decode Error ascii codec can't decode byte…
01237  python程序报错了？不要慌
01238  为什么pip安装过的库，在import的时候还是报错——Python虚拟环境介绍
01239  python execjs库, 报错：TypeError: 'Uint8Array' 未定义
01240  npm i 报错python
01241  解决python运行启动报错问题
01242  Ubuntu虚拟机pycharm报错：python package tools not found解决办法
01243  Python 导入matplotlib报错 - ImportError: No module named Tkinter
01244  爬虫 - python + selenium + webdriver 报错：WebDriverException: Message: unknown error: cannot find Chr...
01245  Python读取csv报错解决方法:OSError: Initializing from file failed
01246  Python 使用Qt 报错：No module named 'PySide2'
01247  python pip 安装报错  提示升级pip 可以执行下面的 2021-06-18
01248  scrapy报错python version 3.6-32 required,which was not found in the registry
01249  centos7 python3 安装twisted 报错error: command 'gcc' failed with exit status 1
01250  centos7 python3 安装twisted 报错error: command 'gcc' failed with exit status 1
01251  windows下的python安装pysam报错
01252  Sublime Text3中Python输出中文报错问题
01253  Python连接MySQL报错
01254  解决Python模块报错：ModuleNotFoundError: No module name 'StringIO'
01255  python|安装scrapy报错Error: command...
01256  python安装selenium时报错CERTIFICATE_VERIFY_FAILED
01257  【第三方库安装】Python pip 安装报错、超时等处理方法总结
01258  Linux/Mac/Windows的Rstudio安装Python模块总报错，怎么破？
01259  Python运行报错：can only concatenate str (not "int") to str
01260  2019-08-19 sublime运行python代码报错——ImportError: No module
01261  python语法报错日志(更新中)
01262  PyCharm终端运行Python文件，报错：ValueError: check_hostname requires server_hostname
01263  简单粗暴 python requests SSL报错解决办法
01264  python 更新 pip报错，解决方案
01265  python的SQLite游标，fetchall报错object has no attribute 'fetchall'
01266  [MacOS] Python运行jupyter报错及解决
01267  python pip安装grpc报错
01268  python2 安装setuptools报错
01269  jenkins执行python代码报错
01270  python runserver 的时候报错 UnicodeDecodeError 'utf-8' codec can't decode byte 0xc8 in position 2: inv...
01271  VS Code Python turtle库报错解决
01272  python 连接Mysql 报错MySQL server has gone away
01273  Python2.6 pip search 报错需要将HTTP转换为HTTPS的错误解决
01274  vscode运行python脚本pylint报错
01275  virtualenv -p python3 venv报错
01276  python脚本sql报错查询
01277  Python 在Linux CentOS 安装报错安装 mysqlclient Command errored out with exit status 1:
01278  Python tk.StringVar()报错
01279  Python中文编码，报错处理
01280  python 使用eval报错NameError: name ‘null’ is not defined
01281  python安装tensorflow后报错
01282  pip安装报错 Command "python setup.py egg_info" failed with error code 1 in /tmp/pip-build-SPz2QZ/cryp...
01283  Python之编程思维之如何解决代码报错
01284  执行python + selenium 代码 报错ERROR:directory_reader_win.cc(43)] FindFirstFile: 系统找不到指定的路径
01285  pyspark运行报错Exception: Python in worker has different version 2.7 than that in driver 3.6
01286  python mysql连接报错:ModuleNotFoundError: No module named 'MySQLdb'
01287  SLAM--ubuntu14.04安装ros indigo报错python-**问题解决
01288  [报错] [Ubuntu] [Python] MemoryError: Unable to allocate array with shape (x, x) and data type
01289  Python 3.6+gevent++requests+ssl 报错：maximum recursion depth exceeded while calling a Python object
01290  pip3 install uwsgi 报错：plugins/python/uwsgi_python.h:2:20: fatal error: Python.h: No such file or ...
01291  Python怎么解决报错？
01292  python3「非阻塞socket」报错 "BlockingIOError: [Errno 11]" 复现以及分析解决
01293  Mac Python-Jenkins 执行报错
01294  python3中的各种报错
01295  centos7.4-python2.7-[pip安装psutil报错]
01296  重要！！如何安装requests库及在python中如何引用（含报错如何解决）
01297  Mac使用python3出现报错No module named 'requests'解决方法
01298  python配置文件报错怎么解决
01299  Python3 turtle库安装 报错和解决办法
01300  python3.6 使用 gensim 报错ModuleNotFoundError: No module named '_bz2'
01301  Python  入门pyecharts，报错解决，更换主题。
01302  python执行shell，报错：未找到命令
01303  python多版本安装导致Django报错
01304  python中的super用法,及报错TypeError: must be type, not classobj
01305  python由于历史操作记录中带有中文字符导致的报错
01306  Mac+Django2.0+Python3.6+PyMySQL 连接报错问题
01307  Python3使用AES报错ValueError: Incorrect AES key length (95 bytes)
01308  Python3安装smtplib和email报错
01309  Mac环境下配置Python3（解决报错）
01310  Python3安装smtplib和email报错
01311  python安装paddlepaddle-tiny报错Could not find a version that satisfies the requirement问题解决
01312  Sublime 执行Python3输出中文报错
01313  [MYSQL]MAC下Python import mysql库时报错的问题及处理: Library not loaded: libmysqlclient.18.dylib
01314  tophat2报错：在python3 环境下安装Error: Could not find Bowtie 2 index files (genome.*.bt2)
01315  Python软件包报错及解决方案合集
01316  python常见报错
01317  Mac上用pyenv安装python多个版本时报错的问题
01318  Python 3.7.3 kafka包报错问题
01319  2018-09-05   运行Python脚本时，报错unknown error: call function result missing 'value'
01320  程序报错tensorflow.python.framework.errors_impl.InternalError: cudaGetDevice() faile
01321  Python pip安装报错：Could not find a version that satisfies the requirement
01322  python使用sqlalchemy报错：Background on this error at: http://sqlalche.me/e/e3q8
01323  2018-09-05   运行Python脚本时，报错unknown error: call function result missing 'value'
01324  python 如遇到es报错 timeout 参数问题
01325  Python3使用AES报错 Incorrect AES key length (95 bytes)
01326  构建django python 项目报错UnicodeDecodeError: 'ascii' codec can't decode byte 0xe6 in position 12: ordi...
01327  vscode中开发python时pylance误报错误
01328  Python常见报错
01329  python如何确定报错的位置
01330  【python爬虫】运行scrapy报错,KeyError: 'Spider not found:
01331  Python读取文件报错:UnicodeDecodeError: 'gbk' codec can't decode byte 0x80 in position 205: illegal mult...
01332  #Python3#爬虫报错：Do you need to install a parser library?
01333  Python常见报错
01334  mac上根治SSL的各种报错python3
01335  Python之json模块报错
01336  mac python多进程报错
01337  mysql-python在windows下安装报错
01338  Mac使用python3出现报错No module named 'selenium'解决方法
01339  win10 python3.5/3.6安装pycrypto报错:error: Unable to find vcvarsall.bat
01340  python安装pip, 报错command not found: pip
01341  Python自动化报错：IndentationError-unindent does not match any outer indentation level
01342  更新到python3.8后安装Jupyter报错
01343  Python更新后yum报错
01344  python编码报错1
01345  解决python3.7安装mitmproxy报错
01346  ubuntu14.04按照python3.6总是失败报错
01347  Python 3.0 安装MySQLdb报错解决
01348  python安装Graphviz后报错及解决方法
01349  python3.7.0以上版本时报错ModuleNotFoundError: No module named '_ctypes'
01350  python调用jar包报错Illegal key size or default parameters解决记录
01351  Python3.8安装mysqlclient报错解决
01352  opencv-python cv2报错ImportError: DLL load failed: 找不到指定的模块
01353  python发邮件报错smtplib.SMTPDataError: (554, b'DT:SPM 163 smtp11
01354  Python 常见的16种错误报错和分析
01355  阿里云SDK运行报错：Python3  encoding or errors without a string argument
01356  python requests  Get 请求报错： ProxyError: HTTPSConnectionPool
01357  python-tesserocr运行报错
01358  vscode 提示安装pylint 报错 python2.76环境
01359  python脚本在Linux下报错TypeError: argument of type 'NoneType' is not iterable
01360  python脚本在Linux下报错TypeError: argument of type 'NoneType' is not iterable
01361  python--scapy运行报错
01362  安装python模块的时候，报错Retrying (Retry(total=4, connect=None, read=None, redirect=None, status=None)) af...
01363  python引入pytesseract报错：ValueError: Attempted relative import in non-package
01364  Python3.7.0以上版本安装pip报错ModuleNotFoundError: No module named '_ctypes'解决方法
01365  linux上执行python代码报错SyntaxError: Non-ASCII character '\xe4' in file ……
01366  vscode python 引用本地文件 报错ModuleNotFoundError: No module named 'XXX'
01367  sqllite更改为mysql时，输入python3 manage.py migrate报错：django.db.utils.OperationalError 1044
01368  安装python模块pycrypto报错 error: command 'gcc' failed with exit status 1
01369  Python 错误 ImportError   OSError，pip 命令报错
01370  python2.7安装queue模块的报错
01371  Python 引用自己写的模块报错 ModuleNotFoundError: No module named '模块名'
01372  ubuntu18.04(python3.6)安装pip3报错：ImportError: cannot import name 'sysconfig'
01373  Python使用nmap模块报错问题解决
01374  python3.5在centos6.9下报错：ImportError: No module named '_sqlite3'解决方案
01375  python 基础之pickle 与json 报错问题解决方案
01376  Python3 Requests库 get请求 报错 requests.exceptions.TooManyRedirects: Exceeded 30 redirects.
01377  虚拟环境pip安装mysql-python驱动数据库报错
01378  【转】Python中的[Errno 111] Connection refused报错分析
01379  Python中r'xxx\'为何会报错错误
01380  Python中r'xxx\'为何会报错错误
01381  python  Requests SSl相关报错
01382  python读取xml文件报错ValueError: multi-byte encodings are not supported
01383  Python3配置selenium,Chrome的webdriver 报错找不到路径
01384  Python学习08-报错信息汇总
01385  npm i 报错 需要安装python2
01386  Python--linux下安装依赖时报错command 'gcc' failed with exit status 1
01387  python 安装mysql-connector 2.2.3 报错
01388  Python打开https链接报错：unable to get local issuer certificate
01389  python datetime.datetime is not JSON serializable 报错问题解决
01390  python：导入enum模块报错，ImportError: cannot import name 'Enum' from 'enum'
01391  python import同级目录报错
01392  Django执行 python3 manage.py test报错
01393  python 读取文件时报错
01394  python3使用pyinstaller打包报错“win32ctypes.pywin32.pywintypes.error: (110, 'EndUpdateResource', '系统无法打开...
01395  python读取文件时报错
01396  Windows Python环境 pip安装 mysqlclient 的报错解决
01397  python3.7+django2.2 连接mysql报错处理（转）
01398  Python3启动django项目报错“NameError: name '_mysql' is not defined”
01399  报错总结1-python学习16
01400  python3使用AES报错ImportError: cannot import name '_AES'解决方法
01401  python 3.6安装mysql驱动报错
01402  安装Python3后,centos使用yum报错
01403  python新手常见的报错提示
01404  【opencv+python探索】使用argparser报错：error: the following arguments are required: -i/--image
01405  python selenium解决报错SessionNotCreatedException session not created: No matching capabilitie与问题解析
01406  python3.7.2使用web.py报错解决办法
01407  vue webpack 启动报错checking for Python executable "python2" in the PATH
01408  如何解决Anaconda中Python打印中文报错
01409  Python中使用matplotlib的报错问题
01410  Python中使用matplotlib的报错问题
01411  #Python# win10下pip升级报错的解决办法
01412  报错：/usr/bin/python: Error while finding module specification for 'virtualenvwrapper.hook_loader'
01413  python3中https urlopen()报错的解决方法
01414  python3导入pandas库时报错：Could not import the lzma module的解决方法
01415  python manage.py makemigrations 报错：Did you install mysqlclient?
01416  python3导入pandas库时报错：Could not import the lzma module的解决方法
01417  debian下Python3安装pyspider时pycurl安装报错解决方法
01418  npm install 报错 ：stack Error: Can't find Python executable "python"
01419  Python/django/mysql数据库报错处理
01420  python使用requests时报错requests.exceptions.SSLError: HTTPSConnectionPool
01421  pip安装环境报错 File "/usr/lib/python2.7/site-packages/pip/_internal/cli/main.py", line 60
01422  快速解决python安装某些库报错Could not find a version that satisfies the requirement openpyxl (from versions:...
01423  关于在centos下安装python3.7.0以上版本时报错ModuleNotFoundError: No module named '_ctypes'的解决办法
01424  关于在centos下安装python3.7.0以上版本时报错ModuleNotFoundError: No module named '_ctypes'的解决办法
01425  python json.dump() 中文报错问题
01426  python 使用xpath报错AttributeError: module 'xml.etree' has no attribute 'HTML'
01427  python笔记16：Empty test suite报错
01428  [Python] PyInstaller发布报错问题集
01429  python json.loads 报错 json.decoder.JSONDecodeError
01430  python json.loads 报错 json.decoder.JSONDecodeError
01431  Python3 requests https请求报错的解决方案
01432  Mac安装Mysql-python遇到的坑，被这俩报错反复摩擦：'my_config.h' file not found 和 IndexError: string index out of range
01433  python3 -m uiautomator2 init 报错解决
01434  python安装包报错：PackagesNotFoundError: The following packages are not available from current channels
01435  python 升级后 yum 报错 centOS7
01436  Mac 环境 anaconda 安装 Python jieba 包已经成功，jupyter 却报错 No module named 'jieba'  macos
01437  python3  安装 BeautifulSoup 报错
01438  【python】from Crypto.Cipher import AES报错
01439  在pycharm中运行python脚本正常,在cmd中运行报错和在jenkins执行虚拟环境的脚本(windows)
01440  【python】from Crypto.Cipher import AES报错
01441  python发送邮件报错554
01442  CentOS7如何解决python升级后yum报错
01443  pip 安装mysqlclient报错Command "python setup.py egg_info" failed with error code 1
01444  Python学习报错记录
01445  [Node]报错：gyp verb check python checking for Python executable "python2" in the PATH
01446  Python 发送邮件报错：smtplib.SMTPDataError: (554, b'DT:SPM 163 smtp4
01447  安装Caffe报错: Cannot load caffe2.python. Error... not
01448  python 3.8 用pyinstaller 打包程序 报错无效批处理命令解决方案
01449  python request 请求https 挂代理报错
01450  python manage.py shell执行报错
01451  Python UI自动化常见报错+解决办法
01452  python递归深度报错--RuntimeError: maximum recursion depth exceeded
01453  win10使用nodejs安装相关模块报错Can't find Python executable "python" after installing
01454  Mac中python3安装mysqlclient报错
01455  python  连接redis集群 ，常见报错解决。
01456  python读取文本文件报错：UnicodeDecodeError
01457  Python相关, centOS服务器报错信息总结
01458  linux中Python3 引入CV2报错：ImportError: libSM.so.6: cannot open shared object file: No such file or di...
01459  python 爬虫一招解决SSl 报错SSLError
01460  【python bug01】python mac 启用多进程报错解决办法
01461  python 爬虫一招解决SSl 报错SSLError
01463  清理数据PyCharm准备工作及报错解决办法合集
01464  win10+python3.9.6在使用Crypto库时的报错处理
01465  报错UnicodeEncodeError: 'latin-1' codec can't encode characters in position
01466  python中空格和table混用报错原因
01467  Python pip 安装第三方库报错
01468  [Python系列]Python的import的路径机制及引用报错详解
01469  Python编程最常见的报错，以及注意事项哦~
01470  自动化办公|Python 使用 win32com 模块报错踩坑分享
01471  django安装各种包报错
01472  Python创建文件夹报错
01473  Centos7运行报错：ImportError: No module named MySQLdb解决办法
01474  python调用宇视SDK登录报错问题
01475  【Python】做接口自动化的时候遇到报错  SSLError(SSLError(1, u'[SSL: CERTIFICATE_VERIFY_FAILED] certificate verify...
01476  完美解决Mac平台下Python3环境import bencode模块的报错
01477  《Python 编程 从入门到实践》第17章 报错笔记
01478  python3启动Django项目报错“django.core.exceptions.ImproperlyConfigured: SQLite 3.9.0 or later is require...
01479  python pip 安装一些包报错问题解决 Could not find a version that satisfies....
01480  ujson.dumps遇到报错maximum recursion depth exceeded while calling a Python object
01481  Python3.7+scrapy1.5运行报错的解决办法
01482  python read_csv 打开文件报错UnicodeDecodeError: 'utf-8' codec can't decode byte 0xc9 in position 96: in...
01483  读懂报错信息
01484  Appium 连接7.0以上版本真机 报错
01485  node 报错的一堆坑
01486  「Python」 flask使用SQLAlchemy时报错： sqlalchemy.exc.InvalidRequestError: Object '<Model at 0x7fe27328e8...
01487  VS Code Python 插件频繁分析失败报错
01488  python调用yaml.load()时报错解决方法
01489  Python调用cv2.findContours报错: ValueError: not enough values to unpack (expected 3, got 2)
01490  python 读取文件时报错UnicodeDecodeError: 'gbk' codec can't decode byte 0x80 in position 205: illegal mul...
01491  python3 编译安装make install报错
01492  itchat报错'HTMLParser' object has no attribute 'unescape'在python3.9
01493  python编码格式报错：SyntaxError: Non-UTF-8 code starting with '\xc9' in file
01494  Django，执行Python manage.py runserver 时报错
01495  python 读取文件时报错UnicodeDecodeError: 'gbk' codec can't decode byte 0x80 in position 205: illegal mul...
01496  Python 读写文件时报错 ValueError: must have exactly one of create/read/write/append mode
01497  Python-84 对更新pip时报错 No module named 'pip'的解决和更新 2020-10-25
01498  python读取csv文件报错UnicodeDecodeError: 'utf-8' codec can't decode byte 0xc9 in position 0: invalid co...
01499  pip 更新python -m pip install --upgrade pip  报错：  The read operation timed out
01500  pip 更新python -m pip install --upgrade pip  报错：  The read operation timed out
01501  Python 装饰器填坑指南 | 最常见的报错信息、原因和解决方案
01502  python写数据到MySQ中文报错‘UnicodeEncodeError: 'ascii' codec can't encode characters in position 0-1’
01503  python 中TypeError:'dict' object is not callable报错原因
01504  python3环境安装psycopg2报错
01505  python3  windows使用pyhive连接Hive  报错解决
01506  已解决：python3.6 使用pip命令安装tornado时报错。
01507  学会这两行代码后，Python中相对路径报错的问题将迎刃而解
01508  python3  requests的post请求参数包含中文报错
01509  mac os python3 scrapy 新建项目报错问题
01510  python3.6引入exchangelib依赖后打包报错exchangelib.errors.UnknownTimeZone: No time zone found with key UTC
01511  python调用node.js执行js报错：Node.js (V8) runtime is not available on this system
01513  python manage.py migrate 报错: (mysql.W002) MySQL Strict Mode is not set for database connection 'd...
01514  python3.7.4安装virtualenv创建env报错解决办法
01516  python3 pickle.load 报错 UnicodeDecodeError: 'ascii' codec can't decode byte ...
01517  python setup.py bdist_wheel 报错的处理办法
01518  Python3 （Win10） 打开文件报错OSError: [Errno 22]
01519  python2中执行pip或easy_install报错
01520  python爬取B站弹幕+R语言分词安装调试报错记录
01521  明明已安装seaborn模块，但是python 运行时还是报错？
01522  Python UI自动化报错2
01524  【Python+Unittest】使用HTMLTestRunner生成测试报告时报错：UnicodeDecodeError: 'ascii' codec can't decode byte 0x...
01525  python setup.py develop报错解决
01526  Windows下python安装requirements.txt报错跳过
01527  python - from Crypto.Cipher import AES报错
01528  在anaconda中新建python3.6环境报错：RemoveError: 'setuptools' is a dependency of conda
01529  python manage.py makemigrations 报错：pymysql.err.InternalError: (1665, 'Cannot execute statement: i...
01530  python - from Crypto.Cipher import AES报错
01531  在anaconda中新建python3.6环境报错：RemoveError: 'setuptools' is a dependency of conda
01532  python manage.py makemigrations 报错：pymysql.err.InternalError: (1665, 'Cannot execute statement: i...
01535  linux 安装opencv-python 导入cv2的时候报错
01537  Python安装包时报错：THESE PACKAGES DO NOT MATCH THE HASHES FROM THE REQUIREMENTS FILE
01540  Python网页decode解码报错UnicodeDecodeError
01541  Dlib报错from .dlib import * Library not loaded: libboost_python.dylib Reason: image not found的解决办法
01542  升级python3.6，pip install出现lsb_release报错
01544  Python: 写ORM插入MySql数据库报错:Incorrect string value: '
01545  Python小课——是对还是错？布尔值与处理报错——学习笔记（5）
01546  一行代码简化Python异常信息：错误清晰指出，排版简洁美观
01547  python3编码错误
01549  Python-Mac端Pyinstaller打包后启动报错问题
01552  python3  Windows下连接oracle数据库，报错解决，pandas读取。
01554  python3编码错误
01555  万事开头难！Python 初学者最容易犯的几个错误
01563  Python3 Gmail发邮件报错
01564  python写入excel超过65536行报错问题解决方法
01567  pip 换源 以及python3 虚拟环境报错 因为在此系统上禁止运行脚本2019-02-18
01568  python包（inventorize3-0.0.1）安装报错UnicodeDecodeError: 'gbk' codec can't decode byte....解决办法
01569  「Python」python3连接数据时报错=>libmysqlclient.so.18: cannot open shared object file: No such file
01570  python 使用requests库post请求报错问题解决
01571  「Python」python3连接数据时报错=>libmysqlclient.so.18: cannot open shared object file: No such file
01572  Python3环境下运行Django时mysql报错解决
01573  安装Python第三方库报错
01574  2022-03-05  python代码使用socks5时报错：ModuleNotFoundError: No module named ‘socks‘
01576  python 安装第三方库，超时报错--Read timed out.
01578  Centos中yum因python版本无法使用的问题
01585  npm install时报错gyp ERR! stack Error: Can't find Python executable "2.7"
01587  Python使用subprocess执行命令时svn报错
01588  [Python]sqldb取数据datetime.datetime is not JSON serializable 报错问题解决
01589  Python 合并多个excel文件至不同sheet表时报错
01590  Python3  日志模块输出报错
01591  python3.7安装Celery4.2.0，redis2.10.6，运行报错
01592  Python使用subprocess执行命令时svn报错
01593  Python  C8-1——变量马虎大意的报错机制
01594  python-gitlab由于版本问题导致gitlab.Gitlab报错
01595  Python  Python读取xls文件报错：raise XLRDError(FILE_FORMAT_DESCRIPTIONS[file_format]+‘； not supported‘)
01598  python学习-网页爬虫报错： UnicodeDecodeError: 'ascii' codec can't decode byte 0xc2 in position 16338: ordinal not in range(128)
01599  安装python（centos）解决gensim运行报错
01600  python数据分析常见报错
01601  ubuntu中python虚拟环境安装mysqlclient报错解决办法
01602  Python问题（1）fake_useragent报错
01603  windows环境下，python使用network画图时显示报错"No module named 'community'"的解决方案
01604  python3 读取中文文本报错
01605  解决《Python编程：从入门到实践》17章中的一个报错：“AttributeError: 'NoneType' object has no attribute 'decode'”
01606  issue:Linux /opt/python36/bin/pip3.6 install mysqlclient报错：ERROR: Command errored out with exit s...
01607  【ubuntu &sql server】安装时遇到Python错误的解决办法
01608  python同名py文件引入包报错
01609  windows python运行execjs gbk编码报错
01610  Python办公自动化 word篇（一）报错解决办法
01611  2018-03-19【python】数据库编码报错问题
01612  python Pycharm运行from appium import webdriver 报错ModuleNotFoundError: No module named 'appium'
01613  Python 3.7 使用pip命令安装 aiohttp 报错
01614  python 读取文件时报错UnicodeDecodeError: 'gbk' codec can't decode byte 0x80 in position 205: illegal mul...
01615  python子线程中WMI报错-2147221020解决
01616  ubuntu18.04(python3.6)安装pip3报错：ImportError: cannot import name 'sysconfig'
01617  解决python求解微分方程报错：odepack.error: The function and its Jacobian must be callable functions
01618  python中import urllib.request 报错
01619  2020-12-16python自动化脚本报错
01620  2020-12-16python自动化脚本报错
01621  Python读取文件时报错：UnicodeDecodeError: 'gbk' codec can't decode byte 0x80 in position 4: illegal multibyt
01622  conda报错解决之python模块版本
01623  Ubuntu python3 安装环境报错解决办法
01624  brew 更新后 python3 setup.py develop 报错
01625  python使用paramiko执行top命令报错
01626  Python正则表达式-re.sub()报错
01627  python学习科普--pycharm常见报错解决办法
01628  Python引用自定义模块报错——设置PYTHONPATH
01629  python在Linux新环境下的一个常见的报错
01630  Python虚拟环境配置（virtualenvwrapper配置报错）
01631  Python3 使用 pymysql 连接 MySQL 8.0 报错解决
01632  Python之lxml解析本地HTML文件报错的问题
01633  python “AttributeError: '_csv.reader' object has no attribute'next'” 报错的解决办法
01634  ubuntu下安装python3.6及以上版本出现pip3报错等问题
01635  python 安装第三方库，超时报错--Read timed out.
01636  python安装第三方库超时报错
01637  Python-12 用pandas里的merge实现excel中的vlookup，vlookup报错的解决  2020-06-29
01638  python2.* - python3.* 版本区别 iteritem xrange range赋值报错 2018-09-13
01639  迁移python根目录，安装模块报错
01640  Python中已经安装magic模块，但是还是报错的解决方案
01641  报错：ERROR: Command errored out with exit status 1: python setup.py egg_info Check the logs for ful...
01642  【爬虫】Python爬取https网站报错解决方案
01643  二、python 导入数据库报错：TypeError: %d format: a number is required, not str
01644  关于Python中 from Crypto.Cipher import AES这个死活报错的问题
01645  Python引入第三方库时报错：Try to run this command from the system terminal. Make sure that you use the corr...
01646  python 字典类型引用时报错 Traceback (most recent call last): KeyError: 'o'
01647  Python执行安装升级时候报错
01648  Python oracle数据库操作时，中文查询报错
01649  【Python】给嵌套dict添加值时报错:keyError
01650  python插入数据库报错
01651  python flask 请求没有返回值报错: Internal Server Error
01652  Python+Selenium学习笔记之启动IE报错
01653  Python3 使用unittest时，没有报错，但提示：ResourceWarning
01654  appium+python自动化63-使用Uiautomator2报错问题解决
01655  _mysql.c:44:10: fatal error: 'my_config.h' file not found
01656  python dict 转df时某个元素是list报错：ValueError: Shape of passed values is (3, 1), indices imply (1, 1)
01657  Python测试时AttributeError: module '__main__' has no attribute...报错解决方案
01658  乐学偶得零基础Python玩Fintech金融量化第28课代码报错：“由于目标计算机积极拒绝，无法连接”
01659  零基础Python玩Fintech金融量化第28课代码报错：“由于目标计算机积极拒绝，无法连接”
01660  零基础Python玩Fintech金融量化第28课代码报错：“由于目标计算机积极拒绝，无法连接”
01661  python load Iris.data数据集出现报错的问题
01663  python 已安装好allure2,pytest运行appium，报错 ModuleNotFoundError: No module named 'appium'
01664  2019-03-01 python -m pip install --upgrade pip 更新一直报错
01665  Mac python3 下载 Scrapy 或者 gevent 报错
01666  Python安装完成 运行的时候报错 0xc000007b
01667  python并发写入sqlite而不报错的方法
01668  python初级学习日常报错及解决办法
01669  python json 序列化时间报错解决
01677  Systrace工具的配置及配置过程中遇到的问题
01685  PySide2出现“ImportError: DLL load failed: 找不到指定的模块”的问题及解决方法
01690  Python使用过程中报错集锦
01691  UnboundLocalError: local variable 'xxx' referenced before assignment
01692  关于异常处理
01694  VsCode中写Python 重命名文件夹导致 导包报错的坑
01695  python 安装第三方库，超时报错--Read timed out.
01697  Python 已安装Pillow(PIL)，正确import，运行却报错并未导入该模块
01699  python pip命令安装第三方包报错visual studio c++ 14.0没有安装
01700  python循环读取oracle数据报错问题
01701  Yocto编译杰发或MTK的linux或android时的几个问题
01711  pip3 常见问题总结
01717  Appium连接真机的错误及解决办法
01719  TypeError: cannot unpack non-iterable NoneType object
01720   python爬虫使用urllib错误 URLError: <urlopen error [Errno 10061]报错解决方法
01721  解决import torchvision报错，image.py:13: UserWarning: Failed to load image Python extension:    warn(f...
01722  audioread.exceptions.NoBackendError
01726  TypeError: item() takes no arguments (1 given)
01728  ValueError: not enough values to unpack (expected 3, got 2)
01729  环境从python3.7更改为python3.8,但是配置没有更改，导致测试用例用xmind导入testlink过程中报错
01730  安装Python，出现的最大错误（用pip安装pdftotext总是报错）
01731  新猿0基础python教程 各主流Linux系统解决pip安装mysqlclient报错
01732  解决报错“ImportError: cannot import name  'get_config' from 'tensorflow.python.eager.context'”
01733  Mac安装python3，通过终端直接运行.py文件报错bad interpreter: Operation not permitted
01734  python识别二维码（3.6环境下的zxing包进行识别并解决中文报错问题）
01735  python爬虫-抓取本地网页元素/request报错
01736  使用python第三方管理工具pip安装三方库时报错解决办法
01737  Python在模型文件(models.py)中新增trade_no字段，没有执行、更新迁命令 导致报错
01738  Python一个神奇的库，无论代码遇到什么报错都可以正常运行！
01739  Python 协程学习中遇到的asyncio.run(main()) 报错
01740  Python引用本地不同文件夹层级模块报错问题的解决方案
01741  Python字符串转换为字典报错：NameError: name ‘null’ is not defined
01742  【Azure 应用服务】Python3.7项目在引用pandas 模块后，部署报错
01743  python自动化测试，输出报告和生成测试报告报错。
01744  python使用cx_Oracle连接数据库时报错: cx_Oracle.DatabaseError: DPI-1047: Cannot locate a 64-bit Oracle Clien...
01745  解决python请求multipart/form-data上传文件名含中文报错！
01746  python3 tkinter添加图片和文本,from PIL import Image’ 还是报错
01747  Python数据分析_Pandas_本地文件中文路径读取报错
01748  Python语言测试过程中，运行测试用例后报错 " Empty suite "
01749  Pycharm安装第三方库时报错:Make sure that you use the correct version of 'pip' installed for your Python in...
01750  Pycharm安装第三方库时报错:Make sure that you use the correct version of 'pip' installed for your Python in...
01751  python使用PyPDF2合并多个PDF文件时报错
01752  [python] pip install  无法安装第三方模块报错
01753  python3  dataframe写入oracle数据库，监听程序识别SID报错解决，
01754  Python3 中使用cx_oracle模块执行sql报错 UnicodeEncodeError: 'ascii'
01755  python使用cursor.excute(sql,args)向mysql数据库执行插入操作后，报错
01756  Python虚拟环境已下载Django，代码中报错无Django模块
01757  Python自动化之下拉框，隐藏标签定位 代码&报错解决
01758  [python]解决Windows下安装第三方插件报错：UnicodeDecodeError: 'ascii' codec can't decode byte 0xcb in position 0:
01759  报错处理：Cannot open D:\work soft\python35\Scripts\pip3.5-script.py
01760  【转载】Python import 同文件夹下的py文件的函数，pycharm报错
01761  Python-132 用pip 或者conda安装OpenCV后显示不存在CV2，安装报错问题的解决 2021-11-11
01762  Python版本升级或者自定义安装导致linux自带yum报错
01763  Python3虚拟环境中导入CV2报错
01764  python机器学习补充2：各种数据下载报错锦集
01765  python连hive给表中插入值时出现变量参数%s 报错
01766  Python2环境的PIP升级到10.0.3版本后使用pip命令报错
01767  opencv_python使用cv2.imread()读取中文路径报错问题
01768  analyse执行后报错：ImportError: cannot import name 'field_excel' from 'config' (X:\Python37\lib\site-pa...
01769  Python操作mysql保存数据时解决数据中含有单引号报错方法
01770  【python问题】格式化1970年以前时间报错的解决方法
01771  Python项目管理器启动Flask项目 报错ModuleNotFoundError: No module named 'json'
01772  Python3操作数据库读取sql语句报错：TypeError: 'NoneType' object is not subscriptable
01773  Python使用records库查询sqlite数据库表报错Cannot operate on a closed database
01774  python装饰器学习记录，利用装饰器收集报错 2018-04-25
01775  Python3 &  使⽤UDP的⽅式发送⼴播接收数据时报错：WinError 10022 提供了一个无效的参数
01776  ubuntu 下面python3在pip3安装包时出ascii解析报错
01777  解决ride编辑器报错  ../无法重新启动报错情况
01778  linux 虚拟环境virtualenv安装（报错及报错后的正确安装）
01779  使用jenkins执行pytest时报错pytest: Permission denied，同时还报错java.io.IOException: Can't find allure command...
01780  宏基因组分箱软件metaWRAP报错记录与解决方法
01781  YOLOv5训练时报错: [WinError 1455] The paging file is too small for this operation to complete
01782  2019-12-06/2020~报错总结
01783  安装RF环境时报错之找不到pybot.bat文件
01784  2、导入Library报错总汇（持续更新中）
01785  配置项目conda环境setuptools/swig一路报错指南
01786  配置Supervisor遇到的报错
01787  kafka_to_redis--asyncio的报错:Event loop is closed  !
01788  使用crontab时报错ImportError: No module named 'selenium'
01789  Django正常运行却报错的处理方法 [WinError 10053]
01790  “报错！我怎么又错了！”
01791  升级 node16 后 vue 项目中 sass 报错踩坑记录
01792  Quantum Espresso报错指南
01793  《ROS机器人开发实践》胡春旭  源码报错问题及解决
01794  安装node-sass报错
01795  cobbler安装4个报错汇总及解决方法：ImportError
01796  用pip安装docker-compose报错及解决方法
01797  树莓派pip安装opencv报错，Could not find a version that satisfies the requirement opencv (from versions: )...
01798  Mac OS: mysqlclient ( MySQLdb ) 缺少libmysqlclient.18.dylib 报错 image not found
01799  7、装饰器、生成器、报错、文件对象
01800  CPC2安装报错-------解决过程
01801  安装RF环境时报错之找不到pybot.bat文件
01802  vim 安装使用 tabnine/YouCompleteMe 插件报错
01803  安装RF环境时报错之找不到pybot.bat文件
01804  OpenCV报错：运行报错error: (-215:Assertion failed) !ssize.empty() in function 'cv::resize'
01805  【Ansible】Ansible 连接主机显示报错的处理方案
01806  全局变量报错：UnboundLocalError
01807  pip安装psutil报错
01808  window下用pin安装flask步骤及import flask报错的解决方案
01809  iOS 在用cocoapods集成Line的时候报错SSL_ERROR_SYSCALL in connection to github.com:443
01810  iOS 在用cocoapods集成Line的时候报错SSL_ERROR_SYSCALL in connection to github.com:443
01811  报错：ModuleNotFoundError: No module named 'pyBigWig'
01812  centos7 上 pip 安装 mysqlclient 时候报错
01813  django2.2报错
01814  pycharm Unresolved reference 'xxx' 报错问题
01815  2021-04-15小白安装单细胞软件CellPhoneDB安不上，报错h5py，一步步解决
01816  pycharm常见报错及解决方案
01817  3、RIDE初使用报错总汇
01818  robotframework搭建启动ride报错:ImportError: No module named pubsub
01819  Centos7.4 Certbot 各种坑、报错、Error
01820  AMD黑苹果 使用numpy或pytorch或Adobe 报错Intel MKL ERROR: CPU 0 is not supported解决办法
01821  jupyter notebook 中 tensorflow 报错
01822  Mac 安装Chromedriver运行IDLE报错
01823  2020-04-09：对于PipeMapRed.waitOutputThreads(): subprocess failed with code X的报错的记录
01824  【Mac】使用brew upgrade 升级 httpie 后的报错解决
01825  pytest和seldom运行报错
01826  centos7无法开启防火墙报错：from gi.repository import GObject ModuleNotFoundError: No module named 'gi'
01827  解决 Sourcetree 报错 Couldn't posix_spawn: error 2 问题
01828  vs code中pylint报错E1101问题的解决
01829  【日常踩坑】解决 pip 安装第三方包时因 SSL 报错
01830  Mac上PyCharm运行读excel时 提示xlrd>=1.0.0版本报错
01831  UI自动化测试学习过程中遇到的报错及解决方案
01832  Django执行数据库迁移报错
01833  无法解决的报错问题，不知道是否是Linux子系统的问题
01834  pip install scrapy报错
01835  Interproscan 安装教程及运行报错解决
01836  Numba莫名其妙的报错与解决逻辑（1）
01837  软件报错汇总
01838  使用pip安装pytesseract报错
01839  报错-解决（21/03/21）
01840  import requests报错
01841  import soundfile报错：OSError: sndfile library not found
01842  Jumpserver 安装部署报错
01843  安装loompy报错以及解决方案--configparser区分大小写
01844  Sublime Text 3同时安装MagicPython和SublimeREPL后运行报错
01845  pip3 报错 distribution was not found and is required by the application
01846  pip 安装使用时候报错Fatal error in launcher: Unable to create process using
01847  Pandas_Read CSV 报错 Initializing from file failed
01848  Linux系统openssl库的安装与报错处理
01849  Win10安装pyquery报错ImportError: DLL load failed
01850  0. 告警及报错收集
01851  windows安装 anaconda 报错failed to create anacoda menue
01852  0基础自学linux运维-5.4-PyCharm Django安装mysqlclient报错解决
01853  django之make migrate报错invalid default value
01854  conda 安装tophat包时报错failed with initial frozen solve. Retrying with flexible solve.
01855  Mac电脑 pip install Flask-MySQLdb 报错解决方案
01856  V8是怎么实现1+'2'的，为什么1.toString会报错？
01857  Jumpserver 安装部署报错
01858  mac下安装mysql报错
01859  centos7搭建django简单上线.5--报错查询的方法
01860  vim 使用tabnine-vim报错 AttributeError: module 'collections' has no attribute 'Mapping'
01861  Mac电脑 pip install Flask-MySQLdb 报错解决方案
01862  windows命令行pip报错解决的方法
01863  Centos bz2报错
01864  django mysql\base.py 报错 KeyError: <class 'bytes'>`
01865  Windows安装Testlink时报错：errorcode1064
01866  api-ms-win-core-path-l1-1-0.dll 报错
01867  在cmd中pip安装了包文件，但pycharm里面却报错，怎么回事
01868  Xcode 11 后 Reveal 报错 不能正常使用解决办法
01869  django部分报错和解决方法、cookie、session说明
01870  Windows下CUDA11.1直接安装tesnorflow以及报错解决
01871  PostgreSQL 插入数据报错：column "xxx" does not exist 解决方法
01872  安装pyspider报错的解决办法
01873  cmd模式中安装xmind2testcase报错
01874  PyCharm 报错 ModuleNotFoundError: No module named 'pytest'
01875  Ubuntu 16.04安装pycrypto步骤，且from Crypto.Cipher import AES 报错 ImportError: No module named Crypto.Ci...
01876  CISCO PIX防火墙SSH配置和PARAMIKO报错
01877  pyspider 安装以及报错解决
01878  报错ModuleNotFoundError: No module named 'cv2.cv2'的原因
01879  pip安装numpy报错-ERROR: Could not build wheels for numpy which use PEP 517 and cannot be installed di...
01880  sublime报错:can't find '__main__' module in
01881  nginx + ingress + gunicorn 环境上传大文件报错问题的解决思路
01882  windows10 安装superset 0.37.0 报错module 'signal' has no attribute 'SIGALRM'
01883  用TensorFlow跑ResNet卷积神经网络，报错InvalidArgumentError
01884  pip报错:Fatal error in launcher: Unable to create process using '"
01885  升级 Xcode 11 后 Reveal 报错 不能正常使用解决办法
01886  记一次 MySQL 8.0 与 caching_sha2_password 有关的报错
01887  mapreduce阶段报错
01888  win 10 pip安装报错：UnicodeDecodeError: 'gbk' codec can't decode byte 0x99 in position 6600: illegal m...
01889  pyinstaller安装报错最终解决方案
01890  Ubuntu中安装openc后仍报错找不到CV2
01891  有关opencv报错
01892  robotframework启动报错：wxPython not found. You need to install wxPython 2.8.12.1 with unicode support...
01893  Django报错：raise ImproperlyConfigured('mysqlclient 1.3.13 or newer is required; you have %s.' % Dat...
01894  TensorFlow报错TypeError:unspported operand type(s)for /:’Tensor’ and’float’
01895  解决pymysql 1366报错
01896  Django报错： Reverse for 'new_topic' not found. 'new_topic' is not a valid view function or pattern ...
01897  conda create 报错
01898  pyinstaller可执行文件报错astor
01899  mac Pro 安装scrapy报错解决
01900  mac Pro 安装scrapy报错解决
01901  向PyPi发布模块nesterlhb1时报错500的处理
01902  报错
01903  Geopandas报错解决办法
01904  Django扩展auth模块的user模型，各种报错
01905  import matplotlib报错：raise ValueError, "Can't create weekday with n == 0"
01906  Linux下scapy运行时报错：No module named scapy
01907  TensorFlow实战｜识别手写数字报错纪录
01908  2018最新Mac上安装scrapy教程，解决Found existing installation: six报错
01909  Mac OS X 下Import pyodbc 报错 image not found
01910  (转)idapython: importing "site" failed报错的解决方案
01911  TensorFlow实战｜识别手写数字报错纪录
01912  windows启动pyspider报错问题汇总
01913  ambari-server启动异常，报错：ambari_commons.exceptions.FatalException
01914  ubuntu18  pip3 install pyspider 报错解决方法
01915  新手爬虫出现报错“ no such element: Unable to locate element”
01916  pip 命令出现报错
01917  Django-celery运行报错
01918  import charts 报错 cannot import plot
01919  MySQL 报错注入原理分析以及运用
01920  MySQL 报错注入原理分析以及运用
01921  scrapy 运行时报错 No module named _sqlite3
01922  解决Ubuntu16.04 pip报错 ImportError: No module named 'pip'
01923  树莓派(Raspberry Pi 3) centos7使用yum命令报错File "/usr/bin/yum", line 30 except KeyboardInterrupt, e:
01924  gdc-client下载数据报错
01925  Superset_报错解决
01926  ODOO12 导出excel报错 AttributeError: 'NoneType' object has no attribute 'Workbook'
01927  ambari在Ubuntu14+或CentOS7上报错
01928  搭建分布式 OpenStack 的 Ocata版本搭建完毕，在创建实例时，无法创建，报错信息如下？
01929  启动项目时报错
01930  pip3.7 install报错bad interpreter: No such file or directory
01931  macOS升级后jupyter notebook报错解决
01932  pytorch导出onnx格式时报错，RuntimeError: Failed to export an ONNX attribute, since it's not constant, ple...
01933  运行cv2.xfeatures2d.SIFT_create()时报错：cv2.errorOpenCV(3.4.3)sift.cpp1207error(-213The function featu...
01934  一些报错
01935  pip install XX报错ERROR: Command errored out with exit status 1:
01936  mac 下执行pip报错TypeError
01937  cython编译报错
01938  02.使用pygal绘制世界地图时的两个报错
01939  Ubuntu安装Tensorflow-GPU报错处理
01940  ubuntu 中pip 安装软件报错：“Command 'lsb_release -a' returned non-zero exit status 1.”
01941  七、虚拟环境加载报错
01942  宏基因组bining-concoct中的报错解决
01943  roslaunch 运行圆柱示例报错
01944  mac上使用wxpython报错This program needs access to the screen. Please run with a Framework build of pyt...
01945  pip install 报错Command 'lsb_release -a' returned non-zero exit status 1
01946  Conda安装软件报错：ModuleNotFoundError: No module named 'conda'
01947  gdc-client下载数据报错
01948  安装scrapy报错: c/cffi1_module.c:92: 错误：‘included_ffis’未声明
01949  学习pybind11（4）：解决CLion中代码提示报错
01950  pip install 报错Command 'lsb_release -a' returned non-zero exit status 1
01951  Conda安装软件报错：ModuleNotFoundError: No module named 'conda'
01952  Visual Studio Code 导入requests报错：unable to import "requests"
01954  pyaudio录音报错问题
01955  如何解决MySQL server has gone away报错问题
01956  由安装ujson导致的一系列报错以及解决方式
01957  搞定matplotlib运行报错（Matplotlib is currently usingagg, which is a non-GUI backend）
01958  mac pip9.0.1 报错There was a problem confirming the ssl certificate: [SSL: TLSV1_ALERT_PROTOCOL_VER...
01959  【yum】yum装包报错: ValueError: need more than 1 value to unpack
01960  使用yum命令报错 except KeyboardInterrupt, e:  SyntaxError: invalid syntax
01961  import Flask报错
01962  Mac+vscode+Django报错：ImportError: No module named django.shortcuts
01963  mac电脑安装django ,运行django报错解决
01964  Django2.2使用pymysql数据迁移报错的问题
01965  编程常见报错处理
01966  R语言安装xlsx包遇到的报错及解决办法
01967  搞定matplotlib运行报错（Matplotlib is currently usingagg, which is a non-GUI backend）
01968  Django在Models生成时报错
01969  使用paramiko报错Server'192.168.0.1'not found in known_hosts
01970  Django在Models生成时报错
01971  使用paramiko报错Server'192.168.0.1'not found in known_hosts
01972  virtualenv 中 pip 通过requirements.txt安装依赖时报错
01973  上传App Store报错信息记录
01974  【报错】pip
01975  pycharm运行input输入字符串报错 NameError: name 'xxx' is not defined
01976  FireBeetle-ESP32在Arduino下编译报错ImportError: No module named serial
01977  Linux 执行yum clean all报错File "/usr/bin/yum", line 30  except KeyboardInterrupt, e:
01979  selenium + PhantomJS使用时 PhantomJS报错解决
01980  使用paramiko报错Server'192.168.0.1'not found in known_hosts
01981  pycharm运行input输入字符串报错 NameError: name 'xxx' is not defined
01982  Django源码安装xadmin报错Apps aren't loaded yet.
01983  pycrypto安装报错error：Unable to find vcvarsall.bat
01984  Window 10安装YOLOv5报错：UnicodeDecodeError: 'gbk' codec can't decode byte 0x98
01985  windows系统pip安装sasl报错
01986  2022-03-19 macs2 安装报错
01987  Ceph 创建 OSD 报错 ‘GPT headers found, they must be removed’ 的处理
01988  Appium Inspector 启动时报错收集
01989  npm安装brain.js报错-2020-07-21
01990  Appium Inspector 启动时报错收集
01991  windows系统pip安装sasl报错
01992  2022-03-19 macs2 安装报错
01993  pip安装好pytorch后在pycharm中报错
01994  记一次SQL Server报错注入
01995  报错 No module named 'email.utils'; 'email' is not a package解决方法
01996  关于anki插件 word query 报错的问题
01997  yum报错sqlite3.OperationalError: no such table:
01998  mac os 关于 node-gyp 的报错
01999  # 解决ubuntu里面报错findfont
